# JRE version: Java(TM) SE Runtime Environment (8.0_112-b15) (build 1.8.0_112-b15)
# Java VM: Java HotSpot(TM) 64-Bit Server VM (25.112-b15 mixed mode linux-amd64 compressed oops)
Heap:
 PSYoungGen      total 286720K, used 172554K [0x00000000eab00000, 0x00000000ff580000, 0x0000000100000000)
  eden space 253440K, 58% used [0x00000000eab00000,0x00000000f3b72a80,0x00000000fa280000)
  from space 33280K, 74% used [0x00000000fd500000,0x00000000fed100c0,0x00000000ff580000)
  to   space 42496K, 0% used [0x00000000fa280000,0x00000000fa280000,0x00000000fcc00000)
 ParOldGen       total 137728K, used 41460K [0x00000000c0000000, 0x00000000c8680000, 0x00000000eab00000)
  object space 137728K, 30% used [0x00000000c0000000,0x00000000c287d378,0x00000000c8680000)
 Metaspace       used 87707K, capacity 96244K, committed 96472K, reserved 1132544K
  class space    used 10655K, capacity 12981K, committed 13056K, reserved 1048576K
GC Heap History (10 events):
Event: 22.352 GC heap before
{Heap before GC invocations=31 (full 3):
 PSYoungGen      total 318976K, used 310100K [0x00000000eab00000, 0x0000000100000000, 0x0000000100000000)
  eden space 291328K, 100% used [0x00000000eab00000,0x00000000fc780000,0x00000000fc780000)
  from space 27648K, 67% used [0x00000000fc780000,0x00000000fd9d53d8,0x00000000fe280000)
  to   space 29696K, 0% used [0x00000000fe300000,0x00000000fe300000,0x0000000100000000)
 ParOldGen       total 137728K, used 41420K [0x00000000c0000000, 0x00000000c8680000, 0x00000000eab00000)
  object space 137728K, 30% used [0x00000000c0000000,0x00000000c2873378,0x00000000c8680000)
 Metaspace       used 82390K, capacity 90800K, committed 90968K, reserved 1128448K
  class space    used 10149K, capacity 12388K, committed 12416K, reserved 1048576K
Event: 22.381 GC heap after
Heap after GC invocations=31 (full 3):
 PSYoungGen      total 314368K, used 22930K [0x00000000eab00000, 0x0000000100000000, 0x0000000100000000)
  eden space 284672K, 0% used [0x00000000eab00000,0x00000000eab00000,0x00000000fc100000)
  from space 29696K, 77% used [0x00000000fe300000,0x00000000ff964b98,0x0000000100000000)
  to   space 32256K, 0% used [0x00000000fc100000,0x00000000fc100000,0x00000000fe080000)
 ParOldGen       total 137728K, used 41428K [0x00000000c0000000, 0x00000000c8680000, 0x00000000eab00000)
  object space 137728K, 30% used [0x00000000c0000000,0x00000000c2875378,0x00000000c8680000)
 Metaspace       used 82390K, capacity 90800K, committed 90968K, reserved 1128448K
  class space    used 10149K, capacity 12388K, committed 12416K, reserved 1048576K
}
Event: 28.010 GC heap before
{Heap before GC invocations=32 (full 3):
 PSYoungGen      total 314368K, used 307602K [0x00000000eab00000, 0x0000000100000000, 0x0000000100000000)
  eden space 284672K, 100% used [0x00000000eab00000,0x00000000fc100000,0x00000000fc100000)
  from space 29696K, 77% used [0x00000000fe300000,0x00000000ff964b98,0x0000000100000000)
  to   space 32256K, 0% used [0x00000000fc100000,0x00000000fc100000,0x00000000fe080000)
 ParOldGen       total 137728K, used 41428K [0x00000000c0000000, 0x00000000c8680000, 0x00000000eab00000)
  object space 137728K, 30% used [0x00000000c0000000,0x00000000c2875378,0x00000000c8680000)
 Metaspace       used 85153K, capacity 93688K, committed 93912K, reserved 1130496K
  class space    used 10492K, capacity 12770K, committed 12800K, reserved 1048576K
Event: 28.046 GC heap after
Heap after GC invocations=32 (full 3):
 PSYoungGen      total 308224K, used 23399K [0x00000000eab00000, 0x0000000100000000, 0x0000000100000000)
  eden space 284672K, 0% used [0x00000000eab00000,0x00000000eab00000,0x00000000fc100000)
  from space 23552K, 99% used [0x00000000fc100000,0x00000000fd7d9e60,0x00000000fd800000)
  to   space 34816K, 0% used [0x00000000fde00000,0x00000000fde00000,0x0000000100000000)
 ParOldGen       total 137728K, used 41436K [0x00000000c0000000, 0x00000000c8680000, 0x00000000eab00000)
  object space 137728K, 30% used [0x00000000c0000000,0x00000000c2877378,0x00000000c8680000)
 Metaspace       used 85153K, capacity 93688K, committed 93912K, reserved 1130496K
  class space    used 10492K, capacity 12770K, committed 12800K, reserved 1048576K
}
Event: 610.423 GC heap before
{Heap before GC invocations=33 (full 3):
 PSYoungGen      total 308224K, used 308071K [0x00000000eab00000, 0x0000000100000000, 0x0000000100000000)
  eden space 284672K, 100% used [0x00000000eab00000,0x00000000fc100000,0x00000000fc100000)
  from space 23552K, 99% used [0x00000000fc100000,0x00000000fd7d9e60,0x00000000fd800000)
  to   space 34816K, 0% used [0x00000000fde00000,0x00000000fde00000,0x0000000100000000)
 ParOldGen       total 137728K, used 41436K [0x00000000c0000000, 0x00000000c8680000, 0x00000000eab00000)
  object space 137728K, 30% used [0x00000000c0000000,0x00000000c2877378,0x00000000c8680000)
 Metaspace       used 86819K, capacity 95398K, committed 95576K, reserved 1132544K
  class space    used 10642K, capacity 12913K, committed 12928K, reserved 1048576K
Event: 610.462 GC heap after
Heap after GC invocations=33 (full 3):
 PSYoungGen      total 308224K, used 26483K [0x00000000eab00000, 0x0000000100000000, 0x0000000100000000)
  eden space 273408K, 0% used [0x00000000eab00000,0x00000000eab00000,0x00000000fb600000)
  from space 34816K, 76% used [0x00000000fde00000,0x00000000ff7dccf8,0x0000000100000000)
  to   space 37888K, 0% used [0x00000000fb600000,0x00000000fb600000,0x00000000fdb00000)
 ParOldGen       total 137728K, used 41444K [0x00000000c0000000, 0x00000000c8680000, 0x00000000eab00000)
  object space 137728K, 30% used [0x00000000c0000000,0x00000000c2879378,0x00000000c8680000)
 Metaspace       used 86819K, capacity 95398K, committed 95576K, reserved 1132544K
  class space    used 10642K, capacity 12913K, committed 12928K, reserved 1048576K
}
Event: 2689.308 GC heap before
{Heap before GC invocations=34 (full 3):
 PSYoungGen      total 308224K, used 299891K [0x00000000eab00000, 0x0000000100000000, 0x0000000100000000)
  eden space 273408K, 100% used [0x00000000eab00000,0x00000000fb600000,0x00000000fb600000)
  from space 34816K, 76% used [0x00000000fde00000,0x00000000ff7dccf8,0x0000000100000000)
  to   space 37888K, 0% used [0x00000000fb600000,0x00000000fb600000,0x00000000fdb00000)
 ParOldGen       total 137728K, used 41444K [0x00000000c0000000, 0x00000000c8680000, 0x00000000eab00000)
  object space 137728K, 30% used [0x00000000c0000000,0x00000000c2879378,0x00000000c8680000)
 Metaspace       used 87330K, capacity 96040K, committed 96216K, reserved 1132544K
  class space    used 10651K, capacity 12979K, committed 13056K, reserved 1048576K
Event: 2689.386 GC heap after
Heap after GC invocations=34 (full 3):
 PSYoungGen      total 294400K, used 30805K [0x00000000eab00000, 0x00000000ffe00000, 0x0000000100000000)
  eden space 263168K, 0% used [0x00000000eab00000,0x00000000eab00000,0x00000000fac00000)
  from space 31232K, 98% used [0x00000000fb600000,0x00000000fd415598,0x00000000fd480000)
  to   space 41984K, 0% used [0x00000000fd500000,0x00000000fd500000,0x00000000ffe00000)
 ParOldGen       total 137728K, used 41452K [0x00000000c0000000, 0x00000000c8680000, 0x00000000eab00000)
  object space 137728K, 30% used [0x00000000c0000000,0x00000000c287b378,0x00000000c8680000)
 Metaspace       used 87330K, capacity 96040K, committed 96216K, reserved 1132544K
  class space    used 10651K, capacity 12979K, committed 13056K, reserved 1048576K
}
Event: 4151.041 GC heap before
{Heap before GC invocations=35 (full 3):
 PSYoungGen      total 294400K, used 293973K [0x00000000eab00000, 0x00000000ffe00000, 0x0000000100000000)
  eden space 263168K, 100% used [0x00000000eab00000,0x00000000fac00000,0x00000000fac00000)
  from space 31232K, 98% used [0x00000000fb600000,0x00000000fd415598,0x00000000fd480000)
  to   space 41984K, 0% used [0x00000000fd500000,0x00000000fd500000,0x00000000ffe00000)
 ParOldGen       total 137728K, used 41452K [0x00000000c0000000, 0x00000000c8680000, 0x00000000eab00000)
  object space 137728K, 30% used [0x00000000c0000000,0x00000000c287b378,0x00000000c8680000)
 Metaspace       used 87634K, capacity 96244K, committed 96472K, reserved 1132544K
  class space    used 10655K, capacity 12981K, committed 13056K, reserved 1048576K
Event: 4151.095 GC heap after
Heap after GC invocations=35 (full 3):
 PSYoungGen      total 286720K, used 24640K [0x00000000eab00000, 0x00000000ff580000, 0x0000000100000000)
  eden space 253440K, 0% used [0x00000000eab00000,0x00000000eab00000,0x00000000fa280000)
  from space 33280K, 74% used [0x00000000fd500000,0x00000000fed100c0,0x00000000ff580000)
  to   space 42496K, 0% used [0x00000000fa280000,0x00000000fa280000,0x00000000fcc00000)
 ParOldGen       total 137728K, used 41460K [0x00000000c0000000, 0x00000000c8680000, 0x00000000eab00000)
  object space 137728K, 30% used [0x00000000c0000000,0x00000000c287d378,0x00000000c8680000)
 Metaspace       used 87634K, capacity 96244K, committed 96472K, reserved 1132544K
  class space    used 10655K, capacity 12981K, committed 13056K, reserved 1048576K
}

