# JRE version: Java(TM) SE Runtime Environment (8.0_112-b15) (build 1.8.0_112-b15)
# Java VM: Java HotSpot(TM) 64-Bit Server VM (25.112-b15 mixed mode linux-amd64 compressed oops)
Heap:
 PSYoungGen      total 311808K, used 91571K [0x00000000eab00000, 0x0000000100000000, 0x0000000100000000)
  eden space 278528K, 25% used [0x00000000eab00000,0x00000000ef1a0f28,0x00000000fbb00000)
  from space 33280K, 57% used [0x00000000fdc00000,0x00000000feecc050,0x00000000ffc80000)
  to   space 33792K, 0% used [0x00000000fbb00000,0x00000000fbb00000,0x00000000fdc00000)
 ParOldGen       total 196608K, used 52700K [0x00000000c0000000, 0x00000000cc000000, 0x00000000eab00000)
  object space 196608K, 26% used [0x00000000c0000000,0x00000000c3377350,0x00000000cc000000)
 Metaspace       used 97982K, capacity 106538K, committed 106968K, reserved 1142784K
  class space    used 12147K, capacity 14467K, committed 14592K, reserved 1048576K
GC Heap History (10 events):
Event: 4622.995 GC heap before
{Heap before GC invocations=48 (full 4):
 PSYoungGen      total 302592K, used 272691K [0x00000000eab00000, 0x00000000ffa00000, 0x0000000100000000)
  eden space 266240K, 100% used [0x00000000eab00000,0x00000000faf00000,0x00000000faf00000)
  from space 36352K, 17% used [0x00000000faf00000,0x00000000fb54cc58,0x00000000fd280000)
  to   space 34304K, 0% used [0x00000000fd880000,0x00000000fd880000,0x00000000ffa00000)
 ParOldGen       total 196608K, used 52676K [0x00000000c0000000, 0x00000000cc000000, 0x00000000eab00000)
  object space 196608K, 26% used [0x00000000c0000000,0x00000000c3371350,0x00000000cc000000)
 Metaspace       used 96968K, capacity 105484K, committed 106072K, reserved 1140736K
  class space    used 12028K, capacity 14283K, committed 14464K, reserved 1048576K
Event: 4623.018 GC heap after
Heap after GC invocations=48 (full 4):
 PSYoungGen      total 308224K, used 17086K [0x00000000eab00000, 0x00000000fff00000, 0x0000000100000000)
  eden space 273920K, 0% used [0x00000000eab00000,0x00000000eab00000,0x00000000fb680000)
  from space 34304K, 49% used [0x00000000fd880000,0x00000000fe92f9c0,0x00000000ffa00000)
  to   space 34816K, 0% used [0x00000000fb680000,0x00000000fb680000,0x00000000fd880000)
 ParOldGen       total 196608K, used 52684K [0x00000000c0000000, 0x00000000cc000000, 0x00000000eab00000)
  object space 196608K, 26% used [0x00000000c0000000,0x00000000c3373350,0x00000000cc000000)
 Metaspace       used 96968K, capacity 105484K, committed 106072K, reserved 1140736K
  class space    used 12028K, capacity 14283K, committed 14464K, reserved 1048576K
}
Event: 4624.795 GC heap before
{Heap before GC invocations=49 (full 4):
 PSYoungGen      total 308224K, used 291006K [0x00000000eab00000, 0x00000000fff00000, 0x0000000100000000)
  eden space 273920K, 100% used [0x00000000eab00000,0x00000000fb680000,0x00000000fb680000)
  from space 34304K, 49% used [0x00000000fd880000,0x00000000fe92f9c0,0x00000000ffa00000)
  to   space 34816K, 0% used [0x00000000fb680000,0x00000000fb680000,0x00000000fd880000)
 ParOldGen       total 196608K, used 52684K [0x00000000c0000000, 0x00000000cc000000, 0x00000000eab00000)
  object space 196608K, 26% used [0x00000000c0000000,0x00000000c3373350,0x00000000cc000000)
 Metaspace       used 97367K, capacity 105886K, committed 106584K, reserved 1140736K
  class space    used 12076K, capacity 14350K, committed 14464K, reserved 1048576K
Event: 4624.815 GC heap after
Heap after GC invocations=49 (full 4):
 PSYoungGen      total 308736K, used 18541K [0x00000000eab00000, 0x0000000100000000, 0x0000000100000000)
  eden space 273920K, 0% used [0x00000000eab00000,0x00000000eab00000,0x00000000fb680000)
  from space 34816K, 53% used [0x00000000fb680000,0x00000000fc89b790,0x00000000fd880000)
  to   space 34816K, 0% used [0x00000000fde00000,0x00000000fde00000,0x0000000100000000)
 ParOldGen       total 196608K, used 52684K [0x00000000c0000000, 0x00000000cc000000, 0x00000000eab00000)
  object space 196608K, 26% used [0x00000000c0000000,0x00000000c3373350,0x00000000cc000000)
 Metaspace       used 97367K, capacity 105886K, committed 106584K, reserved 1140736K
  class space    used 12076K, capacity 14350K, committed 14464K, reserved 1048576K
}
Event: 4626.952 GC heap before
{Heap before GC invocations=50 (full 4):
 PSYoungGen      total 308736K, used 292461K [0x00000000eab00000, 0x0000000100000000, 0x0000000100000000)
  eden space 273920K, 100% used [0x00000000eab00000,0x00000000fb680000,0x00000000fb680000)
  from space 34816K, 53% used [0x00000000fb680000,0x00000000fc89b790,0x00000000fd880000)
  to   space 34816K, 0% used [0x00000000fde00000,0x00000000fde00000,0x0000000100000000)
 ParOldGen       total 196608K, used 52684K [0x00000000c0000000, 0x00000000cc000000, 0x00000000eab00000)
  object space 196608K, 26% used [0x00000000c0000000,0x00000000c3373350,0x00000000cc000000)
 Metaspace       used 97382K, capacity 105886K, committed 106584K, reserved 1140736K
  class space    used 12076K, capacity 14350K, committed 14464K, reserved 1048576K
Event: 4626.983 GC heap after
Heap after GC invocations=50 (full 4):
 PSYoungGen      total 313344K, used 18842K [0x00000000eab00000, 0x0000000100000000, 0x0000000100000000)
  eden space 278528K, 0% used [0x00000000eab00000,0x00000000eab00000,0x00000000fbb00000)
  from space 34816K, 54% used [0x00000000fde00000,0x00000000ff066b50,0x0000000100000000)
  to   space 35328K, 0% used [0x00000000fbb00000,0x00000000fbb00000,0x00000000fdd80000)
 ParOldGen       total 196608K, used 52684K [0x00000000c0000000, 0x00000000cc000000, 0x00000000eab00000)
  object space 196608K, 26% used [0x00000000c0000000,0x00000000c3373350,0x00000000cc000000)
 Metaspace       used 97382K, capacity 105886K, committed 106584K, reserved 1140736K
  class space    used 12076K, capacity 14350K, committed 14464K, reserved 1048576K
}
Event: 4628.556 GC heap before
{Heap before GC invocations=51 (full 4):
 PSYoungGen      total 313344K, used 297370K [0x00000000eab00000, 0x0000000100000000, 0x0000000100000000)
  eden space 278528K, 100% used [0x00000000eab00000,0x00000000fbb00000,0x00000000fbb00000)
  from space 34816K, 54% used [0x00000000fde00000,0x00000000ff066b50,0x0000000100000000)
  to   space 35328K, 0% used [0x00000000fbb00000,0x00000000fbb00000,0x00000000fdd80000)
 ParOldGen       total 196608K, used 52684K [0x00000000c0000000, 0x00000000cc000000, 0x00000000eab00000)
  object space 196608K, 26% used [0x00000000c0000000,0x00000000c3373350,0x00000000cc000000)
 Metaspace       used 97656K, capacity 106264K, committed 106968K, reserved 1142784K
  class space    used 12121K, capacity 14390K, committed 14592K, reserved 1048576K
Event: 4628.576 GC heap after
Heap after GC invocations=51 (full 4):
 PSYoungGen      total 290816K, used 12176K [0x00000000eab00000, 0x00000000ffc80000, 0x0000000100000000)
  eden space 278528K, 0% used [0x00000000eab00000,0x00000000eab00000,0x00000000fbb00000)
  from space 12288K, 99% used [0x00000000fbb00000,0x00000000fc6e4030,0x00000000fc700000)
  to   space 33280K, 0% used [0x00000000fdc00000,0x00000000fdc00000,0x00000000ffc80000)
 ParOldGen       total 196608K, used 52692K [0x00000000c0000000, 0x00000000cc000000, 0x00000000eab00000)
  object space 196608K, 26% used [0x00000000c0000000,0x00000000c3375350,0x00000000cc000000)
 Metaspace       used 97656K, capacity 106264K, committed 106968K, reserved 1142784K
  class space    used 12121K, capacity 14390K, committed 14592K, reserved 1048576K
}
Event: 6014.203 GC heap before
{Heap before GC invocations=52 (full 4):
 PSYoungGen      total 290816K, used 290699K [0x00000000eab00000, 0x00000000ffc80000, 0x0000000100000000)
  eden space 278528K, 99% used [0x00000000eab00000,0x00000000fbafebf8,0x00000000fbb00000)
  from space 12288K, 99% used [0x00000000fbb00000,0x00000000fc6e4030,0x00000000fc700000)
  to   space 33280K, 0% used [0x00000000fdc00000,0x00000000fdc00000,0x00000000ffc80000)
 ParOldGen       total 196608K, used 52692K [0x00000000c0000000, 0x00000000cc000000, 0x00000000eab00000)
  object space 196608K, 26% used [0x00000000c0000000,0x00000000c3375350,0x00000000cc000000)
 Metaspace       used 97965K, capacity 106538K, committed 106968K, reserved 1142784K
  class space    used 12147K, capacity 14467K, committed 14592K, reserved 1048576K
Event: 6014.234 GC heap after
Heap after GC invocations=52 (full 4):
 PSYoungGen      total 311808K, used 19248K [0x00000000eab00000, 0x0000000100000000, 0x0000000100000000)
  eden space 278528K, 0% used [0x00000000eab00000,0x00000000eab00000,0x00000000fbb00000)
  from space 33280K, 57% used [0x00000000fdc00000,0x00000000feecc050,0x00000000ffc80000)
  to   space 33792K, 0% used [0x00000000fbb00000,0x00000000fbb00000,0x00000000fdc00000)
 ParOldGen       total 196608K, used 52700K [0x00000000c0000000, 0x00000000cc000000, 0x00000000eab00000)
  object space 196608K, 26% used [0x00000000c0000000,0x00000000c3377350,0x00000000cc000000)
 Metaspace       used 97965K, capacity 106538K, committed 106968K, reserved 1142784K
  class space    used 12147K, capacity 14467K, committed 14592K, reserved 1048576K
}

