# JRE version: OpenJDK Runtime Environment (8.0_131-b11) (build 1.8.0_131-8u131-b11-0ubuntu1.17.04.1-b11)
# Java VM: OpenJDK 64-Bit Server VM (25.131-b11 mixed mode linux-amd64 compressed oops)
Heap:
 PSYoungGen      total 131584K, used 98338K [0x00000000eb700000, 0x00000000f3d00000, 0x0000000100000000)
  eden space 126976K, 75% used [0x00000000eb700000,0x00000000f1404908,0x00000000f3300000)
  from space 4608K, 67% used [0x00000000f3880000,0x00000000f3b84010,0x00000000f3d00000)
  to   space 5120K, 0% used [0x00000000f3300000,0x00000000f3300000,0x00000000f3800000)
 ParOldGen       total 42496K, used 4339K [0x00000000c2400000, 0x00000000c4d80000, 0x00000000eb700000)
  object space 42496K, 10% used [0x00000000c2400000,0x00000000c283cc38,0x00000000c4d80000)
 Metaspace       used 18419K, capacity 18692K, committed 18944K, reserved 1067008K
  class space    used 2126K, capacity 2186K, committed 2304K, reserved 1048576K
GC Heap History (10 events):
Event: 0.919 GC heap before
{Heap before GC invocations=2 (full 0):
 PSYoungGen      total 18432K, used 18427K [0x00000000eb700000, 0x00000000edb00000, 0x0000000100000000)
  eden space 15872K, 100% used [0x00000000eb700000,0x00000000ec680000,0x00000000ec680000)
  from space 2560K, 99% used [0x00000000ec680000,0x00000000ec8fec98,0x00000000ec900000)
  to   space 2560K, 0% used [0x00000000ed880000,0x00000000ed880000,0x00000000edb00000)
 ParOldGen       total 42496K, used 2103K [0x00000000c2400000, 0x00000000c4d80000, 0x00000000eb700000)
  object space 42496K, 4% used [0x00000000c2400000,0x00000000c260dea0,0x00000000c4d80000)
 Metaspace       used 8734K, capacity 8874K, committed 8960K, reserved 1056768K
  class space    used 929K, capacity 978K, committed 1024K, reserved 1048576K
Event: 0.933 GC heap after
Heap after GC invocations=2 (full 0):
 PSYoungGen      total 34304K, used 2544K [0x00000000eb700000, 0x00000000edb00000, 0x0000000100000000)
  eden space 31744K, 0% used [0x00000000eb700000,0x00000000eb700000,0x00000000ed600000)
  from space 2560K, 99% used [0x00000000ed880000,0x00000000edafc010,0x00000000edb00000)
  to   space 2560K, 0% used [0x00000000ed600000,0x00000000ed600000,0x00000000ed880000)
 ParOldGen       total 42496K, used 3483K [0x00000000c2400000, 0x00000000c4d80000, 0x00000000eb700000)
  object space 42496K, 8% used [0x00000000c2400000,0x00000000c2766c18,0x00000000c4d80000)
 Metaspace       used 8734K, capacity 8874K, committed 8960K, reserved 1056768K
  class space    used 929K, capacity 978K, committed 1024K, reserved 1048576K
}
Event: 1.076 GC heap before
{Heap before GC invocations=3 (full 0):
 PSYoungGen      total 34304K, used 34288K [0x00000000eb700000, 0x00000000edb00000, 0x0000000100000000)
  eden space 31744K, 100% used [0x00000000eb700000,0x00000000ed600000,0x00000000ed600000)
  from space 2560K, 99% used [0x00000000ed880000,0x00000000edafc010,0x00000000edb00000)
  to   space 2560K, 0% used [0x00000000ed600000,0x00000000ed600000,0x00000000ed880000)
 ParOldGen       total 42496K, used 3483K [0x00000000c2400000, 0x00000000c4d80000, 0x00000000eb700000)
  object space 42496K, 8% used [0x00000000c2400000,0x00000000c2766c18,0x00000000c4d80000)
 Metaspace       used 8797K, capacity 9002K, committed 9216K, reserved 1056768K
  class space    used 929K, capacity 978K, committed 1024K, reserved 1048576K
Event: 1.087 GC heap after
Heap after GC invocations=3 (full 0):
 PSYoungGen      total 34304K, used 2544K [0x00000000eb700000, 0x00000000efa00000, 0x0000000100000000)
  eden space 31744K, 0% used [0x00000000eb700000,0x00000000eb700000,0x00000000ed600000)
  from space 2560K, 99% used [0x00000000ed600000,0x00000000ed87c010,0x00000000ed880000)
  to   space 2560K, 0% used [0x00000000ef780000,0x00000000ef780000,0x00000000efa00000)
 ParOldGen       total 42496K, used 4283K [0x00000000c2400000, 0x00000000c4d80000, 0x00000000eb700000)
  object space 42496K, 10% used [0x00000000c2400000,0x00000000c282ec28,0x00000000c4d80000)
 Metaspace       used 8797K, capacity 9002K, committed 9216K, reserved 1056768K
  class space    used 929K, capacity 978K, committed 1024K, reserved 1048576K
}
Event: 1.169 GC heap before
{Heap before GC invocations=4 (full 0):
 PSYoungGen      total 34304K, used 34288K [0x00000000eb700000, 0x00000000efa00000, 0x0000000100000000)
  eden space 31744K, 100% used [0x00000000eb700000,0x00000000ed600000,0x00000000ed600000)
  from space 2560K, 99% used [0x00000000ed600000,0x00000000ed87c010,0x00000000ed880000)
  to   space 2560K, 0% used [0x00000000ef780000,0x00000000ef780000,0x00000000efa00000)
 ParOldGen       total 42496K, used 4283K [0x00000000c2400000, 0x00000000c4d80000, 0x00000000eb700000)
  object space 42496K, 10% used [0x00000000c2400000,0x00000000c282ec28,0x00000000c4d80000)
 Metaspace       used 8800K, capacity 9002K, committed 9216K, reserved 1056768K
  class space    used 929K, capacity 978K, committed 1024K, reserved 1048576K
Event: 1.185 GC heap after
Heap after GC invocations=4 (full 0):
 PSYoungGen      total 66048K, used 2560K [0x00000000eb700000, 0x00000000efa00000, 0x0000000100000000)
  eden space 63488K, 0% used [0x00000000eb700000,0x00000000eb700000,0x00000000ef500000)
  from space 2560K, 100% used [0x00000000ef780000,0x00000000efa00000,0x00000000efa00000)
  to   space 2560K, 0% used [0x00000000ef500000,0x00000000ef500000,0x00000000ef780000)
 ParOldGen       total 42496K, used 4299K [0x00000000c2400000, 0x00000000c4d80000, 0x00000000eb700000)
  object space 42496K, 10% used [0x00000000c2400000,0x00000000c2832c28,0x00000000c4d80000)
 Metaspace       used 8800K, capacity 9002K, committed 9216K, reserved 1056768K
  class space    used 929K, capacity 978K, committed 1024K, reserved 1048576K
}
Event: 1.353 GC heap before
{Heap before GC invocations=5 (full 0):
 PSYoungGen      total 66048K, used 66048K [0x00000000eb700000, 0x00000000efa00000, 0x0000000100000000)
  eden space 63488K, 100% used [0x00000000eb700000,0x00000000ef500000,0x00000000ef500000)
  from space 2560K, 100% used [0x00000000ef780000,0x00000000efa00000,0x00000000efa00000)
  to   space 2560K, 0% used [0x00000000ef500000,0x00000000ef500000,0x00000000ef780000)
 ParOldGen       total 42496K, used 4299K [0x00000000c2400000, 0x00000000c4d80000, 0x00000000eb700000)
  object space 42496K, 10% used [0x00000000c2400000,0x00000000c2832c28,0x00000000c4d80000)
 Metaspace       used 8800K, capacity 9002K, committed 9216K, reserved 1056768K
  class space    used 929K, capacity 978K, committed 1024K, reserved 1048576K
Event: 1.359 GC heap after
Heap after GC invocations=5 (full 0):
 PSYoungGen      total 66048K, used 2534K [0x00000000eb700000, 0x00000000f3e00000, 0x0000000100000000)
  eden space 63488K, 0% used [0x00000000eb700000,0x00000000eb700000,0x00000000ef500000)
  from space 2560K, 99% used [0x00000000ef500000,0x00000000ef779ba8,0x00000000ef780000)
  to   space 5632K, 0% used [0x00000000f3880000,0x00000000f3880000,0x00000000f3e00000)
 ParOldGen       total 42496K, used 4339K [0x00000000c2400000, 0x00000000c4d80000, 0x00000000eb700000)
  object space 42496K, 10% used [0x00000000c2400000,0x00000000c283cc38,0x00000000c4d80000)
 Metaspace       used 8800K, capacity 9002K, committed 9216K, reserved 1056768K
  class space    used 929K, capacity 978K, committed 1024K, reserved 1048576K
}
Event: 1.516 GC heap before
{Heap before GC invocations=6 (full 0):
 PSYoungGen      total 66048K, used 66022K [0x00000000eb700000, 0x00000000f3e00000, 0x0000000100000000)
  eden space 63488K, 100% used [0x00000000eb700000,0x00000000ef500000,0x00000000ef500000)
  from space 2560K, 99% used [0x00000000ef500000,0x00000000ef779ba8,0x00000000ef780000)
  to   space 5632K, 0% used [0x00000000f3880000,0x00000000f3880000,0x00000000f3e00000)
 ParOldGen       total 42496K, used 4339K [0x00000000c2400000, 0x00000000c4d80000, 0x00000000eb700000)
  object space 42496K, 10% used [0x00000000c2400000,0x00000000c283cc38,0x00000000c4d80000)
 Metaspace       used 8819K, capacity 9002K, committed 9216K, reserved 1056768K
  class space    used 929K, capacity 978K, committed 1024K, reserved 1048576K
Event: 1.536 GC heap after
Heap after GC invocations=6 (full 0):
 PSYoungGen      total 131584K, used 3088K [0x00000000eb700000, 0x00000000f3d00000, 0x0000000100000000)
  eden space 126976K, 0% used [0x00000000eb700000,0x00000000eb700000,0x00000000f3300000)
  from space 4608K, 67% used [0x00000000f3880000,0x00000000f3b84010,0x00000000f3d00000)
  to   space 5120K, 0% used [0x00000000f3300000,0x00000000f3300000,0x00000000f3800000)
 ParOldGen       total 42496K, used 4339K [0x00000000c2400000, 0x00000000c4d80000, 0x00000000eb700000)
  object space 42496K, 10% used [0x00000000c2400000,0x00000000c283cc38,0x00000000c4d80000)
 Metaspace       used 8819K, capacity 9002K, committed 9216K, reserved 1056768K
  class space    used 929K, capacity 978K, committed 1024K, reserved 1048576K
}

