# JRE version: Java(TM) SE Runtime Environment (7.0_45-b18) (build 1.7.0_45-b18)
# Java VM: Java HotSpot(TM) 64-Bit Server VM (24.45-b08 mixed mode windows-amd64 compressed oops)
Heap
 PSYoungGen      total 713728K, used 249257K [0x00000007aaf00000, 0x00000007dd400000, 0x0000000800000000)
  eden space 616448K, 33% used [0x00000007aaf00000,0x00000007b7ae6f58,0x00000007d0900000)
  from space 97280K, 41% used [0x00000007d7500000,0x00000007d9c836e8,0x00000007dd400000)
  to   space 103936K, 0% used [0x00000007d0900000,0x00000007d0900000,0x00000007d6e80000)
 ParOldGen       total 174080K, used 109427K [0x0000000700e00000, 0x000000070b800000, 0x00000007aaf00000)
  object space 174080K, 62% used [0x0000000700e00000,0x00000007078dcc50,0x000000070b800000)
 PSPermGen       total 30720K, used 30293K [0x00000006fbc00000, 0x00000006fda00000, 0x0000000700e00000)
  object space 30720K, 98% used [0x00000006fbc00000,0x00000006fd995518,0x00000006fda00000)
GC Heap History (10 events):
Event: 37.964 GC heap before
{Heap before GC invocations=8 (full 0):
 PSYoungGen      total 160256K, used 160232K [0x00000007aaf00000, 0x00000007c0100000, 0x0000000800000000)
  eden space 126464K, 100% used [0x00000007aaf00000,0x00000007b2a80000,0x00000007b2a80000)
  from space 33792K, 99% used [0x00000007b2a80000,0x00000007b4b7a098,0x00000007b4b80000)
  to   space 46592K, 0% used [0x00000007bd380000,0x00000007bd380000,0x00000007c0100000)
 ParOldGen       total 174080K, used 36653K [0x0000000700e00000, 0x000000070b800000, 0x00000007aaf00000)
  object space 174080K, 21% used [0x0000000700e00000,0x00000007031cb700,0x000000070b800000)
 PSPermGen       total 21504K, used 18308K [0x00000006fbc00000, 0x00000006fd100000, 0x0000000700e00000)
  object space 21504K, 85% used [0x00000006fbc00000,0x00000006fcde13a0,0x00000006fd100000)
Event: 38.158 GC heap after
Heap after GC invocations=8 (full 0):
 PSYoungGen      total 295936K, used 35016K [0x00000007aaf00000, 0x00000007c0800000, 0x0000000800000000)
  eden space 249344K, 0% used [0x00000007aaf00000,0x00000007aaf00000,0x00000007ba280000)
  from space 46592K, 75% used [0x00000007bd380000,0x00000007bf5b2098,0x00000007c0100000)
  to   space 50176K, 0% used [0x00000007ba280000,0x00000007ba280000,0x00000007bd380000)
 ParOldGen       total 174080K, used 39239K [0x0000000700e00000, 0x000000070b800000, 0x00000007aaf00000)
  object space 174080K, 22% used [0x0000000700e00000,0x0000000703451fd8,0x000000070b800000)
 PSPermGen       total 21504K, used 18308K [0x00000006fbc00000, 0x00000006fd100000, 0x0000000700e00000)
  object space 21504K, 85% used [0x00000006fbc00000,0x00000006fcde13a0,0x00000006fd100000)
}
Event: 46.486 GC heap before
{Heap before GC invocations=9 (full 0):
 PSYoungGen      total 295936K, used 284360K [0x00000007aaf00000, 0x00000007c0800000, 0x0000000800000000)
  eden space 249344K, 100% used [0x00000007aaf00000,0x00000007ba280000,0x00000007ba280000)
  from space 46592K, 75% used [0x00000007bd380000,0x00000007bf5b2098,0x00000007c0100000)
  to   space 50176K, 0% used [0x00000007ba280000,0x00000007ba280000,0x00000007bd380000)
 ParOldGen       total 174080K, used 39239K [0x0000000700e00000, 0x000000070b800000, 0x00000007aaf00000)
  object space 174080K, 22% used [0x0000000700e00000,0x0000000703451fd8,0x000000070b800000)
 PSPermGen       total 21504K, used 18316K [0x00000006fbc00000, 0x00000006fd100000, 0x0000000700e00000)
  object space 21504K, 85% used [0x00000006fbc00000,0x00000006fcde3398,0x00000006fd100000)
Event: 46.898 GC heap after
Heap after GC invocations=9 (full 0):
 PSYoungGen      total 299520K, used 50176K [0x00000007aaf00000, 0x00000007cbe00000, 0x0000000800000000)
  eden space 249344K, 0% used [0x00000007aaf00000,0x00000007aaf00000,0x00000007ba280000)
  from space 50176K, 100% used [0x00000007ba280000,0x00000007bd380000,0x00000007bd380000)
  to   space 70144K, 0% used [0x00000007c7980000,0x00000007c7980000,0x00000007cbe00000)
 ParOldGen       total 174080K, used 67836K [0x0000000700e00000, 0x000000070b800000, 0x00000007aaf00000)
  object space 174080K, 38% used [0x0000000700e00000,0x000000070503f0c0,0x000000070b800000)
 PSPermGen       total 21504K, used 18316K [0x00000006fbc00000, 0x00000006fd100000, 0x0000000700e00000)
  object space 21504K, 85% used [0x00000006fbc00000,0x00000006fcde3398,0x00000006fd100000)
}
Event: 54.309 GC heap before
{Heap before GC invocations=10 (full 0):
 PSYoungGen      total 299520K, used 299520K [0x00000007aaf00000, 0x00000007cbe00000, 0x0000000800000000)
  eden space 249344K, 100% used [0x00000007aaf00000,0x00000007ba280000,0x00000007ba280000)
  from space 50176K, 100% used [0x00000007ba280000,0x00000007bd380000,0x00000007bd380000)
  to   space 70144K, 0% used [0x00000007c7980000,0x00000007c7980000,0x00000007cbe00000)
 ParOldGen       total 174080K, used 67836K [0x0000000700e00000, 0x000000070b800000, 0x00000007aaf00000)
  object space 174080K, 38% used [0x0000000700e00000,0x000000070503f0c0,0x000000070b800000)
 PSPermGen       total 21504K, used 18323K [0x00000006fbc00000, 0x00000006fd100000, 0x0000000700e00000)
  object space 21504K, 85% used [0x00000006fbc00000,0x00000006fcde4d40,0x00000006fd100000)
Event: 54.699 GC heap after
Heap after GC invocations=10 (full 0):
 PSYoungGen      total 455168K, used 70144K [0x00000007aaf00000, 0x00000007cda00000, 0x0000000800000000)
  eden space 385024K, 0% used [0x00000007aaf00000,0x00000007aaf00000,0x00000007c2700000)
  from space 70144K, 100% used [0x00000007c7980000,0x00000007cbe00000,0x00000007cbe00000)
  to   space 84480K, 0% used [0x00000007c2700000,0x00000007c2700000,0x00000007c7980000)
 ParOldGen       total 174080K, used 75732K [0x0000000700e00000, 0x000000070b800000, 0x00000007aaf00000)
  object space 174080K, 43% used [0x0000000700e00000,0x00000007057f5280,0x000000070b800000)
 PSPermGen       total 21504K, used 18323K [0x00000006fbc00000, 0x00000006fd100000, 0x0000000700e00000)
  object space 21504K, 85% used [0x00000006fbc00000,0x00000006fcde4d40,0x00000006fd100000)
}
Event: 66.590 GC heap before
{Heap before GC invocations=11 (full 0):
 PSYoungGen      total 455168K, used 455168K [0x00000007aaf00000, 0x00000007cda00000, 0x0000000800000000)
  eden space 385024K, 100% used [0x00000007aaf00000,0x00000007c2700000,0x00000007c2700000)
  from space 70144K, 100% used [0x00000007c7980000,0x00000007cbe00000,0x00000007cbe00000)
  to   space 84480K, 0% used [0x00000007c2700000,0x00000007c2700000,0x00000007c7980000)
 ParOldGen       total 174080K, used 75732K [0x0000000700e00000, 0x000000070b800000, 0x00000007aaf00000)
  object space 174080K, 43% used [0x0000000700e00000,0x00000007057f5280,0x000000070b800000)
 PSPermGen       total 21504K, used 18335K [0x00000006fbc00000, 0x00000006fd100000, 0x0000000700e00000)
  object space 21504K, 85% used [0x00000006fbc00000,0x00000006fcde7e00,0x00000006fd100000)
Event: 67.186 GC heap after
Heap after GC invocations=11 (full 0):
 PSYoungGen      total 469504K, used 84468K [0x00000007aaf00000, 0x00000007de100000, 0x0000000800000000)
  eden space 385024K, 0% used [0x00000007aaf00000,0x00000007aaf00000,0x00000007c2700000)
  from space 84480K, 99% used [0x00000007c2700000,0x00000007c797d070,0x00000007c7980000)
  to   space 110592K, 0% used [0x00000007d7500000,0x00000007d7500000,0x00000007de100000)
 ParOldGen       total 174080K, used 108559K [0x0000000700e00000, 0x000000070b800000, 0x00000007aaf00000)
  object space 174080K, 62% used [0x0000000700e00000,0x0000000707803c40,0x000000070b800000)
 PSPermGen       total 21504K, used 18335K [0x00000006fbc00000, 0x00000006fd100000, 0x0000000700e00000)
  object space 21504K, 85% used [0x00000006fbc00000,0x00000006fcde7e00,0x00000006fd100000)
}
Event: 73.621 GC heap before
{Heap before GC invocations=12 (full 0):
 PSYoungGen      total 469504K, used 469492K [0x00000007aaf00000, 0x00000007de100000, 0x0000000800000000)
  eden space 385024K, 100% used [0x00000007aaf00000,0x00000007c2700000,0x00000007c2700000)
  from space 84480K, 99% used [0x00000007c2700000,0x00000007c797d070,0x00000007c7980000)
  to   space 110592K, 0% used [0x00000007d7500000,0x00000007d7500000,0x00000007de100000)
 ParOldGen       total 174080K, used 108559K [0x0000000700e00000, 0x000000070b800000, 0x00000007aaf00000)
  object space 174080K, 62% used [0x0000000700e00000,0x0000000707803c40,0x000000070b800000)
 PSPermGen       total 25088K, used 24746K [0x00000006fbc00000, 0x00000006fd480000, 0x0000000700e00000)
  object space 25088K, 98% used [0x00000006fbc00000,0x00000006fd42a9b0,0x00000006fd480000)
Event: 73.739 GC heap after
Heap after GC invocations=12 (full 0):
 PSYoungGen      total 713728K, used 40461K [0x00000007aaf00000, 0x00000007dd400000, 0x0000000800000000)
  eden space 616448K, 0% used [0x00000007aaf00000,0x00000007aaf00000,0x00000007d0900000)
  from space 97280K, 41% used [0x00000007d7500000,0x00000007d9c836e8,0x00000007dd400000)
  to   space 103936K, 0% used [0x00000007d0900000,0x00000007d0900000,0x00000007d6e80000)
 ParOldGen       total 174080K, used 109427K [0x0000000700e00000, 0x000000070b800000, 0x00000007aaf00000)
  object space 174080K, 62% used [0x0000000700e00000,0x00000007078dcc50,0x000000070b800000)
 PSPermGen       total 25088K, used 24746K [0x00000006fbc00000, 0x00000006fd480000, 0x0000000700e00000)
  object space 25088K, 98% used [0x00000006fbc00000,0x00000006fd42a9b0,0x00000006fd480000)
}

