# JRE version: Java(TM) SE Runtime Environment (7.0_45-b18) (build 1.7.0_45-b18)
# Java VM: Java HotSpot(TM) Client VM (24.45-b08 mixed mode, sharing windows-x86 )
Heap
 def new generation   total 16448K, used 1451K [0x22ae0000, 0x23cb0000, 0x28030000)
  eden space 14656K,   9% used [0x22ae0000, 0x22c4ae68, 0x23930000)
  from space 1792K,   0% used [0x23930000, 0x23930000, 0x23af0000)
  to   space 1792K,   0% used [0x23af0000, 0x23af0000, 0x23cb0000)
 tenured generation   total 36432K, used 21858K [0x28030000, 0x2a3c4000, 0x32ae0000)
   the space 36432K,  59% used [0x28030000, 0x29588ab0, 0x29588c00, 0x2a3c4000)
 compacting perm gen  total 15104K, used 15093K [0x32ae0000, 0x339a0000, 0x36ae0000)
   the space 15104K,  99% used [0x32ae0000, 0x3399d660, 0x3399d800, 0x339a0000)
    ro space 10240K,  41% used [0x36ae0000, 0x36f11a78, 0x36f11c00, 0x374e0000)
    rw space 12288K,  52% used [0x374e0000, 0x37b262c0, 0x37b26400, 0x380e0000)
GC Heap History (10 events):
Event: 37.620 GC heap before
{Heap before GC invocations=89 (full 4):
 def new generation   total 8064K, used 7935K [0x22ae0000, 0x23390000, 0x28030000)
  eden space 7232K, 100% used [0x22ae0000, 0x231f0000, 0x231f0000)
  from space 832K,  84% used [0x231f0000, 0x2329fd28, 0x232c0000)
  to   space 832K,   0% used [0x232c0000, 0x232c0000, 0x23390000)
 tenured generation   total 17720K, used 13723K [0x28030000, 0x2917e000, 0x32ae0000)
   the space 17720K,  77% used [0x28030000, 0x28d96c40, 0x28d96e00, 0x2917e000)
 compacting perm gen  total 14592K, used 14386K [0x32ae0000, 0x33920000, 0x36ae0000)
   the space 14592K,  98% used [0x32ae0000, 0x338ec9b0, 0x338eca00, 0x33920000)
    ro space 10240K,  41% used [0x36ae0000, 0x36f11a78, 0x36f11c00, 0x374e0000)
    rw space 12288K,  52% used [0x374e0000, 0x37b262c0, 0x37b26400, 0x380e0000)
Event: 37.626 GC heap after
Heap after GC invocations=90 (full 4):
 def new generation   total 8064K, used 188K [0x22ae0000, 0x23390000, 0x28030000)
  eden space 7232K,   0% used [0x22ae0000, 0x22ae0000, 0x231f0000)
  from space 832K,  22% used [0x232c0000, 0x232ef068, 0x23390000)
  to   space 832K,   0% used [0x231f0000, 0x231f0000, 0x232c0000)
 tenured generation   total 17720K, used 14131K [0x28030000, 0x2917e000, 0x32ae0000)
   the space 17720K,  79% used [0x28030000, 0x28dfcc40, 0x28dfce00, 0x2917e000)
 compacting perm gen  total 14592K, used 14386K [0x32ae0000, 0x33920000, 0x36ae0000)
   the space 14592K,  98% used [0x32ae0000, 0x338ec9b0, 0x338eca00, 0x33920000)
    ro space 10240K,  41% used [0x36ae0000, 0x36f11a78, 0x36f11c00, 0x374e0000)
    rw space 12288K,  52% used [0x374e0000, 0x37b262c0, 0x37b26400, 0x380e0000)
}
Event: 37.882 GC heap before
{Heap before GC invocations=90 (full 4):
 def new generation   total 8064K, used 7418K [0x22ae0000, 0x23390000, 0x28030000)
  eden space 7232K,  99% used [0x22ae0000, 0x231efa78, 0x231f0000)
  from space 832K,  22% used [0x232c0000, 0x232ef068, 0x23390000)
  to   space 832K,   0% used [0x231f0000, 0x231f0000, 0x232c0000)
 tenured generation   total 17720K, used 14131K [0x28030000, 0x2917e000, 0x32ae0000)
   the space 17720K,  79% used [0x28030000, 0x28dfcc40, 0x28dfce00, 0x2917e000)
 compacting perm gen  total 14848K, used 14664K [0x32ae0000, 0x33960000, 0x36ae0000)
   the space 14848K,  98% used [0x32ae0000, 0x33932238, 0x33932400, 0x33960000)
    ro space 10240K,  41% used [0x36ae0000, 0x36f11a78, 0x36f11c00, 0x374e0000)
    rw space 12288K,  52% used [0x374e0000, 0x37b262c0, 0x37b26400, 0x380e0000)
Event: 37.891 GC heap after
Heap after GC invocations=91 (full 4):
 def new generation   total 8064K, used 832K [0x22ae0000, 0x23390000, 0x28030000)
  eden space 7232K,   0% used [0x22ae0000, 0x22ae0000, 0x231f0000)
  from space 832K, 100% used [0x231f0000, 0x232c0000, 0x232c0000)
  to   space 832K,   0% used [0x232c0000, 0x232c0000, 0x23390000)
 tenured generation   total 17720K, used 14548K [0x28030000, 0x2917e000, 0x32ae0000)
   the space 17720K,  82% used [0x28030000, 0x28e651b8, 0x28e65200, 0x2917e000)
 compacting perm gen  total 14848K, used 14664K [0x32ae0000, 0x33960000, 0x36ae0000)
   the space 14848K,  98% used [0x32ae0000, 0x33932238, 0x33932400, 0x33960000)
    ro space 10240K,  41% used [0x36ae0000, 0x36f11a78, 0x36f11c00, 0x374e0000)
    rw space 12288K,  52% used [0x374e0000, 0x37b262c0, 0x37b26400, 0x380e0000)
}
Event: 37.927 GC heap before
{Heap before GC invocations=91 (full 4):
 def new generation   total 8064K, used 8064K [0x22ae0000, 0x23390000, 0x28030000)
  eden space 7232K, 100% used [0x22ae0000, 0x231f0000, 0x231f0000)
  from space 832K, 100% used [0x231f0000, 0x232c0000, 0x232c0000)
  to   space 832K,   0% used [0x232c0000, 0x232c0000, 0x23390000)
 tenured generation   total 17720K, used 14548K [0x28030000, 0x2917e000, 0x32ae0000)
   the space 17720K,  82% used [0x28030000, 0x28e651b8, 0x28e65200, 0x2917e000)
 compacting perm gen  total 14848K, used 14665K [0x32ae0000, 0x33960000, 0x36ae0000)
   the space 14848K,  98% used [0x32ae0000, 0x33932698, 0x33932800, 0x33960000)
    ro space 10240K,  41% used [0x36ae0000, 0x36f11a78, 0x36f11c00, 0x374e0000)
    rw space 12288K,  52% used [0x374e0000, 0x37b262c0, 0x37b26400, 0x380e0000)
Event: 37.939 GC heap after
Heap after GC invocations=92 (full 4):
 def new generation   total 8064K, used 831K [0x22ae0000, 0x23390000, 0x28030000)
  eden space 7232K,   0% used [0x22ae0000, 0x22ae0000, 0x231f0000)
  from space 832K,  99% used [0x232c0000, 0x2338fff8, 0x23390000)
  to   space 832K,   0% used [0x231f0000, 0x231f0000, 0x232c0000)
 tenured generation   total 17720K, used 16291K [0x28030000, 0x2917e000, 0x32ae0000)
   the space 17720K,  91% used [0x28030000, 0x29018ce0, 0x29018e00, 0x2917e000)
 compacting perm gen  total 14848K, used 14665K [0x32ae0000, 0x33960000, 0x36ae0000)
   the space 14848K,  98% used [0x32ae0000, 0x33932698, 0x33932800, 0x33960000)
    ro space 10240K,  41% used [0x36ae0000, 0x36f11a78, 0x36f11c00, 0x374e0000)
    rw space 12288K,  52% used [0x374e0000, 0x37b262c0, 0x37b26400, 0x380e0000)
}
Event: 38.497 GC heap before
{Heap before GC invocations=92 (full 4):
 def new generation   total 8064K, used 8063K [0x22ae0000, 0x23390000, 0x28030000)
  eden space 7232K, 100% used [0x22ae0000, 0x231f0000, 0x231f0000)
  from space 832K,  99% used [0x232c0000, 0x2338fff8, 0x23390000)
  to   space 832K,   0% used [0x231f0000, 0x231f0000, 0x232c0000)
 tenured generation   total 17720K, used 16291K [0x28030000, 0x2917e000, 0x32ae0000)
   the space 17720K,  91% used [0x28030000, 0x29018ce0, 0x29018e00, 0x2917e000)
 compacting perm gen  total 15104K, used 15057K [0x32ae0000, 0x339a0000, 0x36ae0000)
   the space 15104K,  99% used [0x32ae0000, 0x33994690, 0x33994800, 0x339a0000)
    ro space 10240K,  41% used [0x36ae0000, 0x36f11a78, 0x36f11c00, 0x374e0000)
    rw space 12288K,  52% used [0x374e0000, 0x37b262c0, 0x37b26400, 0x380e0000)
Event: 38.506 GC heap after
Heap after GC invocations=93 (full 4):
 def new generation   total 8064K, used 832K [0x22ae0000, 0x23390000, 0x28030000)
  eden space 7232K,   0% used [0x22ae0000, 0x22ae0000, 0x231f0000)
  from space 832K, 100% used [0x231f0000, 0x232c0000, 0x232c0000)
  to   space 832K,   0% used [0x232c0000, 0x232c0000, 0x23390000)
 tenured generation   total 17720K, used 16735K [0x28030000, 0x2917e000, 0x32ae0000)
   the space 17720K,  94% used [0x28030000, 0x29087d68, 0x29087e00, 0x2917e000)
 compacting perm gen  total 15104K, used 15057K [0x32ae0000, 0x339a0000, 0x36ae0000)
   the space 15104K,  99% used [0x32ae0000, 0x33994690, 0x33994800, 0x339a0000)
    ro space 10240K,  41% used [0x36ae0000, 0x36f11a78, 0x36f11c00, 0x374e0000)
    rw space 12288K,  52% used [0x374e0000, 0x37b262c0, 0x37b26400, 0x380e0000)
}
Event: 38.929 GC heap before
{Heap before GC invocations=93 (full 4):
 def new generation   total 8064K, used 8064K [0x22ae0000, 0x23390000, 0x28030000)
  eden space 7232K, 100% used [0x22ae0000, 0x231f0000, 0x231f0000)
  from space 832K, 100% used [0x231f0000, 0x232c0000, 0x232c0000)
  to   space 832K,   0% used [0x232c0000, 0x232c0000, 0x23390000)
 tenured generation   total 17720K, used 16735K [0x28030000, 0x2917e000, 0x32ae0000)
   the space 17720K,  94% used [0x28030000, 0x29087d68, 0x29087e00, 0x2917e000)
 compacting perm gen  total 15104K, used 15093K [0x32ae0000, 0x339a0000, 0x36ae0000)
   the space 15104K,  99% used [0x32ae0000, 0x3399d660, 0x3399d800, 0x339a0000)
    ro space 10240K,  41% used [0x36ae0000, 0x36f11a78, 0x36f11c00, 0x374e0000)
    rw space 12288K,  52% used [0x374e0000, 0x37b262c0, 0x37b26400, 0x380e0000)
Event: 39.125 GC heap after
Heap after GC invocations=94 (full 5):
 def new generation   total 16448K, used 0K [0x22ae0000, 0x23cb0000, 0x28030000)
  eden space 14656K,   0% used [0x22ae0000, 0x22ae0000, 0x23930000)
  from space 1792K,   0% used [0x23930000, 0x23930000, 0x23af0000)
  to   space 1792K,   0% used [0x23af0000, 0x23af0000, 0x23cb0000)
 tenured generation   total 36432K, used 21858K [0x28030000, 0x2a3c4000, 0x32ae0000)
   the space 36432K,  59% used [0x28030000, 0x29588ab0, 0x29588c00, 0x2a3c4000)
 compacting perm gen  total 15104K, used 15093K [0x32ae0000, 0x339a0000, 0x36ae0000)
   the space 15104K,  99% used [0x32ae0000, 0x3399d660, 0x3399d800, 0x339a0000)
    ro space 10240K,  41% used [0x36ae0000, 0x36f11a78, 0x36f11c00, 0x374e0000)
    rw space 12288K,  52% used [0x374e0000, 0x37b262c0, 0x37b26400, 0x380e0000)
}

