# JRE version: Java(TM) SE Runtime Environment (7.0_45-b18) (build 1.7.0_45-b18)
# Java VM: Java HotSpot(TM) Client VM (24.45-b08 mixed mode linux-x86 )
Heap
 def new generation   total 59008K, used 19075K [0x148f0000, 0x188f0000, 0x188f0000)
  eden space 52480K,  33% used [0x148f0000, 0x15a56050, 0x17c30000)
  from space 6528K,  19% used [0x17c30000, 0x17d6ac40, 0x18290000)
  to   space 6528K,   0% used [0x18290000, 0x18290000, 0x188f0000)
 concurrent mark-sweep generation total 2031616K, used 525341K [0x188f0000, 0x948f0000, 0x948f0000)
 concurrent-mark-sweep perm gen total 88048K, used 52837K [0x948f0000, 0x99eec000, 0xb48f0000)
GC Heap History (10 events):
Event: 255454.880 GC heap before
{Heap before GC invocations=39332 (full 25):
 def new generation   total 59008K, used 53807K [0x148f0000, 0x188f0000, 0x188f0000)
  eden space 52480K, 100% used [0x148f0000, 0x17c30000, 0x17c30000)
  from space 6528K,  20% used [0x18290000, 0x183dbe40, 0x188f0000)
  to   space 6528K,   0% used [0x17c30000, 0x17c30000, 0x18290000)
 concurrent mark-sweep generation total 2031616K, used 727835K [0x188f0000, 0x948f0000, 0x948f0000)
 concurrent-mark-sweep perm gen total 87612K, used 52826K [0x948f0000, 0x99e7f000, 0xb48f0000)
Event: 255454.900 GC heap after
Heap after GC invocations=39333 (full 25):
 def new generation   total 59008K, used 3182K [0x148f0000, 0x188f0000, 0x188f0000)
  eden space 52480K,   0% used [0x148f0000, 0x148f0000, 0x17c30000)
  from space 6528K,  48% used [0x17c30000, 0x17f4b818, 0x18290000)
  to   space 6528K,   0% used [0x18290000, 0x18290000, 0x188f0000)
 concurrent mark-sweep generation total 2031616K, used 727835K [0x188f0000, 0x948f0000, 0x948f0000)
 concurrent-mark-sweep perm gen total 87612K, used 52826K [0x948f0000, 0x99e7f000, 0xb48f0000)
}
Event: 255454.904 GC heap before
{Heap before GC invocations=39333 (full 25):
 def new generation   total 59008K, used 3296K [0x148f0000, 0x188f0000, 0x188f0000)
  eden space 52480K,   0% used [0x148f0000, 0x1490cb90, 0x17c30000)
  from space 6528K,  48% used [0x17c30000, 0x17f4b818, 0x18290000)
  to   space 6528K,   0% used [0x18290000, 0x18290000, 0x188f0000)
 concurrent mark-sweep generation total 2031616K, used 727835K [0x188f0000, 0x948f0000, 0x948f0000)
 concurrent-mark-sweep perm gen total 87612K, used 52826K [0x948f0000, 0x99e7f000, 0xb48f0000)
Event: 255454.916 GC heap after
Heap after GC invocations=39334 (full 25):
 def new generation   total 59008K, used 3188K [0x148f0000, 0x188f0000, 0x188f0000)
  eden space 52480K,   0% used [0x148f0000, 0x148f0000, 0x17c30000)
  from space 6528K,  48% used [0x18290000, 0x185ad348, 0x188f0000)
  to   space 6528K,   0% used [0x17c30000, 0x17c30000, 0x18290000)
 concurrent mark-sweep generation total 2031616K, used 727835K [0x188f0000, 0x948f0000, 0x948f0000)
 concurrent-mark-sweep perm gen total 87612K, used 52826K [0x948f0000, 0x99e7f000, 0xb48f0000)
}
Event: 255461.937 GC heap before
{Heap before GC invocations=39334 (full 25):
 def new generation   total 59008K, used 55664K [0x148f0000, 0x188f0000, 0x188f0000)
  eden space 52480K,  99% used [0x148f0000, 0x17c2efb0, 0x17c30000)
  from space 6528K,  48% used [0x18290000, 0x185ad348, 0x188f0000)
  to   space 6528K,   0% used [0x17c30000, 0x17c30000, 0x18290000)
 concurrent mark-sweep generation total 2031616K, used 727474K [0x188f0000, 0x948f0000, 0x948f0000)
 concurrent-mark-sweep perm gen total 87612K, used 52826K [0x948f0000, 0x99e7f000, 0xb48f0000)
Event: 255461.952 GC heap after
Heap after GC invocations=39335 (full 25):
 def new generation   total 59008K, used 3682K [0x148f0000, 0x188f0000, 0x188f0000)
  eden space 52480K,   0% used [0x148f0000, 0x148f0000, 0x17c30000)
  from space 6528K,  56% used [0x17c30000, 0x17fc8910, 0x18290000)
  to   space 6528K,   0% used [0x18290000, 0x18290000, 0x188f0000)
 concurrent mark-sweep generation total 2031616K, used 727474K [0x188f0000, 0x948f0000, 0x948f0000)
 concurrent-mark-sweep perm gen total 87612K, used 52826K [0x948f0000, 0x99e7f000, 0xb48f0000)
}
Event: 255528.788 GC heap before
{Heap before GC invocations=39335 (full 25):
 def new generation   total 59008K, used 56162K [0x148f0000, 0x188f0000, 0x188f0000)
  eden space 52480K, 100% used [0x148f0000, 0x17c30000, 0x17c30000)
  from space 6528K,  56% used [0x17c30000, 0x17fc8910, 0x18290000)
  to   space 6528K,   0% used [0x18290000, 0x18290000, 0x188f0000)
 concurrent mark-sweep generation total 2031616K, used 520486K [0x188f0000, 0x948f0000, 0x948f0000)
 concurrent-mark-sweep perm gen total 88048K, used 52830K [0x948f0000, 0x99eec000, 0xb48f0000)
Event: 255528.805 GC heap after
Heap after GC invocations=39336 (full 25):
 def new generation   total 59008K, used 4640K [0x148f0000, 0x188f0000, 0x188f0000)
  eden space 52480K,   0% used [0x148f0000, 0x148f0000, 0x17c30000)
  from space 6528K,  71% used [0x18290000, 0x187183d0, 0x188f0000)
  to   space 6528K,   0% used [0x17c30000, 0x17c30000, 0x18290000)
 concurrent mark-sweep generation total 2031616K, used 520944K [0x188f0000, 0x948f0000, 0x948f0000)
 concurrent-mark-sweep perm gen total 88048K, used 52830K [0x948f0000, 0x99eec000, 0xb48f0000)
}
Event: 255529.185 GC heap before
{Heap before GC invocations=39336 (full 26):
 def new generation   total 59008K, used 57120K [0x148f0000, 0x188f0000, 0x188f0000)
  eden space 52480K, 100% used [0x148f0000, 0x17c30000, 0x17c30000)
  from space 6528K,  71% used [0x18290000, 0x187183d0, 0x188f0000)
  to   space 6528K,   0% used [0x17c30000, 0x17c30000, 0x18290000)
 concurrent mark-sweep generation total 2031616K, used 520944K [0x188f0000, 0x948f0000, 0x948f0000)
 concurrent-mark-sweep perm gen total 88048K, used 52835K [0x948f0000, 0x99eec000, 0xb48f0000)
Event: 255529.205 GC heap after
Heap after GC invocations=39337 (full 26):
 def new generation   total 59008K, used 1259K [0x148f0000, 0x188f0000, 0x188f0000)
  eden space 52480K,   0% used [0x148f0000, 0x148f0000, 0x17c30000)
  from space 6528K,  19% used [0x17c30000, 0x17d6ac40, 0x18290000)
  to   space 6528K,   0% used [0x18290000, 0x18290000, 0x188f0000)
 concurrent mark-sweep generation total 2031616K, used 525341K [0x188f0000, 0x948f0000, 0x948f0000)
 concurrent-mark-sweep perm gen total 88048K, used 52835K [0x948f0000, 0x99eec000, 0xb48f0000)
}

