# JRE version: 7.0_09
# Java VM: OpenJDK 64-Bit Server VM (23.2-b09 mixed mode linux-amd64 compressed oops)
Heap
 PSYoungGen      total 1953536K, used 1811439K [0x0000000700000000, 0x0000000780000000, 0x0000000800000000)
  eden space 1802304K, 98% used [0x0000000700000000,0x000000076c59b458,0x000000076e010000)
  from space 151232K, 23% used [0x0000000776c50000,0x0000000778fb0950,0x0000000780000000)
  to   space 143616K, 0% used [0x000000076e010000,0x000000076e010000,0x0000000776c50000)
 ParOldGen       total 4194304K, used 3158995K [0x0000000500000000, 0x0000000600000000, 0x0000000700000000)
  object space 4194304K, 75% used [0x0000000500000000,0x00000005c0cf4d98,0x0000000600000000)
 PSPermGen       total 152000K, used 151865K [0x00000004c0000000, 0x00000004c9470000, 0x0000000500000000)
  object space 152000K, 99% used [0x00000004c0000000,0x00000004c944e408,0x00000004c9470000)
GC Heap History (10 events):
Event: 7766.393 GC heap before
{Heap before GC invocations=88 (full 0):
 PSYoungGen      total 1815424K, used 1815351K [0x0000000700000000, 0x0000000780000000, 0x0000000800000000)
  eden space 1762240K, 99% used [0x0000000700000000,0x000000076b8ed508,0x000000076b8f0000)
  from space 53184K, 99% used [0x000000076b8f0000,0x000000076ecd08d0,0x000000076ece0000)
  to   space 189248K, 0% used [0x0000000774730000,0x0000000774730000,0x0000000780000000)
 ParOldGen       total 4194304K, used 2962243K [0x0000000500000000, 0x0000000600000000, 0x0000000700000000)
  object space 4194304K, 70% used [0x0000000500000000,0x00000005b4cd0d48,0x0000000600000000)
 PSPermGen       total 151808K, used 151656K [0x00000004c0000000, 0x00000004c9440000, 0x0000000500000000)
  object space 151808K, 99% used [0x00000004c0000000,0x00000004c941a018,0x00000004c9440000)
Event: 7766.571 GC heap after
Heap after GC invocations=88 (full 0):
 PSYoungGen      total 1921152K, used 56464K [0x0000000700000000, 0x0000000780000000, 0x0000000800000000)
  eden space 1731904K, 0% used [0x0000000700000000,0x0000000700000000,0x0000000769b50000)
  from space 189248K, 29% used [0x0000000774730000,0x0000000777e54150,0x0000000780000000)
  to   space 176000K, 0% used [0x0000000769b50000,0x0000000769b50000,0x0000000774730000)
 ParOldGen       total 4194304K, used 3007287K [0x0000000500000000, 0x0000000600000000, 0x0000000700000000)
  object space 4194304K, 71% used [0x0000000500000000,0x00000005b78cdc30,0x0000000600000000)
 PSPermGen       total 151808K, used 151656K [0x00000004c0000000, 0x00000004c9440000, 0x0000000500000000)
  object space 151808K, 99% used [0x00000004c0000000,0x00000004c941a018,0x00000004c9440000)
}
Event: 7847.302 GC heap before
{Heap before GC invocations=89 (full 0):
 PSYoungGen      total 1921152K, used 1788368K [0x0000000700000000, 0x0000000780000000, 0x0000000800000000)
  eden space 1731904K, 100% used [0x0000000700000000,0x0000000769b50000,0x0000000769b50000)
  from space 189248K, 29% used [0x0000000774730000,0x0000000777e54150,0x0000000780000000)
  to   space 176000K, 0% used [0x0000000769b50000,0x0000000769b50000,0x0000000774730000)
 ParOldGen       total 4194304K, used 3007287K [0x0000000500000000, 0x0000000600000000, 0x0000000700000000)
  object space 4194304K, 71% used [0x0000000500000000,0x00000005b78cdc30,0x0000000600000000)
 PSPermGen       total 151808K, used 151729K [0x00000004c0000000, 0x00000004c9440000, 0x0000000500000000)
  object space 151808K, 99% used [0x00000004c0000000,0x00000004c942c6a0,0x00000004c9440000)
Event: 7847.327 GC heap after
Heap after GC invocations=89 (full 0):
 PSYoungGen      total 1907904K, used 17808K [0x0000000700000000, 0x0000000780000000, 0x0000000800000000)
  eden space 1731904K, 0% used [0x0000000700000000,0x0000000700000000,0x0000000769b50000)
  from space 176000K, 10% used [0x0000000769b50000,0x000000076acb4120,0x0000000774730000)
  to   space 170624K, 0% used [0x0000000775960000,0x0000000775960000,0x0000000780000000)
 ParOldGen       total 4194304K, used 3059355K [0x0000000500000000, 0x0000000600000000, 0x0000000700000000)
  object space 4194304K, 72% used [0x0000000500000000,0x00000005baba6ee0,0x0000000600000000)
 PSPermGen       total 151808K, used 151729K [0x00000004c0000000, 0x00000004c9440000, 0x0000000500000000)
  object space 151808K, 99% used [0x00000004c0000000,0x00000004c942c6a0,0x00000004c9440000)
}
Event: 8395.662 GC heap before
{Heap before GC invocations=90 (full 0):
 PSYoungGen      total 1907904K, used 1749712K [0x0000000700000000, 0x0000000780000000, 0x0000000800000000)
  eden space 1731904K, 100% used [0x0000000700000000,0x0000000769b50000,0x0000000769b50000)
  from space 176000K, 10% used [0x0000000769b50000,0x000000076acb4120,0x0000000774730000)
  to   space 170624K, 0% used [0x0000000775960000,0x0000000775960000,0x0000000780000000)
 ParOldGen       total 4194304K, used 3059355K [0x0000000500000000, 0x0000000600000000, 0x0000000700000000)
  object space 4194304K, 72% used [0x0000000500000000,0x00000005baba6ee0,0x0000000600000000)
 PSPermGen       total 151808K, used 151752K [0x00000004c0000000, 0x00000004c9440000, 0x0000000500000000)
  object space 151808K, 99% used [0x00000004c0000000,0x00000004c9432198,0x00000004c9440000)
Event: 8395.699 GC heap after
Heap after GC invocations=90 (full 0):
 PSYoungGen      total 1937152K, used 45536K [0x0000000700000000, 0x0000000780000000, 0x0000000800000000)
  eden space 1766528K, 0% used [0x0000000700000000,0x0000000700000000,0x000000076bd20000)
  from space 170624K, 26% used [0x0000000775960000,0x00000007785d8000,0x0000000780000000)
  to   space 160000K, 0% used [0x000000076bd20000,0x000000076bd20000,0x0000000775960000)
 ParOldGen       total 4194304K, used 3071707K [0x0000000500000000, 0x0000000600000000, 0x0000000700000000)
  object space 4194304K, 73% used [0x0000000500000000,0x00000005bb7b6d98,0x0000000600000000)
 PSPermGen       total 151808K, used 151752K [0x00000004c0000000, 0x00000004c9440000, 0x0000000500000000)
  object space 151808K, 99% used [0x00000004c0000000,0x00000004c9432198,0x00000004c9440000)
}
Event: 8904.558 GC heap before
{Heap before GC invocations=91 (full 0):
 PSYoungGen      total 1937152K, used 1812064K [0x0000000700000000, 0x0000000780000000, 0x0000000800000000)
  eden space 1766528K, 100% used [0x0000000700000000,0x000000076bd20000,0x000000076bd20000)
  from space 170624K, 26% used [0x0000000775960000,0x00000007785d8000,0x0000000780000000)
  to   space 160000K, 0% used [0x000000076bd20000,0x000000076bd20000,0x0000000775960000)
 ParOldGen       total 4194304K, used 3071707K [0x0000000500000000, 0x0000000600000000, 0x0000000700000000)
  object space 4194304K, 73% used [0x0000000500000000,0x00000005bb7b6d98,0x0000000600000000)
 PSPermGen       total 151808K, used 151788K [0x00000004c0000000, 0x00000004c9440000, 0x0000000500000000)
  object space 151808K, 99% used [0x00000004c0000000,0x00000004c943b258,0x00000004c9440000)
Event: 8904.781 GC heap after
Heap after GC invocations=91 (full 0):
 PSYoungGen      total 1926528K, used 39984K [0x0000000700000000, 0x0000000780000000, 0x0000000800000000)
  eden space 1766528K, 0% used [0x0000000700000000,0x0000000700000000,0x000000076bd20000)
  from space 160000K, 24% used [0x000000076bd20000,0x000000076e42c040,0x0000000775960000)
  to   space 151232K, 0% used [0x0000000776c50000,0x0000000776c50000,0x0000000780000000)
 ParOldGen       total 4194304K, used 3119259K [0x0000000500000000, 0x0000000600000000, 0x0000000700000000)
  object space 4194304K, 74% used [0x0000000500000000,0x00000005be626d98,0x0000000600000000)
 PSPermGen       total 151808K, used 151788K [0x00000004c0000000, 0x00000004c9440000, 0x0000000500000000)
  object space 151808K, 99% used [0x00000004c0000000,0x00000004c943b258,0x00000004c9440000)
}
Event: 9554.837 GC heap before
{Heap before GC invocations=92 (full 0):
 PSYoungGen      total 1926528K, used 1806512K [0x0000000700000000, 0x0000000780000000, 0x0000000800000000)
  eden space 1766528K, 100% used [0x0000000700000000,0x000000076bd20000,0x000000076bd20000)
  from space 160000K, 24% used [0x000000076bd20000,0x000000076e42c040,0x0000000775960000)
  to   space 151232K, 0% used [0x0000000776c50000,0x0000000776c50000,0x0000000780000000)
 ParOldGen       total 4194304K, used 3119259K [0x0000000500000000, 0x0000000600000000, 0x0000000700000000)
  object space 4194304K, 74% used [0x0000000500000000,0x00000005be626d98,0x0000000600000000)
 PSPermGen       total 152000K, used 151840K [0x00000004c0000000, 0x00000004c9470000, 0x0000000500000000)
  object space 152000K, 99% used [0x00000004c0000000,0x00000004c94482f0,0x00000004c9470000)
Event: 9554.875 GC heap after
Heap after GC invocations=92 (full 0):
 PSYoungGen      total 1953536K, used 36226K [0x0000000700000000, 0x0000000780000000, 0x0000000800000000)
  eden space 1802304K, 0% used [0x0000000700000000,0x0000000700000000,0x000000076e010000)
  from space 151232K, 23% used [0x0000000776c50000,0x0000000778fb0950,0x0000000780000000)
  to   space 143616K, 0% used [0x000000076e010000,0x000000076e010000,0x0000000776c50000)
 ParOldGen       total 4194304K, used 3158995K [0x0000000500000000, 0x0000000600000000, 0x0000000700000000)
  object space 4194304K, 75% used [0x0000000500000000,0x00000005c0cf4d98,0x0000000600000000)
 PSPermGen       total 152000K, used 151840K [0x00000004c0000000, 0x00000004c9470000, 0x0000000500000000)
  object space 152000K, 99% used [0x00000004c0000000,0x00000004c94482f0,0x00000004c9470000)
}

