# JRE version: OpenJDK Runtime Environment (17.0.11+9) (build 17.0.11+9-Ubuntu-1)
# Java VM: OpenJDK 64-Bit Server VM (17.0.11+9-Ubuntu-1, mixed mode, sharing, tiered, compressed oops, compressed class ptrs, g1 gc, linux-amd64)
GC Precious Log:
 CPUs: 12 total, 12 available
 Memory: 31940M
 Large Page Support: Disabled
 NUMA Support: Disabled
 Compressed Oops: Enabled (Zero based)
 Heap Region Size: 8M
 Heap Min Capacity: 8M
 Heap Initial Capacity: 504M
 Heap Max Capacity: 10192M
 Pre-touch: Disabled
 Parallel Workers: 10
 Concurrent Workers: 3
 Concurrent Refinement Workers: 10
 Periodic GC: Disabled
Heap:
 garbage-first heap   total 606208K, used 234971K [0x0000000583000000, 0x0000000800000000)
  region size 8192K, 4 young (32768K), 2 survivors (16384K)
 Metaspace       used 147981K, committed 157184K, reserved 1245184K
  class space    used 18074K, committed 21504K, reserved 1048576K
GC Heap History (20 events):
Event: 23169.047 GC heap before
{Heap before GC invocations=196 (full 0):
 garbage-first heap   total 606208K, used 271748K [0x0000000583000000, 0x0000000800000000)
  region size 8192K, 3 young (24576K), 2 survivors (16384K)
 Metaspace       used 147781K, committed 157056K, reserved 1245184K
  class space    used 18073K, committed 21504K, reserved 1048576K
}
Event: 23169.068 GC heap after
{Heap after GC invocations=197 (full 0):
 garbage-first heap   total 606208K, used 230947K [0x0000000583000000, 0x0000000800000000)
  region size 8192K, 1 young (8192K), 1 survivors (8192K)
 Metaspace       used 147781K, committed 157056K, reserved 1245184K
  class space    used 18073K, committed 21504K, reserved 1048576K
}
Event: 23172.412 GC heap before
{Heap before GC invocations=197 (full 0):
 garbage-first heap   total 606208K, used 247331K [0x0000000583000000, 0x0000000800000000)
  region size 8192K, 3 young (24576K), 1 survivors (8192K)
 Metaspace       used 147781K, committed 157056K, reserved 1245184K
  class space    used 18073K, committed 21504K, reserved 1048576K
}
Event: 23172.430 GC heap after
{Heap after GC invocations=198 (full 0):
 garbage-first heap   total 606208K, used 220064K [0x0000000583000000, 0x0000000800000000)
  region size 8192K, 1 young (8192K), 1 survivors (8192K)
 Metaspace       used 147781K, committed 157056K, reserved 1245184K
  class space    used 18073K, committed 21504K, reserved 1048576K
}
Event: 23972.109 GC heap before
{Heap before GC invocations=198 (full 0):
 garbage-first heap   total 606208K, used 490400K [0x0000000583000000, 0x0000000800000000)
  region size 8192K, 35 young (286720K), 1 survivors (8192K)
 Metaspace       used 147798K, committed 157056K, reserved 1245184K
  class space    used 18073K, committed 21504K, reserved 1048576K
}
Event: 23972.115 GC heap after
{Heap after GC invocations=199 (full 0):
 garbage-first heap   total 606208K, used 224800K [0x0000000583000000, 0x0000000800000000)
  region size 8192K, 1 young (8192K), 1 survivors (8192K)
 Metaspace       used 147798K, committed 157056K, reserved 1245184K
  class space    used 18073K, committed 21504K, reserved 1048576K
}
Event: 24673.250 GC heap before
{Heap before GC invocations=199 (full 0):
 garbage-first heap   total 606208K, used 495136K [0x0000000583000000, 0x0000000800000000)
  region size 8192K, 35 young (286720K), 1 survivors (8192K)
 Metaspace       used 147878K, committed 157120K, reserved 1245184K
  class space    used 18074K, committed 21504K, reserved 1048576K
}
Event: 24673.259 GC heap after
{Heap after GC invocations=200 (full 0):
 garbage-first heap   total 606208K, used 226332K [0x0000000583000000, 0x0000000800000000)
  region size 8192K, 1 young (8192K), 1 survivors (8192K)
 Metaspace       used 147878K, committed 157120K, reserved 1245184K
  class space    used 18074K, committed 21504K, reserved 1048576K
}
Event: 25471.418 GC heap before
{Heap before GC invocations=200 (full 0):
 garbage-first heap   total 606208K, used 496668K [0x0000000583000000, 0x0000000800000000)
  region size 8192K, 35 young (286720K), 1 survivors (8192K)
 Metaspace       used 147896K, committed 157120K, reserved 1245184K
  class space    used 18074K, committed 21504K, reserved 1048576K
}
Event: 25471.426 GC heap after
{Heap after GC invocations=201 (full 0):
 garbage-first heap   total 606208K, used 232803K [0x0000000583000000, 0x0000000800000000)
  region size 8192K, 2 young (16384K), 2 survivors (16384K)
 Metaspace       used 147896K, committed 157120K, reserved 1245184K
  class space    used 18074K, committed 21504K, reserved 1048576K
}
Event: 26171.712 GC heap before
{Heap before GC invocations=202 (full 0):
 garbage-first heap   total 606208K, used 494947K [0x0000000583000000, 0x0000000800000000)
  region size 8192K, 35 young (286720K), 2 survivors (16384K)
 Metaspace       used 147925K, committed 157120K, reserved 1245184K
  class space    used 18074K, committed 21504K, reserved 1048576K
}
Event: 26171.722 GC heap after
{Heap after GC invocations=203 (full 0):
 garbage-first heap   total 606208K, used 233047K [0x0000000583000000, 0x0000000800000000)
  region size 8192K, 2 young (16384K), 2 survivors (16384K)
 Metaspace       used 147925K, committed 157120K, reserved 1245184K
  class space    used 18074K, committed 21504K, reserved 1048576K
}
Event: 26184.777 GC heap before
{Heap before GC invocations=203 (full 0):
 garbage-first heap   total 606208K, used 233047K [0x0000000583000000, 0x0000000800000000)
  region size 8192K, 3 young (24576K), 2 survivors (16384K)
 Metaspace       used 147925K, committed 157120K, reserved 1245184K
  class space    used 18074K, committed 21504K, reserved 1048576K
}
Event: 26184.796 GC heap after
{Heap after GC invocations=204 (full 0):
 garbage-first heap   total 606208K, used 219457K [0x0000000583000000, 0x0000000800000000)
  region size 8192K, 1 young (8192K), 1 survivors (8192K)
 Metaspace       used 147925K, committed 157120K, reserved 1245184K
  class space    used 18074K, committed 21504K, reserved 1048576K
}
Event: 27008.692 GC heap before
{Heap before GC invocations=204 (full 0):
 garbage-first heap   total 606208K, used 489793K [0x0000000583000000, 0x0000000800000000)
  region size 8192K, 35 young (286720K), 1 survivors (8192K)
 Metaspace       used 147934K, committed 157120K, reserved 1245184K
  class space    used 18074K, committed 21504K, reserved 1048576K
}
Event: 27008.699 GC heap after
{Heap after GC invocations=205 (full 0):
 garbage-first heap   total 606208K, used 223758K [0x0000000583000000, 0x0000000800000000)
  region size 8192K, 1 young (8192K), 1 survivors (8192K)
 Metaspace       used 147934K, committed 157120K, reserved 1245184K
  class space    used 18074K, committed 21504K, reserved 1048576K
}
Event: 27723.311 GC heap before
{Heap before GC invocations=205 (full 0):
 garbage-first heap   total 606208K, used 494094K [0x0000000583000000, 0x0000000800000000)
  region size 8192K, 35 young (286720K), 1 survivors (8192K)
 Metaspace       used 147943K, committed 157120K, reserved 1245184K
  class space    used 18074K, committed 21504K, reserved 1048576K
}
Event: 27723.317 GC heap after
{Heap after GC invocations=206 (full 0):
 garbage-first heap   total 606208K, used 224890K [0x0000000583000000, 0x0000000800000000)
  region size 8192K, 2 young (16384K), 2 survivors (16384K)
 Metaspace       used 147943K, committed 157120K, reserved 1245184K
  class space    used 18074K, committed 21504K, reserved 1048576K
}
Event: 28506.355 GC heap before
{Heap before GC invocations=206 (full 0):
 garbage-first heap   total 606208K, used 487034K [0x0000000583000000, 0x0000000800000000)
  region size 8192K, 35 young (286720K), 2 survivors (16384K)
 Metaspace       used 147981K, committed 157184K, reserved 1245184K
  class space    used 18074K, committed 21504K, reserved 1048576K
}
Event: 28506.359 GC heap after
{Heap after GC invocations=207 (full 0):
 garbage-first heap   total 606208K, used 226779K [0x0000000583000000, 0x0000000800000000)
  region size 8192K, 2 young (16384K), 2 survivors (16384K)
 Metaspace       used 147981K, committed 157184K, reserved 1245184K
  class space    used 18074K, committed 21504K, reserved 1048576K
}

