# JRE version: Java(TM) SE Runtime Environment (8.0_112-b15) (build 1.8.0_112-b15)
# Java VM: Java HotSpot(TM) 64-Bit Server VM (25.112-b15 mixed mode linux-amd64 compressed oops)
Heap:
 def new generation   total 117632K, used 73144K [0x00000000c0000000, 0x00000000c7fa0000, 0x00000000d5550000)
  eden space 104576K,  58% used [0x00000000c0000000, 0x00000000c3bc1148, 0x00000000c6620000)
  from space 13056K,  91% used [0x00000000c6620000, 0x00000000c71cd088, 0x00000000c72e0000)
  to   space 13056K,   0% used [0x00000000c72e0000, 0x00000000c72e0000, 0x00000000c7fa0000)
 tenured generation   total 261248K, used 200758K [0x00000000d5550000, 0x00000000e5470000, 0x0000000100000000)
   the space 261248K,  76% used [0x00000000d5550000, 0x00000000e195da88, 0x00000000e195dc00, 0x00000000e5470000)
 Metaspace       used 112348K, capacity 123476K, committed 126080K, reserved 1159168K
  class space    used 13460K, capacity 16394K, committed 17024K, reserved 1048576K
GC Heap History (10 events):
Event: 173547.351 GC heap before
{Heap before GC invocations=1326 (full 18):
 def new generation   total 117632K, used 111702K [0x00000000c0000000, 0x00000000c7fa0000, 0x00000000d5550000)
  eden space 104576K, 100% used [0x00000000c0000000, 0x00000000c6620000, 0x00000000c6620000)
  from space 13056K,  54% used [0x00000000c72e0000, 0x00000000c79d5aa0, 0x00000000c7fa0000)
  to   space 13056K,   0% used [0x00000000c6620000, 0x00000000c6620000, 0x00000000c72e0000)
 tenured generation   total 261248K, used 191960K [0x00000000d5550000, 0x00000000e5470000, 0x0000000100000000)
   the space 261248K,  73% used [0x00000000d5550000, 0x00000000e10c63d0, 0x00000000e10c6400, 0x00000000e5470000)
 Metaspace       used 112348K, capacity 123476K, committed 126080K, reserved 1159168K
  class space    used 13460K, capacity 16394K, committed 17024K, reserved 1048576K
Event: 173547.394 GC heap after
Heap after GC invocations=1327 (full 18):
 def new generation   total 117632K, used 11974K [0x00000000c0000000, 0x00000000c7fa0000, 0x00000000d5550000)
  eden space 104576K,   0% used [0x00000000c0000000, 0x00000000c0000000, 0x00000000c6620000)
  from space 13056K,  91% used [0x00000000c6620000, 0x00000000c71d1b50, 0x00000000c72e0000)
  to   space 13056K,   0% used [0x00000000c72e0000, 0x00000000c72e0000, 0x00000000c7fa0000)
 tenured generation   total 261248K, used 192557K [0x00000000d5550000, 0x00000000e5470000, 0x0000000100000000)
   the space 261248K,  73% used [0x00000000d5550000, 0x00000000e115b7d0, 0x00000000e115b800, 0x00000000e5470000)
 Metaspace       used 112348K, capacity 123476K, committed 126080K, reserved 1159168K
  class space    used 13460K, capacity 16394K, committed 17024K, reserved 1048576K
}
Event: 174411.606 GC heap before
{Heap before GC invocations=1327 (full 18):
 def new generation   total 117632K, used 116550K [0x00000000c0000000, 0x00000000c7fa0000, 0x00000000d5550000)
  eden space 104576K, 100% used [0x00000000c0000000, 0x00000000c6620000, 0x00000000c6620000)
  from space 13056K,  91% used [0x00000000c6620000, 0x00000000c71d1b50, 0x00000000c72e0000)
  to   space 13056K,   0% used [0x00000000c72e0000, 0x00000000c72e0000, 0x00000000c7fa0000)
 tenured generation   total 261248K, used 192557K [0x00000000d5550000, 0x00000000e5470000, 0x0000000100000000)
   the space 261248K,  73% used [0x00000000d5550000, 0x00000000e115b7d0, 0x00000000e115b800, 0x00000000e5470000)
 Metaspace       used 112348K, capacity 123476K, committed 126080K, reserved 1159168K
  class space    used 13460K, capacity 16394K, committed 17024K, reserved 1048576K
Event: 174411.647 GC heap after
Heap after GC invocations=1328 (full 18):
 def new generation   total 117632K, used 5082K [0x00000000c0000000, 0x00000000c7fa0000, 0x00000000d5550000)
  eden space 104576K,   0% used [0x00000000c0000000, 0x00000000c0000000, 0x00000000c6620000)
  from space 13056K,  38% used [0x00000000c72e0000, 0x00000000c77d6910, 0x00000000c7fa0000)
  to   space 13056K,   0% used [0x00000000c6620000, 0x00000000c6620000, 0x00000000c72e0000)
 tenured generation   total 261248K, used 200144K [0x00000000d5550000, 0x00000000e5470000, 0x0000000100000000)
   the space 261248K,  76% used [0x00000000d5550000, 0x00000000e18c42a0, 0x00000000e18c4400, 0x00000000e5470000)
 Metaspace       used 112348K, capacity 123476K, committed 126080K, reserved 1159168K
  class space    used 13460K, capacity 16394K, committed 17024K, reserved 1048576K
}
Event: 175287.355 GC heap before
{Heap before GC invocations=1328 (full 18):
 def new generation   total 117632K, used 109658K [0x00000000c0000000, 0x00000000c7fa0000, 0x00000000d5550000)
  eden space 104576K, 100% used [0x00000000c0000000, 0x00000000c6620000, 0x00000000c6620000)
  from space 13056K,  38% used [0x00000000c72e0000, 0x00000000c77d6910, 0x00000000c7fa0000)
  to   space 13056K,   0% used [0x00000000c6620000, 0x00000000c6620000, 0x00000000c72e0000)
 tenured generation   total 261248K, used 200144K [0x00000000d5550000, 0x00000000e5470000, 0x0000000100000000)
   the space 261248K,  76% used [0x00000000d5550000, 0x00000000e18c42a0, 0x00000000e18c4400, 0x00000000e5470000)
 Metaspace       used 112348K, capacity 123476K, committed 126080K, reserved 1159168K
  class space    used 13460K, capacity 16394K, committed 17024K, reserved 1048576K
Event: 175287.375 GC heap after
Heap after GC invocations=1329 (full 18):
 def new generation   total 117632K, used 5989K [0x00000000c0000000, 0x00000000c7fa0000, 0x00000000d5550000)
  eden space 104576K,   0% used [0x00000000c0000000, 0x00000000c0000000, 0x00000000c6620000)
  from space 13056K,  45% used [0x00000000c6620000, 0x00000000c6bf9670, 0x00000000c72e0000)
  to   space 13056K,   0% used [0x00000000c72e0000, 0x00000000c72e0000, 0x00000000c7fa0000)
 tenured generation   total 261248K, used 200144K [0x00000000d5550000, 0x00000000e5470000, 0x0000000100000000)
   the space 261248K,  76% used [0x00000000d5550000, 0x00000000e18c42a0, 0x00000000e18c4400, 0x00000000e5470000)
 Metaspace       used 112348K, capacity 123476K, committed 126080K, reserved 1159168K
  class space    used 13460K, capacity 16394K, committed 17024K, reserved 1048576K
}
Event: 176154.423 GC heap before
{Heap before GC invocations=1329 (full 18):
 def new generation   total 117632K, used 110565K [0x00000000c0000000, 0x00000000c7fa0000, 0x00000000d5550000)
  eden space 104576K, 100% used [0x00000000c0000000, 0x00000000c6620000, 0x00000000c6620000)
  from space 13056K,  45% used [0x00000000c6620000, 0x00000000c6bf9670, 0x00000000c72e0000)
  to   space 13056K,   0% used [0x00000000c72e0000, 0x00000000c72e0000, 0x00000000c7fa0000)
 tenured generation   total 261248K, used 200144K [0x00000000d5550000, 0x00000000e5470000, 0x0000000100000000)
   the space 261248K,  76% used [0x00000000d5550000, 0x00000000e18c42a0, 0x00000000e18c4400, 0x00000000e5470000)
 Metaspace       used 112348K, capacity 123476K, committed 126080K, reserved 1159168K
  class space    used 13460K, capacity 16394K, committed 17024K, reserved 1048576K
Event: 176154.441 GC heap after
Heap after GC invocations=1330 (full 18):
 def new generation   total 117632K, used 6755K [0x00000000c0000000, 0x00000000c7fa0000, 0x00000000d5550000)
  eden space 104576K,   0% used [0x00000000c0000000, 0x00000000c0000000, 0x00000000c6620000)
  from space 13056K,  51% used [0x00000000c72e0000, 0x00000000c7978f40, 0x00000000c7fa0000)
  to   space 13056K,   0% used [0x00000000c6620000, 0x00000000c6620000, 0x00000000c72e0000)
 tenured generation   total 261248K, used 200144K [0x00000000d5550000, 0x00000000e5470000, 0x0000000100000000)
   the space 261248K,  76% used [0x00000000d5550000, 0x00000000e18c42a0, 0x00000000e18c4400, 0x00000000e5470000)
 Metaspace       used 112348K, capacity 123476K, committed 126080K, reserved 1159168K
  class space    used 13460K, capacity 16394K, committed 17024K, reserved 1048576K
}
Event: 176979.215 GC heap before
{Heap before GC invocations=1330 (full 18):
 def new generation   total 117632K, used 111331K [0x00000000c0000000, 0x00000000c7fa0000, 0x00000000d5550000)
  eden space 104576K, 100% used [0x00000000c0000000, 0x00000000c6620000, 0x00000000c6620000)
  from space 13056K,  51% used [0x00000000c72e0000, 0x00000000c7978f40, 0x00000000c7fa0000)
  to   space 13056K,   0% used [0x00000000c6620000, 0x00000000c6620000, 0x00000000c72e0000)
 tenured generation   total 261248K, used 200144K [0x00000000d5550000, 0x00000000e5470000, 0x0000000100000000)
   the space 261248K,  76% used [0x00000000d5550000, 0x00000000e18c42a0, 0x00000000e18c4400, 0x00000000e5470000)
 Metaspace       used 112348K, capacity 123476K, committed 126080K, reserved 1159168K
  class space    used 13460K, capacity 16394K, committed 17024K, reserved 1048576K
Event: 176979.262 GC heap after
Heap after GC invocations=1331 (full 18):
 def new generation   total 117632K, used 11956K [0x00000000c0000000, 0x00000000c7fa0000, 0x00000000d5550000)
  eden space 104576K,   0% used [0x00000000c0000000, 0x00000000c0000000, 0x00000000c6620000)
  from space 13056K,  91% used [0x00000000c6620000, 0x00000000c71cd088, 0x00000000c72e0000)
  to   space 13056K,   0% used [0x00000000c72e0000, 0x00000000c72e0000, 0x00000000c7fa0000)
 tenured generation   total 261248K, used 200758K [0x00000000d5550000, 0x00000000e5470000, 0x0000000100000000)
   the space 261248K,  76% used [0x00000000d5550000, 0x00000000e195da88, 0x00000000e195dc00, 0x00000000e5470000)
 Metaspace       used 112348K, capacity 123476K, committed 126080K, reserved 1159168K
  class space    used 13460K, capacity 16394K, committed 17024K, reserved 1048576K
}

