# JRE version: Java(TM) SE Runtime Environment (8.0_112-b15) (build 1.8.0_112-b15)
# Java VM: Java HotSpot(TM) 64-Bit Server VM (25.112-b15 mixed mode linux-amd64 compressed oops)
Heap:
 PSYoungGen      total 281600K, used 249152K [0x00000000eab00000, 0x00000000ff980000, 0x0000000100000000)
  eden space 255488K, 87% used [0x00000000eab00000,0x00000000f852ac90,0x00000000fa480000)
  from space 26112K, 98% used [0x00000000fae00000,0x00000000fc725598,0x00000000fc780000)
  to   space 43520K, 0% used [0x00000000fcf00000,0x00000000fcf00000,0x00000000ff980000)
 ParOldGen       total 143872K, used 41173K [0x00000000c0000000, 0x00000000c8c80000, 0x00000000eab00000)
  object space 143872K, 28% used [0x00000000c0000000,0x00000000c2835400,0x00000000c8c80000)
 Metaspace       used 87776K, capacity 96360K, committed 96472K, reserved 1132544K
  class space    used 10651K, capacity 12981K, committed 13056K, reserved 1048576K
GC Heap History (10 events):
Event: 20.271 GC heap before
{Heap before GC invocations=30 (full 3):
 PSYoungGen      total 316928K, used 307968K [0x00000000eab00000, 0x0000000100000000, 0x0000000100000000)
  eden space 288768K, 100% used [0x00000000eab00000,0x00000000fc500000,0x00000000fc500000)
  from space 28160K, 68% used [0x00000000fe480000,0x00000000ff740390,0x0000000100000000)
  to   space 30208K, 0% used [0x00000000fc500000,0x00000000fc500000,0x00000000fe280000)
 ParOldGen       total 143872K, used 41133K [0x00000000c0000000, 0x00000000c8c80000, 0x00000000eab00000)
  object space 143872K, 28% used [0x00000000c0000000,0x00000000c282b400,0x00000000c8c80000)
 Metaspace       used 82362K, capacity 90876K, committed 90968K, reserved 1128448K
  class space    used 10136K, capacity 12382K, committed 12416K, reserved 1048576K
Event: 20.304 GC heap after
Heap after GC invocations=30 (full 3):
 PSYoungGen      total 311296K, used 22502K [0x00000000eab00000, 0x0000000100000000, 0x0000000100000000)
  eden space 288768K, 0% used [0x00000000eab00000,0x00000000eab00000,0x00000000fc500000)
  from space 22528K, 99% used [0x00000000fc500000,0x00000000fdaf9830,0x00000000fdb00000)
  to   space 32768K, 0% used [0x00000000fe000000,0x00000000fe000000,0x0000000100000000)
 ParOldGen       total 143872K, used 41141K [0x00000000c0000000, 0x00000000c8c80000, 0x00000000eab00000)
  object space 143872K, 28% used [0x00000000c0000000,0x00000000c282d400,0x00000000c8c80000)
 Metaspace       used 82362K, capacity 90876K, committed 90968K, reserved 1128448K
  class space    used 10136K, capacity 12382K, committed 12416K, reserved 1048576K
}
Event: 28.252 GC heap before
{Heap before GC invocations=31 (full 3):
 PSYoungGen      total 311296K, used 311258K [0x00000000eab00000, 0x0000000100000000, 0x0000000100000000)
  eden space 288768K, 99% used [0x00000000eab00000,0x00000000fc4fd078,0x00000000fc500000)
  from space 22528K, 99% used [0x00000000fc500000,0x00000000fdaf9830,0x00000000fdb00000)
  to   space 32768K, 0% used [0x00000000fe000000,0x00000000fe000000,0x0000000100000000)
 ParOldGen       total 143872K, used 41141K [0x00000000c0000000, 0x00000000c8c80000, 0x00000000eab00000)
  object space 143872K, 28% used [0x00000000c0000000,0x00000000c282d400,0x00000000c8c80000)
 Metaspace       used 85182K, capacity 93800K, committed 93912K, reserved 1130496K
  class space    used 10489K, capacity 12770K, committed 12800K, reserved 1048576K
Event: 28.283 GC heap after
Heap after GC invocations=31 (full 3):
 PSYoungGen      total 311296K, used 24076K [0x00000000eab00000, 0x0000000100000000, 0x0000000100000000)
  eden space 278528K, 0% used [0x00000000eab00000,0x00000000eab00000,0x00000000fbb00000)
  from space 32768K, 73% used [0x00000000fe000000,0x00000000ff7831b8,0x0000000100000000)
  to   space 35328K, 0% used [0x00000000fbb00000,0x00000000fbb00000,0x00000000fdd80000)
 ParOldGen       total 143872K, used 41149K [0x00000000c0000000, 0x00000000c8c80000, 0x00000000eab00000)
  object space 143872K, 28% used [0x00000000c0000000,0x00000000c282f400,0x00000000c8c80000)
 Metaspace       used 85182K, capacity 93800K, committed 93912K, reserved 1130496K
  class space    used 10489K, capacity 12770K, committed 12800K, reserved 1048576K
}
Event: 589.976 GC heap before
{Heap before GC invocations=32 (full 3):
 PSYoungGen      total 311296K, used 302604K [0x00000000eab00000, 0x0000000100000000, 0x0000000100000000)
  eden space 278528K, 100% used [0x00000000eab00000,0x00000000fbb00000,0x00000000fbb00000)
  from space 32768K, 73% used [0x00000000fe000000,0x00000000ff7831b8,0x0000000100000000)
  to   space 35328K, 0% used [0x00000000fbb00000,0x00000000fbb00000,0x00000000fdd80000)
 ParOldGen       total 143872K, used 41149K [0x00000000c0000000, 0x00000000c8c80000, 0x00000000eab00000)
  object space 143872K, 28% used [0x00000000c0000000,0x00000000c282f400,0x00000000c8c80000)
 Metaspace       used 86715K, capacity 95318K, committed 95576K, reserved 1132544K
  class space    used 10625K, capacity 12913K, committed 12928K, reserved 1048576K
Event: 590.014 GC heap after
Heap after GC invocations=32 (full 3):
 PSYoungGen      total 305152K, used 26568K [0x00000000eab00000, 0x0000000100000000, 0x0000000100000000)
  eden space 278528K, 0% used [0x00000000eab00000,0x00000000eab00000,0x00000000fbb00000)
  from space 26624K, 99% used [0x00000000fbb00000,0x00000000fd4f2338,0x00000000fd500000)
  to   space 38400K, 0% used [0x00000000fda80000,0x00000000fda80000,0x0000000100000000)
 ParOldGen       total 143872K, used 41157K [0x00000000c0000000, 0x00000000c8c80000, 0x00000000eab00000)
  object space 143872K, 28% used [0x00000000c0000000,0x00000000c2831400,0x00000000c8c80000)
 Metaspace       used 86715K, capacity 95318K, committed 95576K, reserved 1132544K
  class space    used 10625K, capacity 12913K, committed 12928K, reserved 1048576K
}
Event: 2594.611 GC heap before
{Heap before GC invocations=33 (full 3):
 PSYoungGen      total 305152K, used 305096K [0x00000000eab00000, 0x0000000100000000, 0x0000000100000000)
  eden space 278528K, 100% used [0x00000000eab00000,0x00000000fbb00000,0x00000000fbb00000)
  from space 26624K, 99% used [0x00000000fbb00000,0x00000000fd4f2338,0x00000000fd500000)
  to   space 38400K, 0% used [0x00000000fda80000,0x00000000fda80000,0x0000000100000000)
 ParOldGen       total 143872K, used 41157K [0x00000000c0000000, 0x00000000c8c80000, 0x00000000eab00000)
  object space 143872K, 28% used [0x00000000c0000000,0x00000000c2831400,0x00000000c8c80000)
 Metaspace       used 87360K, capacity 96030K, committed 96216K, reserved 1132544K
  class space    used 10648K, capacity 12980K, committed 13056K, reserved 1048576K
Event: 2594.674 GC heap after
Heap after GC invocations=33 (full 3):
 PSYoungGen      total 303616K, used 30707K [0x00000000eab00000, 0x0000000100000000, 0x0000000100000000)
  eden space 265216K, 0% used [0x00000000eab00000,0x00000000eab00000,0x00000000fae00000)
  from space 38400K, 79% used [0x00000000fda80000,0x00000000ff87ceb0,0x0000000100000000)
  to   space 41984K, 0% used [0x00000000fae00000,0x00000000fae00000,0x00000000fd700000)
 ParOldGen       total 143872K, used 41165K [0x00000000c0000000, 0x00000000c8c80000, 0x00000000eab00000)
  object space 143872K, 28% used [0x00000000c0000000,0x00000000c2833400,0x00000000c8c80000)
 Metaspace       used 87360K, capacity 96030K, committed 96216K, reserved 1132544K
  class space    used 10648K, capacity 12980K, committed 13056K, reserved 1048576K
}
Event: 4334.613 GC heap before
{Heap before GC invocations=34 (full 3):
 PSYoungGen      total 303616K, used 295923K [0x00000000eab00000, 0x0000000100000000, 0x0000000100000000)
  eden space 265216K, 100% used [0x00000000eab00000,0x00000000fae00000,0x00000000fae00000)
  from space 38400K, 79% used [0x00000000fda80000,0x00000000ff87ceb0,0x0000000100000000)
  to   space 41984K, 0% used [0x00000000fae00000,0x00000000fae00000,0x00000000fd700000)
 ParOldGen       total 143872K, used 41165K [0x00000000c0000000, 0x00000000c8c80000, 0x00000000eab00000)
  object space 143872K, 28% used [0x00000000c0000000,0x00000000c2833400,0x00000000c8c80000)
 Metaspace       used 87636K, capacity 96228K, committed 96472K, reserved 1132544K
  class space    used 10651K, capacity 12981K, committed 13056K, reserved 1048576K
Event: 4334.666 GC heap after
Heap after GC invocations=34 (full 3):
 PSYoungGen      total 281600K, used 25749K [0x00000000eab00000, 0x00000000ff980000, 0x0000000100000000)
  eden space 255488K, 0% used [0x00000000eab00000,0x00000000eab00000,0x00000000fa480000)
  from space 26112K, 98% used [0x00000000fae00000,0x00000000fc725598,0x00000000fc780000)
  to   space 43520K, 0% used [0x00000000fcf00000,0x00000000fcf00000,0x00000000ff980000)
 ParOldGen       total 143872K, used 41173K [0x00000000c0000000, 0x00000000c8c80000, 0x00000000eab00000)
  object space 143872K, 28% used [0x00000000c0000000,0x00000000c2835400,0x00000000c8c80000)
 Metaspace       used 87636K, capacity 96228K, committed 96472K, reserved 1132544K
  class space    used 10651K, capacity 12981K, committed 13056K, reserved 1048576K
}

