# JRE version: 7.0_10-b18
# Java VM: Java HotSpot(TM) 64-Bit Server VM (23.6-b04 mixed mode linux-amd64 compressed oops)
Heap
 PSYoungGen      total 160064K, used 108815K [0x00000000f5800000, 0x00000000ffe70000, 0x0000000100000000)
  eden space 150272K, 71% used [0x00000000f5800000,0x00000000fc03bed8,0x00000000feac0000)
  from space 9792K, 21% used [0x00000000feac0000,0x00000000fecc8000,0x00000000ff450000)
  to   space 9024K, 0% used [0x00000000ff5a0000,0x00000000ff5a0000,0x00000000ffe70000)
 ParOldGen       total 58496K, used 38713K [0x00000000e0800000, 0x00000000e4120000, 0x00000000f5800000)
  object space 58496K, 66% used [0x00000000e0800000,0x00000000e2dce678,0x00000000e4120000)
 PSPermGen       total 72896K, used 47487K [0x00000000db600000, 0x00000000dfd30000, 0x00000000e0800000)
  object space 72896K, 65% used [0x00000000db600000,0x00000000de45ff08,0x00000000dfd30000)
GC Heap History (10 events):
Event: 332,307 GC heap before
{Heap before GC invocations=30 (full 3):
 PSYoungGen      total 157376K, used 416K [0x00000000f5800000, 0x00000000ffe70000, 0x0000000100000000)
  eden space 144896K, 0% used [0x00000000f5800000,0x00000000f5800000,0x00000000fe580000)
  from space 12480K, 3% used [0x00000000fe580000,0x00000000fe5e8000,0x00000000ff1b0000)
  to   space 11904K, 0% used [0x00000000ff2d0000,0x00000000ff2d0000,0x00000000ffe70000)
 ParOldGen       total 48064K, used 42517K [0x00000000e0800000, 0x00000000e36f0000, 0x00000000f5800000)
  object space 48064K, 88% used [0x00000000e0800000,0x00000000e31856b0,0x00000000e36f0000)
 PSPermGen       total 63680K, used 45979K [0x00000000db600000, 0x00000000df430000, 0x00000000e0800000)
  object space 63680K, 72% used [0x00000000db600000,0x00000000de2e6e90,0x00000000df430000)
Event: 332,719 GC heap after
Heap after GC invocations=30 (full 3):
 PSYoungGen      total 157376K, used 0K [0x00000000f5800000, 0x00000000ffe70000, 0x0000000100000000)
  eden space 144896K, 0% used [0x00000000f5800000,0x00000000f5800000,0x00000000fe580000)
  from space 12480K, 0% used [0x00000000fe580000,0x00000000fe580000,0x00000000ff1b0000)
  to   space 11904K, 0% used [0x00000000ff2d0000,0x00000000ff2d0000,0x00000000ffe70000)
 ParOldGen       total 58496K, used 35829K [0x00000000e0800000, 0x00000000e4120000, 0x00000000f5800000)
  object space 58496K, 61% used [0x00000000e0800000,0x00000000e2afd428,0x00000000e4120000)
 PSPermGen       total 72896K, used 45890K [0x00000000db600000, 0x00000000dfd30000, 0x00000000e0800000)
  object space 72896K, 62% used [0x00000000db600000,0x00000000de2d09f8,0x00000000dfd30000)
}
Event: 332,796 GC heap before
{Heap before GC invocations=31 (full 3):
 PSYoungGen      total 157376K, used 144599K [0x00000000f5800000, 0x00000000ffe70000, 0x0000000100000000)
  eden space 144896K, 99% used [0x00000000f5800000,0x00000000fe535dc8,0x00000000fe580000)
  from space 12480K, 0% used [0x00000000fe580000,0x00000000fe580000,0x00000000ff1b0000)
  to   space 11904K, 0% used [0x00000000ff2d0000,0x00000000ff2d0000,0x00000000ffe70000)
 ParOldGen       total 58496K, used 35829K [0x00000000e0800000, 0x00000000e4120000, 0x00000000f5800000)
  object space 58496K, 61% used [0x00000000e0800000,0x00000000e2afd428,0x00000000e4120000)
 PSPermGen       total 72896K, used 45893K [0x00000000db600000, 0x00000000dfd30000, 0x00000000e0800000)
  object space 72896K, 62% used [0x00000000db600000,0x00000000de2d1660,0x00000000dfd30000)
Event: 332,802 GC heap after
Heap after GC invocations=31 (full 3):
 PSYoungGen      total 158784K, used 1288K [0x00000000f5800000, 0x00000000ffdf0000, 0x0000000100000000)
  eden space 147392K, 0% used [0x00000000f5800000,0x00000000f5800000,0x00000000fe7f0000)
  from space 11392K, 11% used [0x00000000ff2d0000,0x00000000ff412288,0x00000000ffdf0000)
  to   space 11136K, 0% used [0x00000000fe7f0000,0x00000000fe7f0000,0x00000000ff2d0000)
 ParOldGen       total 58496K, used 35829K [0x00000000e0800000, 0x00000000e4120000, 0x00000000f5800000)
  object space 58496K, 61% used [0x00000000e0800000,0x00000000e2afd428,0x00000000e4120000)
 PSPermGen       total 72896K, used 45893K [0x00000000db600000, 0x00000000dfd30000, 0x00000000e0800000)
  object space 72896K, 62% used [0x00000000db600000,0x00000000de2d1660,0x00000000dfd30000)
}
Event: 332,912 GC heap before
{Heap before GC invocations=32 (full 3):
 PSYoungGen      total 158784K, used 148556K [0x00000000f5800000, 0x00000000ffdf0000, 0x0000000100000000)
  eden space 147392K, 99% used [0x00000000f5800000,0x00000000fe7d0f98,0x00000000fe7f0000)
  from space 11392K, 11% used [0x00000000ff2d0000,0x00000000ff412288,0x00000000ffdf0000)
  to   space 11136K, 0% used [0x00000000fe7f0000,0x00000000fe7f0000,0x00000000ff2d0000)
 ParOldGen       total 58496K, used 35829K [0x00000000e0800000, 0x00000000e4120000, 0x00000000f5800000)
  object space 58496K, 61% used [0x00000000e0800000,0x00000000e2afd428,0x00000000e4120000)
 PSPermGen       total 72896K, used 45893K [0x00000000db600000, 0x00000000dfd30000, 0x00000000e0800000)
  object space 72896K, 62% used [0x00000000db600000,0x00000000de2d1660,0x00000000dfd30000)
Event: 332,919 GC heap after
Heap after GC invocations=32 (full 3):
 PSYoungGen      total 158528K, used 608K [0x00000000f5800000, 0x00000000ffea0000, 0x0000000100000000)
  eden space 147392K, 0% used [0x00000000f5800000,0x00000000f5800000,0x00000000fe7f0000)
  from space 11136K, 5% used [0x00000000fe7f0000,0x00000000fe888000,0x00000000ff2d0000)
  to   space 10560K, 0% used [0x00000000ff450000,0x00000000ff450000,0x00000000ffea0000)
 ParOldGen       total 58496K, used 37025K [0x00000000e0800000, 0x00000000e4120000, 0x00000000f5800000)
  object space 58496K, 63% used [0x00000000e0800000,0x00000000e2c28678,0x00000000e4120000)
 PSPermGen       total 72896K, used 45893K [0x00000000db600000, 0x00000000dfd30000, 0x00000000e0800000)
  object space 72896K, 62% used [0x00000000db600000,0x00000000de2d1660,0x00000000dfd30000)
}
Event: 333,026 GC heap before
{Heap before GC invocations=33 (full 3):
 PSYoungGen      total 158528K, used 147911K [0x00000000f5800000, 0x00000000ffea0000, 0x0000000100000000)
  eden space 147392K, 99% used [0x00000000f5800000,0x00000000fe7d9c88,0x00000000fe7f0000)
  from space 11136K, 5% used [0x00000000fe7f0000,0x00000000fe888000,0x00000000ff2d0000)
  to   space 10560K, 0% used [0x00000000ff450000,0x00000000ff450000,0x00000000ffea0000)
 ParOldGen       total 58496K, used 37025K [0x00000000e0800000, 0x00000000e4120000, 0x00000000f5800000)
  object space 58496K, 63% used [0x00000000e0800000,0x00000000e2c28678,0x00000000e4120000)
 PSPermGen       total 72896K, used 45895K [0x00000000db600000, 0x00000000dfd30000, 0x00000000e0800000)
  object space 72896K, 62% used [0x00000000db600000,0x00000000de2d1e60,0x00000000dfd30000)
Event: 333,036 GC heap after
Heap after GC invocations=33 (full 3):
 PSYoungGen      total 160128K, used 1824K [0x00000000f5800000, 0x00000000ffdf0000, 0x0000000100000000)
  eden space 150272K, 0% used [0x00000000f5800000,0x00000000f5800000,0x00000000feac0000)
  from space 9856K, 18% used [0x00000000ff450000,0x00000000ff618000,0x00000000ffdf0000)
  to   space 9792K, 0% used [0x00000000feac0000,0x00000000feac0000,0x00000000ff450000)
 ParOldGen       total 58496K, used 37609K [0x00000000e0800000, 0x00000000e4120000, 0x00000000f5800000)
  object space 58496K, 64% used [0x00000000e0800000,0x00000000e2cba678,0x00000000e4120000)
 PSPermGen       total 72896K, used 45895K [0x00000000db600000, 0x00000000dfd30000, 0x00000000e0800000)
  object space 72896K, 62% used [0x00000000db600000,0x00000000de2d1e60,0x00000000dfd30000)
}
Event: 333,228 GC heap before
{Heap before GC invocations=34 (full 3):
 PSYoungGen      total 160128K, used 152096K [0x00000000f5800000, 0x00000000ffdf0000, 0x0000000100000000)
  eden space 150272K, 100% used [0x00000000f5800000,0x00000000feac0000,0x00000000feac0000)
  from space 9856K, 18% used [0x00000000ff450000,0x00000000ff618000,0x00000000ffdf0000)
  to   space 9792K, 0% used [0x00000000feac0000,0x00000000feac0000,0x00000000ff450000)
 ParOldGen       total 58496K, used 37609K [0x00000000e0800000, 0x00000000e4120000, 0x00000000f5800000)
  object space 58496K, 64% used [0x00000000e0800000,0x00000000e2cba678,0x00000000e4120000)
 PSPermGen       total 72896K, used 45982K [0x00000000db600000, 0x00000000dfd30000, 0x00000000e0800000)
  object space 72896K, 63% used [0x00000000db600000,0x00000000de2e7a30,0x00000000dfd30000)
Event: 333,237 GC heap after
Heap after GC invocations=34 (full 3):
 PSYoungGen      total 160064K, used 2080K [0x00000000f5800000, 0x00000000ffe70000, 0x0000000100000000)
  eden space 150272K, 0% used [0x00000000f5800000,0x00000000f5800000,0x00000000feac0000)
  from space 9792K, 21% used [0x00000000feac0000,0x00000000fecc8000,0x00000000ff450000)
  to   space 9024K, 0% used [0x00000000ff5a0000,0x00000000ff5a0000,0x00000000ffe70000)
 ParOldGen       total 58496K, used 38713K [0x00000000e0800000, 0x00000000e4120000, 0x00000000f5800000)
  object space 58496K, 66% used [0x00000000e0800000,0x00000000e2dce678,0x00000000e4120000)
 PSPermGen       total 72896K, used 45982K [0x00000000db600000, 0x00000000dfd30000, 0x00000000e0800000)
  object space 72896K, 63% used [0x00000000db600000,0x00000000de2e7a30,0x00000000dfd30000)
}

