# JRE version: OpenJDK Runtime Environment (7.0_75-b13) (build 1.7.0_75-b13)
# Java VM: OpenJDK 64-Bit Server VM (24.75-b04 mixed mode linux-amd64 compressed oops)
Heap
 PSYoungGen      total 866304K, used 866288K [0x0000000758880000, 0x000000078f480000, 0x0000000800000000)
  eden space 858112K, 100% used [0x0000000758880000,0x000000078ce80000,0x000000078ce80000)
  from space 8192K, 99% used [0x000000078ec80000,0x000000078f47c030,0x000000078f480000)
  to   space 14848K, 0% used [0x000000078d780000,0x000000078d780000,0x000000078e600000)
 ParOldGen       total 271360K, used 156529K [0x0000000609a00000, 0x000000061a300000, 0x0000000758880000)
  object space 271360K, 57% used [0x0000000609a00000,0x00000006132dc530,0x000000061a300000)
 PSPermGen       total 123392K, used 81541K [0x00000005ff400000, 0x0000000606c80000, 0x0000000609a00000)
  object space 123392K, 66% used [0x00000005ff400000,0x00000006043a17f8,0x0000000606c80000)
GC Heap History (10 events):
Event: 69606.053 GC heap before
{Heap before GC invocations=484 (full 9):
 PSYoungGen      total 420352K, used 420336K [0x0000000758880000, 0x0000000790180000, 0x0000000800000000)
  eden space 414208K, 100% used [0x0000000758880000,0x0000000771d00000,0x0000000771d00000)
  from space 6144K, 99% used [0x000000078fb80000,0x000000079017c050,0x0000000790180000)
  to   space 11264K, 0% used [0x000000078eb80000,0x000000078eb80000,0x000000078f680000)
 ParOldGen       total 256512K, used 232833K [0x0000000609a00000, 0x0000000619480000, 0x0000000758880000)
  object space 256512K, 90% used [0x0000000609a00000,0x0000000617d60690,0x0000000619480000)
 PSPermGen       total 130048K, used 81540K [0x00000005ff400000, 0x0000000607300000, 0x0000000609a00000)
  object space 130048K, 62% used [0x00000005ff400000,0x00000006043a1318,0x0000000607300000)
Event: 69606.155 GC heap after
Heap after GC invocations=484 (full 9):
 PSYoungGen      total 505856K, used 8240K [0x0000000758880000, 0x000000078fc00000, 0x0000000800000000)
  eden space 497152K, 0% used [0x0000000758880000,0x0000000758880000,0x0000000776e00000)
  from space 8704K, 94% used [0x000000078eb80000,0x000000078f38c030,0x000000078f400000)
  to   space 8192K, 0% used [0x000000078f400000,0x000000078f400000,0x000000078fc00000)
 ParOldGen       total 256512K, used 239545K [0x0000000609a00000, 0x0000000619480000, 0x0000000758880000)
  object space 256512K, 93% used [0x0000000609a00000,0x00000006183ee700,0x0000000619480000)
 PSPermGen       total 130048K, used 81540K [0x00000005ff400000, 0x0000000607300000, 0x0000000609a00000)
  object space 130048K, 62% used [0x00000005ff400000,0x00000006043a1318,0x0000000607300000)
}
Event: 69659.917 GC heap before
{Heap before GC invocations=485 (full 9):
 PSYoungGen      total 505856K, used 505392K [0x0000000758880000, 0x000000078fc00000, 0x0000000800000000)
  eden space 497152K, 100% used [0x0000000758880000,0x0000000776e00000,0x0000000776e00000)
  from space 8704K, 94% used [0x000000078eb80000,0x000000078f38c030,0x000000078f400000)
  to   space 8192K, 0% used [0x000000078f400000,0x000000078f400000,0x000000078fc00000)
 ParOldGen       total 256512K, used 239545K [0x0000000609a00000, 0x0000000619480000, 0x0000000758880000)
  object space 256512K, 93% used [0x0000000609a00000,0x00000006183ee700,0x0000000619480000)
 PSPermGen       total 130048K, used 81541K [0x00000005ff400000, 0x0000000607300000, 0x0000000609a00000)
  object space 130048K, 62% used [0x00000005ff400000,0x00000006043a1628,0x0000000607300000)
Event: 69660.018 GC heap after
Heap after GC invocations=485 (full 9):
 PSYoungGen      total 603136K, used 6416K [0x0000000758880000, 0x000000078fa80000, 0x0000000800000000)
  eden space 596480K, 0% used [0x0000000758880000,0x0000000758880000,0x000000077cf00000)
  from space 6656K, 96% used [0x000000078f400000,0x000000078fa44050,0x000000078fa80000)
  to   space 11776K, 0% used [0x000000078e380000,0x000000078e380000,0x000000078ef00000)
 ParOldGen       total 256512K, used 247157K [0x0000000609a00000, 0x0000000619480000, 0x0000000758880000)
  object space 256512K, 96% used [0x0000000609a00000,0x0000000618b5d770,0x0000000619480000)
 PSPermGen       total 130048K, used 81541K [0x00000005ff400000, 0x0000000607300000, 0x0000000609a00000)
  object space 130048K, 62% used [0x00000005ff400000,0x00000006043a1628,0x0000000607300000)
}
Event: 69690.183 GC heap before
{Heap before GC invocations=486 (full 9):
 PSYoungGen      total 603136K, used 602896K [0x0000000758880000, 0x000000078fa80000, 0x0000000800000000)
  eden space 596480K, 100% used [0x0000000758880000,0x000000077cf00000,0x000000077cf00000)
  from space 6656K, 96% used [0x000000078f400000,0x000000078fa44050,0x000000078fa80000)
  to   space 11776K, 0% used [0x000000078e380000,0x000000078e380000,0x000000078ef00000)
 ParOldGen       total 256512K, used 247157K [0x0000000609a00000, 0x0000000619480000, 0x0000000758880000)
  object space 256512K, 96% used [0x0000000609a00000,0x0000000618b5d770,0x0000000619480000)
 PSPermGen       total 130048K, used 81541K [0x00000005ff400000, 0x0000000607300000, 0x0000000609a00000)
  object space 130048K, 62% used [0x00000005ff400000,0x00000006043a1628,0x0000000607300000)
Event: 69697.312 GC heap after
Heap after GC invocations=486 (full 9):
 PSYoungGen      total 724992K, used 9072K [0x0000000758880000, 0x000000078f480000, 0x0000000800000000)
  eden space 715776K, 0% used [0x0000000758880000,0x0000000758880000,0x0000000784380000)
  from space 9216K, 98% used [0x000000078e380000,0x000000078ec5c030,0x000000078ec80000)
  to   space 8192K, 0% used [0x000000078ec80000,0x000000078ec80000,0x000000078f480000)
 ParOldGen       total 256512K, used 252647K [0x0000000609a00000, 0x0000000619480000, 0x0000000758880000)
  object space 256512K, 98% used [0x0000000609a00000,0x00000006190b9c48,0x0000000619480000)
 PSPermGen       total 130048K, used 81541K [0x00000005ff400000, 0x0000000607300000, 0x0000000609a00000)
  object space 130048K, 62% used [0x00000005ff400000,0x00000006043a1628,0x0000000607300000)
}
Event: 69697.312 GC heap before
{Heap before GC invocations=487 (full 10):
 PSYoungGen      total 724992K, used 9072K [0x0000000758880000, 0x000000078f480000, 0x0000000800000000)
  eden space 715776K, 0% used [0x0000000758880000,0x0000000758880000,0x0000000784380000)
  from space 9216K, 98% used [0x000000078e380000,0x000000078ec5c030,0x000000078ec80000)
  to   space 8192K, 0% used [0x000000078ec80000,0x000000078ec80000,0x000000078f480000)
 ParOldGen       total 256512K, used 252647K [0x0000000609a00000, 0x0000000619480000, 0x0000000758880000)
  object space 256512K, 98% used [0x0000000609a00000,0x00000006190b9c48,0x0000000619480000)
 PSPermGen       total 130048K, used 81541K [0x00000005ff400000, 0x0000000607300000, 0x0000000609a00000)
  object space 130048K, 62% used [0x00000005ff400000,0x00000006043a1628,0x0000000607300000)
Event: 69698.102 GC heap after
Heap after GC invocations=487 (full 10):
 PSYoungGen      total 724992K, used 0K [0x0000000758880000, 0x000000078f480000, 0x0000000800000000)
  eden space 715776K, 0% used [0x0000000758880000,0x0000000758880000,0x0000000784380000)
  from space 9216K, 0% used [0x000000078e380000,0x000000078e380000,0x000000078ec80000)
  to   space 8192K, 0% used [0x000000078ec80000,0x000000078ec80000,0x000000078f480000)
 ParOldGen       total 271360K, used 150719K [0x0000000609a00000, 0x000000061a300000, 0x0000000758880000)
  object space 271360K, 55% used [0x0000000609a00000,0x0000000612d2fef0,0x000000061a300000)
 PSPermGen       total 123392K, used 81541K [0x00000005ff400000, 0x0000000606c80000, 0x0000000609a00000)
  object space 123392K, 66% used [0x00000005ff400000,0x00000006043a15c8,0x0000000606c80000)
}
Event: 69789.025 GC heap before
{Heap before GC invocations=488 (full 10):
 PSYoungGen      total 724992K, used 715775K [0x0000000758880000, 0x000000078f480000, 0x0000000800000000)
  eden space 715776K, 99% used [0x0000000758880000,0x000000078437fe58,0x0000000784380000)
  from space 9216K, 0% used [0x000000078e380000,0x000000078e380000,0x000000078ec80000)
  to   space 8192K, 0% used [0x000000078ec80000,0x000000078ec80000,0x000000078f480000)
 ParOldGen       total 271360K, used 150719K [0x0000000609a00000, 0x000000061a300000, 0x0000000758880000)
  object space 271360K, 55% used [0x0000000609a00000,0x0000000612d2fef0,0x000000061a300000)
 PSPermGen       total 123392K, used 81541K [0x00000005ff400000, 0x0000000606c80000, 0x0000000609a00000)
  object space 123392K, 66% used [0x00000005ff400000,0x00000006043a15c8,0x0000000606c80000)
Event: 69789.140 GC heap after
Heap after GC invocations=488 (full 10):
 PSYoungGen      total 866304K, used 8176K [0x0000000758880000, 0x000000078f480000, 0x0000000800000000)
  eden space 858112K, 0% used [0x0000000758880000,0x0000000758880000,0x000000078ce80000)
  from space 8192K, 99% used [0x000000078ec80000,0x000000078f47c030,0x000000078f480000)
  to   space 14848K, 0% used [0x000000078d780000,0x000000078d780000,0x000000078e600000)
 ParOldGen       total 271360K, used 156529K [0x0000000609a00000, 0x000000061a300000, 0x0000000758880000)
  object space 271360K, 57% used [0x0000000609a00000,0x00000006132dc530,0x000000061a300000)
 PSPermGen       total 123392K, used 81541K [0x00000005ff400000, 0x0000000606c80000, 0x0000000609a00000)
  object space 123392K, 66% used [0x00000005ff400000,0x00000006043a15c8,0x0000000606c80000)
}

