Started by user admin
Building in workspace C:\Windows\system32\config\systemprofile\.jenkins\workspace\InstallCreation
Cloning the remote Git repository
Cloning repository https://github.com/erwin-inc/BuildAutomation_DailyInstallCreation.git
 > git.exe init C:\Windows\system32\config\systemprofile\.jenkins\workspace\InstallCreation # timeout=10
Fetching upstream changes from https://github.com/erwin-inc/BuildAutomation_DailyInstallCreation.git
 > git.exe --version # timeout=10
using GIT_ASKPASS to set credentials github
 > git.exe fetch --tags --progress https://github.com/erwin-inc/BuildAutomation_DailyInstallCreation.git +refs/heads/*:refs/remotes/origin/*
ERROR: Timeout after 10 minutes
ERROR: Error cloning remote repo 'origin'
hudson.plugins.git.GitException: Command "git.exe fetch --tags --progress https://github.com/erwin-inc/BuildAutomation_DailyInstallCreation.git +refs/heads/*:refs/remotes/origin/*" returned status code -1:
stdout: 
stderr: 
	at org.jenkinsci.plugins.gitclient.CliGitAPIImpl.launchCommandIn(CliGitAPIImpl.java:1793)
	at org.jenkinsci.plugins.gitclient.CliGitAPIImpl.launchCommandWithCredentials(CliGitAPIImpl.java:1519)
	at org.jenkinsci.plugins.gitclient.CliGitAPIImpl.access$300(CliGitAPIImpl.java:64)
	at org.jenkinsci.plugins.gitclient.CliGitAPIImpl$1.execute(CliGitAPIImpl.java:315)
	at org.jenkinsci.plugins.gitclient.CliGitAPIImpl$2.execute(CliGitAPIImpl.java:512)
	at hudson.plugins.git.GitSCM.retrieveChanges(GitSCM.java:1061)
	at hudson.plugins.git.GitSCM.checkout(GitSCM.java:1101)
	at hudson.scm.SCM.checkout(SCM.java:496)
	at hudson.model.AbstractProject.checkout(AbstractProject.java:1278)
	at hudson.model.AbstractBuild$AbstractBuildExecution.defaultCheckout(AbstractBuild.java:604)
	at jenkins.scm.SCMCheckoutStrategy.checkout(SCMCheckoutStrategy.java:86)
	at hudson.model.AbstractBuild$AbstractBuildExecution.run(AbstractBuild.java:529)
	at hudson.model.Run.execute(Run.java:1728)
	at hudson.model.FreeStyleBuild.run(FreeStyleBuild.java:43)
	at hudson.model.ResourceController.execute(ResourceController.java:98)
	at hudson.model.Executor.run(Executor.java:405)
ERROR: null
Finished: FAILURE