Started by user jenkins
Building in workspace /var/lib/jenkins/workspace/FSPUpdateProcessingApp
Cleaning local Directory ./
Checking out svn://svn@a1-dev2-d-wla01.intellihub.com.au/soa_repository/trunk/WorkOrderAutomation/FSPUpdateProcessingApp at revision '2017-04-20T18:25:01.254 +1000'
A         .data
A         .data/00000000
AU        .data/00000000/00000000.jdb
A         .data/00000000/je.lck
A         .data/00000001
A         .data/00000001/je.lck
AU        .data/00000001/00000000.jdb
A         .data/FSPUpdateProcessingAppDEV
A         .data/FSPUpdateProcessingAppDEV/00000000
A         .data/FSPUpdateProcessingAppDEV/00000000/je.lck
AU        .data/FSPUpdateProcessingAppDEV/00000000/00000000.jdb
A         src
A         src/META-INF
A         src/META-INF/cwallet.sso.lck
AU        src/META-INF/cwallet.sso
A         src/META-INF/jps-config.xml
A         .adf
A         .adf/META-INF
A         .adf/META-INF/adf-config.xml
A         .adf/META-INF/connections.xml
A         .adf/META-INF/wsm-assembly.xml
A         FSPUpdateProcessingAppDEV
A         FSPUpdateProcessingAppDEV/deploy
AU        FSPUpdateProcessingAppDEV/deploy/sca_FSPUpdateProcessingAppDEV.jar
A         FSPUpdateProcessingAppDEV/jndi.properties
A         FSPUpdateProcessingAppDEV/FSPUpdateProcessingAppDEV_cfgplan.xml
A         FSPUpdateProcessingAppDEV/FSPUpdateProcessingAppDEV.jpr
A         FSPUpdateProcessingAppDEV/SOA
A         FSPUpdateProcessingAppDEV/SOA/WSDLs
A         FSPUpdateProcessingAppDEV/SOA/WSDLs/LogUpdateMessageReference.wsdl
A         FSPUpdateProcessingAppDEV/SOA/WSDLs/GetReqWorkOrderReference.wsdl
A         FSPUpdateProcessingAppDEV/SOA/testsuites
A         FSPUpdateProcessingAppDEV/SOA/testsuites/fileList.xml
A         FSPUpdateProcessingAppDEV/SOA/analyticsDT.xml
A         FSPUpdateProcessingAppDEV/SOA/SCA-INF
A         FSPUpdateProcessingAppDEV/SOA/SCA-INF/lib
A         FSPUpdateProcessingAppDEV/SOA/SCA-INF/src
AU        FSPUpdateProcessingAppDEV/SOA/SCA-INF/FSPUpdateProcessingAppDEV.diagram.jpg
A         FSPUpdateProcessingAppDEV/SOA/SCA-INF/FSPUpdateProcessingAppDEV.diagram.xml
A         FSPUpdateProcessingAppDEV/SOA/SCA-INF/classes
A         FSPUpdateProcessingAppDEV/SOA/SCA-INF/classes/scac.log
A         FSPUpdateProcessingAppDEV/SOA/SCA-INF/classes/pom.xml
A         FSPUpdateProcessingAppDEV/SOA/SCA-INF/classes/FSPUpdateProcessingAppDEV_cfgplan.xml
A         FSPUpdateProcessingAppDEV/SOA/SCA-INF/classes/SOA
A         FSPUpdateProcessingAppDEV/SOA/SCA-INF/classes/SOA/measurements.xml
A         FSPUpdateProcessingAppDEV/SOA/SCA-INF/classes/SOA/Transformations
A         FSPUpdateProcessingAppDEV/SOA/SCA-INF/classes/SOA/Transformations/XSLNonDeployedFiles
A         FSPUpdateProcessingAppDEV/SOA/SCA-INF/classes/SOA/Transformations/XSLNonDeployedFiles/LifeSupport_TX-Source.xml
A         FSPUpdateProcessingAppDEV/SOA/SCA-INF/classes/SOA/Transformations/XSLNonDeployedFiles/SetLifeSupportMessage_TX-Source.xml
A         FSPUpdateProcessingAppDEV/SOA/SCA-INF/classes/SOA/Transformations/XSLNonDeployedFiles/LifeSupport_TX-Target.xml
A         FSPUpdateProcessingAppDEV/SOA/SCA-INF/classes/SOA/Transformations/XSLNonDeployedFiles/SetLifeSupportMessage_TX-Target.xml
A         FSPUpdateProcessingAppDEV/SOA/SCA-INF/classes/SOA/Transformations/LifeSupport_TX.xsl
A         FSPUpdateProcessingAppDEV/SOA/SCA-INF/classes/SOA/Transformations/CustomerContact_TX.xsl
A         FSPUpdateProcessingAppDEV/SOA/SCA-INF/classes/SOA/Transformations/SetLifeSupportMessage_TX.xsl
A         FSPUpdateProcessingAppDEV/SOA/SCA-INF/classes/SOA/Transformations/CancelRequest_TX.xsl
A         FSPUpdateProcessingAppDEV/SOA/SCA-INF/classes/SOA/Transformations/SetCustomerContactMessage_TX.xsl
A         FSPUpdateProcessingAppDEV/SOA/SCA-INF/classes/SOA/Transformations/SiteHazard_TX.xsl
A         FSPUpdateProcessingAppDEV/SOA/SCA-INF/classes/SOA/Transformations/SetCancelRequestMessage_TX.xsl
A         FSPUpdateProcessingAppDEV/SOA/SCA-INF/classes/SOA/Transformations/SetSiteHazardMessage_TX.xsl
A         FSPUpdateProcessingAppDEV/SOA/SCA-INF/classes/SOA/WSDLs
A         FSPUpdateProcessingAppDEV/SOA/SCA-INF/classes/SOA/WSDLs/LogUpdateMessageReference.wsdl
A         FSPUpdateProcessingAppDEV/SOA/SCA-INF/classes/SOA/WSDLs/GetReqWorkOrderReference.wsdl
A         FSPUpdateProcessingAppDEV/SOA/SCA-INF/classes/SOA/testsuites
A         FSPUpdateProcessingAppDEV/SOA/SCA-INF/classes/SOA/testsuites/fileList.xml
A         FSPUpdateProcessingAppDEV/SOA/SCA-INF/classes/SOA/analyticsDT.xml
A         FSPUpdateProcessingAppDEV/SOA/SCA-INF/classes/SOA/SCA-INF
AU        FSPUpdateProcessingAppDEV/SOA/SCA-INF/classes/SOA/SCA-INF/FSPUpdateProcessingAppDEV.diagram.jpg
A         FSPUpdateProcessingAppDEV/SOA/SCA-INF/classes/SOA/SCA-INF/FSPUpdateProcessingAppDEV.diagram.xml
A         FSPUpdateProcessingAppDEV/SOA/SCA-INF/classes/SOA/composite.xml
A         FSPUpdateProcessingAppDEV/SOA/SCA-INF/classes/SOA/Adapters
A         FSPUpdateProcessingAppDEV/SOA/SCA-INF/classes/SOA/Adapters/GetReqWorkOrderReference-or-mappings.xml
A         FSPUpdateProcessingAppDEV/SOA/SCA-INF/classes/SOA/Adapters/GetReqWorkOrderReference-properties.xml
A         FSPUpdateProcessingAppDEV/SOA/SCA-INF/classes/SOA/Adapters/LogUpdateMessageReference-or-mappings.xml
A         FSPUpdateProcessingAppDEV/SOA/SCA-INF/classes/SOA/Adapters/LogUpdateMessageReference-properties.xml
A         FSPUpdateProcessingAppDEV/SOA/SCA-INF/classes/SOA/Schemas
A         FSPUpdateProcessingAppDEV/SOA/SCA-INF/classes/SOA/Schemas/GetReqWorkOrderReference_table.xsd
A         FSPUpdateProcessingAppDEV/SOA/SCA-INF/classes/SOA/Schemas/LogUpdateMessageReference_table.xsd
A         FSPUpdateProcessingAppDEV/SOA/SCA-INF/classesscac_out.xml
A         FSPUpdateProcessingAppDEV/SOA/SCA-INF/bpel
A         FSPUpdateProcessingAppDEV/SOA/SCA-INF/bpel/FSPUpd~0
A         FSPUpdateProcessingAppDEV/SOA/SCA-INF/bpel/FSPUpd~0/src
A         FSPUpdateProcessingAppDEV/SOA/SCA-INF/bpel/FSPUpd~0/src/orabpel
A         FSPUpdateProcessingAppDEV/SOA/SCA-INF/bpel/FSPUpd~0/classes
A         FSPUpdateProcessingAppDEV/SOA/SCA-INF/gen-classes
A         FSPUpdateProcessingAppDEV/SOA/composite.xml
A         FSPUpdateProcessingAppDEV/SOA/BPEL
A         FSPUpdateProcessingAppDEV/SOA/BPEL/FSPUpdateProcess.bpel
A         FSPUpdateProcessingAppDEV/SOA/BPEL/.designer
A         FSPUpdateProcessingAppDEV/SOA/BPEL/.designer/FSPUpdateProcess_graphics.xml
A         FSPUpdateProcessingAppDEV/SOA/Adapters
A         FSPUpdateProcessingAppDEV/SOA/Adapters/LogUpdateMessageReference_db.jca
A         FSPUpdateProcessingAppDEV/SOA/Adapters/GetReqWorkOrderReference-or-mappings.xml
A         FSPUpdateProcessingAppDEV/SOA/Adapters/GetReqWorkOrderReference-properties.xml
A         FSPUpdateProcessingAppDEV/SOA/Adapters/LogUpdateMessageReference-or-mappings.xml
A         FSPUpdateProcessingAppDEV/SOA/Adapters/LogUpdateMessageReference-properties.xml
A         FSPUpdateProcessingAppDEV/SOA/Adapters/GetReqWorkOrderReference_db.jca
A         FSPUpdateProcessingAppDEV/SOA/Schemas
A         FSPUpdateProcessingAppDEV/SOA/Schemas/LogUpdateMessageReference_table.xsd
A         FSPUpdateProcessingAppDEV/SOA/Schemas/GetReqWorkOrderReference_table.xsd
A         FSPUpdateProcessingAppDEV/SOA/Events
A         FSPUpdateProcessingAppDEV/SOA/businessIndicators.bi
A         FSPUpdateProcessingAppDEV/SOA/measurements.xml
A         FSPUpdateProcessingAppDEV/SOA/Transformations
A         FSPUpdateProcessingAppDEV/SOA/Transformations/XSLNonDeployedFiles
A         FSPUpdateProcessingAppDEV/SOA/Transformations/XSLNonDeployedFiles/LifeSupport_TX-Source.xml
A         FSPUpdateProcessingAppDEV/SOA/Transformations/XSLNonDeployedFiles/SetLifeSupportMessage_TX-Source.xml
A         FSPUpdateProcessingAppDEV/SOA/Transformations/XSLNonDeployedFiles/LifeSupport_TX-Source-GetRequestWorkOrder_GetReqWorkOrderReferenceSelect_OutputVariable.FspReqServiceOrderTxCollection.xml
A         FSPUpdateProcessingAppDEV/SOA/Transformations/XSLNonDeployedFiles/LifeSupport_TX-Target.xml
A         FSPUpdateProcessingAppDEV/SOA/Transformations/XSLNonDeployedFiles/UnitTestURLs.dvm
A         FSPUpdateProcessingAppDEV/SOA/Transformations/XSLNonDeployedFiles/SetLifeSupportMessage_TX-Target.xml
A         FSPUpdateProcessingAppDEV/SOA/Transformations/XSLNonDeployedFiles/UnitTestXrefFunctionReturn.dvm
A         FSPUpdateProcessingAppDEV/SOA/Transformations/LifeSupport_TX.xsl
A         FSPUpdateProcessingAppDEV/SOA/Transformations/CustomerContact_TX.xsl
A         FSPUpdateProcessingAppDEV/SOA/Transformations/SetLifeSupportMessage_TX.xsl
A         FSPUpdateProcessingAppDEV/SOA/Transformations/CancelRequest_TX.xsl
A         FSPUpdateProcessingAppDEV/SOA/Transformations/SetCustomerContactMessage_TX.xsl
A         FSPUpdateProcessingAppDEV/SOA/Transformations/SiteHazard_TX.xsl
A         FSPUpdateProcessingAppDEV/SOA/Transformations/SetCancelRequestMessage_TX.xsl
A         FSPUpdateProcessingAppDEV/SOA/Transformations/SetSiteHazardMessage_TX.xsl
A         FSPUpdateProcessingAppDEV/target
AU        FSPUpdateProcessingAppDEV/target/FSPUpdateProcessingApp-1.0.jar
AU        FSPUpdateProcessingAppDEV/target/sca_FSPUpdateProcessingApp_rev1.0.jar
A         FSPUpdateProcessingAppDEV/target/maven-archiver
A         FSPUpdateProcessingAppDEV/target/maven-archiver/pom.properties
A         FSPUpdateProcessingAppDEV/target/classes
A         FSPUpdateProcessingAppDEV/target/classes/LocalConfig.properties
A         FSPUpdateProcessingAppDEV/target/classes/TSTConfig.properties
A         FSPUpdateProcessingAppDEV/target/classes/DEVConfig.properties
A         FSPUpdateProcessingAppDEV/target/classes/PRODConfig.properties
A         FSPUpdateProcessingAppDEV/src
A         FSPUpdateProcessingAppDEV/src/main
A         FSPUpdateProcessingAppDEV/src/main/resources
A         FSPUpdateProcessingAppDEV/src/main/resources/PRODConfig.properties
A         FSPUpdateProcessingAppDEV/src/main/resources/LocalConfig.properties
A         FSPUpdateProcessingAppDEV/src/main/resources/TSTConfig.properties
A         FSPUpdateProcessingAppDEV/src/main/resources/DEVConfig.properties
A         FSPUpdateProcessingAppDEV/pom.xml
A         FSPUpdateProcessingApp.jws
At revision 794

[FSPUpdateProcessingApp] $ /opt/apache-maven-3.3.9/bin/mvn -f FSPUpdateProcessingAppDEV/pom.xml pre-integration-test -X
Apache Maven 3.3.9 (bb52d8502b132ec0a5a3f4c09453c07478323dc5; 2015-11-11T02:41:47+10:00)
Maven home: /opt/apache-maven-3.3.9
Java version: 1.8.0_121, vendor: Oracle Corporation
Java home: /opt/jdk1.8.0_121/jre
Default locale: en_US, platform encoding: UTF-8
OS name: "linux", version: "3.10.0-514.10.2.el7.x86_64", arch: "amd64", family: "unix"
[DEBUG] Created new class realm maven.api
[DEBUG] Importing foreign packages into class realm maven.api
[DEBUG]   Imported: javax.enterprise.inject.* < plexus.core
[DEBUG]   Imported: javax.enterprise.util.* < plexus.core
[DEBUG]   Imported: javax.inject.* < plexus.core
[DEBUG]   Imported: org.apache.maven.* < plexus.core
[DEBUG]   Imported: org.apache.maven.artifact < plexus.core
[DEBUG]   Imported: org.apache.maven.classrealm < plexus.core
[DEBUG]   Imported: org.apache.maven.cli < plexus.core
[DEBUG]   Imported: org.apache.maven.configuration < plexus.core
[DEBUG]   Imported: org.apache.maven.exception < plexus.core
[DEBUG]   Imported: org.apache.maven.execution < plexus.core
[DEBUG]   Imported: org.apache.maven.execution.scope < plexus.core
[DEBUG]   Imported: org.apache.maven.lifecycle < plexus.core
[DEBUG]   Imported: org.apache.maven.model < plexus.core
[DEBUG]   Imported: org.apache.maven.monitor < plexus.core
[DEBUG]   Imported: org.apache.maven.plugin < plexus.core
[DEBUG]   Imported: org.apache.maven.profiles < plexus.core
[DEBUG]   Imported: org.apache.maven.project < plexus.core
[DEBUG]   Imported: org.apache.maven.reporting < plexus.core
[DEBUG]   Imported: org.apache.maven.repository < plexus.core
[DEBUG]   Imported: org.apache.maven.rtinfo < plexus.core
[DEBUG]   Imported: org.apache.maven.settings < plexus.core
[DEBUG]   Imported: org.apache.maven.toolchain < plexus.core
[DEBUG]   Imported: org.apache.maven.usability < plexus.core
[DEBUG]   Imported: org.apache.maven.wagon.* < plexus.core
[DEBUG]   Imported: org.apache.maven.wagon.authentication < plexus.core
[DEBUG]   Imported: org.apache.maven.wagon.authorization < plexus.core
[DEBUG]   Imported: org.apache.maven.wagon.events < plexus.core
[DEBUG]   Imported: org.apache.maven.wagon.observers < plexus.core
[DEBUG]   Imported: org.apache.maven.wagon.proxy < plexus.core
[DEBUG]   Imported: org.apache.maven.wagon.repository < plexus.core
[DEBUG]   Imported: org.apache.maven.wagon.resource < plexus.core
[DEBUG]   Imported: org.codehaus.classworlds < plexus.core
[DEBUG]   Imported: org.codehaus.plexus.* < plexus.core
[DEBUG]   Imported: org.codehaus.plexus.classworlds < plexus.core
[DEBUG]   Imported: org.codehaus.plexus.component < plexus.core
[DEBUG]   Imported: org.codehaus.plexus.configuration < plexus.core
[DEBUG]   Imported: org.codehaus.plexus.container < plexus.core
[DEBUG]   Imported: org.codehaus.plexus.context < plexus.core
[DEBUG]   Imported: org.codehaus.plexus.lifecycle < plexus.core
[DEBUG]   Imported: org.codehaus.plexus.logging < plexus.core
[DEBUG]   Imported: org.codehaus.plexus.personality < plexus.core
[DEBUG]   Imported: org.codehaus.plexus.util.xml.Xpp3Dom < plexus.core
[DEBUG]   Imported: org.codehaus.plexus.util.xml.pull.XmlPullParser < plexus.core
[DEBUG]   Imported: org.codehaus.plexus.util.xml.pull.XmlPullParserException < plexus.core
[DEBUG]   Imported: org.codehaus.plexus.util.xml.pull.XmlSerializer < plexus.core
[DEBUG]   Imported: org.eclipse.aether.* < plexus.core
[DEBUG]   Imported: org.eclipse.aether.artifact < plexus.core
[DEBUG]   Imported: org.eclipse.aether.collection < plexus.core
[DEBUG]   Imported: org.eclipse.aether.deployment < plexus.core
[DEBUG]   Imported: org.eclipse.aether.graph < plexus.core
[DEBUG]   Imported: org.eclipse.aether.impl < plexus.core
[DEBUG]   Imported: org.eclipse.aether.installation < plexus.core
[DEBUG]   Imported: org.eclipse.aether.internal.impl < plexus.core
[DEBUG]   Imported: org.eclipse.aether.metadata < plexus.core
[DEBUG]   Imported: org.eclipse.aether.repository < plexus.core
[DEBUG]   Imported: org.eclipse.aether.resolution < plexus.core
[DEBUG]   Imported: org.eclipse.aether.spi < plexus.core
[DEBUG]   Imported: org.eclipse.aether.transfer < plexus.core
[DEBUG]   Imported: org.eclipse.aether.version < plexus.core
[DEBUG]   Imported: org.slf4j.* < plexus.core
[DEBUG]   Imported: org.slf4j.helpers.* < plexus.core
[DEBUG]   Imported: org.slf4j.spi.* < plexus.core
[DEBUG] Populating class realm maven.api
[INFO] Error stacktraces are turned on.
[DEBUG] Reading global settings from /opt/apache-maven-3.3.9/conf/settings.xml
[DEBUG] Reading user settings from /home/jenkins/.m2/settings.xml
[DEBUG] Reading global toolchains from /opt/apache-maven-3.3.9/conf/toolchains.xml
[DEBUG] Reading user toolchains from /home/jenkins/.m2/toolchains.xml
[DEBUG] Using local repository at /home/jenkins/.m2/repository
[DEBUG] Using manager EnhancedLocalRepositoryManager with priority 10.0 for /home/jenkins/.m2/repository
[INFO] Scanning for projects...
[DEBUG] Failure to find com.oracle.weblogic:wls_sharedLibraries.wlclient/maven-metadata.xml in https://repo.maven.apache.org/maven2 was cached in the local repository, resolution will not be reattempted until the update interval of central has elapsed or updates are forced
[DEBUG] Failure to find com.oracle.weblogic:com.bea.core.binxml_1.8.0.0/maven-metadata.xml in https://repo.maven.apache.org/maven2 was cached in the local repository, resolution will not be reattempted until the update interval of central has elapsed or updates are forced
[DEBUG] Dependency collection stats: {ConflictMarker.analyzeTime=2, ConflictMarker.markTime=0, ConflictMarker.nodeCount=182, ConflictIdSorter.graphTime=1, ConflictIdSorter.topsortTime=0, ConflictIdSorter.conflictIdCount=101, ConflictIdSorter.conflictIdCycleCount=0, ConflictResolver.totalTime=14, ConflictResolver.conflictItemCount=168, DefaultDependencyCollector.collectTime=290, DefaultDependencyCollector.transformTime=19}
[DEBUG] com.oracle.soa.plugin:oracle-soa-plugin:jar:12.2.1-0-0:
[DEBUG]    com.oracle.weblogic:wls_sharedLibraries.wljmxclient:jar:12.2.1-0-0:compile
[DEBUG]       com.oracle.weblogic:wls_sharedLibraries.wlclient:jar:12.2.1-0-0:compile
[DEBUG]    com.oracle.weblogic:wls_sharedLibraries.wls-api:jar:12.2.1-0-0:compile
[DEBUG]    org.codehaus.plexus:plexus-archiver:jar:2.4.1:compile
[DEBUG]       org.codehaus.plexus:plexus-container-default:jar:1.0-alpha-9-stable-1:compile
[DEBUG]          junit:junit:jar:3.8.1:compile
[DEBUG]          classworlds:classworlds:jar:1.1-alpha-2:compile
[DEBUG]       org.codehaus.plexus:plexus-io:jar:2.0.7:compile
[DEBUG]       org.apache.commons:commons-compress:jar:1.5:compile
[DEBUG]          org.tukaani:xz:jar:1.2:compile
[DEBUG]    org.apache.maven:maven-plugin-api:jar:2.0.6:compile
[DEBUG]    com.oracle.soa:soa-infra-mgmt:jar:12.2.1-0-0:compile
[DEBUG]    com.oracle.soa:fabric-runtime:jar:12.2.1-0-0:compile
[DEBUG]    com.oracle.fmwshare:share:jar:12.2.1-0-0:compile
[DEBUG]    com.oracle.soa:tracking-core:jar:12.2.1-0-0:compile
[DEBUG]    com.oracle.soa:tracking-fabric:jar:12.2.1-0-0:compile
[DEBUG]    com.oracle.soa:commons-cli-1.1:jar:12.2.1-0-0:compile
[DEBUG]    com.oracle.coherence:coherence:jar:12.2.1-0-0:compile
[DEBUG]    com.oracle.weblogic:com.bea.core.xml.xmlbeans:jar:12.2.1-0-0:compile
[DEBUG]    org.apache.maven:maven-artifact:jar:2.0.6:compile
[DEBUG]    org.apache.maven.plugins:maven-jar-plugin:jar:2.4:compile
[DEBUG]       org.apache.maven:maven-project:jar:2.0.6:compile
[DEBUG]          org.apache.maven:maven-profile:jar:2.0.6:compile
[DEBUG]          org.apache.maven:maven-artifact-manager:jar:2.0.6:compile
[DEBUG]          org.apache.maven:maven-plugin-registry:jar:2.0.6:compile
[DEBUG]       org.apache.maven:maven-model:jar:2.0.6:compile
[DEBUG]       org.apache.maven:maven-archiver:jar:2.5:compile
[DEBUG]       commons-lang:commons-lang:jar:2.1:compile
[DEBUG]    org.apache.maven.plugins:maven-resources-plugin:jar:2.6:compile
[DEBUG]       org.apache.maven:maven-core:jar:2.0.6:compile
[DEBUG]          org.apache.maven:maven-plugin-parameter-documenter:jar:2.0.6:compile
[DEBUG]          org.apache.maven.reporting:maven-reporting-api:jar:2.0.6:compile
[DEBUG]             org.apache.maven.doxia:doxia-sink-api:jar:1.0-alpha-7:compile
[DEBUG]          org.apache.maven:maven-repository-metadata:jar:2.0.6:compile
[DEBUG]          org.apache.maven:maven-error-diagnostics:jar:2.0.6:compile
[DEBUG]          commons-cli:commons-cli:jar:1.0:compile
[DEBUG]          org.apache.maven:maven-plugin-descriptor:jar:2.0.6:compile
[DEBUG]          org.codehaus.plexus:plexus-interactivity-api:jar:1.0-alpha-4:compile
[DEBUG]       org.apache.maven:maven-settings:jar:2.0.6:compile
[DEBUG]       org.apache.maven:maven-monitor:jar:2.0.6:compile
[DEBUG]       org.codehaus.plexus:plexus-interpolation:jar:1.13:compile
[DEBUG]    org.apache.maven.shared:maven-filtering:jar:1.1:compile
[DEBUG]       org.sonatype.plexus:plexus-build-api:jar:0.0.4:compile
[DEBUG]    jaxen:jaxen:jar:1.1.6:compile
[DEBUG]    org.codehaus.plexus:plexus-utils:jar:3.0.10:compile
[DEBUG]    commons-io:commons-io:jar:2.4:compile
[DEBUG]    com.oracle.soa:oracle.bpm.project.catalog:jar:12.2.1-0-0:compile
[DEBUG]    com.oracle.soa:oracle.bpm.project.compile:jar:12.2.1-0-0:compile
[DEBUG]    com.oracle.soa:oracle.bpm.project.io:jar:12.2.1-0-0:compile
[DEBUG]    com.oracle.soa:oracle.bpm.project:jar:12.2.1-0-0:compile
[DEBUG]    com.oracle.soa:oracle.bpm.common.model:jar:12.2.1-0-0:compile
[DEBUG]    com.oracle.soa:oracle.bpm.project.model:jar:12.2.1-0-0:compile
[DEBUG]    com.oracle.soa:oracle.bpm.bpm-services.interface:jar:12.2.1-0-0:compile
[DEBUG]    com.oracle.soa:oracle.bpm.web-resources:jar:12.2.1-0-0:compile
[DEBUG]    com.oracle.soa:orabpel:jar:12.2.1-0-0:compile
[DEBUG]    com.oracle.soa:orabpel-validator:jar:12.2.1-0-0:compile
[DEBUG]    com.oracle.soa:orabpel-common:jar:12.2.1-0-0:compile
[DEBUG]    com.oracle.soa:orabpel-thirdparty:jar:12.2.1-0-0:compile
[DEBUG]    com.oracle.soa:soa-infra-tools:jar:12.2.1-0-0:compile
[DEBUG]    com.oracle.soa:bpm-infra:jar:12.2.1-0-0:compile
[DEBUG]       com.oracle.weblogic:com.bea.core.binxml_1.8.0.0:jar:12.2.1-0-0:compile
[DEBUG]    com.oracle.soa:testfwk-xbeans:jar:12.2.1-0-0:compile
[DEBUG]    com.oracle.soa:bpm-services:jar:12.2.1-0-0:compile
[DEBUG]    com.oracle.soa:mediator_client:jar:12.2.1-0-0:compile
[DEBUG]    com.oracle.soa:rl:jar:12.2.1-0-0:compile
[DEBUG]    com.oracle.soa:rulesdk2:jar:12.2.1-0-0:compile
[DEBUG]    com.oracle.fmwshare:com.oracle.webservices.orawsdl-api:jar:12.2.1-0-0:compile
[DEBUG]    com.oracle.jrf.infra.common:jrf-api:jar:12.2.1-0-0:compile
[DEBUG]    com.oracle.weblogic:com.bea.core.apache.commons.lang:jar:2.6.0-0-2:compile
[DEBUG]    com.oracle.fmwshare:com.oracle.classloader.pcl:jar:12.2.1-0-0:compile
[DEBUG]    com.oracle.fmwshare:jrf_ws_client.com.oracle.webservices.fmw.client:jar:12.2.1-0-0:compile
[DEBUG]    com.oracle.weblogic:javax.management.j2ee:jar:12.2.1-0-0:compile
[DEBUG]    com.oracle.fmwshare:adfbcsvc-share:jar:12.2.1-0-0:compile
[DEBUG]    com.oracle.fmwshare:adfm:jar:12.2.1-0-0:compile
[DEBUG]    com.oracle.fmwshare:adf-share-base:jar:12.2.1-0-0:compile
[DEBUG]    com.oracle.fmwshare:adf-share-ca:jar:12.2.1-0-0:compile
[DEBUG]    com.oracle.fmwshare:adflogginghandler:jar:12.2.1-0-0:compile
[DEBUG]    com.oracle.fmwshare:adf-share-support:jar:12.2.1-0-0:compile
[DEBUG]    com.oracle.fmwshare:jsp-el-api:jar:12.2.1-0-0:compile
[DEBUG]    com.oracle.fmwshare:dms:jar:12.2.1-0-0:compile
[DEBUG]    com.oracle.javavm.jrf:ojdbc6dms:jar:12.1.0-2-1:compile
[DEBUG]    com.oracle.fmwshare:jmxframework:jar:12.2.1-0-0:compile
[DEBUG]    com.oracle.fmwshare:jmxspi:jar:12.2.1-0-0:compile
[DEBUG]    com.oracle.fmwshare:jps-internal:jar:12.2.1-0-0:compile
[DEBUG]    com.oracle.fmwshare:jps-unsupported-api:jar:12.2.1-0-0:compile
[DEBUG]    com.oracle.fmwshare:oracle.logging-utils:jar:12.2.1-0-0:compile
[DEBUG]    com.oracle.fmwshare:mdsrt:jar:12.2.1-0-0:compile
[DEBUG]    com.oracle.fmwshare:oramds:jar:12.2.1-0-0:compile
[DEBUG]    com.oracle.fmwshare:ojdl:jar:12.2.1-0-0:compile
[DEBUG]    com.oracle.toplink:eclipselink:jar:12.2.1-0-0:compile
[DEBUG]    com.oracle.wsm.common:wsm-policy-core:jar:12.2.1-0-0:compile
[DEBUG]    com.oracle.wsm.common:wsm-secpol:jar:12.2.1-0-0:compile
[DEBUG]    com.oracle.fmwshare:xml:jar:12.2.1-0-0:compile
[DEBUG]    com.oracle.fmwshare:xmlparserv2:jar:12.2.1-0-0:compile
[DEBUG]    com.oracle.fmwshare:xmlef:jar:12.2.1-0-0:compile
[DEBUG]    commons-beanutils:commons-beanutils:jar:1.7.0:compile
[DEBUG]       commons-logging:commons-logging:jar:1.0.3:compile
[DEBUG]    com.oracle.fmwshare:org.apache.commons.digester_1.8:jar:12.2.1-0-0:compile
[DEBUG]    com.oracle.fmwshare:org.springframework_3.1.0:jar:12.2.1-0-0:compile
[DEBUG]    com.oracle.pki:oraclepki:jar:12.2.1-0-0:compile
[DEBUG] Created new class realm extension>com.oracle.soa.plugin:oracle-soa-plugin:12.2.1-0-0
[DEBUG] Importing foreign packages into class realm extension>com.oracle.soa.plugin:oracle-soa-plugin:12.2.1-0-0
[DEBUG]   Imported:  < maven.api
[DEBUG] Populating class realm extension>com.oracle.soa.plugin:oracle-soa-plugin:12.2.1-0-0
[DEBUG]   Included: com.oracle.soa.plugin:oracle-soa-plugin:jar:12.2.1-0-0
[DEBUG]   Included: com.oracle.weblogic:wls_sharedLibraries.wljmxclient:jar:12.2.1-0-0
[DEBUG]   Included: com.oracle.weblogic:wls_sharedLibraries.wlclient:jar:12.2.1-0-0
[DEBUG]   Included: com.oracle.weblogic:wls_sharedLibraries.wls-api:jar:12.2.1-0-0
[DEBUG]   Included: org.codehaus.plexus:plexus-archiver:jar:2.4.1
[DEBUG]   Included: junit:junit:jar:3.8.1
[DEBUG]   Included: org.codehaus.plexus:plexus-io:jar:2.0.7
[DEBUG]   Included: org.apache.commons:commons-compress:jar:1.5
[DEBUG]   Included: org.tukaani:xz:jar:1.2
[DEBUG]   Included: com.oracle.soa:soa-infra-mgmt:jar:12.2.1-0-0
[DEBUG]   Included: com.oracle.soa:fabric-runtime:jar:12.2.1-0-0
[DEBUG]   Included: com.oracle.fmwshare:share:jar:12.2.1-0-0
[DEBUG]   Included: com.oracle.soa:tracking-core:jar:12.2.1-0-0
[DEBUG]   Included: com.oracle.soa:tracking-fabric:jar:12.2.1-0-0
[DEBUG]   Included: com.oracle.soa:commons-cli-1.1:jar:12.2.1-0-0
[DEBUG]   Included: com.oracle.coherence:coherence:jar:12.2.1-0-0
[DEBUG]   Included: com.oracle.weblogic:com.bea.core.xml.xmlbeans:jar:12.2.1-0-0
[DEBUG]   Included: org.apache.maven.plugins:maven-jar-plugin:jar:2.4
[DEBUG]   Included: org.apache.maven:maven-archiver:jar:2.5
[DEBUG]   Included: commons-lang:commons-lang:jar:2.1
[DEBUG]   Included: org.apache.maven.plugins:maven-resources-plugin:jar:2.6
[DEBUG]   Included: org.apache.maven.reporting:maven-reporting-api:jar:2.0.6
[DEBUG]   Included: org.apache.maven.doxia:doxia-sink-api:jar:1.0-alpha-7
[DEBUG]   Included: commons-cli:commons-cli:jar:1.0
[DEBUG]   Included: org.codehaus.plexus:plexus-interactivity-api:jar:1.0-alpha-4
[DEBUG]   Included: org.codehaus.plexus:plexus-interpolation:jar:1.13
[DEBUG]   Included: org.apache.maven.shared:maven-filtering:jar:1.1
[DEBUG]   Included: org.sonatype.plexus:plexus-build-api:jar:0.0.4
[DEBUG]   Included: jaxen:jaxen:jar:1.1.6
[DEBUG]   Included: org.codehaus.plexus:plexus-utils:jar:3.0.10
[DEBUG]   Included: commons-io:commons-io:jar:2.4
[DEBUG]   Included: com.oracle.soa:oracle.bpm.project.catalog:jar:12.2.1-0-0
[DEBUG]   Included: com.oracle.soa:oracle.bpm.project.compile:jar:12.2.1-0-0
[DEBUG]   Included: com.oracle.soa:oracle.bpm.project.io:jar:12.2.1-0-0
[DEBUG]   Included: com.oracle.soa:oracle.bpm.project:jar:12.2.1-0-0
[DEBUG]   Included: com.oracle.soa:oracle.bpm.common.model:jar:12.2.1-0-0
[DEBUG]   Included: com.oracle.soa:oracle.bpm.project.model:jar:12.2.1-0-0
[DEBUG]   Included: com.oracle.soa:oracle.bpm.bpm-services.interface:jar:12.2.1-0-0
[DEBUG]   Included: com.oracle.soa:oracle.bpm.web-resources:jar:12.2.1-0-0
[DEBUG]   Included: com.oracle.soa:orabpel:jar:12.2.1-0-0
[DEBUG]   Included: com.oracle.soa:orabpel-validator:jar:12.2.1-0-0
[DEBUG]   Included: com.oracle.soa:orabpel-common:jar:12.2.1-0-0
[DEBUG]   Included: com.oracle.soa:orabpel-thirdparty:jar:12.2.1-0-0
[DEBUG]   Included: com.oracle.soa:soa-infra-tools:jar:12.2.1-0-0
[DEBUG]   Included: com.oracle.soa:bpm-infra:jar:12.2.1-0-0
[DEBUG]   Included: com.oracle.weblogic:com.bea.core.binxml_1.8.0.0:jar:12.2.1-0-0
[DEBUG]   Included: com.oracle.soa:testfwk-xbeans:jar:12.2.1-0-0
[DEBUG]   Included: com.oracle.soa:bpm-services:jar:12.2.1-0-0
[DEBUG]   Included: com.oracle.soa:mediator_client:jar:12.2.1-0-0
[DEBUG]   Included: com.oracle.soa:rl:jar:12.2.1-0-0
[DEBUG]   Included: com.oracle.soa:rulesdk2:jar:12.2.1-0-0
[DEBUG]   Included: com.oracle.fmwshare:com.oracle.webservices.orawsdl-api:jar:12.2.1-0-0
[DEBUG]   Included: com.oracle.jrf.infra.common:jrf-api:jar:12.2.1-0-0
[DEBUG]   Included: com.oracle.weblogic:com.bea.core.apache.commons.lang:jar:2.6.0-0-2
[DEBUG]   Included: com.oracle.fmwshare:com.oracle.classloader.pcl:jar:12.2.1-0-0
[DEBUG]   Included: com.oracle.fmwshare:jrf_ws_client.com.oracle.webservices.fmw.client:jar:12.2.1-0-0
[DEBUG]   Included: com.oracle.weblogic:javax.management.j2ee:jar:12.2.1-0-0
[DEBUG]   Included: com.oracle.fmwshare:adfbcsvc-share:jar:12.2.1-0-0
[DEBUG]   Included: com.oracle.fmwshare:adfm:jar:12.2.1-0-0
[DEBUG]   Included: com.oracle.fmwshare:adf-share-base:jar:12.2.1-0-0
[DEBUG]   Included: com.oracle.fmwshare:adf-share-ca:jar:12.2.1-0-0
[DEBUG]   Included: com.oracle.fmwshare:adflogginghandler:jar:12.2.1-0-0
[DEBUG]   Included: com.oracle.fmwshare:adf-share-support:jar:12.2.1-0-0
[DEBUG]   Included: com.oracle.fmwshare:jsp-el-api:jar:12.2.1-0-0
[DEBUG]   Included: com.oracle.fmwshare:dms:jar:12.2.1-0-0
[DEBUG]   Included: com.oracle.javavm.jrf:ojdbc6dms:jar:12.1.0-2-1
[DEBUG]   Included: com.oracle.fmwshare:jmxframework:jar:12.2.1-0-0
[DEBUG]   Included: com.oracle.fmwshare:jmxspi:jar:12.2.1-0-0
[DEBUG]   Included: com.oracle.fmwshare:jps-internal:jar:12.2.1-0-0
[DEBUG]   Included: com.oracle.fmwshare:jps-unsupported-api:jar:12.2.1-0-0
[DEBUG]   Included: com.oracle.fmwshare:oracle.logging-utils:jar:12.2.1-0-0
[DEBUG]   Included: com.oracle.fmwshare:mdsrt:jar:12.2.1-0-0
[DEBUG]   Included: com.oracle.fmwshare:oramds:jar:12.2.1-0-0
[DEBUG]   Included: com.oracle.fmwshare:ojdl:jar:12.2.1-0-0
[DEBUG]   Included: com.oracle.toplink:eclipselink:jar:12.2.1-0-0
[DEBUG]   Included: com.oracle.wsm.common:wsm-policy-core:jar:12.2.1-0-0
[DEBUG]   Included: com.oracle.wsm.common:wsm-secpol:jar:12.2.1-0-0
[DEBUG]   Included: com.oracle.fmwshare:xml:jar:12.2.1-0-0
[DEBUG]   Included: com.oracle.fmwshare:xmlparserv2:jar:12.2.1-0-0
[DEBUG]   Included: com.oracle.fmwshare:xmlef:jar:12.2.1-0-0
[DEBUG]   Included: commons-beanutils:commons-beanutils:jar:1.7.0
[DEBUG]   Included: commons-logging:commons-logging:jar:1.0.3
[DEBUG]   Included: com.oracle.fmwshare:org.apache.commons.digester_1.8:jar:12.2.1-0-0
[DEBUG]   Included: com.oracle.fmwshare:org.springframework_3.1.0:jar:12.2.1-0-0
[DEBUG]   Included: com.oracle.pki:oraclepki:jar:12.2.1-0-0
[DEBUG] Extension realms for project FSPUpdateProcessingApp:FSPUpdateProcessingApp:sar:1.0: [ClassRealm[extension>com.oracle.soa.plugin:oracle-soa-plugin:12.2.1-0-0, parent: sun.misc.Launcher$AppClassLoader@55f96302]]
[DEBUG] Created new class realm project>FSPUpdateProcessingApp:FSPUpdateProcessingApp:1.0
[DEBUG] Populating class realm project>FSPUpdateProcessingApp:FSPUpdateProcessingApp:1.0
[DEBUG] Looking up lifecyle mappings for packaging sar from ClassRealm[project>FSPUpdateProcessingApp:FSPUpdateProcessingApp:1.0, parent: ClassRealm[maven.api, parent: null]]
[DEBUG] Extension realms for project com.oracle.soa:sar-common:pom:12.2.1-0-0: (none)
[DEBUG] Looking up lifecyle mappings for packaging pom from ClassRealm[plexus.core, parent: null]
[DEBUG] Extension realms for project com.oracle.maven:oracle-common:pom:12.2.1-0-0: (none)
[DEBUG] Looking up lifecyle mappings for packaging pom from ClassRealm[plexus.core, parent: null]
[WARNING] 
[WARNING] Some problems were encountered while building the effective model for FSPUpdateProcessingApp:FSPUpdateProcessingApp:sar:1.0
[WARNING] The expression ${version} is deprecated. Please use ${project.version} instead.
[WARNING] 
[WARNING] It is highly recommended to fix these problems because they threaten the stability of your build.
[WARNING] 
[WARNING] For this reason, future Maven versions might no longer support building such malformed projects.
[WARNING] 
[DEBUG] === REACTOR BUILD PLAN ================================================
[DEBUG] Project: FSPUpdateProcessingApp:FSPUpdateProcessingApp:sar:1.0
[DEBUG] Tasks:   [pre-integration-test]
[DEBUG] Style:   Regular
[DEBUG] =======================================================================
[INFO]                                                                         
[INFO] ------------------------------------------------------------------------
[INFO] Building FSPUpdateProcessingApp 1.0
[INFO] ------------------------------------------------------------------------
[DEBUG] Resolving plugin version for org.apache.maven.plugins:maven-resources-plugin
[DEBUG] Could not find metadata org.apache.maven.plugins:maven-resources-plugin/maven-metadata.xml in local (/home/jenkins/.m2/repository)
[DEBUG] Skipped remote request for org.apache.maven.plugins:maven-resources-plugin/maven-metadata.xml, locally cached metadata up-to-date.
[DEBUG] Resolved plugin version for org.apache.maven.plugins:maven-resources-plugin to 3.0.2 from repository central (https://repo.maven.apache.org/maven2, default, releases)
[DEBUG] Resolving plugin version for org.apache.maven.plugins:maven-surefire-plugin
[DEBUG] Could not find metadata org.apache.maven.plugins:maven-surefire-plugin/maven-metadata.xml in local (/home/jenkins/.m2/repository)
[DEBUG] Skipped remote request for org.apache.maven.plugins:maven-surefire-plugin/maven-metadata.xml, locally cached metadata up-to-date.
[DEBUG] Resolved plugin version for org.apache.maven.plugins:maven-surefire-plugin to 2.20 from repository central (https://repo.maven.apache.org/maven2, default, releases)
[DEBUG] Resolving plugin version for org.apache.maven.plugins:maven-install-plugin
[DEBUG] Could not find metadata org.apache.maven.plugins:maven-install-plugin/maven-metadata.xml in local (/home/jenkins/.m2/repository)
[DEBUG] Skipped remote request for org.apache.maven.plugins:maven-install-plugin/maven-metadata.xml, locally cached metadata up-to-date.
[DEBUG] Resolved plugin version for org.apache.maven.plugins:maven-install-plugin to 2.5.2 from repository central (https://repo.maven.apache.org/maven2, default, releases)
[DEBUG] Resolving plugin version for org.apache.maven.plugins:maven-compiler-plugin
[DEBUG] Could not find metadata org.apache.maven.plugins:maven-compiler-plugin/maven-metadata.xml in local (/home/jenkins/.m2/repository)
[DEBUG] Skipped remote request for org.apache.maven.plugins:maven-compiler-plugin/maven-metadata.xml, locally cached metadata up-to-date.
[DEBUG] Resolved plugin version for org.apache.maven.plugins:maven-compiler-plugin to 3.6.1 from repository central (https://repo.maven.apache.org/maven2, default, releases)
[DEBUG] Resolving plugin version for org.apache.maven.plugins:maven-deploy-plugin
[DEBUG] Could not find metadata org.apache.maven.plugins:maven-deploy-plugin/maven-metadata.xml in local (/home/jenkins/.m2/repository)
[DEBUG] Skipped remote request for org.apache.maven.plugins:maven-deploy-plugin/maven-metadata.xml, locally cached metadata up-to-date.
[DEBUG] Resolved plugin version for org.apache.maven.plugins:maven-deploy-plugin to 2.8.2 from repository central (https://repo.maven.apache.org/maven2, default, releases)
[DEBUG] Lifecycle default -> [validate, initialize, generate-sources, process-sources, generate-resources, process-resources, compile, process-classes, generate-test-sources, process-test-sources, generate-test-resources, process-test-resources, test-compile, process-test-classes, test, prepare-package, package, pre-integration-test, integration-test, post-integration-test, verify, install, deploy]
[DEBUG] Lifecycle clean -> [pre-clean, clean, post-clean]
[DEBUG] Lifecycle site -> [pre-site, site, post-site, site-deploy]
[DEBUG] Lifecycle default -> [validate, initialize, generate-sources, process-sources, generate-resources, process-resources, compile, process-classes, generate-test-sources, process-test-sources, generate-test-resources, process-test-resources, test-compile, process-test-classes, test, prepare-package, package, pre-integration-test, integration-test, post-integration-test, verify, install, deploy]
[DEBUG] Lifecycle clean -> [pre-clean, clean, post-clean]
[DEBUG] Lifecycle site -> [pre-site, site, post-site, site-deploy]
[DEBUG] Lifecycle default -> [validate, initialize, generate-sources, process-sources, generate-resources, process-resources, compile, process-classes, generate-test-sources, process-test-sources, generate-test-resources, process-test-resources, test-compile, process-test-classes, test, prepare-package, package, pre-integration-test, integration-test, post-integration-test, verify, install, deploy]
[DEBUG] Lifecycle clean -> [pre-clean, clean, post-clean]
[DEBUG] Lifecycle site -> [pre-site, site, post-site, site-deploy]
[DEBUG] Lifecycle default -> [validate, initialize, generate-sources, process-sources, generate-resources, process-resources, compile, process-classes, generate-test-sources, process-test-sources, generate-test-resources, process-test-resources, test-compile, process-test-classes, test, prepare-package, package, pre-integration-test, integration-test, post-integration-test, verify, install, deploy]
[DEBUG] Lifecycle clean -> [pre-clean, clean, post-clean]
[DEBUG] Lifecycle site -> [pre-site, site, post-site, site-deploy]
[DEBUG] Lifecycle default -> [validate, initialize, generate-sources, process-sources, generate-resources, process-resources, compile, process-classes, generate-test-sources, process-test-sources, generate-test-resources, process-test-resources, test-compile, process-test-classes, test, prepare-package, package, pre-integration-test, integration-test, post-integration-test, verify, install, deploy]
[DEBUG] Lifecycle clean -> [pre-clean, clean, post-clean]
[DEBUG] Lifecycle site -> [pre-site, site, post-site, site-deploy]
[DEBUG] Lifecycle default -> [validate, initialize, generate-sources, process-sources, generate-resources, process-resources, compile, process-classes, generate-test-sources, process-test-sources, generate-test-resources, process-test-resources, test-compile, process-test-classes, test, prepare-package, package, pre-integration-test, integration-test, post-integration-test, verify, install, deploy]
[DEBUG] Lifecycle clean -> [pre-clean, clean, post-clean]
[DEBUG] Lifecycle site -> [pre-site, site, post-site, site-deploy]
[DEBUG] Lifecycle default -> [validate, initialize, generate-sources, process-sources, generate-resources, process-resources, compile, process-classes, generate-test-sources, process-test-sources, generate-test-resources, process-test-resources, test-compile, process-test-classes, test, prepare-package, package, pre-integration-test, integration-test, post-integration-test, verify, install, deploy]
[DEBUG] Lifecycle clean -> [pre-clean, clean, post-clean]
[DEBUG] Lifecycle site -> [pre-site, site, post-site, site-deploy]
[DEBUG] Lifecycle default -> [validate, initialize, generate-sources, process-sources, generate-resources, process-resources, compile, process-classes, generate-test-sources, process-test-sources, generate-test-resources, process-test-resources, test-compile, process-test-classes, test, prepare-package, package, pre-integration-test, integration-test, post-integration-test, verify, install, deploy]
[DEBUG] Lifecycle clean -> [pre-clean, clean, post-clean]
[DEBUG] Lifecycle site -> [pre-site, site, post-site, site-deploy]
[DEBUG] Lifecycle default -> [validate, initialize, generate-sources, process-sources, generate-resources, process-resources, compile, process-classes, generate-test-sources, process-test-sources, generate-test-resources, process-test-resources, test-compile, process-test-classes, test, prepare-package, package, pre-integration-test, integration-test, post-integration-test, verify, install, deploy]
[DEBUG] Lifecycle clean -> [pre-clean, clean, post-clean]
[DEBUG] Lifecycle site -> [pre-site, site, post-site, site-deploy]
[DEBUG] === PROJECT BUILD PLAN ================================================
[DEBUG] Project:       FSPUpdateProcessingApp:FSPUpdateProcessingApp:1.0
[DEBUG] Dependencies (collect): []
[DEBUG] Dependencies (resolve): [compile+runtime, runtime+system, test]
[DEBUG] Repositories (dependencies): [DEV (svn://svn@a1-dev2-d-wla01.intellihub.com.au/soa_repository/, default, releases+snapshots), central (https://repo.maven.apache.org/maven2, default, releases)]
[DEBUG] Repositories (plugins)     : [central (https://repo.maven.apache.org/maven2, default, releases)]
[DEBUG] -----------------------------------------------------------------------
[DEBUG] Goal:          org.codehaus.mojo:properties-maven-plugin:1.0-alpha-2:read-project-properties (default)
[DEBUG] Style:         Regular
[DEBUG] Configuration: <?xml version="1.0" encoding="UTF-8"?>
<configuration>
  <files>
    <file>src/main/resources/DEVConfig.properties</file>
  </files>
  <project default-value="${project}"/>
  <quiet default-value="false"/>
</configuration>
[DEBUG] -----------------------------------------------------------------------
[DEBUG] Goal:          org.apache.maven.plugins:maven-resources-plugin:3.0.2:resources (default-resources)
[DEBUG] Style:         Regular
[DEBUG] Configuration: <?xml version="1.0" encoding="UTF-8"?>
<configuration>
  <addDefaultExcludes default-value="true"/>
  <buildFilters default-value="${project.build.filters}"/>
  <encoding default-value="${project.build.sourceEncoding}"/>
  <escapeWindowsPaths default-value="true"/>
  <fileNameFiltering default-value="false"/>
  <includeEmptyDirs default-value="false"/>
  <outputDirectory default-value="${project.build.outputDirectory}"/>
  <overwrite default-value="false"/>
  <project default-value="${project}"/>
  <resources default-value="${project.resources}"/>
  <session default-value="${session}"/>
  <skip default-value="false">${maven.resources.skip}</skip>
  <supportMultiLineFiltering default-value="false"/>
  <useBuildFilters default-value="true"/>
  <useDefaultDelimiters default-value="true"/>
</configuration>
[DEBUG] -----------------------------------------------------------------------
[DEBUG] Goal:          com.oracle.soa.plugin:oracle-soa-plugin:12.2.1-0-0:compile (default-compile)
[DEBUG] Style:         Regular
[DEBUG] Configuration: <?xml version="1.0" encoding="UTF-8"?>
<configuration>
  <appHome>/var/lib/jenkins/workspace/FSPUpdateProcessingApp/FSPUpdateProcessingAppDEV/..</appHome>
  <classesDirectory default-value="${project.build.outputDirectory}"/>
  <composite>/var/lib/jenkins/workspace/FSPUpdateProcessingApp/FSPUpdateProcessingAppDEV/SOA//composite.xml</composite>
  <defaultManifestFile default-value="${project.build.outputDirectory}/META-INF/MANIFEST.MF"/>
  <failOnWarning default-value="false">${failOnWarning}</failOnWarning>
  <finalName default-value="${project.build.finalName}">${sarName}</finalName>
  <forceCreation default-value="false">${sar.forceCreation}</forceCreation>
  <ignoreErrors default-value="false">${ignoreErrors}</ignoreErrors>
  <level default-value="1">${level}</level>
  <noComponents default-value="false">${noComponents}</noComponents>
  <oracleHome>/app/Oracle/Middleware/Oracle_Home</oracleHome>
  <outputDirectory default-value="${project.build.directory}"/>
  <pluginArtifacts default-value="${plugin.artifacts}"/>
  <project default-value="${project}"/>
  <reportErrors default-value="false">${reportErrors}</reportErrors>
  <scacInputDir default-value="${scac.input.dir}">/var/lib/jenkins/workspace/FSPUpdateProcessingApp/FSPUpdateProcessingAppDEV/SOA/</scacInputDir>
  <session default-value="${session}"/>
  <showProcessLog default-value="false">${showProcessLog}</showProcessLog>
  <skipIfEmpty default-value="false">${sar.skipIfEmpty}</skipIfEmpty>
  <soaOracleHome>/app/Oracle/Middleware/Oracle_Home/soa</soaOracleHome>
  <useDefaultManifestFile default-value="false">${sar.useDefaultManifestFile}</useDefaultManifestFile>
  <xml>${xml}</xml>
</configuration>
[DEBUG] -----------------------------------------------------------------------
[DEBUG] Goal:          org.apache.maven.plugins:maven-resources-plugin:3.0.2:testResources (default-testResources)
[DEBUG] Style:         Regular
[DEBUG] Configuration: <?xml version="1.0" encoding="UTF-8"?>
<configuration>
  <addDefaultExcludes default-value="true"/>
  <buildFilters default-value="${project.build.filters}"/>
  <encoding default-value="${project.build.sourceEncoding}"/>
  <escapeWindowsPaths default-value="true"/>
  <fileNameFiltering default-value="false"/>
  <includeEmptyDirs default-value="false"/>
  <outputDirectory default-value="${project.build.testOutputDirectory}"/>
  <overwrite default-value="false"/>
  <project default-value="${project}"/>
  <resources default-value="${project.testResources}"/>
  <session default-value="${session}"/>
  <skip default-value="false">${maven.test.skip}</skip>
  <supportMultiLineFiltering default-value="false"/>
  <useBuildFilters default-value="true"/>
  <useDefaultDelimiters default-value="true"/>
</configuration>
[DEBUG] -----------------------------------------------------------------------
[DEBUG] Goal:          org.apache.maven.plugins:maven-compiler-plugin:3.6.1:testCompile (default-testCompile)
[DEBUG] Style:         Regular
[DEBUG] Configuration: <?xml version="1.0" encoding="UTF-8"?>
<configuration>
  <basedir default-value="${basedir}"/>
  <buildDirectory default-value="${project.build.directory}"/>
  <compilePath default-value="${project.compileClasspathElements}"/>
  <compileSourceRoots default-value="${project.testCompileSourceRoots}"/>
  <compilerId default-value="javac">${maven.compiler.compilerId}</compilerId>
  <compilerReuseStrategy default-value="${reuseCreated}">${maven.compiler.compilerReuseStrategy}</compilerReuseStrategy>
  <compilerVersion>${maven.compiler.compilerVersion}</compilerVersion>
  <debug default-value="true">${maven.compiler.debug}</debug>
  <debuglevel>${maven.compiler.debuglevel}</debuglevel>
  <encoding default-value="${project.build.sourceEncoding}">${encoding}</encoding>
  <executable>${maven.compiler.executable}</executable>
  <failOnError default-value="true">${maven.compiler.failOnError}</failOnError>
  <failOnWarning default-value="false">${maven.compiler.failOnWarning}</failOnWarning>
  <forceJavacCompilerUse default-value="false">${maven.compiler.forceJavacCompilerUse}</forceJavacCompilerUse>
  <fork default-value="false">${maven.compiler.fork}</fork>
  <generatedTestSourcesDirectory default-value="${project.build.directory}/generated-test-sources/test-annotations"/>
  <maxmem>${maven.compiler.maxmem}</maxmem>
  <meminitial>${maven.compiler.meminitial}</meminitial>
  <mojoExecution default-value="${mojoExecution}"/>
  <optimize default-value="false">${maven.compiler.optimize}</optimize>
  <outputDirectory default-value="${project.build.testOutputDirectory}"/>
  <project default-value="${project}"/>
  <release>${maven.compiler.release}</release>
  <session default-value="${session}"/>
  <showDeprecation default-value="false">${maven.compiler.showDeprecation}</showDeprecation>
  <showWarnings default-value="false">${maven.compiler.showWarnings}</showWarnings>
  <skip>${maven.test.skip}</skip>
  <skipMultiThreadWarning default-value="false">${maven.compiler.skipMultiThreadWarning}</skipMultiThreadWarning>
  <source default-value="1.5">${maven.compiler.source}</source>
  <staleMillis default-value="0">${lastModGranularityMs}</staleMillis>
  <target default-value="1.5">${maven.compiler.target}</target>
  <testPath default-value="${project.testClasspathElements}"/>
  <testRelease>${maven.compiler.testRelease}</testRelease>
  <testSource>${maven.compiler.testSource}</testSource>
  <testTarget>${maven.compiler.testTarget}</testTarget>
  <useIncrementalCompilation default-value="true">${maven.compiler.useIncrementalCompilation}</useIncrementalCompilation>
  <verbose default-value="false">${maven.compiler.verbose}</verbose>
</configuration>
[DEBUG] -----------------------------------------------------------------------
[DEBUG] Goal:          org.apache.maven.plugins:maven-surefire-plugin:2.20:test (default-test)
[DEBUG] Style:         Regular
[DEBUG] Configuration: <?xml version="1.0" encoding="UTF-8"?>
<configuration>
  <additionalClasspathElements>${maven.test.additionalClasspath}</additionalClasspathElements>
  <argLine>${argLine}</argLine>
  <basedir default-value="${basedir}"/>
  <childDelegation default-value="false">${childDelegation}</childDelegation>
  <classesDirectory default-value="${project.build.outputDirectory}"/>
  <classpathDependencyExcludes>${maven.test.dependency.excludes}</classpathDependencyExcludes>
  <debugForkedProcess>${maven.surefire.debug}</debugForkedProcess>
  <dependenciesToScan>${dependenciesToScan}</dependenciesToScan>
  <disableXmlReport default-value="false">${disableXmlReport}</disableXmlReport>
  <enableAssertions default-value="true">${enableAssertions}</enableAssertions>
  <excludedGroups>${excludedGroups}</excludedGroups>
  <excludesFile>${surefire.excludesFile}</excludesFile>
  <failIfNoSpecifiedTests>${surefire.failIfNoSpecifiedTests}</failIfNoSpecifiedTests>
  <failIfNoTests>${failIfNoTests}</failIfNoTests>
  <forkCount default-value="1">${forkCount}</forkCount>
  <forkMode default-value="once">${forkMode}</forkMode>
  <forkedProcessExitTimeoutInSeconds default-value="30">${surefire.exitTimeout}</forkedProcessExitTimeoutInSeconds>
  <forkedProcessTimeoutInSeconds>${surefire.timeout}</forkedProcessTimeoutInSeconds>
  <groups>${groups}</groups>
  <includesFile>${surefire.includesFile}</includesFile>
  <junitArtifactName default-value="junit:junit">${junitArtifactName}</junitArtifactName>
  <jvm>${jvm}</jvm>
  <localRepository default-value="${localRepository}"/>
  <objectFactory>${objectFactory}</objectFactory>
  <parallel>${parallel}</parallel>
  <parallelMavenExecution default-value="${session.parallel}"/>
  <parallelOptimized default-value="true">${parallelOptimized}</parallelOptimized>
  <parallelTestsTimeoutForcedInSeconds>${surefire.parallel.forcedTimeout}</parallelTestsTimeoutForcedInSeconds>
  <parallelTestsTimeoutInSeconds>${surefire.parallel.timeout}</parallelTestsTimeoutInSeconds>
  <perCoreThreadCount default-value="true">${perCoreThreadCount}</perCoreThreadCount>
  <pluginArtifactMap>${plugin.artifactMap}</pluginArtifactMap>
  <pluginDescriptor default-value="${plugin}"/>
  <printSummary default-value="true">${surefire.printSummary}</printSummary>
  <projectArtifactMap>${project.artifactMap}</projectArtifactMap>
  <projectBuildDirectory default-value="${project.build.directory}"/>
  <redirectTestOutputToFile default-value="false">${maven.test.redirectTestOutputToFile}</redirectTestOutputToFile>
  <remoteRepositories default-value="${project.pluginArtifactRepositories}"/>
  <reportFormat default-value="brief">${surefire.reportFormat}</reportFormat>
  <reportNameSuffix default-value="">${surefire.reportNameSuffix}</reportNameSuffix>
  <reportsDirectory default-value="${project.build.directory}/surefire-reports"/>
  <rerunFailingTestsCount default-value="0">${surefire.rerunFailingTestsCount}</rerunFailingTestsCount>
  <reuseForks default-value="true">${reuseForks}</reuseForks>
  <runOrder default-value="filesystem">${surefire.runOrder}</runOrder>
  <shutdown default-value="testset">${surefire.shutdown}</shutdown>
  <skip default-value="false">${maven.test.skip}</skip>
  <skipAfterFailureCount default-value="0">${surefire.skipAfterFailureCount}</skipAfterFailureCount>
  <skipExec>${maven.test.skip.exec}</skipExec>
  <skipTests default-value="false">${skipTests}</skipTests>
  <suiteXmlFiles>${surefire.suiteXmlFiles}</suiteXmlFiles>
  <tempDir default-value="surefire">${tempDir}</tempDir>
  <test>${test}</test>
  <testClassesDirectory default-value="${project.build.testOutputDirectory}"/>
  <testFailureIgnore default-value="false">${maven.test.failure.ignore}</testFailureIgnore>
  <testNGArtifactName default-value="org.testng:testng">${testNGArtifactName}</testNGArtifactName>
  <testSourceDirectory default-value="${project.build.testSourceDirectory}"/>
  <threadCount>${threadCount}</threadCount>
  <threadCountClasses default-value="0">${threadCountClasses}</threadCountClasses>
  <threadCountMethods default-value="0">${threadCountMethods}</threadCountMethods>
  <threadCountSuites default-value="0">${threadCountSuites}</threadCountSuites>
  <trimStackTrace default-value="true">${trimStackTrace}</trimStackTrace>
  <useFile default-value="true">${surefire.useFile}</useFile>
  <useManifestOnlyJar default-value="true">${surefire.useManifestOnlyJar}</useManifestOnlyJar>
  <useSystemClassLoader default-value="true">${surefire.useSystemClassLoader}</useSystemClassLoader>
  <useUnlimitedThreads default-value="false">${useUnlimitedThreads}</useUnlimitedThreads>
  <workingDirectory>${basedir}</workingDirectory>
  <project default-value="${project}"/>
  <session default-value="${session}"/>
</configuration>
[DEBUG] -----------------------------------------------------------------------
[DEBUG] Goal:          com.oracle.soa.plugin:oracle-soa-plugin:12.2.1-0-0:sar (default-sar)
[DEBUG] Style:         Regular
[DEBUG] Configuration: <?xml version="1.0" encoding="UTF-8"?>
<configuration>
  <classesDirectory default-value="${project.build.outputDirectory}"/>
  <defaultManifestFile default-value="${project.build.outputDirectory}/META-INF/MANIFEST.MF"/>
  <finalName default-value="${project.build.finalName}">${sarName}</finalName>
  <forceCreation default-value="false">${sar.forceCreation}</forceCreation>
  <outputDirectory default-value="${project.build.directory}"/>
  <project default-value="${project}"/>
  <scacInputDir default-value="${scac.input.dir}">/var/lib/jenkins/workspace/FSPUpdateProcessingApp/FSPUpdateProcessingAppDEV/SOA/</scacInputDir>
  <session default-value="${session}"/>
  <skipIfEmpty default-value="false">${sar.skipIfEmpty}</skipIfEmpty>
  <useDefaultManifestFile default-value="false">${sar.useDefaultManifestFile}</useDefaultManifestFile>
</configuration>
[DEBUG] -----------------------------------------------------------------------
[DEBUG] Goal:          com.oracle.adf.plugin:ojdeploy:12.2.1-0-0:deploy (default)
[DEBUG] Style:         Regular
[DEBUG] Configuration: <?xml version="1.0" encoding="UTF-8"?>
<configuration>
  <ojdeploy>/app/Oracle/Middleware/Oracle_Home/jdeveloper/jdev/bin/ojdeploy.exe</ojdeploy>
  <workspace>/var/lib/jenkins/workspace/FSPUpdateProcessingApp/FSPUpdateProcessingAppDEV/../FSPUpdateProcessingApp.jws</workspace>
  <project>FSPUpdateProcessingAppDEV</project>
  <profile>FSPUpdateProcessingAppDEV</profile>
  <outputfile>/var/lib/jenkins/workspace/FSPUpdateProcessingApp/FSPUpdateProcessingAppDEV/target/FSPUpdateProcessingApp-1.0.jar</outputfile>
</configuration>
[DEBUG] -----------------------------------------------------------------------
[DEBUG] Goal:          com.oracle.soa.plugin:oracle-soa-plugin:12.2.1-0-0:deploy (default-deploy)
[DEBUG] Style:         Regular
[DEBUG] Configuration: <?xml version="1.0" encoding="UTF-8"?>
<configuration>
  <configplan>${configplan}</configplan>
  <forceDefault default-value="true">${forceDefault}</forceDefault>
  <keepInstancesOnRedeploy default-value="false">${keepInstancesOnRedeploy}</keepInstancesOnRedeploy>
  <overwrite default-value="false">${overwrite}</overwrite>
  <partition default-value="default">${partition}</partition>
  <password>${password}</password>
  <regenerateRuleBase default-value="false">${regenerateRuldBase}</regenerateRuleBase>
  <sarLocation>/var/lib/jenkins/workspace/FSPUpdateProcessingApp/FSPUpdateProcessingAppDEV/target/sca_FSPUpdateProcessingApp_rev1.0.jar</sarLocation>
  <serverUrl>${serverUrl}</serverUrl>
  <timeout default-value="-1">${timeout}</timeout>
  <user>${user}</user>
</configuration>
[DEBUG] =======================================================================
[DEBUG] Dependency collection stats: {ConflictMarker.analyzeTime=0, ConflictMarker.markTime=0, ConflictMarker.nodeCount=1, ConflictIdSorter.graphTime=0, ConflictIdSorter.topsortTime=0, ConflictIdSorter.conflictIdCount=0, ConflictIdSorter.conflictIdCycleCount=0, ConflictResolver.totalTime=0, ConflictResolver.conflictItemCount=0, DefaultDependencyCollector.collectTime=0, DefaultDependencyCollector.transformTime=0}
[DEBUG] FSPUpdateProcessingApp:FSPUpdateProcessingApp:sar:1.0
[INFO] 
[INFO] --- properties-maven-plugin:1.0-alpha-2:read-project-properties (default) @ FSPUpdateProcessingApp ---
[DEBUG] Dependency collection stats: {ConflictMarker.analyzeTime=0, ConflictMarker.markTime=0, ConflictMarker.nodeCount=31, ConflictIdSorter.graphTime=0, ConflictIdSorter.topsortTime=0, ConflictIdSorter.conflictIdCount=14, ConflictIdSorter.conflictIdCycleCount=0, ConflictResolver.totalTime=0, ConflictResolver.conflictItemCount=31, DefaultDependencyCollector.collectTime=6, DefaultDependencyCollector.transformTime=0}
[DEBUG] org.codehaus.mojo:properties-maven-plugin:jar:1.0-alpha-2:
[DEBUG]    org.apache.maven:maven-model:jar:2.0.6:compile
[DEBUG]    org.apache.maven:maven-plugin-api:jar:2.0.6:compile
[DEBUG]    org.apache.maven:maven-project:jar:2.0.6:compile
[DEBUG]       org.apache.maven:maven-settings:jar:2.0.6:compile
[DEBUG]       org.apache.maven:maven-profile:jar:2.0.6:compile
[DEBUG]       org.apache.maven:maven-artifact-manager:jar:2.0.6:compile
[DEBUG]          org.apache.maven:maven-repository-metadata:jar:2.0.6:compile
[DEBUG]       org.apache.maven:maven-plugin-registry:jar:2.0.6:compile
[DEBUG]       org.apache.maven:maven-artifact:jar:2.0.6:compile
[DEBUG]       org.codehaus.plexus:plexus-container-default:jar:1.0-alpha-9-stable-1:compile
[DEBUG]          junit:junit:jar:3.8.2:test
[DEBUG]          classworlds:classworlds:jar:1.1-alpha-2:compile
[DEBUG]    org.codehaus.plexus:plexus-utils:jar:1.5.6:compile
[DEBUG] Created new class realm plugin>org.codehaus.mojo:properties-maven-plugin:1.0-alpha-2
[DEBUG] Importing foreign packages into class realm plugin>org.codehaus.mojo:properties-maven-plugin:1.0-alpha-2
[DEBUG]   Imported:  < project>FSPUpdateProcessingApp:FSPUpdateProcessingApp:1.0
[DEBUG] Populating class realm plugin>org.codehaus.mojo:properties-maven-plugin:1.0-alpha-2
[DEBUG]   Included: org.codehaus.mojo:properties-maven-plugin:jar:1.0-alpha-2
[DEBUG]   Included: org.codehaus.plexus:plexus-utils:jar:1.5.6
[DEBUG] Configuring mojo org.codehaus.mojo:properties-maven-plugin:1.0-alpha-2:read-project-properties from plugin realm ClassRealm[plugin>org.codehaus.mojo:properties-maven-plugin:1.0-alpha-2, parent: sun.misc.Launcher$AppClassLoader@55f96302]
[DEBUG] Configuring mojo 'org.codehaus.mojo:properties-maven-plugin:1.0-alpha-2:read-project-properties' with basic configurator -->
[DEBUG]   (f) files = [/var/lib/jenkins/workspace/FSPUpdateProcessingApp/FSPUpdateProcessingAppDEV/src/main/resources/DEVConfig.properties]
[DEBUG]   (f) project = MavenProject: FSPUpdateProcessingApp:FSPUpdateProcessingApp:1.0 @ /var/lib/jenkins/workspace/FSPUpdateProcessingApp/FSPUpdateProcessingAppDEV/pom.xml
[DEBUG]   (f) quiet = false
[DEBUG] -- end configuration --
[DEBUG] Loading property file: /var/lib/jenkins/workspace/FSPUpdateProcessingApp/FSPUpdateProcessingAppDEV/src/main/resources/DEVConfig.properties
[INFO] 
[INFO] --- maven-resources-plugin:3.0.2:resources (default-resources) @ FSPUpdateProcessingApp ---
[DEBUG] Dependency collection stats: {ConflictMarker.analyzeTime=0, ConflictMarker.markTime=0, ConflictMarker.nodeCount=68, ConflictIdSorter.graphTime=0, ConflictIdSorter.topsortTime=0, ConflictIdSorter.conflictIdCount=28, ConflictIdSorter.conflictIdCycleCount=0, ConflictResolver.totalTime=1, ConflictResolver.conflictItemCount=67, DefaultDependencyCollector.collectTime=119, DefaultDependencyCollector.transformTime=1}
[DEBUG] org.apache.maven.plugins:maven-resources-plugin:jar:3.0.2:
[DEBUG]    org.apache.maven:maven-plugin-api:jar:3.0:compile
[DEBUG]       org.apache.maven:maven-artifact:jar:3.0:compile
[DEBUG]       org.sonatype.sisu:sisu-inject-plexus:jar:1.4.2:compile
[DEBUG]          org.sonatype.sisu:sisu-inject-bean:jar:1.4.2:compile
[DEBUG]             org.sonatype.sisu:sisu-guice:jar:noaop:2.1.7:compile
[DEBUG]    org.apache.maven:maven-core:jar:3.0:compile
[DEBUG]       org.apache.maven:maven-settings:jar:3.0:compile
[DEBUG]       org.apache.maven:maven-settings-builder:jar:3.0:compile
[DEBUG]       org.apache.maven:maven-repository-metadata:jar:3.0:compile
[DEBUG]       org.apache.maven:maven-model-builder:jar:3.0:compile
[DEBUG]       org.apache.maven:maven-aether-provider:jar:3.0:runtime
[DEBUG]       org.sonatype.aether:aether-impl:jar:1.7:compile
[DEBUG]          org.sonatype.aether:aether-spi:jar:1.7:compile
[DEBUG]       org.sonatype.aether:aether-api:jar:1.7:compile
[DEBUG]       org.sonatype.aether:aether-util:jar:1.7:compile
[DEBUG]       org.codehaus.plexus:plexus-classworlds:jar:2.2.3:compile
[DEBUG]       org.codehaus.plexus:plexus-component-annotations:jar:1.6:compile
[DEBUG]       org.sonatype.plexus:plexus-sec-dispatcher:jar:1.3:compile
[DEBUG]          org.sonatype.plexus:plexus-cipher:jar:1.4:compile
[DEBUG]    org.apache.maven:maven-model:jar:3.0:compile
[DEBUG]    org.codehaus.plexus:plexus-utils:jar:3.0.24:compile
[DEBUG]    org.apache.maven.shared:maven-filtering:jar:3.1.1:compile
[DEBUG]       org.apache.maven.shared:maven-shared-utils:jar:3.0.0:compile
[DEBUG]          com.google.code.findbugs:jsr305:jar:2.0.1:compile
[DEBUG]       org.sonatype.plexus:plexus-build-api:jar:0.0.7:compile
[DEBUG]    commons-io:commons-io:jar:2.5:compile
[DEBUG]    org.codehaus.plexus:plexus-interpolation:jar:1.24:compile
[DEBUG] Created new class realm plugin>org.apache.maven.plugins:maven-resources-plugin:3.0.2
[DEBUG] Importing foreign packages into class realm plugin>org.apache.maven.plugins:maven-resources-plugin:3.0.2
[DEBUG]   Imported:  < project>FSPUpdateProcessingApp:FSPUpdateProcessingApp:1.0
[DEBUG] Populating class realm plugin>org.apache.maven.plugins:maven-resources-plugin:3.0.2
[DEBUG]   Included: org.apache.maven.plugins:maven-resources-plugin:jar:3.0.2
[DEBUG]   Included: org.sonatype.sisu:sisu-inject-bean:jar:1.4.2
[DEBUG]   Included: org.sonatype.sisu:sisu-guice:jar:noaop:2.1.7
[DEBUG]   Included: org.sonatype.aether:aether-util:jar:1.7
[DEBUG]   Included: org.codehaus.plexus:plexus-component-annotations:jar:1.6
[DEBUG]   Included: org.sonatype.plexus:plexus-sec-dispatcher:jar:1.3
[DEBUG]   Included: org.sonatype.plexus:plexus-cipher:jar:1.4
[DEBUG]   Included: org.codehaus.plexus:plexus-utils:jar:3.0.24
[DEBUG]   Included: org.apache.maven.shared:maven-filtering:jar:3.1.1
[DEBUG]   Included: org.apache.maven.shared:maven-shared-utils:jar:3.0.0
[DEBUG]   Included: com.google.code.findbugs:jsr305:jar:2.0.1
[DEBUG]   Included: org.sonatype.plexus:plexus-build-api:jar:0.0.7
[DEBUG]   Included: commons-io:commons-io:jar:2.5
[DEBUG]   Included: org.codehaus.plexus:plexus-interpolation:jar:1.24
[DEBUG] Configuring mojo org.apache.maven.plugins:maven-resources-plugin:3.0.2:resources from plugin realm ClassRealm[plugin>org.apache.maven.plugins:maven-resources-plugin:3.0.2, parent: sun.misc.Launcher$AppClassLoader@55f96302]
[DEBUG] Configuring mojo 'org.apache.maven.plugins:maven-resources-plugin:3.0.2:resources' with basic configurator -->
[DEBUG]   (f) addDefaultExcludes = true
[DEBUG]   (f) buildFilters = []
[DEBUG]   (f) escapeWindowsPaths = true
[DEBUG]   (f) fileNameFiltering = false
[DEBUG]   (s) includeEmptyDirs = false
[DEBUG]   (s) outputDirectory = /var/lib/jenkins/workspace/FSPUpdateProcessingApp/FSPUpdateProcessingAppDEV/target/classes
[DEBUG]   (s) overwrite = false
[DEBUG]   (f) project = MavenProject: FSPUpdateProcessingApp:FSPUpdateProcessingApp:1.0 @ /var/lib/jenkins/workspace/FSPUpdateProcessingApp/FSPUpdateProcessingAppDEV/pom.xml
[DEBUG]   (s) resources = [Resource {targetPath: null, filtering: false, FileSet {directory: /var/lib/jenkins/workspace/FSPUpdateProcessingApp/FSPUpdateProcessingAppDEV/src/main/resources, PatternSet [includes: {}, excludes: {}]}}]
[DEBUG]   (f) session = org.apache.maven.execution.MavenSession@74fef3f7
[DEBUG]   (f) skip = false
[DEBUG]   (f) supportMultiLineFiltering = false
[DEBUG]   (f) useBuildFilters = true
[DEBUG]   (s) useDefaultDelimiters = true
[DEBUG] -- end configuration --
[DEBUG] properties used {java.vendor=Oracle Corporation, env.RUN_DISPLAY_URL=http://a1-dev2-d-wla01:8080/job/FSPUpdateProcessingApp/31/display/redirect, env.JENKINS_SERVER_COOKIE=b064b9382ab83157, env.ORACLE_HOME=/app/Oracle/Middleware/Oracle_Home, sun.java.launcher=SUN_STANDARD, sun.management.compiler=HotSpot 64-Bit Tiered Compilers, os.name=Linux, env.SVN_REVISION_1=794, sun.boot.class.path=/opt/jdk1.8.0_121/jre/lib/resources.jar:/opt/jdk1.8.0_121/jre/lib/rt.jar:/opt/jdk1.8.0_121/jre/lib/sunrsasign.jar:/opt/jdk1.8.0_121/jre/lib/jsse.jar:/opt/jdk1.8.0_121/jre/lib/jce.jar:/opt/jdk1.8.0_121/jre/lib/charsets.jar:/opt/jdk1.8.0_121/jre/lib/jfr.jar:/opt/jdk1.8.0_121/jre/classes, env.JOB_DISPLAY_URL=http://a1-dev2-d-wla01:8080/job/FSPUpdateProcessingApp/display/redirect, env.PWD=/var/lib/jenkins/workspace/FSPUpdateProcessingApp, env.LANG=en_US.UTF-8, java.vm.specification.vendor=Oracle Corporation, java.runtime.version=1.8.0_121-b13, env.BUILD_DISPLAY_NAME=#31, user.name=jenkins, maven.build.version=Apache Maven 3.3.9 (bb52d8502b132ec0a5a3f4c09453c07478323dc5; 2015-11-11T02:41:47+10:00), env.USER=jenkins, oraclePassword=, env.SHELL=/bin/bash, env.NLSPATH=/usr/dt/lib/nls/msg/%L/%N.cat, regenerateRulebase=false, forceDefault=true, env.PATH=/opt/apache-maven-3.3.9/bin:/sbin:/usr/sbin:/bin:/usr/bin, user.language=en, oracleUsername=, sun.boot.library.path=/opt/jdk1.8.0_121/jre/lib/amd64, classworlds.conf=/opt/apache-maven-3.3.9/bin/m2.conf, java.version=1.8.0_121, user.timezone=Australia/Brisbane, project.baseUri=file:/var/lib/jenkins/workspace/FSPUpdateProcessingApp/FSPUpdateProcessingAppDEV/, env.NODE_NAME=master, maven.build.timestamp=2017-04-20T08:25:05Z, composite.partition=default, sun.arch.data.model=64, oracleMiddlewareHome=/home/myhome/Oracle/Middleware, java.endorsed.dirs=/opt/jdk1.8.0_121/jre/lib/endorsed, composite.name=FSPUpdateProcessingApp, sun.cpu.isalist=, env.JOB_BASE_NAME=FSPUpdateProcessingApp, sun.jnu.encoding=UTF-8, file.encoding.pkg=sun.io, env.SHLVL=2, file.separator=/, env.SVN_REVISION=794, java.specification.name=Java Platform API Specification, serverUrl=http://a1-dev2-d-wla01.intellihub.com.au:7006, java.class.version=52.0, org.slf4j.simpleLogger.defaultLogLevel=debug, user.country=US, env.BUILD_NUMBER=31, java.home=/opt/jdk1.8.0_121/jre, java.vm.info=mixed mode, env.LOGNAME=jenkins, os.version=3.10.0-514.10.2.el7.x86_64, env.HUDSON_COOKIE=ecc7adfd-f12f-4f65-88ed-085163da18e3, path.separator=:, scac.output=/var/lib/jenkins/workspace/FSPUpdateProcessingApp/FSPUpdateProcessingAppDEV/target/out.xml, java.vm.version=25.121-b13, user=weblogic, env.RUN_CHANGES_DISPLAY_URL=http://a1-dev2-d-wla01:8080/job/FSPUpdateProcessingApp/31/display/redirect?page=changes, env.JOB_NAME=FSPUpdateProcessingApp, env.JAVA_HOME=/opt/jdk1.8.0_121, java.awt.printerjob=sun.print.PSPrinterJob, sun.io.unicode.encoding=UnicodeLittle, composite.revision=1.0, awt.toolkit=sun.awt.X11.XToolkit, env.HUDSON_URL=http://a1-dev2-d-wla01:8080/, env.BUILD_TAG=jenkins-FSPUpdateProcessingApp-31, jndi.properties.input=/var/lib/jenkins/workspace/FSPUpdateProcessingApp/FSPUpdateProcessingAppDEV/jndi.properties, user.home=/home/jenkins, env.JENKINS_HOME=/var/lib/jenkins, env.JOB_URL=http://a1-dev2-d-wla01:8080/job/FSPUpdateProcessingApp/, java.specification.vendor=Oracle Corporation, env.M2_HOME=/opt/apache-maven-3.3.9, scac.output.dir=/var/lib/jenkins/workspace/FSPUpdateProcessingApp/FSPUpdateProcessingAppDEV/target, oracleServerUrl=http://localhost:7003, java.library.path=/usr/java/packages/lib/amd64:/usr/lib64:/lib64:/lib:/usr/lib, java.vendor.url=http://java.oracle.com/, scac.input.dir=/var/lib/jenkins/workspace/FSPUpdateProcessingApp/FSPUpdateProcessingAppDEV/SOA/, env.MAVEN_CMD_LINE_ARGS= -f FSPUpdateProcessingAppDEV/pom.xml pre-integration-test -X, env.HUDSON_HOME=/var/lib/jenkins, env.HUDSON_SERVER_COOKIE=b064b9382ab83157, java.vm.vendor=Oracle Corporation, oracleServerName=soa_server1, keepInstancesOnRedeploy=false, maven.home=/opt/apache-maven-3.3.9, java.runtime.name=Java(TM) SE Runtime Environment, sun.java.command=org.codehaus.plexus.classworlds.launcher.Launcher -f FSPUpdateProcessingAppDEV/pom.xml pre-integration-test -X, java.class.path=/opt/apache-maven-3.3.9/boot/plexus-classworlds-2.5.2.jar, env.MAVEN_TERMINATE_CMD=on, env.EXECUTOR_NUMBER=0, oracleHome=/app/Oracle/Middleware/Oracle_Home, maven.version=3.3.9, env.XFILESEARCHPATH=/usr/dt/app-defaults/%L/Dt, java.vm.specification.name=Java Virtual Machine Specification, java.vm.specification.version=1.8, sun.os.patch.level=unknown, sun.cpu.endian=little, env.HOME=/home/jenkins, java.io.tmpdir=/tmp, env.BUILD_URL=http://a1-dev2-d-wla01:8080/job/FSPUpdateProcessingApp/31/, maven.multiModuleProjectDirectory=/var/lib/jenkins/workspace/FSPUpdateProcessingApp, java.vendor.url.bug=http://bugreport.sun.com/bugreport/, overwrite=true, scac.error=/var/lib/jenkins/workspace/FSPUpdateProcessingApp/FSPUpdateProcessingAppDEV/target/error.txt, java.awt.graphicsenv=sun.awt.X11GraphicsEnvironment, os.arch=amd64, scatest.result=/var/lib/jenkins/workspace/FSPUpdateProcessingApp/FSPUpdateProcessingAppDEV/target/testResult, java.ext.dirs=/opt/jdk1.8.0_121/jre/lib/ext:/usr/java/packages/lib/ext, env.BUILD_ID=31, user.dir=/var/lib/jenkins/workspace/FSPUpdateProcessingApp, env.MAVEN_HOME=/opt/apache-maven-3.3.9, password=IHW3bl0g1c!1, line.separator=
, java.vm.name=Java HotSpot(TM) 64-Bit Server VM, env.JENKINS_URL=http://a1-dev2-d-wla01:8080/, scac.displayLevel=1, env.soa_oracle_home=/app/Oracle/Middleware/Oracle_Home/soa, env.SVN_URL=svn://svn@a1-dev2-d-wla01.intellihub.com.au/soa_repository/trunk/WorkOrderAutomation/FSPUpdateProcessingApp, file.encoding=UTF-8, env.WORKSPACE=/var/lib/jenkins/workspace/FSPUpdateProcessingApp, java.specification.version=1.8, input=FSPUpdateProcessingAppDEV, env.SVN_URL_1=svn://svn@a1-dev2-d-wla01.intellihub.com.au/soa_repository/trunk/WorkOrderAutomation/FSPUpdateProcessingApp, scac.input=/var/lib/jenkins/workspace/FSPUpdateProcessingApp/FSPUpdateProcessingAppDEV/SOA//composite.xml, env.MAVEN_PROJECTBASEDIR=/var/lib/jenkins/workspace/FSPUpdateProcessingApp, env.NODE_LABELS=master}
[WARNING] Using platform encoding (UTF-8 actually) to copy filtered resources, i.e. build is platform dependent!
[DEBUG] resource with targetPath null
directory /var/lib/jenkins/workspace/FSPUpdateProcessingApp/FSPUpdateProcessingAppDEV/src/main/resources
excludes []
includes []
[DEBUG] ignoreDelta true
[INFO] Copying 4 resources
[DEBUG] Copying file PRODConfig.properties
[DEBUG] file PRODConfig.properties has a filtered file extension
[DEBUG] copy /var/lib/jenkins/workspace/FSPUpdateProcessingApp/FSPUpdateProcessingAppDEV/src/main/resources/PRODConfig.properties to /var/lib/jenkins/workspace/FSPUpdateProcessingApp/FSPUpdateProcessingAppDEV/target/classes/PRODConfig.properties
[DEBUG] Copying file LocalConfig.properties
[DEBUG] file LocalConfig.properties has a filtered file extension
[DEBUG] copy /var/lib/jenkins/workspace/FSPUpdateProcessingApp/FSPUpdateProcessingAppDEV/src/main/resources/LocalConfig.properties to /var/lib/jenkins/workspace/FSPUpdateProcessingApp/FSPUpdateProcessingAppDEV/target/classes/LocalConfig.properties
[DEBUG] Copying file TSTConfig.properties
[DEBUG] file TSTConfig.properties has a filtered file extension
[DEBUG] copy /var/lib/jenkins/workspace/FSPUpdateProcessingApp/FSPUpdateProcessingAppDEV/src/main/resources/TSTConfig.properties to /var/lib/jenkins/workspace/FSPUpdateProcessingApp/FSPUpdateProcessingAppDEV/target/classes/TSTConfig.properties
[DEBUG] Copying file DEVConfig.properties
[DEBUG] file DEVConfig.properties has a filtered file extension
[DEBUG] copy /var/lib/jenkins/workspace/FSPUpdateProcessingApp/FSPUpdateProcessingAppDEV/src/main/resources/DEVConfig.properties to /var/lib/jenkins/workspace/FSPUpdateProcessingApp/FSPUpdateProcessingAppDEV/target/classes/DEVConfig.properties
[DEBUG] no use filter components
[INFO] 
[INFO] --- oracle-soa-plugin:12.2.1-0-0:compile (default-compile) @ FSPUpdateProcessingApp ---
[DEBUG] Configuring mojo com.oracle.soa.plugin:oracle-soa-plugin:12.2.1-0-0:compile from plugin realm ClassRealm[extension>com.oracle.soa.plugin:oracle-soa-plugin:12.2.1-0-0, parent: sun.misc.Launcher$AppClassLoader@55f96302]
[DEBUG] Configuring mojo 'com.oracle.soa.plugin:oracle-soa-plugin:12.2.1-0-0:compile' with basic configurator -->
[DEBUG]   (f) appHome = /var/lib/jenkins/workspace/FSPUpdateProcessingApp/FSPUpdateProcessingAppDEV/..
[DEBUG]   (f) classesDirectory = /var/lib/jenkins/workspace/FSPUpdateProcessingApp/FSPUpdateProcessingAppDEV/target/classes
[DEBUG]   (f) composite = /var/lib/jenkins/workspace/FSPUpdateProcessingApp/FSPUpdateProcessingAppDEV/SOA//composite.xml
[DEBUG]   (f) defaultManifestFile = /var/lib/jenkins/workspace/FSPUpdateProcessingApp/FSPUpdateProcessingAppDEV/target/classes/META-INF/MANIFEST.MF
[DEBUG]   (f) failOnWarning = false
[DEBUG]   (f) finalName = FSPUpdateProcessingApp-1.0
[DEBUG]   (f) forceCreation = false
[DEBUG]   (f) ignoreErrors = false
[DEBUG]   (f) level = 1
[DEBUG]   (f) noComponents = false
[DEBUG]   (f) oracleHome = /app/Oracle/Middleware/Oracle_Home
[DEBUG]   (f) outputDirectory = /var/lib/jenkins/workspace/FSPUpdateProcessingApp/FSPUpdateProcessingAppDEV/target
[DEBUG]   (f) pluginArtifacts = [com.oracle.soa.plugin:oracle-soa-plugin:maven-plugin:12.2.1-0-0:, com.oracle.weblogic:wls_sharedLibraries.wljmxclient:jar:12.2.1-0-0:compile, com.oracle.weblogic:wls_sharedLibraries.wlclient:jar:12.2.1-0-0:compile, com.oracle.weblogic:wls_sharedLibraries.wls-api:jar:12.2.1-0-0:compile, org.codehaus.plexus:plexus-archiver:jar:2.4.1:compile, org.codehaus.plexus:plexus-container-default:jar:1.0-alpha-9-stable-1:compile, junit:junit:jar:3.8.1:compile, classworlds:classworlds:jar:1.1-alpha-2:compile, org.codehaus.plexus:plexus-io:jar:2.0.7:compile, org.apache.commons:commons-compress:jar:1.5:compile, org.tukaani:xz:jar:1.2:compile, org.apache.maven:maven-plugin-api:jar:2.0.6:compile, com.oracle.soa:soa-infra-mgmt:jar:12.2.1-0-0:compile, com.oracle.soa:fabric-runtime:jar:12.2.1-0-0:compile, com.oracle.fmwshare:share:jar:12.2.1-0-0:compile, com.oracle.soa:tracking-core:jar:12.2.1-0-0:compile, com.oracle.soa:tracking-fabric:jar:12.2.1-0-0:compile, com.oracle.soa:commons-cli-1.1:jar:12.2.1-0-0:compile, com.oracle.coherence:coherence:jar:12.2.1-0-0:compile, com.oracle.weblogic:com.bea.core.xml.xmlbeans:jar:12.2.1-0-0:compile, org.apache.maven:maven-artifact:jar:2.0.6:compile, org.apache.maven.plugins:maven-jar-plugin:jar:2.4:compile, org.apache.maven:maven-project:jar:2.0.6:compile, org.apache.maven:maven-profile:jar:2.0.6:compile, org.apache.maven:maven-artifact-manager:jar:2.0.6:compile, org.apache.maven:maven-plugin-registry:jar:2.0.6:compile, org.apache.maven:maven-model:jar:2.0.6:compile, org.apache.maven:maven-archiver:jar:2.5:compile, commons-lang:commons-lang:jar:2.1:compile, org.apache.maven.plugins:maven-resources-plugin:jar:2.6:compile, org.apache.maven:maven-core:jar:2.0.6:compile, org.apache.maven:maven-plugin-parameter-documenter:jar:2.0.6:compile, org.apache.maven.reporting:maven-reporting-api:jar:2.0.6:compile, org.apache.maven.doxia:doxia-sink-api:jar:1.0-alpha-7:compile, org.apache.maven:maven-repository-metadata:jar:2.0.6:compile, org.apache.maven:maven-error-diagnostics:jar:2.0.6:compile, commons-cli:commons-cli:jar:1.0:compile, org.apache.maven:maven-plugin-descriptor:jar:2.0.6:compile, org.codehaus.plexus:plexus-interactivity-api:jar:1.0-alpha-4:compile, org.apache.maven:maven-settings:jar:2.0.6:compile, org.apache.maven:maven-monitor:jar:2.0.6:compile, org.codehaus.plexus:plexus-interpolation:jar:1.13:compile, org.apache.maven.shared:maven-filtering:jar:1.1:compile, org.sonatype.plexus:plexus-build-api:jar:0.0.4:compile, jaxen:jaxen:jar:1.1.6:compile, org.codehaus.plexus:plexus-utils:jar:3.0.10:compile, commons-io:commons-io:jar:2.4:compile, com.oracle.soa:oracle.bpm.project.catalog:jar:12.2.1-0-0:compile, com.oracle.soa:oracle.bpm.project.compile:jar:12.2.1-0-0:compile, com.oracle.soa:oracle.bpm.project.io:jar:12.2.1-0-0:compile, com.oracle.soa:oracle.bpm.project:jar:12.2.1-0-0:compile, com.oracle.soa:oracle.bpm.common.model:jar:12.2.1-0-0:compile, com.oracle.soa:oracle.bpm.project.model:jar:12.2.1-0-0:compile, com.oracle.soa:oracle.bpm.bpm-services.interface:jar:12.2.1-0-0:compile, com.oracle.soa:oracle.bpm.web-resources:jar:12.2.1-0-0:compile, com.oracle.soa:orabpel:jar:12.2.1-0-0:compile, com.oracle.soa:orabpel-validator:jar:12.2.1-0-0:compile, com.oracle.soa:orabpel-common:jar:12.2.1-0-0:compile, com.oracle.soa:orabpel-thirdparty:jar:12.2.1-0-0:compile, com.oracle.soa:soa-infra-tools:jar:12.2.1-0-0:compile, com.oracle.soa:bpm-infra:jar:12.2.1-0-0:compile, com.oracle.weblogic:com.bea.core.binxml_1.8.0.0:jar:12.2.1-0-0:compile, com.oracle.soa:testfwk-xbeans:jar:12.2.1-0-0:compile, com.oracle.soa:bpm-services:jar:12.2.1-0-0:compile, com.oracle.soa:mediator_client:jar:12.2.1-0-0:compile, com.oracle.soa:rl:jar:12.2.1-0-0:compile, com.oracle.soa:rulesdk2:jar:12.2.1-0-0:compile, com.oracle.fmwshare:com.oracle.webservices.orawsdl-api:jar:12.2.1-0-0:compile, com.oracle.jrf.infra.common:jrf-api:jar:12.2.1-0-0:compile, com.oracle.weblogic:com.bea.core.apache.commons.lang:jar:2.6.0-0-2:compile, com.oracle.fmwshare:com.oracle.classloader.pcl:jar:12.2.1-0-0:compile, com.oracle.fmwshare:jrf_ws_client.com.oracle.webservices.fmw.client:jar:12.2.1-0-0:compile, com.oracle.weblogic:javax.management.j2ee:jar:12.2.1-0-0:compile, com.oracle.fmwshare:adfbcsvc-share:jar:12.2.1-0-0:compile, com.oracle.fmwshare:adfm:jar:12.2.1-0-0:compile, com.oracle.fmwshare:adf-share-base:jar:12.2.1-0-0:compile, com.oracle.fmwshare:adf-share-ca:jar:12.2.1-0-0:compile, com.oracle.fmwshare:adflogginghandler:jar:12.2.1-0-0:compile, com.oracle.fmwshare:adf-share-support:jar:12.2.1-0-0:compile, com.oracle.fmwshare:jsp-el-api:jar:12.2.1-0-0:compile, com.oracle.fmwshare:dms:jar:12.2.1-0-0:compile, com.oracle.javavm.jrf:ojdbc6dms:jar:12.1.0-2-1:compile, com.oracle.fmwshare:jmxframework:jar:12.2.1-0-0:compile, com.oracle.fmwshare:jmxspi:jar:12.2.1-0-0:compile, com.oracle.fmwshare:jps-internal:jar:12.2.1-0-0:compile, com.oracle.fmwshare:jps-unsupported-api:jar:12.2.1-0-0:compile, com.oracle.fmwshare:oracle.logging-utils:jar:12.2.1-0-0:compile, com.oracle.fmwshare:mdsrt:jar:12.2.1-0-0:compile, com.oracle.fmwshare:oramds:jar:12.2.1-0-0:compile, com.oracle.fmwshare:ojdl:jar:12.2.1-0-0:compile, com.oracle.toplink:eclipselink:jar:12.2.1-0-0:compile, com.oracle.wsm.common:wsm-policy-core:jar:12.2.1-0-0:compile, com.oracle.wsm.common:wsm-secpol:jar:12.2.1-0-0:compile, com.oracle.fmwshare:xml:jar:12.2.1-0-0:compile, com.oracle.fmwshare:xmlparserv2:jar:12.2.1-0-0:compile, com.oracle.fmwshare:xmlef:jar:12.2.1-0-0:compile, commons-beanutils:commons-beanutils:jar:1.7.0:compile, commons-logging:commons-logging:jar:1.0.3:compile, com.oracle.fmwshare:org.apache.commons.digester_1.8:jar:12.2.1-0-0:compile, com.oracle.fmwshare:org.springframework_3.1.0:jar:12.2.1-0-0:compile, com.oracle.pki:oraclepki:jar:12.2.1-0-0:compile]
[DEBUG]   (f) project = MavenProject: FSPUpdateProcessingApp:FSPUpdateProcessingApp:1.0 @ /var/lib/jenkins/workspace/FSPUpdateProcessingApp/FSPUpdateProcessingAppDEV/pom.xml
[DEBUG]   (f) reportErrors = false
[DEBUG]   (f) scacInputDir = /var/lib/jenkins/workspace/FSPUpdateProcessingApp/FSPUpdateProcessingAppDEV/SOA
[DEBUG]   (f) session = org.apache.maven.execution.MavenSession@74fef3f7
[DEBUG]   (f) showProcessLog = false
[DEBUG]   (f) skipIfEmpty = false
[DEBUG]   (f) soaOracleHome = /app/Oracle/Middleware/Oracle_Home/soa
[DEBUG]   (f) useDefaultManifestFile = false
[DEBUG] -- end configuration --
[INFO] ------------------------------------------------------------------------
[INFO] ORACLE SOA MAVEN PLUGIN - COMPILE
[INFO] ------------------------------------------------------------------------
[INFO] 
[INFO] ABOUT TO RUN oracle.soa.scac.ValidateComposite...
[INFO] compile: Executing: [cmd:[/opt/jdk1.8.0_121/bin/java, -Djava.protocol.handler.pkgs=oracle.mds.net.protocol|oracle.fabric.common.classloaderurl.handler|oracle.fabric.common.uddiurl.handler, oracle.soa.scac.ValidateComposite, /var/lib/jenkins/workspace/FSPUpdateProcessingApp/FSPUpdateProcessingAppDEV/SOA//composite.xml, -level=1, -appHome=/var/lib/jenkins/workspace/FSPUpdateProcessingApp/FSPUpdateProcessingAppDEV/..]]
[INFO] Process being executed, waiting for completion.
[INFO] Process log is being buffered and will only be shown if there is an error executing the process.  If you want to see the logs as the process is run then pass -DshowProcessLog=true
[INFO] compile: [cmd:[/opt/jdk1.8.0_121/bin/java, -Djava.protocol.handler.pkgs=oracle.mds.net.protocol|oracle.fabric.common.classloaderurl.handler|oracle.fabric.common.uddiurl.handler, oracle.soa.scac.ValidateComposite, /var/lib/jenkins/workspace/FSPUpdateProcessingApp/FSPUpdateProcessingAppDEV/SOA//composite.xml, -level=1, -appHome=/var/lib/jenkins/workspace/FSPUpdateProcessingApp/FSPUpdateProcessingAppDEV/..]] exit code=1
[INFO] processLog: ------------------------------------- 
[INFO] [exec] soa.mds.consolidation is set to false
[exec] /var/lib/jenkins/workspace/FSPUpdateProcessingApp/FSPUpdateProcessingAppDEV/SOA//composite.xml: error: oracle.fabric.common.FabricException: oracle.mds.config.MDSConfigurationException: MDS-01330: unable to load MDS configuration document    
[exec] MDS-01329: unable to load element "persistence-config"
[exec] MDS-01370: MetadataStore configuration for metadata-store-usage "mstore-usage_2" is invalid.    
[exec] MDS-01259: The metadata store "oracle.mds.persistence.stores.db.DBMetadataStore" cannot be instantiated.    
[exec] java.lang.NoClassDefFoundError: oracle/ucp/jdbc/PoolDataSourceFactory    
[exec] java.lang.ClassNotFoundException: oracle.ucp.jdbc.PoolDataSourceFactory
[exec] : MDS-01330: unable to load MDS configuration document    
[exec] MDS-01329: unable to load element "persistence-config"
[exec] MDS-01370: MetadataStore configuration for metadata-store-usage "mstore-usage_2" is invalid.    
[exec] MDS-01259: The metadata store "oracle.mds.persistence.stores.db.DBMetadataStore" cannot be instantiated.    
[exec] java.lang.NoClassDefFoundError: oracle/ucp/jdbc/PoolDataSourceFactory    
[exec] java.lang.ClassNotFoundException: oracle.ucp.jdbc.PoolDataSourceFactory
[exec] : oracle.mds.config.MDSConfigurationException: MDS-01330: unable to load MDS configuration document    
[exec] MDS-01329: unable to load element "persistence-config"
[exec] MDS-01370: MetadataStore configuration for metadata-store-usage "mstore-usage_2" is invalid.    
[exec] MDS-01259: The metadata store "oracle.mds.persistence.stores.db.DBMetadataStore" cannot be instantiated.    
[exec] java.lang.NoClassDefFoundError: oracle/ucp/jdbc/PoolDataSourceFactory    
[exec] java.lang.ClassNotFoundException: oracle.ucp.jdbc.PoolDataSourceFactory
[exec] : MDS-01330: unable to load MDS configuration document    
[exec] MDS-01329: unable to load element "persistence-config"
[exec] MDS-01370: MetadataStore configuration for metadata-store-usage "mstore-usage_2" is invalid.    
[exec] MDS-01259: The metadata store "oracle.mds.persistence.stores.db.DBMetadataStore" cannot be instantiated.    
[exec] java.lang.NoClassDefFoundError: oracle/ucp/jdbc/PoolDataSourceFactory    
[exec] java.lang.ClassNotFoundException: oracle.ucp.jdbc.PoolDataSourceFactory
[exec] 
[exec] oracle.fabric.common.FabricException: oracle.mds.config.MDSConfigurationException: MDS-01330: unable to load MDS configuration document    
[exec] MDS-01329: unable to load element "persistence-config"
[exec] MDS-01370: MetadataStore configuration for metadata-store-usage "mstore-usage_2" is invalid.    
[exec] MDS-01259: The metadata store "oracle.mds.persistence.stores.db.DBMetadataStore" cannot be instantiated.    
[exec] java.lang.NoClassDefFoundError: oracle/ucp/jdbc/PoolDataSourceFactory    
[exec] java.lang.ClassNotFoundException: oracle.ucp.jdbc.PoolDataSourceFactory
[exec] : MDS-01330: unable to load MDS configuration document    
[exec] MDS-01329: unable to load element "persistence-config"
[exec] MDS-01370: MetadataStore configuration for metadata-store-usage "mstore-usage_2" is invalid.    
[exec] MDS-01259: The metadata store "oracle.mds.persistence.stores.db.DBMetadataStore" cannot be instantiated.    
[exec] java.lang.NoClassDefFoundError: oracle/ucp/jdbc/PoolDataSourceFactory    
[exec] java.lang.ClassNotFoundException: oracle.ucp.jdbc.PoolDataSourceFactory
[exec] : oracle.mds.config.MDSConfigurationException: MDS-01330: unable to load MDS configuration document    
[exec] MDS-01329: unable to load element "persistence-config"
[exec] MDS-01370: MetadataStore configuration for metadata-store-usage "mstore-usage_2" is invalid.    
[exec] MDS-01259: The metadata store "oracle.mds.persistence.stores.db.DBMetadataStore" cannot be instantiated.    
[exec] java.lang.NoClassDefFoundError: oracle/ucp/jdbc/PoolDataSourceFactory    
[exec] java.lang.ClassNotFoundException: oracle.ucp.jdbc.PoolDataSourceFactory
[exec] : MDS-01330: unable to load MDS configuration document    
[exec] MDS-01329: unable to load element "persistence-config"
[exec] MDS-01370: MetadataStore configuration for metadata-store-usage "mstore-usage_2" is invalid.    
[exec] MDS-01259: The metadata store "oracle.mds.persistence.stores.db.DBMetadataStore" cannot be instantiated.    
[exec] java.lang.NoClassDefFoundError: oracle/ucp/jdbc/PoolDataSourceFactory    
[exec] java.lang.ClassNotFoundException: oracle.ucp.jdbc.PoolDataSourceFactory
[exec] 
[exec] oracle.fabric.common.FabricException: oracle.fabric.common.FabricException: oracle.mds.config.MDSConfigurationException: MDS-01330: unable to load MDS configuration document    
[exec] MDS-01329: unable to load element "persistence-config"
[exec] MDS-01370: MetadataStore configuration for metadata-store-usage "mstore-usage_2" is invalid.    
[exec] MDS-01259: The metadata store "oracle.mds.persistence.stores.db.DBMetadataStore" cannot be instantiated.    
[exec] java.lang.NoClassDefFoundError: oracle/ucp/jdbc/PoolDataSourceFactory    
[exec] java.lang.ClassNotFoundException: oracle.ucp.jdbc.PoolDataSourceFactory
[exec] : MDS-01330: unable to load MDS configuration document    
[exec] MDS-01329: unable to load element "persistence-config"
[exec] MDS-01370: MetadataStore configuration for metadata-store-usage "mstore-usage_2" is invalid.    
[exec] MDS-01259: The metadata store "oracle.mds.persistence.stores.db.DBMetadataStore" cannot be instantiated.    
[exec] java.lang.NoClassDefFoundError: oracle/ucp/jdbc/PoolDataSourceFactory    
[exec] java.lang.ClassNotFoundException: oracle.ucp.jdbc.PoolDataSourceFactory
[exec] : oracle.mds.config.MDSConfigurationException: MDS-01330: unable to load MDS configuration document    
[exec] MDS-01329: unable to load element "persistence-config"
[exec] MDS-01370: MetadataStore configuration for metadata-store-usage "mstore-usage_2" is invalid.    
[exec] MDS-01259: The metadata store "oracle.mds.persistence.stores.db.DBMetadataStore" cannot be instantiated.    
[exec] java.lang.NoClassDefFoundError: oracle/ucp/jdbc/PoolDataSourceFactory    
[exec] java.lang.ClassNotFoundException: oracle.ucp.jdbc.PoolDataSourceFactory
[exec] : MDS-01330: unable to load MDS configuration document    
[exec] MDS-01329: unable to load element "persistence-config"
[exec] MDS-01370: MetadataStore configuration for metadata-store-usage "mstore-usage_2" is invalid.    
[exec] MDS-01259: The metadata store "oracle.mds.persistence.stores.db.DBMetadataStore" cannot be instantiated.    
[exec] java.lang.NoClassDefFoundError: oracle/ucp/jdbc/PoolDataSourceFactory    
[exec] java.lang.ClassNotFoundException: oracle.ucp.jdbc.PoolDataSourceFactory
[exec] 
[exec] 	at oracle.fabric.common.FabricMetadataManagerFactory.createMetadataManager(FabricMetadataManagerFactory.java:195)
[exec] 	at oracle.fabric.common.FabricMetadataManagerFactory.createMetadataManager(FabricMetadataManagerFactory.java:161)
[exec] 	at oracle.fabric.composite.model.ModuleConfigModel.initializeMetadataManager(ModuleConfigModel.java:77)
[exec] 	at oracle.fabric.composite.model.CompositeModel.getClientMetadataManager(CompositeModel.java:281)
[exec] 	at oracle.soa.scac.ValidateComposite.loadComposite(ValidateComposite.java:898)
[exec] 	at oracle.soa.scac.ValidateComposite.doValidation(ValidateComposite.java:568)
[exec] 	at oracle.soa.scac.ValidateComposite.run0(ValidateComposite.java:228)
[exec] 	at oracle.soa.scac.ValidateComposite.run(ValidateComposite.java:209)
[exec] 	at oracle.soa.scac.ValidateComposite.main(ValidateComposite.java:201)
[exec] Caused by: oracle.fabric.common.FabricException: oracle.mds.config.MDSConfigurationException: MDS-01330: unable to load MDS configuration document    
[exec] MDS-01329: unable to load element "persistence-config"
[exec] MDS-01370: MetadataStore configuration for metadata-store-usage "mstore-usage_2" is invalid.    
[exec] MDS-01259: The metadata store "oracle.mds.persistence.stores.db.DBMetadataStore" cannot be instantiated.    
[exec] java.lang.NoClassDefFoundError: oracle/ucp/jdbc/PoolDataSourceFactory    
[exec] java.lang.ClassNotFoundException: oracle.ucp.jdbc.PoolDataSourceFactory
[exec] : MDS-01330: unable to load MDS configuration document    
[exec] MDS-01329: unable to load element "persistence-config"
[exec] MDS-01370: MetadataStore configuration for metadata-store-usage "mstore-usage_2" is invalid.    
[exec] MDS-01259: The metadata store "oracle.mds.persistence.stores.db.DBMetadataStore" cannot be instantiated.    
[exec] java.lang.NoClassDefFoundError: oracle/ucp/jdbc/PoolDataSourceFactory    
[exec] java.lang.ClassNotFoundException: oracle.ucp.jdbc.PoolDataSourceFactory
[exec] 
[exec] 	at oracle.integration.platform.common.MDSMetadataManagerImpl.init(MDSMetadataManagerImpl.java:419)
[exec] 	at oracle.integration.platform.common.MDSMetadataManagerImpl.init(MDSMetadataManagerImpl.java:312)
[exec] 	at oracle.integration.platform.common.MDSMetadataManagerImpl.<init>(MDSMetadataManagerImpl.java:247)
[exec] 	at sun.reflect.NativeConstructorAccessorImpl.newInstance0(Native Method)
[exec] 	at sun.reflect.NativeConstructorAccessorImpl.newInstance(NativeConstructorAccessorImpl.java:62)
[exec] 	at sun.reflect.DelegatingConstructorAccessorImpl.newInstance(DelegatingConstructorAccessorImpl.java:45)
[exec] 	at java.lang.reflect.Constructor.newInstance(Constructor.java:423)
[exec] 	at oracle.fabric.common.FabricMetadataManagerFactory.createMetadataManager(FabricMetadataManagerFactory.java:191)
[exec] 	... 8 more
[exec] Caused by: oracle.mds.config.MDSConfigurationException: MDS-01330: unable to load MDS configuration document    
[exec] MDS-01329: unable to load element "persistence-config"
[exec] MDS-01370: MetadataStore configuration for metadata-store-usage "mstore-usage_2" is invalid.    
[exec] MDS-01259: The metadata store "oracle.mds.persistence.stores.db.DBMetadataStore" cannot be instantiated.    
[exec] java.lang.NoClassDefFoundError: oracle/ucp/jdbc/PoolDataSourceFactory    
[exec] java.lang.ClassNotFoundException: oracle.ucp.jdbc.PoolDataSourceFactory
[exec] 
[exec] 	at oracle.mds.config.PConfig.loadFromBean(PConfig.java:1107)
[exec] 	at oracle.mds.config.PConfig.<init>(PConfig.java:855)
[exec] 	at oracle.mds.config.MDSConfig.loadFromBean(MDSConfig.java:1263)
[exec] 	at oracle.mds.config.MDSConfig.loadFromElement(MDSConfig.java:1335)
[exec] 	at oracle.mds.config.MDSConfig.<init>(MDSConfig.java:987)
[exec] 	at oracle.mds.config.MDSConfig.<init>(MDSConfig.java:915)
[exec] 	at oracle.integration.platform.common.MDSUtil.getMDSConfig(MDSUtil.java:82)
[exec] 	at oracle.integration.platform.common.MDSUtil.getMDSInstance(MDSUtil.java:181)
[exec] 	at oracle.integration.platform.common.MDSMetadataManagerImpl.getMDSInstance(MDSMetadataManagerImpl.java:1001)
[exec] 	at oracle.integration.platform.common.MDSMetadataManagerImpl.init(MDSMetadataManagerImpl.java:374)
[exec] 	... 15 more
[exec] Caused by: oracle.mds.exception.MDSExceptionList: MDS-01329: unable to load element "persistence-config"
[exec] MDS-01370: MetadataStore configuration for metadata-store-usage "mstore-usage_2" is invalid.    
[exec] MDS-01259: The metadata store "oracle.mds.persistence.stores.db.DBMetadataStore" cannot be instantiated.    
[exec] java.lang.NoClassDefFoundError: oracle/ucp/jdbc/PoolDataSourceFactory    
[exec] java.lang.ClassNotFoundException: oracle.ucp.jdbc.PoolDataSourceFactory
[exec] 
[exec] 	at oracle.mds.config.PConfig.loadFromBean(PConfig.java:1101)
[exec] 	... 24 more
[exec] Caused by: oracle.mds.config.MDSConfigurationException: MDS-01370: MetadataStore configuration for metadata-store-usage "mstore-usage_2" is invalid.    
[exec] MDS-01259: The metadata store "oracle.mds.persistence.stores.db.DBMetadataStore" cannot be instantiated.    
[exec] java.lang.NoClassDefFoundError: oracle/ucp/jdbc/PoolDataSourceFactory    
[exec] java.lang.ClassNotFoundException: oracle.ucp.jdbc.PoolDataSourceFactory
[exec] 	at oracle.mds.config.PConfig.loadFromBean(PConfig.java:1041)
[exec] 	... 24 more
[exec] Caused by: oracle.mds.exception.MDSException: MDS-01259: The metadata store "oracle.mds.persistence.stores.db.DBMetadataStore" cannot be instantiated.    
[exec] java.lang.NoClassDefFoundError: oracle/ucp/jdbc/PoolDataSourceFactory    
[exec] java.lang.ClassNotFoundException: oracle.ucp.jdbc.PoolDataSourceFactory
[exec] 	at oracle.mds.persistence.MetadataStore.create(MetadataStore.java:355)
[exec] 	at oracle.mds.persistence.MetadataStore.create(MetadataStore.java:230)
[exec] 	at oracle.mds.persistence.MetadataStore.create(MetadataStore.java:199)
[exec] 	at oracle.mds.config.PConfig.getMetadataStore(PConfig.java:1971)
[exec] 	at oracle.mds.config.PConfig.getStoreForStoreUsage(PConfig.java:1915)
[exec] 	at oracle.mds.config.PConfig.loadFromBean(PConfig.java:1010)
[exec] 	... 24 more
[exec] Caused by: java.lang.NoClassDefFoundError: oracle/ucp/jdbc/PoolDataSourceFactory
[exec] 	at oracle.mds.internal.persistence.db.JDBCConnectionManagerImpl.createDataSource(JDBCConnectionManagerImpl.java:189)
[exec] 	at oracle.mds.internal.persistence.db.JDBCConnectionManagerImpl.init(JDBCConnectionManagerImpl.java:421)
[exec] 	at oracle.mds.internal.persistence.db.ConnectionManagerFactory.createConnectionManager(ConnectionManagerFactory.java:72)
[exec] 	at oracle.mds.internal.persistence.db.DBStoreUtils.getConnectionManager(DBStoreUtils.java:562)
[exec] 	at oracle.mds.persistence.stores.db.DBMetadataStore.checkRepositoryCompatibility(DBMetadataStore.java:1118)
[exec] 	at oracle.mds.persistence.stores.db.DBMetadataStore.checkCompatibility(DBMetadataStore.java:1493)
[exec] 	at oracle.mds.persistence.stores.db.DBMetadataStore.<init>(DBMetadataStore.java:407)
[exec] 	at sun.reflect.NativeConstructorAccessorImpl.newInstance0(Native Method)
[exec] 	at sun.reflect.NativeConstructorAccessorImpl.newInstance(NativeConstructorAccessorImpl.java:62)
[exec] 	at sun.reflect.DelegatingConstructorAccessorImpl.newInstance(DelegatingConstructorAccessorImpl.java:45)
[exec] 	at java.lang.reflect.Constructor.newInstance(Constructor.java:423)
[exec] 	at oracle.mds.persistence.MetadataStore.create(MetadataStore.java:343)
[exec] 	... 29 more
[exec] Caused by: java.lang.ClassNotFoundException: oracle.ucp.jdbc.PoolDataSourceFactory
[exec] 	at java.net.URLClassLoader.findClass(URLClassLoader.java:381)
[exec] 	at java.lang.ClassLoader.loadClass(ClassLoader.java:424)
[exec] 	at sun.misc.Launcher$AppClassLoader.loadClass(Launcher.java:331)
[exec] 	at java.lang.ClassLoader.loadClass(ClassLoader.java:357)
[exec] 	... 41 more

[INFO] ------------------------------------------------------------------------
[INFO] BUILD FAILURE
[INFO] ------------------------------------------------------------------------
[INFO] Total time: 3.068 s
[INFO] Finished at: 2017-04-20T18:25:07+10:00
[INFO] Final Memory: 13M/266M
[INFO] ------------------------------------------------------------------------
[ERROR] Failed to execute goal com.oracle.soa.plugin:oracle-soa-plugin:12.2.1-0-0:compile (default-compile) on project FSPUpdateProcessingApp: SOA COMPILE FAILED with value: 1 -> [Help 1]
org.apache.maven.lifecycle.LifecycleExecutionException: Failed to execute goal com.oracle.soa.plugin:oracle-soa-plugin:12.2.1-0-0:compile (default-compile) on project FSPUpdateProcessingApp: SOA COMPILE FAILED with value: 1
	at org.apache.maven.lifecycle.internal.MojoExecutor.execute(MojoExecutor.java:212)
	at org.apache.maven.lifecycle.internal.MojoExecutor.execute(MojoExecutor.java:153)
	at org.apache.maven.lifecycle.internal.MojoExecutor.execute(MojoExecutor.java:145)
	at org.apache.maven.lifecycle.internal.LifecycleModuleBuilder.buildProject(LifecycleModuleBuilder.java:116)
	at org.apache.maven.lifecycle.internal.LifecycleModuleBuilder.buildProject(LifecycleModuleBuilder.java:80)
	at org.apache.maven.lifecycle.internal.builder.singlethreaded.SingleThreadedBuilder.build(SingleThreadedBuilder.java:51)
	at org.apache.maven.lifecycle.internal.LifecycleStarter.execute(LifecycleStarter.java:128)
	at org.apache.maven.DefaultMaven.doExecute(DefaultMaven.java:307)
	at org.apache.maven.DefaultMaven.doExecute(DefaultMaven.java:193)
	at org.apache.maven.DefaultMaven.execute(DefaultMaven.java:106)
	at org.apache.maven.cli.MavenCli.execute(MavenCli.java:863)
	at org.apache.maven.cli.MavenCli.doMain(MavenCli.java:288)
	at org.apache.maven.cli.MavenCli.main(MavenCli.java:199)
	at sun.reflect.NativeMethodAccessorImpl.invoke0(Native Method)
	at sun.reflect.NativeMethodAccessorImpl.invoke(NativeMethodAccessorImpl.java:62)
	at sun.reflect.DelegatingMethodAccessorImpl.invoke(DelegatingMethodAccessorImpl.java:43)
	at java.lang.reflect.Method.invoke(Method.java:498)
	at org.codehaus.plexus.classworlds.launcher.Launcher.launchEnhanced(Launcher.java:289)
	at org.codehaus.plexus.classworlds.launcher.Launcher.launch(Launcher.java:229)
	at org.codehaus.plexus.classworlds.launcher.Launcher.mainWithExitCode(Launcher.java:415)
	at org.codehaus.plexus.classworlds.launcher.Launcher.main(Launcher.java:356)
Caused by: org.apache.maven.plugin.MojoExecutionException: SOA COMPILE FAILED with value: 1
	at com.oracle.soa.plugin.SarCompileMojo.execute(SarCompileMojo.java:319)
	at org.apache.maven.plugin.DefaultBuildPluginManager.executeMojo(DefaultBuildPluginManager.java:134)
	at org.apache.maven.lifecycle.internal.MojoExecutor.execute(MojoExecutor.java:207)
	... 20 more
[ERROR] 
[ERROR] 
[ERROR] For more information about the errors and possible solutions, please read the following articles:
[ERROR] [Help 1] http://cwiki.apache.org/confluence/display/MAVEN/MojoExecutionException
Build step 'Invoke top-level Maven targets' marked build as failure
Finished: FAILURE