# JRE version: Java(TM) SE Runtime Environment (8.0_112-b15) (build 1.8.0_112-b15)
# Java VM: Java HotSpot(TM) 64-Bit Server VM (25.112-b15 mixed mode linux-amd64 compressed oops)
Heap:
 PSYoungGen      total 285696K, used 90143K [0x00000000eab00000, 0x00000000ff280000, 0x0000000100000000)
  eden space 252416K, 24% used [0x00000000eab00000,0x00000000ee77f3a8,0x00000000fa180000)
  from space 33280K, 84% used [0x00000000fd200000,0x00000000fed889e8,0x00000000ff280000)
  to   space 41472K, 0% used [0x00000000fa180000,0x00000000fa180000,0x00000000fca00000)
 ParOldGen       total 142848K, used 40109K [0x00000000c0000000, 0x00000000c8b80000, 0x00000000eab00000)
  object space 142848K, 28% used [0x00000000c0000000,0x00000000c272b418,0x00000000c8b80000)
 Metaspace       used 87938K, capacity 96558K, committed 96728K, reserved 1132544K
  class space    used 10668K, capacity 12992K, committed 13056K, reserved 1048576K
GC Heap History (10 events):
Event: 28.439 GC heap before
{Heap before GC invocations=31 (full 3):
 PSYoungGen      total 317440K, used 317343K [0x00000000eab00000, 0x0000000100000000, 0x0000000100000000)
  eden space 293888K, 100% used [0x00000000eab00000,0x00000000fca00000,0x00000000fca00000)
  from space 23552K, 99% used [0x00000000fca00000,0x00000000fe0e7ff0,0x00000000fe100000)
  to   space 30208K, 0% used [0x00000000fe280000,0x00000000fe280000,0x0000000100000000)
 ParOldGen       total 142848K, used 40069K [0x00000000c0000000, 0x00000000c8b80000, 0x00000000eab00000)
  object space 142848K, 28% used [0x00000000c0000000,0x00000000c2721418,0x00000000c8b80000)
 Metaspace       used 85246K, capacity 93764K, committed 93912K, reserved 1130496K
  class space    used 10492K, capacity 12774K, committed 12800K, reserved 1048576K
Event: 28.466 GC heap after
Heap after GC invocations=31 (full 3):
 PSYoungGen      total 314880K, used 23173K [0x00000000eab00000, 0x0000000100000000, 0x0000000100000000)
  eden space 284672K, 0% used [0x00000000eab00000,0x00000000eab00000,0x00000000fc100000)
  from space 30208K, 76% used [0x00000000fe280000,0x00000000ff921778,0x0000000100000000)
  to   space 32256K, 0% used [0x00000000fc100000,0x00000000fc100000,0x00000000fe080000)
 ParOldGen       total 142848K, used 40077K [0x00000000c0000000, 0x00000000c8b80000, 0x00000000eab00000)
  object space 142848K, 28% used [0x00000000c0000000,0x00000000c2723418,0x00000000c8b80000)
 Metaspace       used 85246K, capacity 93764K, committed 93912K, reserved 1130496K
  class space    used 10492K, capacity 12774K, committed 12800K, reserved 1048576K
}
Event: 290.125 GC heap before
{Heap before GC invocations=32 (full 3):
 PSYoungGen      total 314880K, used 307845K [0x00000000eab00000, 0x0000000100000000, 0x0000000100000000)
  eden space 284672K, 100% used [0x00000000eab00000,0x00000000fc100000,0x00000000fc100000)
  from space 30208K, 76% used [0x00000000fe280000,0x00000000ff921778,0x0000000100000000)
  to   space 32256K, 0% used [0x00000000fc100000,0x00000000fc100000,0x00000000fe080000)
 ParOldGen       total 142848K, used 40077K [0x00000000c0000000, 0x00000000c8b80000, 0x00000000eab00000)
  object space 142848K, 28% used [0x00000000c0000000,0x00000000c2723418,0x00000000c8b80000)
 Metaspace       used 86377K, capacity 94962K, committed 95064K, reserved 1132544K
  class space    used 10617K, capacity 12906K, committed 12928K, reserved 1048576K
Event: 290.164 GC heap after
Heap after GC invocations=32 (full 3):
 PSYoungGen      total 310272K, used 25264K [0x00000000eab00000, 0x0000000100000000, 0x0000000100000000)
  eden space 284672K, 0% used [0x00000000eab00000,0x00000000eab00000,0x00000000fc100000)
  from space 25600K, 98% used [0x00000000fc100000,0x00000000fd9ac220,0x00000000fda00000)
  to   space 34816K, 0% used [0x00000000fde00000,0x00000000fde00000,0x0000000100000000)
 ParOldGen       total 142848K, used 40085K [0x00000000c0000000, 0x00000000c8b80000, 0x00000000eab00000)
  object space 142848K, 28% used [0x00000000c0000000,0x00000000c2725418,0x00000000c8b80000)
 Metaspace       used 86377K, capacity 94962K, committed 95064K, reserved 1132544K
  class space    used 10617K, capacity 12906K, committed 12928K, reserved 1048576K
}
Event: 2090.179 GC heap before
{Heap before GC invocations=33 (full 3):
 PSYoungGen      total 310272K, used 309936K [0x00000000eab00000, 0x0000000100000000, 0x0000000100000000)
  eden space 284672K, 100% used [0x00000000eab00000,0x00000000fc100000,0x00000000fc100000)
  from space 25600K, 98% used [0x00000000fc100000,0x00000000fd9ac220,0x00000000fda00000)
  to   space 34816K, 0% used [0x00000000fde00000,0x00000000fde00000,0x0000000100000000)
 ParOldGen       total 142848K, used 40085K [0x00000000c0000000, 0x00000000c8b80000, 0x00000000eab00000)
  object space 142848K, 28% used [0x00000000c0000000,0x00000000c2725418,0x00000000c8b80000)
 Metaspace       used 87403K, capacity 96106K, committed 96216K, reserved 1132544K
  class space    used 10665K, capacity 12992K, committed 13056K, reserved 1048576K
Event: 2090.276 GC heap after
Heap after GC invocations=33 (full 3):
 PSYoungGen      total 307200K, used 30893K [0x00000000eab00000, 0x0000000100000000, 0x0000000100000000)
  eden space 272384K, 0% used [0x00000000eab00000,0x00000000eab00000,0x00000000fb500000)
  from space 34816K, 88% used [0x00000000fde00000,0x00000000ffc2b5b8,0x0000000100000000)
  to   space 38400K, 0% used [0x00000000fb500000,0x00000000fb500000,0x00000000fda80000)
 ParOldGen       total 142848K, used 40093K [0x00000000c0000000, 0x00000000c8b80000, 0x00000000eab00000)
  object space 142848K, 28% used [0x00000000c0000000,0x00000000c2727418,0x00000000c8b80000)
 Metaspace       used 87403K, capacity 96106K, committed 96216K, reserved 1132544K
  class space    used 10665K, capacity 12992K, committed 13056K, reserved 1048576K
}
Event: 3927.923 GC heap before
{Heap before GC invocations=34 (full 3):
 PSYoungGen      total 307200K, used 303277K [0x00000000eab00000, 0x0000000100000000, 0x0000000100000000)
  eden space 272384K, 100% used [0x00000000eab00000,0x00000000fb500000,0x00000000fb500000)
  from space 34816K, 88% used [0x00000000fde00000,0x00000000ffc2b5b8,0x0000000100000000)
  to   space 38400K, 0% used [0x00000000fb500000,0x00000000fb500000,0x00000000fda80000)
 ParOldGen       total 142848K, used 40093K [0x00000000c0000000, 0x00000000c8b80000, 0x00000000eab00000)
  object space 142848K, 28% used [0x00000000c0000000,0x00000000c2727418,0x00000000c8b80000)
 Metaspace       used 87762K, capacity 96426K, committed 96728K, reserved 1132544K
  class space    used 10668K, capacity 12992K, committed 13056K, reserved 1048576K
Event: 3927.994 GC heap after
Heap after GC invocations=34 (full 3):
 PSYoungGen      total 288256K, used 26035K [0x00000000eab00000, 0x00000000ff900000, 0x0000000100000000)
  eden space 262144K, 0% used [0x00000000eab00000,0x00000000eab00000,0x00000000fab00000)
  from space 26112K, 99% used [0x00000000fb500000,0x00000000fce6ceb0,0x00000000fce80000)
  to   space 39936K, 0% used [0x00000000fd200000,0x00000000fd200000,0x00000000ff900000)
 ParOldGen       total 142848K, used 40101K [0x00000000c0000000, 0x00000000c8b80000, 0x00000000eab00000)
  object space 142848K, 28% used [0x00000000c0000000,0x00000000c2729418,0x00000000c8b80000)
 Metaspace       used 87762K, capacity 96426K, committed 96728K, reserved 1132544K
  class space    used 10668K, capacity 12992K, committed 13056K, reserved 1048576K
}
Event: 5967.929 GC heap before
{Heap before GC invocations=35 (full 3):
 PSYoungGen      total 288256K, used 288179K [0x00000000eab00000, 0x00000000ff900000, 0x0000000100000000)
  eden space 262144K, 100% used [0x00000000eab00000,0x00000000fab00000,0x00000000fab00000)
  from space 26112K, 99% used [0x00000000fb500000,0x00000000fce6ceb0,0x00000000fce80000)
  to   space 39936K, 0% used [0x00000000fd200000,0x00000000fd200000,0x00000000ff900000)
 ParOldGen       total 142848K, used 40101K [0x00000000c0000000, 0x00000000c8b80000, 0x00000000eab00000)
  object space 142848K, 28% used [0x00000000c0000000,0x00000000c2729418,0x00000000c8b80000)
 Metaspace       used 87925K, capacity 96494K, committed 96728K, reserved 1132544K
  class space    used 10668K, capacity 12992K, committed 13056K, reserved 1048576K
Event: 5967.978 GC heap after
Heap after GC invocations=35 (full 3):
 PSYoungGen      total 285696K, used 28194K [0x00000000eab00000, 0x00000000ff280000, 0x0000000100000000)
  eden space 252416K, 0% used [0x00000000eab00000,0x00000000eab00000,0x00000000fa180000)
  from space 33280K, 84% used [0x00000000fd200000,0x00000000fed889e8,0x00000000ff280000)
  to   space 41472K, 0% used [0x00000000fa180000,0x00000000fa180000,0x00000000fca00000)
 ParOldGen       total 142848K, used 40109K [0x00000000c0000000, 0x00000000c8b80000, 0x00000000eab00000)
  object space 142848K, 28% used [0x00000000c0000000,0x00000000c272b418,0x00000000c8b80000)
 Metaspace       used 87925K, capacity 96494K, committed 96728K, reserved 1132544K
  class space    used 10668K, capacity 12992K, committed 13056K, reserved 1048576K
}

