# JRE version: OpenJDK Runtime Environment (7.0_111-b01) (build 1.7.0_111-mockbuild_2016_07_22_09_37-b00)
# Java VM: OpenJDK 64-Bit Server VM (24.111-b01 mixed mode linux-amd64 compressed oops)
Heap
 PSYoungGen      total 678912K, used 15014K [0x00000007d5500000, 0x0000000800000000, 0x0000000800000000)
  eden space 658944K, 2% used [0x00000007d5500000,0x00000007d63a98b8,0x00000007fd880000)
  from space 19968K, 0% used [0x00000007fd880000,0x00000007fd880000,0x00000007fec00000)
  to   space 20480K, 0% used [0x00000007fec00000,0x00000007fec00000,0x0000000800000000)
 ParOldGen       total 1398272K, used 159856K [0x000000077ff80000, 0x00000007d5500000, 0x00000007d5500000)
  object space 1398272K, 11% used [0x000000077ff80000,0x0000000789b9c328,0x00000007d5500000)
 PSPermGen       total 215040K, used 107253K [0x000000073ff80000, 0x000000074d180000, 0x000000077ff80000)
  object space 215040K, 49% used [0x000000073ff80000,0x000000074683d6d0,0x000000074d180000)
GC Heap History (10 events):
Event: 59998.301 GC heap before
{Heap before GC invocations=132 (full 0):
 PSYoungGen      total 677376K, used 669568K [0x00000007d5500000, 0x0000000800000000, 0x0000000800000000)
  eden space 655872K, 100% used [0x00000007d5500000,0x00000007fd580000,0x00000007fd580000)
  from space 21504K, 63% used [0x00000007fd580000,0x00000007fe2e0020,0x00000007fea80000)
  to   space 20992K, 0% used [0x00000007feb80000,0x00000007feb80000,0x0000000800000000)
 ParOldGen       total 1398272K, used 1351525K [0x000000077ff80000, 0x00000007d5500000, 0x00000007d5500000)
  object space 1398272K, 96% used [0x000000077ff80000,0x00000007d2759688,0x00000007d5500000)
 PSPermGen       total 108032K, used 107781K [0x000000073ff80000, 0x0000000746900000, 0x000000077ff80000)
  object space 108032K, 99% used [0x000000073ff80000,0x00000007468c15c0,0x0000000746900000)
Event: 59998.337 GC heap after
Heap after GC invocations=132 (full 0):
 PSYoungGen      total 678912K, used 14688K [0x00000007d5500000, 0x0000000800000000, 0x0000000800000000)
  eden space 657920K, 0% used [0x00000007d5500000,0x00000007d5500000,0x00000007fd780000)
  from space 20992K, 69% used [0x00000007feb80000,0x00000007ff9d8020,0x0000000800000000)
  to   space 20480K, 0% used [0x00000007fd780000,0x00000007fd780000,0x00000007feb80000)
 ParOldGen       total 1398272K, used 1360853K [0x000000077ff80000, 0x00000007d5500000, 0x00000007d5500000)
  object space 1398272K, 97% used [0x000000077ff80000,0x00000007d3075688,0x00000007d5500000)
 PSPermGen       total 108032K, used 107781K [0x000000073ff80000, 0x0000000746900000, 0x000000077ff80000)
  object space 108032K, 99% used [0x000000073ff80000,0x00000007468c15c0,0x0000000746900000)
}
Event: 60599.703 GC heap before
{Heap before GC invocations=133 (full 0):
 PSYoungGen      total 678912K, used 672608K [0x00000007d5500000, 0x0000000800000000, 0x0000000800000000)
  eden space 657920K, 100% used [0x00000007d5500000,0x00000007fd780000,0x00000007fd780000)
  from space 20992K, 69% used [0x00000007feb80000,0x00000007ff9d8020,0x0000000800000000)
  to   space 20480K, 0% used [0x00000007fd780000,0x00000007fd780000,0x00000007feb80000)
 ParOldGen       total 1398272K, used 1360853K [0x000000077ff80000, 0x00000007d5500000, 0x00000007d5500000)
  object space 1398272K, 97% used [0x000000077ff80000,0x00000007d3075688,0x00000007d5500000)
 PSPermGen       total 108032K, used 107781K [0x000000073ff80000, 0x0000000746900000, 0x000000077ff80000)
  object space 108032K, 99% used [0x000000073ff80000,0x00000007468c15c0,0x0000000746900000)
Event: 60599.730 GC heap after
Heap after GC invocations=133 (full 0):
 PSYoungGen      total 678400K, used 13296K [0x00000007d5500000, 0x0000000800000000, 0x0000000800000000)
  eden space 657920K, 0% used [0x00000007d5500000,0x00000007d5500000,0x00000007fd780000)
  from space 20480K, 64% used [0x00000007fd780000,0x00000007fe47c010,0x00000007feb80000)
  to   space 20480K, 0% used [0x00000007fec00000,0x00000007fec00000,0x0000000800000000)
 ParOldGen       total 1398272K, used 1371829K [0x000000077ff80000, 0x00000007d5500000, 0x00000007d5500000)
  object space 1398272K, 98% used [0x000000077ff80000,0x00000007d3b2d688,0x00000007d5500000)
 PSPermGen       total 108032K, used 107781K [0x000000073ff80000, 0x0000000746900000, 0x000000077ff80000)
  object space 108032K, 99% used [0x000000073ff80000,0x00000007468c15c0,0x0000000746900000)
}
Event: 61205.153 GC heap before
{Heap before GC invocations=134 (full 0):
 PSYoungGen      total 678400K, used 671216K [0x00000007d5500000, 0x0000000800000000, 0x0000000800000000)
  eden space 657920K, 100% used [0x00000007d5500000,0x00000007fd780000,0x00000007fd780000)
  from space 20480K, 64% used [0x00000007fd780000,0x00000007fe47c010,0x00000007feb80000)
  to   space 20480K, 0% used [0x00000007fec00000,0x00000007fec00000,0x0000000800000000)
 ParOldGen       total 1398272K, used 1371829K [0x000000077ff80000, 0x00000007d5500000, 0x00000007d5500000)
  object space 1398272K, 98% used [0x000000077ff80000,0x00000007d3b2d688,0x00000007d5500000)
 PSPermGen       total 108032K, used 107781K [0x000000073ff80000, 0x0000000746900000, 0x000000077ff80000)
  object space 108032K, 99% used [0x000000073ff80000,0x00000007468c15c0,0x0000000746900000)
Event: 61205.180 GC heap after
Heap after GC invocations=134 (full 0):
 PSYoungGen      total 679424K, used 13760K [0x00000007d5500000, 0x0000000800000000, 0x0000000800000000)
  eden space 658944K, 0% used [0x00000007d5500000,0x00000007d5500000,0x00000007fd880000)
  from space 20480K, 67% used [0x00000007fec00000,0x00000007ff970000,0x0000000800000000)
  to   space 19968K, 0% used [0x00000007fd880000,0x00000007fd880000,0x00000007fec00000)
 ParOldGen       total 1398272K, used 1380725K [0x000000077ff80000, 0x00000007d5500000, 0x00000007d5500000)
  object space 1398272K, 98% used [0x000000077ff80000,0x00000007d43dd688,0x00000007d5500000)
 PSPermGen       total 108032K, used 107781K [0x000000073ff80000, 0x0000000746900000, 0x000000077ff80000)
  object space 108032K, 99% used [0x000000073ff80000,0x00000007468c15c0,0x0000000746900000)
}
Event: 61618.316 GC heap before
{Heap before GC invocations=135 (full 0):
 PSYoungGen      total 679424K, used 672704K [0x00000007d5500000, 0x0000000800000000, 0x0000000800000000)
  eden space 658944K, 100% used [0x00000007d5500000,0x00000007fd880000,0x00000007fd880000)
  from space 20480K, 67% used [0x00000007fec00000,0x00000007ff970000,0x0000000800000000)
  to   space 19968K, 0% used [0x00000007fd880000,0x00000007fd880000,0x00000007fec00000)
 ParOldGen       total 1398272K, used 1380725K [0x000000077ff80000, 0x00000007d5500000, 0x00000007d5500000)
  object space 1398272K, 98% used [0x000000077ff80000,0x00000007d43dd688,0x00000007d5500000)
 PSPermGen       total 108032K, used 107783K [0x000000073ff80000, 0x0000000746900000, 0x000000077ff80000)
  object space 108032K, 99% used [0x000000073ff80000,0x00000007468c1db0,0x0000000746900000)
Event: 61618.335 GC heap after
Heap after GC invocations=135 (full 0):
 PSYoungGen      total 678912K, used 16809K [0x00000007d5500000, 0x0000000800000000, 0x0000000800000000)
  eden space 658944K, 0% used [0x00000007d5500000,0x00000007d5500000,0x00000007fd880000)
  from space 19968K, 84% used [0x00000007fd880000,0x00000007fe8ea718,0x00000007fec00000)
  to   space 20480K, 0% used [0x00000007fec00000,0x00000007fec00000,0x0000000800000000)
 ParOldGen       total 1398272K, used 1390461K [0x000000077ff80000, 0x00000007d5500000, 0x00000007d5500000)
  object space 1398272K, 99% used [0x000000077ff80000,0x00000007d4d5f688,0x00000007d5500000)
 PSPermGen       total 108032K, used 107783K [0x000000073ff80000, 0x0000000746900000, 0x000000077ff80000)
  object space 108032K, 99% used [0x000000073ff80000,0x00000007468c1db0,0x0000000746900000)
}
Event: 61618.335 GC heap before
{Heap before GC invocations=136 (full 1):
 PSYoungGen      total 678912K, used 16809K [0x00000007d5500000, 0x0000000800000000, 0x0000000800000000)
  eden space 658944K, 0% used [0x00000007d5500000,0x00000007d5500000,0x00000007fd880000)
  from space 19968K, 84% used [0x00000007fd880000,0x00000007fe8ea718,0x00000007fec00000)
  to   space 20480K, 0% used [0x00000007fec00000,0x00000007fec00000,0x0000000800000000)
 ParOldGen       total 1398272K, used 1390461K [0x000000077ff80000, 0x00000007d5500000, 0x00000007d5500000)
  object space 1398272K, 99% used [0x000000077ff80000,0x00000007d4d5f688,0x00000007d5500000)
 PSPermGen       total 108032K, used 107783K [0x000000073ff80000, 0x0000000746900000, 0x000000077ff80000)
  object space 108032K, 99% used [0x000000073ff80000,0x00000007468c1db0,0x0000000746900000)
Event: 61618.713 GC heap after
Heap after GC invocations=136 (full 1):
 PSYoungGen      total 678912K, used 0K [0x00000007d5500000, 0x0000000800000000, 0x0000000800000000)
  eden space 658944K, 0% used [0x00000007d5500000,0x00000007d5500000,0x00000007fd880000)
  from space 19968K, 0% used [0x00000007fd880000,0x00000007fd880000,0x00000007fec00000)
  to   space 20480K, 0% used [0x00000007fec00000,0x00000007fec00000,0x0000000800000000)
 ParOldGen       total 1398272K, used 159856K [0x000000077ff80000, 0x00000007d5500000, 0x00000007d5500000)
  object space 1398272K, 11% used [0x000000077ff80000,0x0000000789b9c328,0x00000007d5500000)
 PSPermGen       total 215040K, used 107253K [0x000000073ff80000, 0x000000074d180000, 0x000000077ff80000)
  object space 215040K, 49% used [0x000000073ff80000,0x000000074683d6d0,0x000000074d180000)
}

# JRE version: OpenJDK Runtime Environment (7.0_111-b01) (build 1.7.0_111-mockbuild_2016_07_22_09_37-b00)
# Java VM: OpenJDK 64-Bit Server VM (24.111-b01 mixed mode linux-amd64 compressed oops)
Heap
 PSYoungGen      total 1830400K, used 1343649K [0x0000000780000000, 0x0000000800000000, 0x0000000800000000)
  eden space 1553408K, 85% used [0x0000000780000000,0x00000007d09c43c8,0x00000007ded00000)
  from space 276992K, 8% used [0x00000007ef180000,0x00000007f07e4350,0x0000000800000000)
  to   space 266752K, 0% used [0x00000007ded00000,0x00000007ded00000,0x00000007ef180000)
 ParOldGen       total 4194304K, used 225243K [0x0000000680000000, 0x0000000780000000, 0x0000000780000000)
  object space 4194304K, 5% used [0x0000000680000000,0x000000068dbf6ff0,0x0000000780000000)
 PSPermGen       total 98304K, used 98292K [0x0000000640000000, 0x0000000646000000, 0x0000000680000000)
  object space 98304K, 99% used [0x0000000640000000,0x0000000645ffd3a8,0x0000000646000000)
GC Heap History (10 events):
Event: 7078.878 GC heap before
{Heap before GC invocations=12 (full 0):
 PSYoungGen      total 1526272K, used 1525811K [0x0000000780000000, 0x0000000800000000, 0x0000000800000000)
  eden space 1515520K, 100% used [0x0000000780000000,0x00000007dc800000,0x00000007dc800000)
  from space 10752K, 95% used [0x00000007dc800000,0x00000007dd20cf78,0x00000007dd280000)
  to   space 293888K, 0% used [0x00000007ee100000,0x00000007ee100000,0x0000000800000000)
 ParOldGen       total 4194304K, used 218700K [0x0000000680000000, 0x0000000780000000, 0x0000000780000000)
  object space 4194304K, 5% used [0x0000000680000000,0x000000068d593280,0x0000000780000000)
 PSPermGen       total 90624K, used 90335K [0x0000000640000000, 0x0000000645880000, 0x0000000680000000)
  object space 90624K, 99% used [0x0000000640000000,0x0000000645837fa8,0x0000000645880000)
Event: 7078.913 GC heap after
Heap after GC invocations=12 (full 0):
 PSYoungGen      total 1804800K, used 15806K [0x0000000780000000, 0x0000000800000000, 0x0000000800000000)
  eden space 1510912K, 0% used [0x0000000780000000,0x0000000780000000,0x00000007dc380000)
  from space 293888K, 5% used [0x00000007ee100000,0x00000007ef06fa88,0x0000000800000000)
  to   space 292352K, 0% used [0x00000007dc380000,0x00000007dc380000,0x00000007ee100000)
 ParOldGen       total 4194304K, used 219669K [0x0000000680000000, 0x0000000780000000, 0x0000000780000000)
  object space 4194304K, 5% used [0x0000000680000000,0x000000068d685570,0x0000000780000000)
 PSPermGen       total 90624K, used 90335K [0x0000000640000000, 0x0000000645880000, 0x0000000680000000)
  object space 90624K, 99% used [0x0000000640000000,0x0000000645837fa8,0x0000000645880000)
}
Event: 8399.037 GC heap before
{Heap before GC invocations=13 (full 0):
 PSYoungGen      total 1804800K, used 1526718K [0x0000000780000000, 0x0000000800000000, 0x0000000800000000)
  eden space 1510912K, 100% used [0x0000000780000000,0x00000007dc380000,0x00000007dc380000)
  from space 293888K, 5% used [0x00000007ee100000,0x00000007ef06fa88,0x0000000800000000)
  to   space 292352K, 0% used [0x00000007dc380000,0x00000007dc380000,0x00000007ee100000)
 ParOldGen       total 4194304K, used 219669K [0x0000000680000000, 0x0000000780000000, 0x0000000780000000)
  object space 4194304K, 5% used [0x0000000680000000,0x000000068d685570,0x0000000780000000)
 PSPermGen       total 90624K, used 90437K [0x0000000640000000, 0x0000000645880000, 0x0000000680000000)
  object space 90624K, 99% used [0x0000000640000000,0x0000000645851460,0x0000000645880000)
Event: 8399.059 GC heap after
Heap after GC invocations=13 (full 0):
 PSYoungGen      total 1803264K, used 11168K [0x0000000780000000, 0x0000000800000000, 0x0000000800000000)
  eden space 1510912K, 0% used [0x0000000780000000,0x0000000780000000,0x00000007dc380000)
  from space 292352K, 3% used [0x00000007dc380000,0x00000007dce68200,0x00000007ee100000)
  to   space 289280K, 0% used [0x00000007ee580000,0x00000007ee580000,0x0000000800000000)
 ParOldGen       total 4194304K, used 220264K [0x0000000680000000, 0x0000000780000000, 0x0000000780000000)
  object space 4194304K, 5% used [0x0000000680000000,0x000000068d71a118,0x0000000780000000)
 PSPermGen       total 90624K, used 90437K [0x0000000640000000, 0x0000000645880000, 0x0000000680000000)
  object space 90624K, 99% used [0x0000000640000000,0x0000000645851460,0x0000000645880000)
}
Event: 9619.857 GC heap before
{Heap before GC invocations=14 (full 0):
 PSYoungGen      total 1803264K, used 1522080K [0x0000000780000000, 0x0000000800000000, 0x0000000800000000)
  eden space 1510912K, 100% used [0x0000000780000000,0x00000007dc380000,0x00000007dc380000)
  from space 292352K, 3% used [0x00000007dc380000,0x00000007dce68200,0x00000007ee100000)
  to   space 289280K, 0% used [0x00000007ee580000,0x00000007ee580000,0x0000000800000000)
 ParOldGen       total 4194304K, used 220264K [0x0000000680000000, 0x0000000780000000, 0x0000000780000000)
  object space 4194304K, 5% used [0x0000000680000000,0x000000068d71a118,0x0000000780000000)
 PSPermGen       total 90624K, used 90534K [0x0000000640000000, 0x0000000645880000, 0x0000000680000000)
  object space 90624K, 99% used [0x0000000640000000,0x0000000645869a30,0x0000000645880000)
Event: 9619.878 GC heap after
Heap after GC invocations=14 (full 0):
 PSYoungGen      total 1812992K, used 11216K [0x0000000780000000, 0x0000000800000000, 0x0000000800000000)
  eden space 1523712K, 0% used [0x0000000780000000,0x0000000780000000,0x00000007dd000000)
  from space 289280K, 3% used [0x00000007ee580000,0x00000007ef0741f0,0x0000000800000000)
  to   space 284160K, 0% used [0x00000007dd000000,0x00000007dd000000,0x00000007ee580000)
 ParOldGen       total 4194304K, used 221024K [0x0000000680000000, 0x0000000780000000, 0x0000000780000000)
  object space 4194304K, 5% used [0x0000000680000000,0x000000068d7d8158,0x0000000780000000)
 PSPermGen       total 90624K, used 90534K [0x0000000640000000, 0x0000000645880000, 0x0000000680000000)
  object space 90624K, 99% used [0x0000000640000000,0x0000000645869a30,0x0000000645880000)
}
Event: 10781.713 GC heap before
{Heap before GC invocations=15 (full 0):
 PSYoungGen      total 1812992K, used 1534928K [0x0000000780000000, 0x0000000800000000, 0x0000000800000000)
  eden space 1523712K, 100% used [0x0000000780000000,0x00000007dd000000,0x00000007dd000000)
  from space 289280K, 3% used [0x00000007ee580000,0x00000007ef0741f0,0x0000000800000000)
  to   space 284160K, 0% used [0x00000007dd000000,0x00000007dd000000,0x00000007ee580000)
 ParOldGen       total 4194304K, used 221024K [0x0000000680000000, 0x0000000780000000, 0x0000000780000000)
  object space 4194304K, 5% used [0x0000000680000000,0x000000068d7d8158,0x0000000780000000)
 PSPermGen       total 91136K, used 90775K [0x0000000640000000, 0x0000000645900000, 0x0000000680000000)
  object space 91136K, 99% used [0x0000000640000000,0x00000006458a5e30,0x0000000645900000)
Event: 10781.732 GC heap after
Heap after GC invocations=15 (full 0):
 PSYoungGen      total 1807872K, used 13232K [0x0000000780000000, 0x0000000800000000, 0x0000000800000000)
  eden space 1523712K, 0% used [0x0000000780000000,0x0000000780000000,0x00000007dd000000)
  from space 284160K, 4% used [0x00000007dd000000,0x00000007ddcec060,0x00000007ee580000)
  to   space 276992K, 0% used [0x00000007ef180000,0x00000007ef180000,0x0000000800000000)
 ParOldGen       total 4194304K, used 221973K [0x0000000680000000, 0x0000000780000000, 0x0000000780000000)
  object space 4194304K, 5% used [0x0000000680000000,0x000000068d8c56b0,0x0000000780000000)
 PSPermGen       total 91136K, used 90775K [0x0000000640000000, 0x0000000645900000, 0x0000000680000000)
  object space 91136K, 99% used [0x0000000640000000,0x00000006458a5e30,0x0000000645900000)
}
Event: 11618.851 GC heap before
{Heap before GC invocations=16 (full 0):
 PSYoungGen      total 1807872K, used 1536944K [0x0000000780000000, 0x0000000800000000, 0x0000000800000000)
  eden space 1523712K, 100% used [0x0000000780000000,0x00000007dd000000,0x00000007dd000000)
  from space 284160K, 4% used [0x00000007dd000000,0x00000007ddcec060,0x00000007ee580000)
  to   space 276992K, 0% used [0x00000007ef180000,0x00000007ef180000,0x0000000800000000)
 ParOldGen       total 4194304K, used 221973K [0x0000000680000000, 0x0000000780000000, 0x0000000780000000)
  object space 4194304K, 5% used [0x0000000680000000,0x000000068d8c56b0,0x0000000780000000)
 PSPermGen       total 98304K, used 97883K [0x0000000640000000, 0x0000000646000000, 0x0000000680000000)
  object space 98304K, 99% used [0x0000000640000000,0x0000000645f96ca8,0x0000000646000000)
Event: 11618.883 GC heap after
Heap after GC invocations=16 (full 0):
 PSYoungGen      total 1830400K, used 22928K [0x0000000780000000, 0x0000000800000000, 0x0000000800000000)
  eden space 1553408K, 0% used [0x0000000780000000,0x0000000780000000,0x00000007ded00000)
  from space 276992K, 8% used [0x00000007ef180000,0x00000007f07e4350,0x0000000800000000)
  to   space 266752K, 0% used [0x00000007ded00000,0x00000007ded00000,0x00000007ef180000)
 ParOldGen       total 4194304K, used 225243K [0x0000000680000000, 0x0000000780000000, 0x0000000780000000)
  object space 4194304K, 5% used [0x0000000680000000,0x000000068dbf6ff0,0x0000000780000000)
 PSPermGen       total 98304K, used 97883K [0x0000000640000000, 0x0000000646000000, 0x0000000680000000)
  object space 98304K, 99% used [0x0000000640000000,0x0000000645f96ca8,0x0000000646000000)
}

