# JRE version: 7.0_25-b17
# Java VM: Java HotSpot(TM) 64-Bit Server VM (23.25-b01 mixed mode windows-amd64 compressed oops)
Heap
 PSYoungGen      total 8000K, used 101K [0x00000000f5560000, 0x00000000f5e10000, 0x0000000100000000)
  eden space 7104K, 1% used [0x00000000f5560000,0x00000000f5579600,0x00000000f5c50000)
  from space 896K, 0% used [0x00000000f5c50000,0x00000000f5c50000,0x00000000f5d30000)
  to   space 896K, 0% used [0x00000000f5d30000,0x00000000f5d30000,0x00000000f5e10000)
 ParOldGen       total 87424K, used 12134K [0x00000000e0000000, 0x00000000e5560000, 0x00000000f5560000)
  object space 87424K, 13% used [0x00000000e0000000,0x00000000e0bd9bb8,0x00000000e5560000)
 PSPermGen       total 135936K, used 59979K [0x00000000a0000000, 0x00000000a84c0000, 0x00000000e0000000)
  object space 135936K, 44% used [0x00000000a0000000,0x00000000a3a92e38,0x00000000a84c0000)
GC Heap History (10 events):
Event: 198757.339 GC heap before
{Heap before GC invocations=127 (full 0):
 PSYoungGen      total 8000K, used 7200K [0x00000000f5560000, 0x00000000f5e30000, 0x0000000100000000)
  eden space 7104K, 100% used [0x00000000f5560000,0x00000000f5c50000,0x00000000f5c50000)
  from space 896K, 10% used [0x00000000f5d50000,0x00000000f5d68000,0x00000000f5e30000)
  to   space 960K, 0% used [0x00000000f5c50000,0x00000000f5c50000,0x00000000f5d40000)
 ParOldGen       total 87424K, used 18306K [0x00000000e0000000, 0x00000000e5560000, 0x00000000f5560000)
  object space 87424K, 20% used [0x00000000e0000000,0x00000000e11e0898,0x00000000e5560000)
 PSPermGen       total 60608K, used 60422K [0x00000000a0000000, 0x00000000a3b30000, 0x00000000e0000000)
  object space 60608K, 99% used [0x00000000a0000000,0x00000000a3b01a50,0x00000000a3b30000)
Event: 198757.341 GC heap after
Heap after GC invocations=127 (full 0):
 PSYoungGen      total 8064K, used 437K [0x00000000f5560000, 0x00000000f5e30000, 0x0000000100000000)
  eden space 7104K, 0% used [0x00000000f5560000,0x00000000f5560000,0x00000000f5c50000)
  from space 960K, 45% used [0x00000000f5c50000,0x00000000f5cbd520,0x00000000f5d40000)
  to   space 960K, 0% used [0x00000000f5d40000,0x00000000f5d40000,0x00000000f5e30000)
 ParOldGen       total 87424K, used 18330K [0x00000000e0000000, 0x00000000e5560000, 0x00000000f5560000)
  object space 87424K, 20% used [0x00000000e0000000,0x00000000e11e6898,0x00000000e5560000)
 PSPermGen       total 60608K, used 60422K [0x00000000a0000000, 0x00000000a3b30000, 0x00000000e0000000)
  object space 60608K, 99% used [0x00000000a0000000,0x00000000a3b01a50,0x00000000a3b30000)
}
Event: 198757.608 GC heap before
{Heap before GC invocations=128 (full 0):
 PSYoungGen      total 8064K, used 2674K [0x00000000f5560000, 0x00000000f5e30000, 0x0000000100000000)
  eden space 7104K, 31% used [0x00000000f5560000,0x00000000f578f3d8,0x00000000f5c50000)
  from space 960K, 45% used [0x00000000f5c50000,0x00000000f5cbd520,0x00000000f5d40000)
  to   space 960K, 0% used [0x00000000f5d40000,0x00000000f5d40000,0x00000000f5e30000)
 ParOldGen       total 87424K, used 18330K [0x00000000e0000000, 0x00000000e5560000, 0x00000000f5560000)
  object space 87424K, 20% used [0x00000000e0000000,0x00000000e11e6898,0x00000000e5560000)
 PSPermGen       total 60608K, used 60541K [0x00000000a0000000, 0x00000000a3b30000, 0x00000000e0000000)
  object space 60608K, 99% used [0x00000000a0000000,0x00000000a3b1f6b0,0x00000000a3b30000)
Event: 198757.610 GC heap after
Heap after GC invocations=128 (full 0):
 PSYoungGen      total 7936K, used 160K [0x00000000f5560000, 0x00000000f5e10000, 0x0000000100000000)
  eden space 7104K, 0% used [0x00000000f5560000,0x00000000f5560000,0x00000000f5c50000)
  from space 832K, 19% used [0x00000000f5d40000,0x00000000f5d68000,0x00000000f5e10000)
  to   space 896K, 0% used [0x00000000f5c50000,0x00000000f5c50000,0x00000000f5d30000)
 ParOldGen       total 87424K, used 18386K [0x00000000e0000000, 0x00000000e5560000, 0x00000000f5560000)
  object space 87424K, 21% used [0x00000000e0000000,0x00000000e11f4898,0x00000000e5560000)
 PSPermGen       total 60608K, used 60541K [0x00000000a0000000, 0x00000000a3b30000, 0x00000000e0000000)
  object space 60608K, 99% used [0x00000000a0000000,0x00000000a3b1f6b0,0x00000000a3b30000)
}
Event: 198757.610 GC heap before
{Heap before GC invocations=129 (full 1):
 PSYoungGen      total 7936K, used 160K [0x00000000f5560000, 0x00000000f5e10000, 0x0000000100000000)
  eden space 7104K, 0% used [0x00000000f5560000,0x00000000f5560000,0x00000000f5c50000)
  from space 832K, 19% used [0x00000000f5d40000,0x00000000f5d68000,0x00000000f5e10000)
  to   space 896K, 0% used [0x00000000f5c50000,0x00000000f5c50000,0x00000000f5d30000)
 ParOldGen       total 87424K, used 18386K [0x00000000e0000000, 0x00000000e5560000, 0x00000000f5560000)
  object space 87424K, 21% used [0x00000000e0000000,0x00000000e11f4898,0x00000000e5560000)
 PSPermGen       total 60608K, used 60541K [0x00000000a0000000, 0x00000000a3b30000, 0x00000000e0000000)
  object space 60608K, 99% used [0x00000000a0000000,0x00000000a3b1f6b0,0x00000000a3b30000)
Event: 198758.015 GC heap after
Heap after GC invocations=129 (full 1):
 PSYoungGen      total 7936K, used 0K [0x00000000f5560000, 0x00000000f5e10000, 0x0000000100000000)
  eden space 7104K, 0% used [0x00000000f5560000,0x00000000f5560000,0x00000000f5c50000)
  from space 832K, 0% used [0x00000000f5d40000,0x00000000f5d40000,0x00000000f5e10000)
  to   space 896K, 0% used [0x00000000f5c50000,0x00000000f5c50000,0x00000000f5d30000)
 ParOldGen       total 87424K, used 12731K [0x00000000e0000000, 0x00000000e5560000, 0x00000000f5560000)
  object space 87424K, 14% used [0x00000000e0000000,0x00000000e0c6eff0,0x00000000e5560000)
 PSPermGen       total 121088K, used 60005K [0x00000000a0000000, 0x00000000a7640000, 0x00000000e0000000)
  object space 121088K, 49% used [0x00000000a0000000,0x00000000a3a99768,0x00000000a7640000)
}
Event: 198758.015 GC heap before
{Heap before GC invocations=130 (full 1):
 PSYoungGen      total 7936K, used 0K [0x00000000f5560000, 0x00000000f5e10000, 0x0000000100000000)
  eden space 7104K, 0% used [0x00000000f5560000,0x00000000f5560000,0x00000000f5c50000)
  from space 832K, 0% used [0x00000000f5d40000,0x00000000f5d40000,0x00000000f5e10000)
  to   space 896K, 0% used [0x00000000f5c50000,0x00000000f5c50000,0x00000000f5d30000)
 ParOldGen       total 87424K, used 12731K [0x00000000e0000000, 0x00000000e5560000, 0x00000000f5560000)
  object space 87424K, 14% used [0x00000000e0000000,0x00000000e0c6eff0,0x00000000e5560000)
 PSPermGen       total 121088K, used 60005K [0x00000000a0000000, 0x00000000a7640000, 0x00000000e0000000)
  object space 121088K, 49% used [0x00000000a0000000,0x00000000a3a99768,0x00000000a7640000)
Event: 198758.017 GC heap after
Heap after GC invocations=130 (full 1):
 PSYoungGen      total 8000K, used 0K [0x00000000f5560000, 0x00000000f5e10000, 0x0000000100000000)
  eden space 7104K, 0% used [0x00000000f5560000,0x00000000f5560000,0x00000000f5c50000)
  from space 896K, 0% used [0x00000000f5c50000,0x00000000f5c50000,0x00000000f5d30000)
  to   space 896K, 0% used [0x00000000f5d30000,0x00000000f5d30000,0x00000000f5e10000)
 ParOldGen       total 87424K, used 12731K [0x00000000e0000000, 0x00000000e5560000, 0x00000000f5560000)
  object space 87424K, 14% used [0x00000000e0000000,0x00000000e0c6eff0,0x00000000e5560000)
 PSPermGen       total 121088K, used 60005K [0x00000000a0000000, 0x00000000a7640000, 0x00000000e0000000)
  object space 121088K, 49% used [0x00000000a0000000,0x00000000a3a99768,0x00000000a7640000)
}
Event: 198758.017 GC heap before
{Heap before GC invocations=131 (full 2):
 PSYoungGen      total 8000K, used 0K [0x00000000f5560000, 0x00000000f5e10000, 0x0000000100000000)
  eden space 7104K, 0% used [0x00000000f5560000,0x00000000f5560000,0x00000000f5c50000)
  from space 896K, 0% used [0x00000000f5c50000,0x00000000f5c50000,0x00000000f5d30000)
  to   space 896K, 0% used [0x00000000f5d30000,0x00000000f5d30000,0x00000000f5e10000)
 ParOldGen       total 87424K, used 12731K [0x00000000e0000000, 0x00000000e5560000, 0x00000000f5560000)
  object space 87424K, 14% used [0x00000000e0000000,0x00000000e0c6eff0,0x00000000e5560000)
 PSPermGen       total 121088K, used 60005K [0x00000000a0000000, 0x00000000a7640000, 0x00000000e0000000)
  object space 121088K, 49% used [0x00000000a0000000,0x00000000a3a99768,0x00000000a7640000)
Event: 198758.192 GC heap after
Heap after GC invocations=131 (full 2):
 PSYoungGen      total 8000K, used 0K [0x00000000f5560000, 0x00000000f5e10000, 0x0000000100000000)
  eden space 7104K, 0% used [0x00000000f5560000,0x00000000f5560000,0x00000000f5c50000)
  from space 896K, 0% used [0x00000000f5c50000,0x00000000f5c50000,0x00000000f5d30000)
  to   space 896K, 0% used [0x00000000f5d30000,0x00000000f5d30000,0x00000000f5e10000)
 ParOldGen       total 87424K, used 12134K [0x00000000e0000000, 0x00000000e5560000, 0x00000000f5560000)
  object space 87424K, 13% used [0x00000000e0000000,0x00000000e0bd9bb8,0x00000000e5560000)
 PSPermGen       total 135936K, used 59979K [0x00000000a0000000, 0x00000000a84c0000, 0x00000000e0000000)
  object space 135936K, 44% used [0x00000000a0000000,0x00000000a3a92e38,0x00000000a84c0000)
}

