# JRE version: OpenJDK Runtime Environment (9.0) (build 9-internal+0-2016-04-14-195246.buildd.src)
# Java VM: OpenJDK 64-Bit Server VM (9-internal+0-2016-04-14-195246.buildd.src, mixed mode, tiered, compressed oops, g1 gc, linux-amd64)
Heap:
 garbage-first heap   total 391168K, used 94208K [0x00000000c7a00000, 0x00000000c7b00bf0, 0x0000000100000000)
  region size 1024K, 15 young (15360K), 1 survivors (1024K)
 Metaspace       used 86106K, capacity 93234K, committed 93516K, reserved 1130496K
  class space    used 10171K, capacity 11997K, committed 12108K, reserved 1048576K
GC Heap History (10 events):
Event: 166.125 GC heap before
{Heap before GC invocations=75 (full 0):
 garbage-first heap   total 257024K, used 186257K [0x00000000c7a00000, 0x00000000c7b007d8, 0x0000000100000000)
  region size 1024K, 84 young (86016K), 3 survivors (3072K)
 Metaspace       used 81974K, capacity 88842K, committed 89164K, reserved 1126400K
  class space    used 9726K, capacity 11471K, committed 11596K, reserved 1048576K
}
Event: 166.152 GC heap after
{Heap after GC invocations=76 (full 0):
 garbage-first heap   total 257024K, used 115258K [0x00000000c7a00000, 0x00000000c7b007d8, 0x0000000100000000)
  region size 1024K, 11 young (11264K), 11 survivors (11264K)
 Metaspace       used 81974K, capacity 88842K, committed 89164K, reserved 1126400K
  class space    used 9726K, capacity 11471K, committed 11596K, reserved 1048576K
}
Event: 166.354 GC heap before
{Heap before GC invocations=76 (full 0):
 garbage-first heap   total 257024K, used 194106K [0x00000000c7a00000, 0x00000000c7b007d8, 0x0000000100000000)
  region size 1024K, 88 young (90112K), 11 survivors (11264K)
 Metaspace       used 81978K, capacity 88842K, committed 89164K, reserved 1126400K
  class space    used 9726K, capacity 11471K, committed 11596K, reserved 1048576K
}
Event: 166.427 GC heap after
{Heap after GC invocations=77 (full 0):
 garbage-first heap   total 257024K, used 144128K [0x00000000c7a00000, 0x00000000c7b007d8, 0x0000000100000000)
  region size 1024K, 11 young (11264K), 11 survivors (11264K)
 Metaspace       used 81978K, capacity 88842K, committed 89164K, reserved 1126400K
  class space    used 9726K, capacity 11471K, committed 11596K, reserved 1048576K
}
Event: 167.375 GC heap before
{Heap before GC invocations=77 (full 0):
 garbage-first heap   total 257024K, used 197376K [0x00000000c7a00000, 0x00000000c7b007d8, 0x0000000100000000)
  region size 1024K, 63 young (64512K), 11 survivors (11264K)
 Metaspace       used 82258K, capacity 89172K, committed 89420K, reserved 1126400K
  class space    used 9736K, capacity 11472K, committed 11596K, reserved 1048576K
}
Event: 167.414 GC heap after
{Heap after GC invocations=78 (full 0):
 garbage-first heap   total 391168K, used 146944K [0x00000000c7a00000, 0x00000000c7b00bf0, 0x0000000100000000)
  region size 1024K, 3 young (3072K), 3 survivors (3072K)
 Metaspace       used 82258K, capacity 89172K, committed 89420K, reserved 1126400K
  class space    used 9736K, capacity 11472K, committed 11596K, reserved 1048576K
}
Event: 196.933 GC heap before
{Heap before GC invocations=79 (full 0):
 garbage-first heap   total 391168K, used 182784K [0x00000000c7a00000, 0x00000000c7b00bf0, 0x0000000100000000)
  region size 1024K, 99 young (101376K), 3 survivors (3072K)
 Metaspace       used 83298K, capacity 90244K, committed 90444K, reserved 1128448K
  class space    used 9830K, capacity 11592K, committed 11596K, reserved 1048576K
}
Event: 196.973 GC heap after
{Heap after GC invocations=80 (full 0):
 garbage-first heap   total 391168K, used 88320K [0x00000000c7a00000, 0x00000000c7b00bf0, 0x0000000100000000)
  region size 1024K, 7 young (7168K), 7 survivors (7168K)
 Metaspace       used 83298K, capacity 90244K, committed 90444K, reserved 1128448K
  class space    used 9830K, capacity 11592K, committed 11596K, reserved 1048576K
}
Event: 197.079 GC heap before
{Heap before GC invocations=80 (full 0):
 garbage-first heap   total 391168K, used 100608K [0x00000000c7a00000, 0x00000000c7b00bf0, 0x0000000100000000)
  region size 1024K, 19 young (19456K), 7 survivors (7168K)
 Metaspace       used 83390K, capacity 90384K, committed 90444K, reserved 1128448K
  class space    used 9840K, capacity 11594K, committed 11596K, reserved 1048576K
}
Event: 197.101 GC heap after
{Heap after GC invocations=81 (full 0):
 garbage-first heap   total 391168K, used 80896K [0x00000000c7a00000, 0x00000000c7b00bf0, 0x0000000100000000)
  region size 1024K, 1 young (1024K), 1 survivors (1024K)
 Metaspace       used 83390K, capacity 90384K, committed 90444K, reserved 1128448K
  class space    used 9840K, capacity 11594K, committed 11596K, reserved 1048576K
}

