# JRE version: OpenJDK Runtime Environment (8.0_222-b10) (build 1.8.0_222-8u222-b10-1ubuntu1~18.04.1-b10)
# Java VM: OpenJDK 64-Bit Server VM (25.222-b10 mixed mode linux-amd64 compressed oops)
Heap:
 PSYoungGen      total 271872K, used 18801K [0x0000000580100000, 0x0000000592700000, 0x0000000800000000)
  eden space 243712K, 0% used [0x0000000580100000,0x0000000580100000,0x000000058ef00000)
  from space 28160K, 66% used [0x0000000590b80000,0x0000000591ddc6e0,0x0000000592700000)
  to   space 28672K, 0% used [0x000000058ef00000,0x000000058ef00000,0x0000000590b00000)
 ParOldGen       total 3724800K, used 3711750K [0x0000000080200000, 0x0000000163780000, 0x0000000580100000)
  object space 3724800K, 99% used [0x0000000080200000,0x0000000162ac1a10,0x0000000163780000)
 Metaspace       used 197405K, capacity 228276K, committed 244172K, reserved 1261568K
  class space    used 23695K, capacity 30474K, committed 32460K, reserved 1048576K
GC Heap History (10 events):
Event: 269623.207 GC heap after
Heap after GC invocations=8357 (full 165):
 PSYoungGen      total 272384K, used 21136K [0x0000000580100000, 0x0000000592800000, 0x0000000800000000)
  eden space 247808K, 0% used [0x0000000580100000,0x0000000580100000,0x000000058f300000)
  from space 24576K, 86% used [0x0000000590d00000,0x00000005921a4250,0x0000000592500000)
  to   space 26624K, 0% used [0x000000058f300000,0x000000058f300000,0x0000000590d00000)
 ParOldGen       total 3724800K, used 3684259K [0x0000000080200000, 0x0000000163780000, 0x0000000580100000)
  object space 3724800K, 98% used [0x0000000080200000,0x0000000160fe8ed0,0x0000000163780000)
 Metaspace       used 197405K, capacity 228276K, committed 244172K, reserved 1261568K
  class space    used 23695K, capacity 30474K, committed 32460K, reserved 1048576K
}
Event: 269640.394 GC heap before
{Heap before GC invocations=8358 (full 165):
 PSYoungGen      total 272384K, used 268944K [0x0000000580100000, 0x0000000592800000, 0x0000000800000000)
  eden space 247808K, 100% used [0x0000000580100000,0x000000058f300000,0x000000058f300000)
  from space 24576K, 86% used [0x0000000590d00000,0x00000005921a4250,0x0000000592500000)
  to   space 26624K, 0% used [0x000000058f300000,0x000000058f300000,0x0000000590d00000)
 ParOldGen       total 3724800K, used 3684259K [0x0000000080200000, 0x0000000163780000, 0x0000000580100000)
  object space 3724800K, 98% used [0x0000000080200000,0x0000000160fe8ed0,0x0000000163780000)
 Metaspace       used 197405K, capacity 228276K, committed 244172K, reserved 1261568K
  class space    used 23695K, capacity 30474K, committed 32460K, reserved 1048576K
Event: 269640.412 GC heap after
Heap after GC invocations=8358 (full 165):
 PSYoungGen      total 252416K, used 5489K [0x0000000580100000, 0x0000000592600000, 0x0000000800000000)
  eden space 246784K, 0% used [0x0000000580100000,0x0000000580100000,0x000000058f200000)
  from space 5632K, 97% used [0x000000058f300000,0x000000058f85c470,0x000000058f880000)
  to   space 26624K, 0% used [0x0000000590c00000,0x0000000590c00000,0x0000000592600000)
 ParOldGen       total 3724800K, used 3700352K [0x0000000080200000, 0x0000000163780000, 0x0000000580100000)
  object space 3724800K, 99% used [0x0000000080200000,0x0000000161fa0030,0x0000000163780000)
 Metaspace       used 197405K, capacity 228276K, committed 244172K, reserved 1261568K
  class space    used 23695K, capacity 30474K, committed 32460K, reserved 1048576K
}
Event: 269690.593 GC heap before
{Heap before GC invocations=8359 (full 165):
 PSYoungGen      total 252416K, used 252273K [0x0000000580100000, 0x0000000592600000, 0x0000000800000000)
  eden space 246784K, 100% used [0x0000000580100000,0x000000058f200000,0x000000058f200000)
  from space 5632K, 97% used [0x000000058f300000,0x000000058f85c470,0x000000058f880000)
  to   space 26624K, 0% used [0x0000000590c00000,0x0000000590c00000,0x0000000592600000)
 ParOldGen       total 3724800K, used 3700352K [0x0000000080200000, 0x0000000163780000, 0x0000000580100000)
  object space 3724800K, 99% used [0x0000000080200000,0x0000000161fa0030,0x0000000163780000)
 Metaspace       used 197405K, capacity 228276K, committed 244172K, reserved 1261568K
  class space    used 23695K, capacity 30474K, committed 32460K, reserved 1048576K
Event: 269690.611 GC heap after
Heap after GC invocations=8359 (full 165):
 PSYoungGen      total 272384K, used 19665K [0x0000000580100000, 0x0000000592700000, 0x0000000800000000)
  eden space 245760K, 0% used [0x0000000580100000,0x0000000580100000,0x000000058f100000)
  from space 26624K, 73% used [0x0000000590c00000,0x0000000591f347c0,0x0000000592600000)
  to   space 27648K, 0% used [0x000000058f100000,0x000000058f100000,0x0000000590c00000)
 ParOldGen       total 3724800K, used 3702889K [0x0000000080200000, 0x0000000163780000, 0x0000000580100000)
  object space 3724800K, 99% used [0x0000000080200000,0x000000016221a550,0x0000000163780000)
 Metaspace       used 197405K, capacity 228276K, committed 244172K, reserved 1261568K
  class space    used 23695K, capacity 30474K, committed 32460K, reserved 1048576K
}
Event: 269751.055 GC heap before
{Heap before GC invocations=8360 (full 165):
 PSYoungGen      total 272384K, used 265425K [0x0000000580100000, 0x0000000592700000, 0x0000000800000000)
  eden space 245760K, 100% used [0x0000000580100000,0x000000058f100000,0x000000058f100000)
  from space 26624K, 73% used [0x0000000590c00000,0x0000000591f347c0,0x0000000592600000)
  to   space 27648K, 0% used [0x000000058f100000,0x000000058f100000,0x0000000590c00000)
 ParOldGen       total 3724800K, used 3702889K [0x0000000080200000, 0x0000000163780000, 0x0000000580100000)
  object space 3724800K, 99% used [0x0000000080200000,0x000000016221a550,0x0000000163780000)
 Metaspace       used 197405K, capacity 228276K, committed 244172K, reserved 1261568K
  class space    used 23695K, capacity 30474K, committed 32460K, reserved 1048576K
Event: 269751.073 GC heap after
Heap after GC invocations=8360 (full 165):
 PSYoungGen      total 264192K, used 19217K [0x0000000580100000, 0x0000000592700000, 0x0000000800000000)
  eden space 244736K, 0% used [0x0000000580100000,0x0000000580100000,0x000000058f000000)
  from space 19456K, 98% used [0x000000058f100000,0x00000005903c44c0,0x0000000590400000)
  to   space 28160K, 0% used [0x0000000590b80000,0x0000000590b80000,0x0000000592700000)
 ParOldGen       total 3724800K, used 3707706K [0x0000000080200000, 0x0000000163780000, 0x0000000580100000)
  object space 3724800K, 99% used [0x0000000080200000,0x00000001626ceb30,0x0000000163780000)
 Metaspace       used 197405K, capacity 228276K, committed 244172K, reserved 1261568K
  class space    used 23695K, capacity 30474K, committed 32460K, reserved 1048576K
}
Event: 269811.024 GC heap before
{Heap before GC invocations=8361 (full 165):
 PSYoungGen      total 264192K, used 263953K [0x0000000580100000, 0x0000000592700000, 0x0000000800000000)
  eden space 244736K, 100% used [0x0000000580100000,0x000000058f000000,0x000000058f000000)
  from space 19456K, 98% used [0x000000058f100000,0x00000005903c44c0,0x0000000590400000)
  to   space 28160K, 0% used [0x0000000590b80000,0x0000000590b80000,0x0000000592700000)
 ParOldGen       total 3724800K, used 3707706K [0x0000000080200000, 0x0000000163780000, 0x0000000580100000)
  object space 3724800K, 99% used [0x0000000080200000,0x00000001626ceb30,0x0000000163780000)
 Metaspace       used 197405K, capacity 228276K, committed 244172K, reserved 1261568K
  class space    used 23695K, capacity 30474K, committed 32460K, reserved 1048576K
Event: 269811.041 GC heap after
Heap after GC invocations=8361 (full 165):
 PSYoungGen      total 271872K, used 18801K [0x0000000580100000, 0x0000000592700000, 0x0000000800000000)
  eden space 243712K, 0% used [0x0000000580100000,0x0000000580100000,0x000000058ef00000)
  from space 28160K, 66% used [0x0000000590b80000,0x0000000591ddc6e0,0x0000000592700000)
  to   space 28672K, 0% used [0x000000058ef00000,0x000000058ef00000,0x0000000590b00000)
 ParOldGen       total 3724800K, used 3711750K [0x0000000080200000, 0x0000000163780000, 0x0000000580100000)
  object space 3724800K, 99% used [0x0000000080200000,0x0000000162ac1a10,0x0000000163780000)
 Metaspace       used 197405K, capacity 228276K, committed 244172K, reserved 1261568K
  class space    used 23695K, capacity 30474K, committed 32460K, reserved 1048576K
}
Event: 269811.041 GC heap before
{Heap before GC invocations=8362 (full 166):
 PSYoungGen      total 271872K, used 18801K [0x0000000580100000, 0x0000000592700000, 0x0000000800000000)
  eden space 243712K, 0% used [0x0000000580100000,0x0000000580100000,0x000000058ef00000)
  from space 28160K, 66% used [0x0000000590b80000,0x0000000591ddc6e0,0x0000000592700000)
  to   space 28672K, 0% used [0x000000058ef00000,0x000000058ef00000,0x0000000590b00000)
 ParOldGen       total 3724800K, used 3711750K [0x0000000080200000, 0x0000000163780000, 0x0000000580100000)
  object space 3724800K, 99% used [0x0000000080200000,0x0000000162ac1a10,0x0000000163780000)
 Metaspace       used 197405K, capacity 228276K, committed 244172K, reserved 1261568K
  class space    used 23695K, capacity 30474K, committed 32460K, reserved 1048576K

