<?xml version="1.0" ?><testsuite failed="0" tests="278"><testcase classname="Follow tests on user page : Logged in then follow user" name="Given I am logged in on &quot;/&quot;" time="9.119009"/><testcase classname="Follow tests on user page : Logged in then follow user" name="And I go to user &quot;1&quot;" time="1.378796"/><testcase classname="Follow tests on user page : Logged in then follow user" name="When I follow user" time="1.098818"/><testcase classname="Follow tests on user page : Logged in then follow user" name="Then user is followed" time="0.521126"/><testcase classname="Follow tests on user page : Logged in unfollow user" name="Given I have followed user &quot;1&quot; on user page" time="8.324859"/><testcase classname="Follow tests on user page : Logged in unfollow user" name="And I unfollow user" time="1.288541"/><testcase classname="Follow tests on user page : Logged in unfollow user" name="Then user is unfollowed" time="0.522351"/><testcase classname="Follow tests on user page : Follow then register" name="Given I access the url &quot;/&quot;" time="1.20267"/><testcase classname="Follow tests on user page : Follow then register" name="And I go to user &quot;2&quot;" time="1.264634"/><testcase classname="Follow tests on user page : Follow then register" name="When I follow user" time="1.564494"/><testcase classname="Follow tests on user page : Follow then register" name="And I register" time="4.64048"/><testcase classname="Follow tests on user page : Follow then register" name="Then user is followed" time="0.593979"/><testcase classname="Follow tests on user page : Follow then login" name="Given I access the url &quot;/&quot;" time="1.286038"/><testcase classname="Follow tests on user page : Follow then login" name="And I go to user &quot;3&quot;" time="1.446996"/><testcase classname="Follow tests on user page : Follow then login" name="When I follow user" time="1.593639"/><testcase classname="Follow tests on user page : Follow then login" name="And I login on register page" time="5.577885"/><testcase classname="Follow tests on user page : Follow then login" name="Then user is followed" time="0.541076"/><testcase classname="Follow tests on abcdefghs page : Logged in then follow abcdefgh" name="Given I am logged in on &quot;/abcdefghs/&quot;" time="5.680461"/><testcase classname="Follow tests on abcdefghs page : Logged in then follow abcdefgh" name="When I follow abcdefgh &quot;1&quot;" time="1.329329"/><testcase classname="Follow tests on abcdefghs page : Logged in then follow abcdefgh" name="Then abcdefgh &quot;1&quot; is followed" time="0.522262"/><testcase classname="Follow tests on abcdefghs page : Logged in unfollow abcdefgh" name="Given I have followed abcdefgh &quot;2&quot; on abcdefghs page" time="7.217403"/><testcase classname="Follow tests on abcdefghs page : Logged in unfollow abcdefgh" name="When I unfollow abcdefgh &quot;2&quot;" time="1.209576"/><testcase classname="Follow tests on abcdefghs page : Logged in unfollow abcdefgh" name="Then abcdefgh &quot;2&quot; is unfollowed" time="0.522666"/><testcase classname="Follow tests on abcdefghs page : Follow then register" name="Given I access the url &quot;/abcdefghs/&quot;" time="1.434966"/><testcase classname="Follow tests on abcdefghs page : Follow then register" name="When I follow abcdefgh &quot;3&quot;" time="1.63238"/><testcase classname="Follow tests on abcdefghs page : Follow then register" name="And I register" time="4.276514"/><testcase classname="Follow tests on abcdefghs page : Follow then register" name="Then abcdefgh &quot;3&quot; is followed" time="0.551665"/><testcase classname="Follow tests on abcdefghs page : Follow then login" name="Given I access the url &quot;/abcdefghs/&quot;" time="1.306636"/><testcase classname="Follow tests on abcdefghs page : Follow then login" name="When I follow abcdefgh &quot;4&quot;" time="1.665624"/><testcase classname="Follow tests on abcdefghs page : Follow then login" name="And I login on register page" time="5.855728"/><testcase classname="Follow tests on abcdefghs page : Follow then login" name="Then abcdefgh &quot;4&quot; is followed" time="0.547813"/><testcase classname="abcding tests on wxyzabc page : Logged in then abcd item" name="Given I am logged in on &quot;/&quot;" time="5.333068"/><testcase classname="abcding tests on wxyzabc page : Logged in then abcd item" name="And I go to item &quot;1&quot;" time="1.38679"/><testcase classname="abcding tests on wxyzabc page : Logged in then abcd item" name="When I abcd item" time="2.695006"/><testcase classname="abcding tests on wxyzabc page : Logged in then abcd item" name="Then item is abcded" time="0.51358"/><testcase classname="abcding tests on wxyzabc page : Logged in unabcd item" name="Given I have abcded an item on wxyzabc page" time="9.903706"/><testcase classname="abcding tests on wxyzabc page : Logged in unabcd item" name="When I unabcd item" time="1.07332"/><testcase classname="abcding tests on wxyzabc page : Logged in unabcd item" name="Then item is unabcded" time="0.526761"/><testcase classname="abcding tests on wxyzabc page : abcd item then register" name="Given I access the url &quot;/&quot;" time="1.252496"/><testcase classname="abcding tests on wxyzabc page : abcd item then register" name="And I go to item &quot;2&quot;" time="1.337713"/><testcase classname="abcding tests on wxyzabc page : abcd item then register" name="When I press abcd" time="1.568115"/><testcase classname="abcding tests on wxyzabc page : abcd item then register" name="And I register" time="4.083437"/><testcase classname="abcding tests on wxyzabc page : abcd item then register" name="Then item is abcded" time="0.513713"/><testcase classname="abcding tests on wxyzabc page : abcd item then login" name="Given I access the url &quot;/&quot;" time="1.1978"/><testcase classname="abcding tests on wxyzabc page : abcd item then login" name="And I go to item &quot;3&quot;" time="1.318248"/><testcase classname="abcding tests on wxyzabc page : abcd item then login" name="When I press abcd" time="1.553591"/><testcase classname="abcding tests on wxyzabc page : abcd item then login" name="And I login on register page" time="5.426351"/><testcase classname="abcding tests on wxyzabc page : abcd item then login" name="Then item is abcded" time="0.51279"/><testcase classname="Tests redirection to page you were on when login/logout from header : Login from abcdefghs page redirects back to abcdefghs page" name="Given I access the url &quot;/abcdefghs/&quot;" time="1.362484"/><testcase classname="Tests redirection to page you were on when login/logout from header : Login from abcdefghs page redirects back to abcdefghs page" name="When I click &quot;Login&quot;" time="0.861798"/><testcase classname="Tests redirection to page you were on when login/logout from header : Login from abcdefghs page redirects back to abcdefghs page" name="And I login" time="4.57682"/><testcase classname="Tests redirection to page you were on when login/logout from header : Login from abcdefghs page redirects back to abcdefghs page" name="Then I should be at url &quot;/abcdefghs/&quot;" time="0.010272"/><testcase classname="Tests redirection to page you were on when login/logout from header : Logout from ijkl page redirects back to browse page" name="Given I am logged in on &quot;/ijkl/&quot;" time="5.007058"/><testcase classname="Tests redirection to page you were on when login/logout from header : Logout from ijkl page redirects back to browse page" name="When I logout" time="1.586177"/><testcase classname="Tests redirection to page you were on when login/logout from header : Logout from ijkl page redirects back to browse page" name="Then I should be at url &quot;/ijkl/&quot;" time="0.0167"/><testcase classname="Tests redirection to page you were on when login/logout from header : Logout from user settings page redirects back to register page since login required" name="Given I am logged in on &quot;/settings/&quot;" time="4.938541"/><testcase classname="Tests redirection to page you were on when login/logout from header : Logout from user settings page redirects back to register page since login required" name="When I logout" time="1.611572"/><testcase classname="Tests redirection to page you were on when login/logout from header : Logout from user settings page redirects back to register page since login required" name="Then I should be at url &quot;/account/register/?next=/settings/&quot;" time="0.034478"/><testcase classname="Come from facebook ad (google analytics utm_source=fb1) - show facebook only register screen : Come from facebook ad and click register" name="Given I access the url &quot;/?utm_source=fb1&quot;" time="1.310333"/><testcase classname="Come from facebook ad (google analytics utm_source=fb1) - show facebook only register screen : Come from facebook ad and click register" name="And I access the url &quot;/&quot;" time="1.071999"/><testcase classname="Come from facebook ad (google analytics utm_source=fb1) - show facebook only register screen : Come from facebook ad and click register" name="When I click url &quot;/account/register/&quot;" time="1.066229"/><testcase classname="Come from facebook ad (google analytics utm_source=fb1) - show facebook only register screen : Come from facebook ad and click register" name="Then I should see &quot;Sign up here&quot; in id &quot;register_normal&quot;" time="0.520817"/><testcase classname="Come from facebook ad (google analytics utm_source=fb1) - show facebook only register screen : Come from facebook ad, click normal register button then register normally" name="Given I access the url &quot;/?utm_source=fb1&quot;" time="1.140298"/><testcase classname="Come from facebook ad (google analytics utm_source=fb1) - show facebook only register screen : Come from facebook ad, click normal register button then register normally" name="And I click url &quot;/account/register/&quot;" time="0.972703"/><testcase classname="Come from facebook ad (google analytics utm_source=fb1) - show facebook only register screen : Come from facebook ad, click normal register button then register normally" name="And I click id &quot;register_normal&quot;" time="1.027891"/><testcase classname="Come from facebook ad (google analytics utm_source=fb1) - show facebook only register screen : Come from facebook ad, click normal register button then register normally" name="And I should be at url &quot;/account/register/?ref=n&amp;&quot;" time="0.018181"/><testcase classname="Come from facebook ad (google analytics utm_source=fb1) - show facebook only register screen : Come from facebook ad, click normal register button then register normally" name="When I register" time="4.103463"/><testcase classname="Come from facebook ad (google analytics utm_source=fb1) - show facebook only register screen : Come from facebook ad, click normal register button then register normally" name="Then I should be at url &quot;/lettucetest/?new_user=1&quot;" time="0.010166"/><testcase classname="Test popup that asks to post follows to facebook : Check popup appears when already logged in and first follow" name="Given I have followed featured abcd &quot;2&quot; on homepage" time="7.293387"/><testcase classname="Test popup that asks to post follows to facebook : Check popup appears when already logged in and first follow" name="Then publish follows to facebook popup appears" time="0.517636"/><testcase classname="Test popup that asks to post follows to facebook : Check popup appears when already logged in and first follow" name="And the featured abcd &quot;2&quot; is followed on homepage" time="0.517096"/><testcase classname="Test popup that asks to post follows to facebook : Check popup appears when not registered and first follow from user page" name="Given I access the url &quot;/&quot;" time="1.258217"/><testcase classname="Test popup that asks to post follows to facebook : Check popup appears when not registered and first follow from user page" name="And I go to user &quot;2&quot;" time="1.34826"/><testcase classname="Test popup that asks to post follows to facebook : Check popup appears when not registered and first follow from user page" name="When I follow user" time="1.620368"/><testcase classname="Test popup that asks to post follows to facebook : Check popup appears when not registered and first follow from user page" name="And I register" time="4.296948"/><testcase classname="Test popup that asks to post follows to facebook : Check popup appears when not registered and first follow from user page" name="Then user is followed" time="0.517057"/><testcase classname="Test popup that asks to post follows to facebook : Check popup appears when not registered and first follow from user page" name="And publish follows to facebook popup appears" time="0.514852"/><testcase classname="Test popup that asks to post follows to facebook : Check pressing dont publish sets the setting correctly and 2nd follow popup doesnt appear" name="Given I have followed featured abcd &quot;2&quot; on homepage" time="7.259987"/><testcase classname="Test popup that asks to post follows to facebook : Check pressing dont publish sets the setting correctly and 2nd follow popup doesnt appear" name="And publish follows to facebook popup appears" time="0.517282"/><testcase classname="Test popup that asks to post follows to facebook : Check pressing dont publish sets the setting correctly and 2nd follow popup doesnt appear" name="And I click url &quot;#dontpublish&quot;" time="0.706325"/><testcase classname="Test popup that asks to post follows to facebook : Check pressing dont publish sets the setting correctly and 2nd follow popup doesnt appear" name="And publish follows to facebook is off" time="0.003386"/><testcase classname="Test popup that asks to post follows to facebook : Check pressing dont publish sets the setting correctly and 2nd follow popup doesnt appear" name="When I follow featured abcd &quot;3&quot; on homepage" time="1.07171"/><testcase classname="Test popup that asks to post follows to facebook : Check pressing dont publish sets the setting correctly and 2nd follow popup doesnt appear" name="And the featured abcd &quot;3&quot; is followed on homepage" time="0.517135"/><testcase classname="Test popup that asks to post follows to facebook : Check pressing dont publish sets the setting correctly and 2nd follow popup doesnt appear" name="Then publish follows to facebook popup does not appear" time="1.590824"/><testcase classname="Change Country testing : Initially in USA - at both top and bottom of page" name="Given I access the url &quot;/&quot;" time="1.354632"/><testcase classname="Change Country testing : Initially in USA - at both top and bottom of page" name="Then I should see country &quot;United States of America&quot;" time="6.022959"/><testcase classname="Change Country testing : See country popup and change to Andorra with top button" name="Given I access the url &quot;/&quot;" time="1.192781"/><testcase classname="Change Country testing : See country popup and change to Andorra with top button" name="When I click id &quot;change_country_top&quot;" time="0.663782"/><testcase classname="Change Country testing : See country popup and change to Andorra with top button" name="And I select option &quot;AD&quot; from &quot;id_country&quot;" time="0.529811"/><testcase classname="Change Country testing : See country popup and change to Andorra with top button" name="And I submit form &quot;country-form&quot;" time="1.545438"/><testcase classname="Change Country testing : See country popup and change to Andorra with top button" name="Then country should be &quot;Andorra&quot; with code &quot;AD&quot;" time="6.047531"/><testcase classname="Change Country testing : See country popup and change to Bahama with footer button" name="Given I access the url &quot;/&quot;" time="1.27214"/><testcase classname="Change Country testing : See country popup and change to Bahama with footer button" name="When I click id &quot;change_country_bottom&quot;" time="0.56259"/><testcase classname="Change Country testing : See country popup and change to Bahama with footer button" name="And I select option &quot;BS&quot; from &quot;id_country&quot;" time="0.525304"/><testcase classname="Change Country testing : See country popup and change to Bahama with footer button" name="And I submit form &quot;country-form&quot;" time="1.537238"/><testcase classname="Change Country testing : See country popup and change to Bahama with footer button" name="Then country should be &quot;Bahama&quot; with code &quot;BS&quot;" time="6.044256"/><testcase classname="Change Country testing : Change country then 2nd visit to abcdefghs page and remembers country" name="Given I access the url &quot;/&quot;" time="1.138245"/><testcase classname="Change Country testing : Change country then 2nd visit to abcdefghs page and remembers country" name="When I click id &quot;change_country_top&quot;" time="0.591727"/><testcase classname="Change Country testing : Change country then 2nd visit to abcdefghs page and remembers country" name="And I select option &quot;BJ&quot; from &quot;id_country&quot;" time="0.530339"/><testcase classname="Change Country testing : Change country then 2nd visit to abcdefghs page and remembers country" name="And I submit form &quot;country-form&quot;" time="1.549235"/><testcase classname="Change Country testing : Change country then 2nd visit to abcdefghs page and remembers country" name="And I should be at url &quot;/&quot;" time="0.027556"/><testcase classname="Change Country testing : Change country then 2nd visit to abcdefghs page and remembers country" name="And I access the url &quot;/abcdefghs/&quot;" time="1.475666"/><testcase classname="Change Country testing : Change country then 2nd visit to abcdefghs page and remembers country" name="Then country should be &quot;Benin&quot; with code &quot;BJ&quot;" time="6.028175"/><testcase classname="Change Country testing : Change country then 2nd visit to ijkl page and remembers country" name="Given I access the url &quot;/&quot;" time="1.078156"/><testcase classname="Change Country testing : Change country then 2nd visit to ijkl page and remembers country" name="When I click id &quot;change_country_top&quot;" time="0.576422"/><testcase classname="Change Country testing : Change country then 2nd visit to ijkl page and remembers country" name="And I select option &quot;FR&quot; from &quot;id_country&quot;" time="0.52892"/><testcase classname="Change Country testing : Change country then 2nd visit to ijkl page and remembers country" name="And I submit form &quot;country-form&quot;" time="1.540546"/><testcase classname="Change Country testing : Change country then 2nd visit to ijkl page and remembers country" name="And I should be at url &quot;/&quot;" time="0.025526"/><testcase classname="Change Country testing : Change country then 2nd visit to ijkl page and remembers country" name="And I access the url &quot;/ijkl/&quot;" time="1.146411"/><testcase classname="Change Country testing : Change country then 2nd visit to ijkl page and remembers country" name="Then country should be &quot;France&quot; with code &quot;FR&quot;" time="6.028861"/><testcase classname="Change Country testing : Change country from settings page" name="Given I am logged in on &quot;/settings/&quot;" time="4.918702"/><testcase classname="Change Country testing : Change country from settings page" name="When I click &quot;Select a Different Country&quot; with the class &quot;change-country&quot;" time="0.592462"/><testcase classname="Change Country testing : Change country from settings page" name="And I select option &quot;VE&quot; from &quot;id_country&quot;" time="0.530983"/><testcase classname="Change Country testing : Change country from settings page" name="And I submit form &quot;country-form&quot;" time="1.548329"/><testcase classname="Change Country testing : Change country from settings page" name="Then I should see &quot;Venezuela is your current country.&quot; in id &quot;current_country&quot;" time="0.514992"/><testcase classname="Forgot password testing : Forgot password button on login box" name="Given I access the url &quot;/&quot;" time="1.164803"/><testcase classname="Forgot password testing : Forgot password button on login box" name="And I click &quot;Login&quot;" time="0.871045"/><testcase classname="Forgot password testing : Forgot password button on login box" name="Then I should see a link to &quot;Forgot your password?&quot; with the url &quot;/account/password/reset/&quot;" time="0.524213"/><testcase classname="Forgot password testing : Forgot password link works to correct URL" name="Given I access the url &quot;/&quot;" time="1.09576"/><testcase classname="Forgot password testing : Forgot password link works to correct URL" name="And I click &quot;Login&quot;" time="0.856471"/><testcase classname="Forgot password testing : Forgot password link works to correct URL" name="And I click &quot;Forgot your password?&quot;" time="0.880908"/><testcase classname="Forgot password testing : Forgot password link works to correct URL" name="Then I should be at url &quot;/account/password/reset/&quot;" time="0.037975"/><testcase classname="Forgot password testing : Successful forgot password existing valid email" name="Given I access the url &quot;/account/password/reset/&quot;" time="0.516986"/><testcase classname="Forgot password testing : Successful forgot password existing valid email" name="And I fill in &quot;id_email&quot; with existing email" time="0.566951"/><testcase classname="Forgot password testing : Successful forgot password existing valid email" name="And I submit form &quot;password_reset_form&quot;" time="1.87403"/><testcase classname="Forgot password testing : Successful forgot password existing valid email" name="Then I should be at url &quot;/account/password/reset/done/&quot;" time="0.013681"/><testcase classname="Forgot password testing : Error with email that doesnt exist" name="Given I access the url &quot;/account/password/reset/&quot;" time="0.844328"/><testcase classname="Forgot password testing : Error with email that doesnt exist" name="And I fill in &quot;id_email&quot; with &quot;lettucetest-new@mailinator.com&quot;" time="0.542024"/><testcase classname="Forgot password testing : Error with email that doesnt exist" name="And I submit form &quot;password_reset_form&quot;" time="1.874501"/><testcase classname="Forgot password testing : Error with email that doesnt exist" name="Then I should see form error &quot;That e-mail address doesn't have an associated user account. Are you sure you've registered?&quot; in &quot;password_reset_form&quot;" time="1.03383"/><testcase classname="Forgot password testing : Error with malformed email address" name="Given I access the url &quot;/account/password/reset/&quot;" time="0.873495"/><testcase classname="Forgot password testing : Error with malformed email address" name="And I fill in &quot;id_email&quot; with &quot;MALFORMED_EMAIL_ADDRESS&quot;" time="0.546223"/><testcase classname="Forgot password testing : Error with malformed email address" name="And I submit form &quot;password_reset_form&quot;" time="1.850698"/><testcase classname="Forgot password testing : Error with malformed email address" name="Then I should see form error &quot;Enter a valid e-mail address.&quot; in &quot;password_reset_form&quot;" time="1.036337"/><testcase classname="Search box tests : Search from homepage, check go to correct search results URL" name="Given I access the url &quot;/&quot;" time="1.194212"/><testcase classname="Search box tests : Search from homepage, check go to correct search results URL" name="When I fill in &quot;query_terms&quot; with &quot;Alexander McQueen&quot;" time="0.588379"/><testcase classname="Search box tests : Search from homepage, check go to correct search results URL" name="And I submit form &quot;search_form&quot;" time="2.406063"/><testcase classname="Search box tests : Search from homepage, check go to correct search results URL" name="Then I should be at url &quot;/search/?q=Alexander+McQueen&quot;" time="0.039739"/><testcase classname="Reabcding an Item on the cdefghijk (homepage) : Reabcd text should show on your cdefghijk and email sent to attribution owner" name="Given I have followed user &quot;1&quot; on user page       # make sure you are in their social circle" time="8.458017"/><testcase classname="Reabcding an Item on the cdefghijk (homepage) : Reabcd text should show on your cdefghijk and email sent to attribution owner" name="And I access the url &quot;/&quot;" time="1.36268"/><testcase classname="Reabcding an Item on the cdefghijk (homepage) : Reabcd text should show on your cdefghijk and email sent to attribution owner" name="And I abcd item &quot;1&quot; on homepage" time="2.87118"/><testcase classname="Reabcding an Item on the cdefghijk (homepage) : Reabcd text should show on your cdefghijk and email sent to attribution owner" name="And item &quot;1&quot; is abcded on homepage" time="0.52916"/><testcase classname="Reabcding an Item on the cdefghijk (homepage) : Reabcd text should show on your cdefghijk and email sent to attribution owner" name="When I access the url &quot;/&quot;" time="1.531064"/><testcase classname="Reabcding an Item on the cdefghijk (homepage) : Reabcd text should show on your cdefghijk and email sent to attribution owner" name="Then item &quot;1&quot; on homepage is reabcded by &quot;lettucetest&quot;" time="0.540134"/><testcase classname="abcding tests on homepage : Logged in then abcd item" name="Given I am logged in on &quot;/&quot;" time="5.379831"/><testcase classname="abcding tests on homepage : Logged in then abcd item" name="When I abcd item &quot;1&quot; on homepage" time="2.939797"/><testcase classname="abcding tests on homepage : Logged in then abcd item" name="Then item &quot;1&quot; is abcded on homepage" time="0.519291"/><testcase classname="abcding tests on homepage : Logged in, abcd then unabcd item" name="Given I have abcded item &quot;2&quot; on homepage" time="8.506266"/><testcase classname="abcding tests on homepage : Logged in, abcd then unabcd item" name="When I unabcd item &quot;2&quot; on homepage" time="1.220398"/><testcase classname="abcding tests on homepage : Logged in, abcd then unabcd item" name="Then item &quot;2&quot; is unabcded on homepage" time="0.520371"/><testcase classname="abcding tests on homepage : abcd item then register" name="Given I access the url &quot;/&quot;" time="1.376999"/><testcase classname="abcding tests on homepage : abcd item then register" name="When I press abcd button &quot;3&quot; on homepage" time="2.062247"/><testcase classname="abcding tests on homepage : abcd item then register" name="And I register" time="4.163976"/><testcase classname="abcding tests on homepage : abcd item then register" name="Then item &quot;1&quot; is abcded on homepage      #1st item in your cdefghijk  now" time="0.518113"/><testcase classname="abcding tests on homepage : abcd item then login" name="Given I access the url &quot;/&quot;" time="1.150864"/><testcase classname="abcding tests on homepage : abcd item then login" name="When I press abcd button &quot;4&quot; on homepage" time="1.684795"/><testcase classname="abcding tests on homepage : abcd item then login" name="And I login on register page" time="5.687448"/><testcase classname="abcding tests on homepage : abcd item then login" name="Then item &quot;1&quot; is abcded on homepage      #1st item in your cdefghijk  now" time="0.5187"/><testcase classname="Commenting on items : Make a comment" name="Given I am logged in on &quot;/&quot;" time="5.630532"/><testcase classname="Commenting on items : Make a comment" name="When I comment &quot;blah&quot; on item &quot;1&quot;" time="2.098252"/><testcase classname="Commenting on items : Make a comment" name="Then item &quot;1&quot; has comment &quot;blah&quot;" time="0.533089"/><testcase classname="Commenting on items : Make a comment" name="and at least &quot;1&quot; emails should be sent" time="0.000321"/><testcase classname="Commenting on items : 2nd comment sends email" name="Given I have added comment &quot;MONTY&quot; to item &quot;2&quot; as another user" time="9.540186"/><testcase classname="Commenting on items : 2nd comment sends email" name="And I am logged in on &quot;/&quot;" time="5.247942"/><testcase classname="Commenting on items : 2nd comment sends email" name="When I comment &quot;PYTHON&quot; on item &quot;2&quot;" time="2.223441"/><testcase classname="Commenting on items : 2nd comment sends email" name="Then item &quot;2&quot; has comment &quot;PYTHON&quot;" time="0.529759"/><testcase classname="Commenting on items : 2nd comment sends email" name="And at least &quot;1&quot; emails should be sent" time="0.00023"/><testcase classname="Login testing : Login button on homepage" name="Given I access the url &quot;/&quot;" time="1.192703"/><testcase classname="Login testing : Login button on homepage" name="Then I should see a link to &quot;Login&quot; with the url &quot;/account/login/&quot;" time="0.513861"/><testcase classname="Login testing : Successful Homepage Login with lettucetest username" name="Given I access the url &quot;/&quot;" time="1.18382"/><testcase classname="Login testing : Successful Homepage Login with lettucetest username" name="And I click &quot;Login&quot;" time="0.92323"/><testcase classname="Login testing : Successful Homepage Login with lettucetest username" name="When I Login with username &quot;lettucetest&quot; and password &quot;test123&quot;" time="3.891555"/><testcase classname="Login testing : Successful Homepage Login with lettucetest username" name="Then I should see a link to &quot;Logout&quot; with the url &quot;/account/logout/&quot;" time="0.507262"/><testcase classname="Login testing : Successful Homepage Login with lettucetest username" name="And I should be at url &quot;/&quot;" time="0.00756"/><testcase classname="Login testing : Successful Login with lettucetest@mailinator.com email" name="Given I access the url &quot;/&quot;" time="1.10756"/><testcase classname="Login testing : Successful Login with lettucetest@mailinator.com email" name="And I click &quot;Login&quot;" time="0.993695"/><testcase classname="Login testing : Successful Login with lettucetest@mailinator.com email" name="When I Login with username &quot;lettucetest@mailinator.com&quot; and password &quot;test123&quot;" time="3.98632"/><testcase classname="Login testing : Successful Login with lettucetest@mailinator.com email" name="Then I should see a link to &quot;Logout&quot; with the url &quot;/account/logout/&quot;" time="0.508024"/><testcase classname="Login testing : Error logging with invalid username" name="Given I access the url &quot;/&quot;" time="1.254287"/><testcase classname="Login testing : Error logging with invalid username" name="And I click &quot;Login&quot;" time="0.881262"/><testcase classname="Login testing : Error logging with invalid username" name="When I Login with username &quot;INVALID_USERNAME&quot; and password &quot;YO&quot;" time="3.46345"/><testcase classname="Login testing : Error logging with invalid username" name="Then I should see a link to &quot;Login&quot; with the url &quot;/account/login/&quot;" time="0.507313"/><testcase classname="Login testing : Error logging with invalid username" name="And I should see the Login error message" time="0.520709"/><testcase classname="Login testing : Successful Homepage Logout" name="Given I am logged in on &quot;/&quot;" time="5.324101"/><testcase classname="Login testing : Successful Homepage Logout" name="When I logout" time="1.824648"/><testcase classname="Login testing : Successful Homepage Logout" name="Then I should see a link to &quot;Login&quot; with the url &quot;/account/login/&quot;" time="0.507729"/><testcase classname="Login testing : Successful Homepage Logout" name="And I should be at url &quot;/&quot;" time="0.008428"/><testcase classname="Login testing : Clicking login on homepage brings you to login URL" name="Given I access the url &quot;/&quot;" time="1.142608"/><testcase classname="Login testing : Clicking login on homepage brings you to login URL" name="When I click url &quot;/account/login/&quot;" time="0.857986"/><testcase classname="Login testing : Clicking login on homepage brings you to login URL" name="Then I should be at url &quot;/account/login/?next=/&quot;" time="0.03754"/><testcase classname="Login testing : Clicking login on sign up page brings you to the login URL" name="Given I access the url &quot;/account/register/&quot;" time="0.514105"/><testcase classname="Login testing : Clicking login on sign up page brings you to the login URL" name="When I click url &quot;/account/login/&quot;" time="0.954694"/><testcase classname="Login testing : Clicking login on sign up page brings you to the login URL" name="Then I should be at url &quot;/account/login/?next=/account/register/&quot;" time="0.016397"/><testcase classname="Follow tests on featured abcde on homepage : Logged in then follow featured abcd" name="Given I am logged in on &quot;/&quot;" time="5.404116"/><testcase classname="Follow tests on featured abcde on homepage : Logged in then follow featured abcd" name="When I follow featured abcd &quot;1&quot; on homepage" time="1.087073"/><testcase classname="Follow tests on featured abcde on homepage : Logged in then follow featured abcd" name="Then the featured abcd &quot;1&quot; is followed on homepage" time="0.521663"/><testcase classname="Follow tests on featured abcde on homepage : Logged in, follow featured abcd, then unfollow" name="Given I have followed featured abcd &quot;2&quot; on homepage" time="6.985088"/><testcase classname="Follow tests on featured abcde on homepage : Logged in, follow featured abcd, then unfollow" name="When I unfollow featured abcd &quot;2&quot; on homepage" time="1.31036"/><testcase classname="Follow tests on featured abcde on homepage : Logged in, follow featured abcd, then unfollow" name="Then the featured abcd &quot;2&quot; is unfollowed on homepage" time="0.529344"/><testcase classname="Page title testing : Root URL Header" name="Given I access the url &quot;/&quot;" time="1.15452"/><testcase classname="Page title testing : Root URL Header" name="Then I should see page title &quot;abcd | Finding Fashion&quot;" time="0.016719"/><testcase classname="Add to collection tests on wxyzabc page : Add to new collection" name="Given I have abcded item &quot;1&quot; on homepage" time="8.604634"/><testcase classname="Add to collection tests on wxyzabc page : Add to new collection" name="And I go to item &quot;1&quot;" time="1.301471"/><testcase classname="Add to collection tests on wxyzabc page : Add to new collection" name="When I press add to collection" time="1.125668"/><testcase classname="Add to collection tests on wxyzabc page : Add to new collection" name="And I create new collection &quot;sweet&quot;" time="2.602606"/><testcase classname="Add to collection tests on wxyzabc page : Add to new collection" name="Then &quot;1&quot; items are in my collection &quot;sweet&quot;" time="1.58361"/><testcase classname="Register testing : Clicking sign up on home page brings you to the signup URL" name="Given I access the url &quot;/&quot;" time="1.178271"/><testcase classname="Register testing : Clicking sign up on home page brings you to the signup URL" name="When I click url &quot;/account/register/&quot;" time="0.968597"/><testcase classname="Register testing : Clicking sign up on home page brings you to the signup URL" name="Then I should be at url &quot;/account/register/&quot;" time="0.019547"/><testcase classname="Register testing : Successful create account" name="Given I access the url &quot;/account/register/&quot;" time="1.051277"/><testcase classname="Register testing : Successful create account" name="When I register" time="3.750626"/><testcase classname="Register testing : Successful create account" name="Then I should be at url &quot;/lettucetest/?new_user=1&quot;" time="0.018611"/><testcase classname="Register testing : Successful create account" name="And email with subject &quot;Welcome to abcd, lettucetest&quot; should be sent to &quot;lettucetest@mailinator.com&quot;" time="0.00133"/><testcase classname="Register testing : Register from wxyzabc page redirects to welcome page" name="Given I go to item &quot;1&quot; from homepage" time="2.504233"/><testcase classname="Register testing : Register from wxyzabc page redirects to welcome page" name="When I click url &quot;/account/register/&quot;" time="1.003792"/><testcase classname="Register testing : Register from wxyzabc page redirects to welcome page" name="And I register" time="4.239917"/><testcase classname="Register testing : Register from wxyzabc page redirects to welcome page" name="Then I should be at url &quot;/lettucetest/?new_user=1&quot;" time="0.011175"/><testcase classname="Register testing : Register from wxyzabc page redirects to welcome page" name="And email with subject &quot;Welcome to abcd, lettucetest&quot; should be sent to &quot;lettucetest@mailinator.com&quot;" time="0.00212"/><testcase classname="Register testing : Error create account when username already exists" name="Given I access the url &quot;/account/register/&quot;" time="0.976098"/><testcase classname="Register testing : Error create account when username already exists" name="When I fill in &quot;id_username&quot; with existing username" time="0.568396"/><testcase classname="Register testing : Error create account when username already exists" name="And I fill in &quot;id_email&quot; with &quot;lettuce-new-email@mailinator.com&quot;" time="0.542633"/><testcase classname="Register testing : Error create account when username already exists" name="And I fill in &quot;id_password1&quot; with &quot;test123&quot;" time="0.529837"/><testcase classname="Register testing : Error create account when username already exists" name="And I submit form &quot;register_form&quot;" time="2.044636"/><testcase classname="Register testing : Error create account when username already exists" name="Then I should see form error &quot;A user with that username already exists.&quot; in &quot;register_form&quot;" time="1.033198"/><testcase classname="Register testing : Error create account when email already exists" name="Given I access the url &quot;/account/register/&quot;" time="1.007667"/><testcase classname="Register testing : Error create account when email already exists" name="When I fill in &quot;id_username&quot; with &quot;lettuce-new-username&quot;" time="0.539844"/><testcase classname="Register testing : Error create account when email already exists" name="And I fill in &quot;id_email&quot; with existing email" time="0.560379"/><testcase classname="Register testing : Error create account when email already exists" name="And I fill in &quot;id_password1&quot; with &quot;test123&quot;" time="0.529679"/><testcase classname="Register testing : Error create account when email already exists" name="And I submit form &quot;register_form&quot;" time="2.011539"/><testcase classname="Register testing : Error create account when email already exists" name="Then I should see form error &quot;A user with that email already exists.&quot; in &quot;register_form&quot;" time="1.056563"/><testcase classname="Register testing : Error create account with invalid email" name="Given I access the url &quot;/account/register/&quot;" time="0.969513"/><testcase classname="Register testing : Error create account with invalid email" name="When I fill in &quot;id_username&quot; with &quot;lettucetest&quot;" time="0.573417"/><testcase classname="Register testing : Error create account with invalid email" name="And I fill in &quot;id_email&quot; with &quot;MALFORMED_EMAIL_ADDRESS&quot;" time="0.557173"/><testcase classname="Register testing : Error create account with invalid email" name="And I fill in &quot;id_password1&quot; with &quot;test123&quot;" time="0.532506"/><testcase classname="Register testing : Error create account with invalid email" name="And I submit form &quot;register_form&quot;" time="2.113287"/><testcase classname="Register testing : Error create account with invalid email" name="Then I should see form error &quot;Enter a valid e-mail address.&quot; in &quot;register_form&quot;" time="1.037808"/><testcase classname="Register testing : Clicking sign up on login page brings you to the signup URL" name="Given I access the url &quot;/account/login/&quot;" time="0.798009"/><testcase classname="Register testing : Clicking sign up on login page brings you to the signup URL" name="When I click url &quot;/account/register/&quot;" time="0.985145"/><testcase classname="Register testing : Clicking sign up on login page brings you to the signup URL" name="Then I should be at url &quot;/account/register/&quot;" time="0.013933"/><testcase classname="share popup tests : Share popup on wxyzabc page" name="Given I access the url &quot;/&quot;" time="1.310622"/><testcase classname="share popup tests : Share popup on wxyzabc page" name="And I go to item &quot;1&quot;" time="1.278914"/><testcase classname="share popup tests : Share popup on wxyzabc page" name="Then I click share popup" time="1.157524"/><testcase classname="share popup tests : Email Share popup on wxyzabc page" name="Given I access the url &quot;/&quot;" time="1.023579"/><testcase classname="share popup tests : Email Share popup on wxyzabc page" name="And I go to item &quot;1&quot;" time="1.252943"/><testcase classname="share popup tests : Email Share popup on wxyzabc page" name="And I click share popup" time="1.224835"/><testcase classname="share popup tests : Email Share popup on wxyzabc page" name="When I click id &quot;email-share&quot;" time="0.594134"/><testcase classname="share popup tests : Email Share popup on wxyzabc page" name="Then I should see id &quot;share_email_form&quot;" time="0.507327"/><testcase classname="share popup tests : Missing name on Email share on wxyzabc page" name="Given I click share email popup on wxyzabc &quot;1&quot;" time="4.594122"/><testcase classname="share popup tests : Missing name on Email share on wxyzabc page" name="When I fill in &quot;id_to&quot; with &quot;lettucetest@mailinator.com&quot;" time="0.574971"/><testcase classname="share popup tests : Missing name on Email share on wxyzabc page" name="And I submit form &quot;share_email_form&quot;" time="1.583776"/><testcase classname="share popup tests : Missing name on Email share on wxyzabc page" name="Then I should see form error &quot;This field is required.&quot; in &quot;share_email_form&quot;" time="1.035063"/><testcase classname="share popup tests : Missing to email on Email share on wxyzabc page" name="Given I click share email popup on wxyzabc &quot;1&quot;" time="4.702842"/><testcase classname="share popup tests : Missing to email on Email share on wxyzabc page" name="When I fill in &quot;id_from_name&quot; with &quot;lettucetest&quot;" time="0.578529"/><testcase classname="share popup tests : Missing to email on Email share on wxyzabc page" name="And I submit form &quot;share_email_form&quot;" time="1.584587"/><testcase classname="share popup tests : Missing to email on Email share on wxyzabc page" name="Then I should see form error &quot;Enter at least one e-mail address.&quot; in &quot;share_email_form&quot;" time="1.032963"/><testcase classname="share popup tests : One of the emails malformed" name="Given I click share email popup on wxyzabc &quot;1&quot;" time="4.757128"/><testcase classname="share popup tests : One of the emails malformed" name="When I fill in &quot;id_from_name&quot; with &quot;lettucetest&quot;" time="0.565171"/><testcase classname="share popup tests : One of the emails malformed" name="And I fill in &quot;id_to&quot; with &quot;lettucetest@mailinator.com, MALFORMED&quot;" time="0.569052"/><testcase classname="share popup tests : One of the emails malformed" name="And I submit form &quot;share_email_form&quot;" time="1.636048"/><testcase classname="share popup tests : One of the emails malformed" name="Then I should see form error &quot;MALFORMED is not a valid e-mail address.&quot; in &quot;share_email_form&quot;" time="1.039594"/><testcase classname="share popup tests : From name pre-filled on share email" name="Given I click share email popup when logged in on wxyzabc &quot;1&quot;" time="9.102385"/><testcase classname="share popup tests : From name pre-filled on share email" name="Then I should see &quot;lettucetest&quot; in form input &quot;id_from_name&quot;" time="0.524355"/><testcase classname="share popup tests : Send email share on wxyzabc page" name="Given I click share email popup on wxyzabc &quot;1&quot;" time="4.767916"/><testcase classname="share popup tests : Send email share on wxyzabc page" name="When I fill in &quot;id_from_name&quot; with &quot;lettucetest&quot;" time="0.584735"/><testcase classname="share popup tests : Send email share on wxyzabc page" name="And I fill in &quot;id_to&quot; with &quot;lettucetest@mailinator.com,&quot;  #include comma in to field which should be stripped out" time="0.560692"/><testcase classname="share popup tests : Send email share on wxyzabc page" name="And I submit form &quot;share_email_form&quot;" time="1.543491"/><testcase classname="share popup tests : Send email share on wxyzabc page" name="Then email should be sent to &quot;lettucetest@mailinator.com&quot;" time="0.001435"/><testcase classname="share popup tests : Send email share on wxyzabc page with message" name="Given I click share email popup on wxyzabc &quot;1&quot;" time="4.989854"/><testcase classname="share popup tests : Send email share on wxyzabc page with message" name="When I fill in &quot;id_from_name&quot; with &quot;lettucetest&quot;" time="0.566801"/><testcase classname="share popup tests : Send email share on wxyzabc page with message" name="And I fill in &quot;id_to&quot; with &quot;lettucetest@mailinator.com&quot;" time="0.560158"/><testcase classname="share popup tests : Send email share on wxyzabc page with message" name="And I fill in &quot;id_message&quot; with &quot;This is awesome!&quot;" time="0.550828"/><testcase classname="share popup tests : Send email share on wxyzabc page with message" name="And I submit form &quot;share_email_form&quot;" time="1.606117"/><testcase classname="share popup tests : Send email share on wxyzabc page with message" name="Then email should be sent to &quot;lettucetest@mailinator.com&quot;" time="0.000807"/><testcase classname="share popup tests : Send email wxyzabc page to 2 emails" name="Given I click share email popup on wxyzabc &quot;1&quot;" time="4.820268"/><testcase classname="share popup tests : Send email wxyzabc page to 2 emails" name="When I fill in &quot;id_from_name&quot; with &quot;lettucetest&quot;" time="0.604"/><testcase classname="share popup tests : Send email wxyzabc page to 2 emails" name="And I fill in &quot;id_to&quot; with &quot;lettucetest@mailinator.com, lettucetest2@mailinator.com&quot;" time="0.576675"/><testcase classname="share popup tests : Send email wxyzabc page to 2 emails" name="And I submit form &quot;share_email_form&quot;" time="1.556385"/><testcase classname="share popup tests : Send email wxyzabc page to 2 emails" name="Then &quot;2&quot; emails should be sent" time="0.00028"/></testsuite>