# JRE version: 7.0_09
# Java VM: OpenJDK 64-Bit Server VM (23.2-b09 mixed mode linux-amd64 compressed oops)
Heap
 PSYoungGen      total 1973632K, used 140264K [0x0000000780000000, 0x0000000800000000, 0x0000000800000000)
  eden space 1859200K, 4% used [0x0000000780000000,0x0000000784ab4fd8,0x00000007f17a0000)
  from space 114432K, 55% used [0x00000007f17a0000,0x00000007f55e5180,0x00000007f8760000)
  to   space 118592K, 0% used [0x00000007f8c30000,0x00000007f8c30000,0x0000000800000000)
 ParOldGen       total 4194304K, used 525585K [0x0000000680000000, 0x0000000780000000, 0x0000000780000000)
  object space 4194304K, 12% used [0x0000000680000000,0x00000006a01447c8,0x0000000780000000)
 PSPermGen       total 96320K, used 96294K [0x0000000640000000, 0x0000000645e10000, 0x0000000680000000)
  object space 96320K, 99% used [0x0000000640000000,0x0000000645e099e8,0x0000000645e10000)
GC Heap History (10 events):
Event: 6364.875 GC heap before
{Heap before GC invocations=31 (full 0):
 PSYoungGen      total 1962624K, used 1833936K [0x0000000780000000, 0x0000000800000000, 0x0000000800000000)
  eden space 1819008K, 100% used [0x0000000780000000,0x00000007ef060000,0x00000007ef060000)
  from space 143616K, 10% used [0x00000007f73c0000,0x00000007f8254218,0x0000000800000000)
  to   space 134528K, 0% used [0x00000007ef060000,0x00000007ef060000,0x00000007f73c0000)
 ParOldGen       total 4194304K, used 415579K [0x0000000680000000, 0x0000000780000000, 0x0000000780000000)
  object space 4194304K, 9% used [0x0000000680000000,0x00000006995d6fe8,0x0000000780000000)
 PSPermGen       total 94784K, used 94609K [0x0000000640000000, 0x0000000645c90000, 0x0000000680000000)
  object space 94784K, 99% used [0x0000000640000000,0x0000000645c647b8,0x0000000645c90000)
Event: 6364.890 GC heap after
Heap after GC invocations=31 (full 0):
 PSYoungGen      total 1953536K, used 11936K [0x0000000780000000, 0x0000000800000000, 0x0000000800000000)
  eden space 1819008K, 0% used [0x0000000780000000,0x0000000780000000,0x00000007ef060000)
  from space 134528K, 8% used [0x00000007ef060000,0x00000007efc08000,0x00000007f73c0000)
  to   space 126528K, 0% used [0x00000007f8470000,0x00000007f8470000,0x0000000800000000)
 ParOldGen       total 4194304K, used 425377K [0x0000000680000000, 0x0000000780000000, 0x0000000780000000)
  object space 4194304K, 10% used [0x0000000680000000,0x0000000699f68578,0x0000000780000000)
 PSPermGen       total 94784K, used 94609K [0x0000000640000000, 0x0000000645c90000, 0x0000000680000000)
  object space 94784K, 99% used [0x0000000640000000,0x0000000645c647b8,0x0000000645c90000)
}
Event: 6940.103 GC heap before
{Heap before GC invocations=32 (full 0):
 PSYoungGen      total 1953536K, used 1830944K [0x0000000780000000, 0x0000000800000000, 0x0000000800000000)
  eden space 1819008K, 100% used [0x0000000780000000,0x00000007ef060000,0x00000007ef060000)
  from space 134528K, 8% used [0x00000007ef060000,0x00000007efc08000,0x00000007f73c0000)
  to   space 126528K, 0% used [0x00000007f8470000,0x00000007f8470000,0x0000000800000000)
 ParOldGen       total 4194304K, used 425377K [0x0000000680000000, 0x0000000780000000, 0x0000000780000000)
  object space 4194304K, 10% used [0x0000000680000000,0x0000000699f68578,0x0000000780000000)
 PSPermGen       total 94784K, used 94677K [0x0000000640000000, 0x0000000645c90000, 0x0000000680000000)
  object space 94784K, 99% used [0x0000000640000000,0x0000000645c757f0,0x0000000645c90000)
Event: 6940.123 GC heap after
Heap after GC invocations=32 (full 0):
 PSYoungGen      total 1979776K, used 20920K [0x0000000780000000, 0x0000000800000000, 0x0000000800000000)
  eden space 1853248K, 0% used [0x0000000780000000,0x0000000780000000,0x00000007f11d0000)
  from space 126528K, 16% used [0x00000007f8470000,0x00000007f98de040,0x0000000800000000)
  to   space 117376K, 0% used [0x00000007f11d0000,0x00000007f11d0000,0x00000007f8470000)
 ParOldGen       total 4194304K, used 432505K [0x0000000680000000, 0x0000000780000000, 0x0000000780000000)
  object space 4194304K, 10% used [0x0000000680000000,0x000000069a65e578,0x0000000780000000)
 PSPermGen       total 94784K, used 94677K [0x0000000640000000, 0x0000000645c90000, 0x0000000680000000)
  object space 94784K, 99% used [0x0000000640000000,0x0000000645c757f0,0x0000000645c90000)
}
Event: 7635.267 GC heap before
{Heap before GC invocations=33 (full 0):
 PSYoungGen      total 1979776K, used 1874154K [0x0000000780000000, 0x0000000800000000, 0x0000000800000000)
  eden space 1853248K, 99% used [0x0000000780000000,0x00000007f11cc810,0x00000007f11d0000)
  from space 126528K, 16% used [0x00000007f8470000,0x00000007f98de040,0x0000000800000000)
  to   space 117376K, 0% used [0x00000007f11d0000,0x00000007f11d0000,0x00000007f8470000)
 ParOldGen       total 4194304K, used 432505K [0x0000000680000000, 0x0000000780000000, 0x0000000780000000)
  object space 4194304K, 10% used [0x0000000680000000,0x000000069a65e578,0x0000000780000000)
 PSPermGen       total 95936K, used 95757K [0x0000000640000000, 0x0000000645db0000, 0x0000000680000000)
  object space 95936K, 99% used [0x0000000640000000,0x0000000645d836f8,0x0000000645db0000)
Event: 7635.313 GC heap after
Heap after GC invocations=33 (full 0):
 PSYoungGen      total 1970624K, used 67032K [0x0000000780000000, 0x0000000800000000, 0x0000000800000000)
  eden space 1853248K, 0% used [0x0000000780000000,0x0000000780000000,0x00000007f11d0000)
  from space 117376K, 57% used [0x00000007f11d0000,0x00000007f5346220,0x00000007f8470000)
  to   space 123520K, 0% used [0x00000007f8760000,0x00000007f8760000,0x0000000800000000)
 ParOldGen       total 4194304K, used 447502K [0x0000000680000000, 0x0000000780000000, 0x0000000780000000)
  object space 4194304K, 10% used [0x0000000680000000,0x000000069b503800,0x0000000780000000)
 PSPermGen       total 95936K, used 95757K [0x0000000640000000, 0x0000000645db0000, 0x0000000680000000)
  object space 95936K, 99% used [0x0000000640000000,0x0000000645d836f8,0x0000000645db0000)
}
Event: 8450.274 GC heap before
{Heap before GC invocations=34 (full 0):
 PSYoungGen      total 1970624K, used 1920280K [0x0000000780000000, 0x0000000800000000, 0x0000000800000000)
  eden space 1853248K, 100% used [0x0000000780000000,0x00000007f11d0000,0x00000007f11d0000)
  from space 117376K, 57% used [0x00000007f11d0000,0x00000007f5346220,0x00000007f8470000)
  to   space 123520K, 0% used [0x00000007f8760000,0x00000007f8760000,0x0000000800000000)
 ParOldGen       total 4194304K, used 447502K [0x0000000680000000, 0x0000000780000000, 0x0000000780000000)
  object space 4194304K, 10% used [0x0000000680000000,0x000000069b503800,0x0000000780000000)
 PSPermGen       total 95936K, used 95888K [0x0000000640000000, 0x0000000645db0000, 0x0000000680000000)
  object space 95936K, 99% used [0x0000000640000000,0x0000000645da42f0,0x0000000645db0000)
Event: 8450.303 GC heap after
Heap after GC invocations=34 (full 0):
 PSYoungGen      total 1982720K, used 28064K [0x0000000780000000, 0x0000000800000000, 0x0000000800000000)
  eden space 1859200K, 0% used [0x0000000780000000,0x0000000780000000,0x00000007f17a0000)
  from space 123520K, 22% used [0x00000007f8760000,0x00000007fa2c8040,0x0000000800000000)
  to   space 114432K, 0% used [0x00000007f17a0000,0x00000007f17a0000,0x00000007f8760000)
 ParOldGen       total 4194304K, used 504337K [0x0000000680000000, 0x0000000780000000, 0x0000000780000000)
  object space 4194304K, 12% used [0x0000000680000000,0x000000069ec84788,0x0000000780000000)
 PSPermGen       total 95936K, used 95888K [0x0000000640000000, 0x0000000645db0000, 0x0000000680000000)
  object space 95936K, 99% used [0x0000000640000000,0x0000000645da42f0,0x0000000645db0000)
}
Event: 9081.231 GC heap before
{Heap before GC invocations=35 (full 0):
 PSYoungGen      total 1982720K, used 1887264K [0x0000000780000000, 0x0000000800000000, 0x0000000800000000)
  eden space 1859200K, 100% used [0x0000000780000000,0x00000007f17a0000,0x00000007f17a0000)
  from space 123520K, 22% used [0x00000007f8760000,0x00000007fa2c8040,0x0000000800000000)
  to   space 114432K, 0% used [0x00000007f17a0000,0x00000007f17a0000,0x00000007f8760000)
 ParOldGen       total 4194304K, used 504337K [0x0000000680000000, 0x0000000780000000, 0x0000000780000000)
  object space 4194304K, 12% used [0x0000000680000000,0x000000069ec84788,0x0000000780000000)
 PSPermGen       total 96320K, used 96291K [0x0000000640000000, 0x0000000645e10000, 0x0000000680000000)
  object space 96320K, 99% used [0x0000000640000000,0x0000000645e08fc0,0x0000000645e10000)
Event: 9081.266 GC heap after
Heap after GC invocations=35 (full 0):
 PSYoungGen      total 1973632K, used 63764K [0x0000000780000000, 0x0000000800000000, 0x0000000800000000)
  eden space 1859200K, 0% used [0x0000000780000000,0x0000000780000000,0x00000007f17a0000)
  from space 114432K, 55% used [0x00000007f17a0000,0x00000007f55e5180,0x00000007f8760000)
  to   space 118592K, 0% used [0x00000007f8c30000,0x00000007f8c30000,0x0000000800000000)
 ParOldGen       total 4194304K, used 525585K [0x0000000680000000, 0x0000000780000000, 0x0000000780000000)
  object space 4194304K, 12% used [0x0000000680000000,0x00000006a01447c8,0x0000000780000000)
 PSPermGen       total 96320K, used 96291K [0x0000000640000000, 0x0000000645e10000, 0x0000000680000000)
  object space 96320K, 99% used [0x0000000640000000,0x0000000645e08fc0,0x0000000645e10000)
}

