22-Aug-2015 11:52:40.505 INFO [main] org.apache.catalina.startup.VersionLoggerListener.log Server version:        Apache Tomcat/8.0.24
22-Aug-2015 11:52:40.506 INFO [main] org.apache.catalina.startup.VersionLoggerListener.log Server built:          Jul 1 2015 20:19:55 UTC
22-Aug-2015 11:52:40.506 INFO [main] org.apache.catalina.startup.VersionLoggerListener.log Server number:         8.0.24.0
22-Aug-2015 11:52:40.506 INFO [main] org.apache.catalina.startup.VersionLoggerListener.log OS Name:               Linux
22-Aug-2015 11:52:40.507 INFO [main] org.apache.catalina.startup.VersionLoggerListener.log OS Version:            3.10.0-229.11.1.el7.x86_64
22-Aug-2015 11:52:40.507 INFO [main] org.apache.catalina.startup.VersionLoggerListener.log Architecture:          amd64
22-Aug-2015 11:52:40.507 INFO [main] org.apache.catalina.startup.VersionLoggerListener.log Java Home:             /usr/lib/jvm/java-1.8.0-openjdk-1.8.0.51-1.b16.el7_1.x86_64/jre
22-Aug-2015 11:52:40.507 INFO [main] org.apache.catalina.startup.VersionLoggerListener.log JVM Version:           1.8.0_51-b16
22-Aug-2015 11:52:40.507 INFO [main] org.apache.catalina.startup.VersionLoggerListener.log JVM Vendor:            Oracle Corporation
22-Aug-2015 11:52:40.507 INFO [main] org.apache.catalina.startup.VersionLoggerListener.log CATALINA_BASE:         /var/lib/tomcats/devtools
22-Aug-2015 11:52:40.507 INFO [main] org.apache.catalina.startup.VersionLoggerListener.log CATALINA_HOME:         /opt/apache-tomcat-8.0.24
22-Aug-2015 11:52:40.507 INFO [main] org.apache.catalina.startup.VersionLoggerListener.log Command line argument: -Xms256m
22-Aug-2015 11:52:40.507 INFO [main] org.apache.catalina.startup.VersionLoggerListener.log Command line argument: -Xmx512m
22-Aug-2015 11:52:40.508 INFO [main] org.apache.catalina.startup.VersionLoggerListener.log Command line argument: -Dcatalina.base=/var/lib/tomcats/devtools
22-Aug-2015 11:52:40.508 INFO [main] org.apache.catalina.startup.VersionLoggerListener.log Command line argument: -Dcatalina.home=/opt/apache-tomcat-8.0.24
22-Aug-2015 11:52:40.508 INFO [main] org.apache.catalina.startup.VersionLoggerListener.log Command line argument: -Djava.endorsed.dirs=
22-Aug-2015 11:52:40.508 INFO [main] org.apache.catalina.startup.VersionLoggerListener.log Command line argument: -Djava.io.tmpdir=/var/lib/tomcats/devtools/temp
22-Aug-2015 11:52:40.508 INFO [main] org.apache.catalina.startup.VersionLoggerListener.log Command line argument: -Djava.util.logging.config.file=/var/lib/tomcats/devtools/conf/logging.properties
22-Aug-2015 11:52:40.508 INFO [main] org.apache.catalina.startup.VersionLoggerListener.log Command line argument: -Djava.util.logging.manager=org.apache.juli.ClassLoaderLogManager
22-Aug-2015 11:52:40.508 INFO [main] org.apache.catalina.core.AprLifecycleListener.lifecycleEvent Loaded APR based Apache Tomcat Native library 1.1.33 using APR version 1.4.8.
22-Aug-2015 11:52:40.530 INFO [main] org.apache.catalina.core.AprLifecycleListener.lifecycleEvent APR capabilities: IPv6 [true], sendfile [true], accept filters [false], random [true].
22-Aug-2015 11:52:40.608 INFO [main] org.apache.catalina.core.AprLifecycleListener.initializeSSL OpenSSL successfully initialized (OpenSSL 1.0.1e 11 Feb 2013)
22-Aug-2015 11:52:41.075 INFO [main] org.apache.coyote.AbstractProtocol.init Initializing ProtocolHandler ["ajp-apr-8009"]
22-Aug-2015 11:52:41.106 INFO [main] org.apache.catalina.startup.Catalina.load Initialization processed in 1160 ms
22-Aug-2015 11:52:41.128 INFO [main] org.apache.catalina.core.StandardService.startInternal Starting service Catalina
22-Aug-2015 11:52:41.128 INFO [main] org.apache.catalina.core.StandardEngine.startInternal Starting Servlet Engine: Apache Tomcat/8.0.24
22-Aug-2015 11:52:41.177 INFO [localhost-startStop-1] org.apache.catalina.startup.HostConfig.deployWAR Deploying web application archive /var/lib/tomcats/devtools/webapps/jenkins.war
22-Aug-2015 11:52:45.499 INFO [localhost-startStop-1] org.apache.jasper.servlet.TldScanner.scanJars At least one JAR was scanned for TLDs yet contained no TLDs. Enable debug logging for this logger for a complete list of JARs that were scanned but no TLDs were found in them. Skipping unneeded JARs during scanning can improve startup time and JSP compilation time.
22-Aug-2015 11:52:46.396 INFO [localhost-startStop-1] org.apache.catalina.startup.HostConfig.deployWAR Deployment of web application archive /var/lib/tomcats/devtools/webapps/jenkins.war has finished in 5,219 ms
22-Aug-2015 11:52:46.397 INFO [localhost-startStop-1] org.apache.catalina.startup.HostConfig.deployWAR Deploying web application archive /var/lib/tomcats/devtools/webapps/gitblit.war
22-Aug-2015 11:52:47.096 INFO [pool-6-thread-2] null.null Started initialization
22-Aug-2015 11:52:47.372 INFO [pool-6-thread-1] jenkins.InitReactorRunner$1.onAttained Listed all plugins
22-Aug-2015 11:52:47.516 INFO [Discovering plugin initialization tasks] jenkins.InitReactorRunner$1.onAttained Prepared all plugins
22-Aug-2015 11:52:47.631 INFO [PluginImpl.init] jenkins.InitReactorRunner$1.onAttained Started all plugins
22-Aug-2015 11:52:51.890 INFO [localhost-startStop-1] org.apache.jasper.servlet.TldScanner.scanJars At least one JAR was scanned for TLDs yet contained no TLDs. Enable debug logging for this logger for a complete list of JARs that were scanned but no TLDs were found in them. Skipping unneeded JARs during scanning can improve startup time and JSP compilation time.
22-Aug-2015 11:52:52.692 INFO [Loading global config] jenkins.InitReactorRunner$1.onAttained Augmented all extensions
22-Aug-2015 11:52:53.149 INFO [localhost-startStop-1] org.apache.catalina.startup.HostConfig.deployWAR Deployment of web application archive /var/lib/tomcats/devtools/webapps/gitblit.war has finished in 6,752 ms
22-Aug-2015 11:52:53.167 INFO [main] org.apache.coyote.AbstractProtocol.start Starting ProtocolHandler ["ajp-apr-8009"]
22-Aug-2015 11:52:53.215 INFO [main] org.apache.catalina.startup.Catalina.start Server startup in 12109 ms
22-Aug-2015 11:52:53.248 WARNING [NullIdDescriptorMonitor.verifyId] hudson.ExtensionFinder$GuiceFinder$FaultTolerantScope$1.error Failed to instantiate Key[type=org.jenkinsci.main.modules.instance_identity.PageDecoratorImpl, annotation=[none]]; skipping this component
 com.google.inject.ProvisionException: Guice provision errors:

1) Error injecting constructor, java.lang.VerifyError: (class: org/bouncycastle/openssl/PEMReader$EncryptedPrivateKeyParser, method: parseObject signature: (Lorg/bouncycastle/util/io/pem/PemObject;)Ljava/lang/Object;) Incompatible argument to function
  at org.jenkinsci.main.modules.instance_identity.PageDecoratorImpl.<init>(PageDecoratorImpl.java:20)

1 error
	at com.google.inject.internal.ProviderToInternalFactoryAdapter.get(ProviderToInternalFactoryAdapter.java:52)
	at com.google.inject.Scopes$1$1.get(Scopes.java:65)
	at hudson.ExtensionFinder$GuiceFinder$FaultTolerantScope$1.get(ExtensionFinder.java:428)
	at com.google.inject.internal.InternalFactoryToProviderAdapter.get(InternalFactoryToProviderAdapter.java:41)
	at com.google.inject.internal.InjectorImpl$3$1.call(InjectorImpl.java:1005)
	at com.google.inject.internal.InjectorImpl.callInContext(InjectorImpl.java:1051)
	at com.google.inject.internal.InjectorImpl$3.get(InjectorImpl.java:1001)
	at hudson.ExtensionFinder$GuiceFinder._find(ExtensionFinder.java:390)
	at hudson.ExtensionFinder$GuiceFinder.find(ExtensionFinder.java:381)
	at hudson.ClassicPluginStrategy.findComponents(ClassicPluginStrategy.java:388)
	at hudson.ExtensionList.load(ExtensionList.java:349)
	at hudson.ExtensionList.ensureLoaded(ExtensionList.java:287)
	at hudson.ExtensionList.iterator(ExtensionList.java:156)
	at hudson.diagnosis.NullIdDescriptorMonitor.verify(NullIdDescriptorMonitor.java:68)
	at hudson.diagnosis.NullIdDescriptorMonitor.verifyId(NullIdDescriptorMonitor.java:89)
	at sun.reflect.NativeMethodAccessorImpl.invoke0(Native Method)
	at sun.reflect.NativeMethodAccessorImpl.invoke(NativeMethodAccessorImpl.java:62)
	at sun.reflect.DelegatingMethodAccessorImpl.invoke(DelegatingMethodAccessorImpl.java:43)
	at java.lang.reflect.Method.invoke(Method.java:497)
	at hudson.init.TaskMethodFinder.invoke(TaskMethodFinder.java:106)
	at hudson.init.TaskMethodFinder$TaskImpl.run(TaskMethodFinder.java:176)
	at org.jvnet.hudson.reactor.Reactor.runTask(Reactor.java:282)
	at jenkins.model.Jenkins$7.runTask(Jenkins.java:905)
	at org.jvnet.hudson.reactor.Reactor$2.run(Reactor.java:210)
	at org.jvnet.hudson.reactor.Reactor$Node.run(Reactor.java:117)
	at java.util.concurrent.ThreadPoolExecutor.runWorker(ThreadPoolExecutor.java:1142)
	at java.util.concurrent.ThreadPoolExecutor$Worker.run(ThreadPoolExecutor.java:617)
	at java.lang.Thread.run(Thread.java:745)
Caused by: java.lang.VerifyError: (class: org/bouncycastle/openssl/PEMReader$EncryptedPrivateKeyParser, method: parseObject signature: (Lorg/bouncycastle/util/io/pem/PemObject;)Ljava/lang/Object;) Incompatible argument to function
	at org.bouncycastle.openssl.PEMReader.<init>(Unknown Source)
	at org.bouncycastle.openssl.PEMReader.<init>(Unknown Source)
	at org.jenkinsci.main.modules.instance_identity.InstanceIdentity.read(InstanceIdentity.java:78)
	at org.jenkinsci.main.modules.instance_identity.InstanceIdentity.<init>(InstanceIdentity.java:64)
	at org.jenkinsci.main.modules.instance_identity.InstanceIdentity.<init>(InstanceIdentity.java:38)
	at org.jenkinsci.main.modules.instance_identity.PageDecoratorImpl.<init>(PageDecoratorImpl.java:21)
	at org.jenkinsci.main.modules.instance_identity.PageDecoratorImpl$$FastClassByGuice$$68618106.newInstance(<generated>)
	at com.google.inject.internal.cglib.reflect.$FastConstructor.newInstance(FastConstructor.java:40)
	at com.google.inject.internal.DefaultConstructionProxyFactory$1.newInstance(DefaultConstructionProxyFactory.java:61)
	at com.google.inject.internal.ConstructorInjector.provision(ConstructorInjector.java:108)
	at com.google.inject.internal.ConstructorInjector.construct(ConstructorInjector.java:88)
	at com.google.inject.internal.ConstructorBindingImpl$Factory.get(ConstructorBindingImpl.java:269)
	at com.google.inject.internal.ProviderToInternalFactoryAdapter$1.call(ProviderToInternalFactoryAdapter.java:46)
	at com.google.inject.internal.InjectorImpl.callInContext(InjectorImpl.java:1058)
	at com.google.inject.internal.ProviderToInternalFactoryAdapter.get(ProviderToInternalFactoryAdapter.java:40)
	... 27 more

22-Aug-2015 11:52:53.254 WARNING [NullIdDescriptorMonitor.verifyId] hudson.ExtensionFinder$GuiceFinder$FaultTolerantScope$1.error Failed to instantiate Key[type=org.jenkinsci.main.modules.sshd.SSHD, annotation=[none]]; skipping this component
 com.google.inject.ProvisionException: Guice provision errors:

1) Error injecting constructor, java.lang.VerifyError: (class: org/bouncycastle/openssl/PEMReader$EncryptedPrivateKeyParser, method: parseObject signature: (Lorg/bouncycastle/util/io/pem/PemObject;)Ljava/lang/Object;) Incompatible argument to function
  at org.jenkinsci.main.modules.instance_identity.InstanceIdentity.<init>(InstanceIdentity.java:38)
  while locating org.jenkinsci.main.modules.instance_identity.InstanceIdentity
    for field at org.jenkinsci.main.modules.sshd.SSHD.identity(SSHD.java:33)

1 error
	at com.google.inject.internal.ProviderToInternalFactoryAdapter.get(ProviderToInternalFactoryAdapter.java:52)
	at com.google.inject.Scopes$1$1.get(Scopes.java:65)
	at hudson.ExtensionFinder$GuiceFinder$FaultTolerantScope$1.get(ExtensionFinder.java:428)
	at com.google.inject.internal.InternalFactoryToProviderAdapter.get(InternalFactoryToProviderAdapter.java:41)
	at com.google.inject.internal.SingleFieldInjector.inject(SingleFieldInjector.java:54)
	at com.google.inject.internal.MembersInjectorImpl.injectMembers(MembersInjectorImpl.java:132)
	at com.google.inject.internal.ConstructorInjector.provision(ConstructorInjector.java:117)
	at com.google.inject.internal.ConstructorInjector.construct(ConstructorInjector.java:88)
	at com.google.inject.internal.ConstructorBindingImpl$Factory.get(ConstructorBindingImpl.java:269)
	at com.google.inject.internal.ProviderToInternalFactoryAdapter$1.call(ProviderToInternalFactoryAdapter.java:46)
	at com.google.inject.internal.InjectorImpl.callInContext(InjectorImpl.java:1058)
	at com.google.inject.internal.ProviderToInternalFactoryAdapter.get(ProviderToInternalFactoryAdapter.java:40)
	at com.google.inject.Scopes$1$1.get(Scopes.java:65)
	at hudson.ExtensionFinder$GuiceFinder$FaultTolerantScope$1.get(ExtensionFinder.java:428)
	at com.google.inject.internal.InternalFactoryToProviderAdapter.get(InternalFactoryToProviderAdapter.java:41)
	at com.google.inject.internal.InjectorImpl$3$1.call(InjectorImpl.java:1005)
	at com.google.inject.internal.InjectorImpl.callInContext(InjectorImpl.java:1051)
	at com.google.inject.internal.InjectorImpl$3.get(InjectorImpl.java:1001)
	at hudson.ExtensionFinder$GuiceFinder._find(ExtensionFinder.java:390)
	at hudson.ExtensionFinder$GuiceFinder.find(ExtensionFinder.java:381)
	at hudson.ClassicPluginStrategy.findComponents(ClassicPluginStrategy.java:388)
	at hudson.ExtensionList.load(ExtensionList.java:349)
	at hudson.ExtensionList.ensureLoaded(ExtensionList.java:287)
	at hudson.ExtensionList.iterator(ExtensionList.java:156)
	at hudson.diagnosis.NullIdDescriptorMonitor.verify(NullIdDescriptorMonitor.java:68)
	at hudson.diagnosis.NullIdDescriptorMonitor.verifyId(NullIdDescriptorMonitor.java:89)
	at sun.reflect.NativeMethodAccessorImpl.invoke0(Native Method)
	at sun.reflect.NativeMethodAccessorImpl.invoke(NativeMethodAccessorImpl.java:62)
	at sun.reflect.DelegatingMethodAccessorImpl.invoke(DelegatingMethodAccessorImpl.java:43)
	at java.lang.reflect.Method.invoke(Method.java:497)
	at hudson.init.TaskMethodFinder.invoke(TaskMethodFinder.java:106)
	at hudson.init.TaskMethodFinder$TaskImpl.run(TaskMethodFinder.java:176)
	at org.jvnet.hudson.reactor.Reactor.runTask(Reactor.java:282)
	at jenkins.model.Jenkins$7.runTask(Jenkins.java:905)
	at org.jvnet.hudson.reactor.Reactor$2.run(Reactor.java:210)
	at org.jvnet.hudson.reactor.Reactor$Node.run(Reactor.java:117)
	at java.util.concurrent.ThreadPoolExecutor.runWorker(ThreadPoolExecutor.java:1142)
	at java.util.concurrent.ThreadPoolExecutor$Worker.run(ThreadPoolExecutor.java:617)
	at java.lang.Thread.run(Thread.java:745)
Caused by: java.lang.VerifyError: (class: org/bouncycastle/openssl/PEMReader$EncryptedPrivateKeyParser, method: parseObject signature: (Lorg/bouncycastle/util/io/pem/PemObject;)Ljava/lang/Object;) Incompatible argument to function
	at org.bouncycastle.openssl.PEMReader.<init>(Unknown Source)
	at org.bouncycastle.openssl.PEMReader.<init>(Unknown Source)
	at org.jenkinsci.main.modules.instance_identity.InstanceIdentity.read(InstanceIdentity.java:78)
	at org.jenkinsci.main.modules.instance_identity.InstanceIdentity.<init>(InstanceIdentity.java:64)
	at org.jenkinsci.main.modules.instance_identity.InstanceIdentity.<init>(InstanceIdentity.java:38)
	at org.jenkinsci.main.modules.instance_identity.InstanceIdentity$$FastClassByGuice$$af33f6d9.newInstance(<generated>)
	at com.google.inject.internal.cglib.reflect.$FastConstructor.newInstance(FastConstructor.java:40)
	at com.google.inject.internal.DefaultConstructionProxyFactory$1.newInstance(DefaultConstructionProxyFactory.java:61)
	at com.google.inject.internal.ConstructorInjector.provision(ConstructorInjector.java:108)
	at com.google.inject.internal.ConstructorInjector.construct(ConstructorInjector.java:88)
	at com.google.inject.internal.ConstructorBindingImpl$Factory.get(ConstructorBindingImpl.java:269)
	at com.google.inject.internal.SingleFieldInjector.inject(SingleFieldInjector.java:54)
	at com.google.inject.internal.MembersInjectorImpl.injectMembers(MembersInjectorImpl.java:132)
	at com.google.inject.internal.ConstructorInjector.provision(ConstructorInjector.java:117)
	at com.google.inject.internal.ConstructorInjector.construct(ConstructorInjector.java:88)
	at com.google.inject.internal.ConstructorBindingImpl$Factory.get(ConstructorBindingImpl.java:269)
	at com.google.inject.internal.ProviderToInternalFactoryAdapter$1.call(ProviderToInternalFactoryAdapter.java:46)
	at com.google.inject.internal.InjectorImpl.callInContext(InjectorImpl.java:1058)
	at com.google.inject.internal.ProviderToInternalFactoryAdapter.get(ProviderToInternalFactoryAdapter.java:40)
	... 38 more

22-Aug-2015 11:52:53.256 WARNING [NullIdDescriptorMonitor.verifyId] hudson.ExtensionFinder$GuiceFinder$FaultTolerantScope$1.error Failed to instantiate Key[type=org.jenkinsci.main.modules.sshd.PortAdvertiser, annotation=[none]]; skipping this component
 com.google.inject.ProvisionException: Guice provision errors:

1) null returned by binding at hudson.ExtensionFinder$GuiceFinder$SezpozModule.configure(ExtensionFinder.java:514)
 but org.jenkinsci.main.modules.sshd.PortAdvertiser.sshd is not @Nullable
  while locating org.jenkinsci.main.modules.sshd.SSHD
    for field at org.jenkinsci.main.modules.sshd.PortAdvertiser.sshd(PortAdvertiser.java:18)

1 error
	at com.google.inject.internal.ProviderToInternalFactoryAdapter.get(ProviderToInternalFactoryAdapter.java:52)
	at com.google.inject.Scopes$1$1.get(Scopes.java:65)
	at hudson.ExtensionFinder$GuiceFinder$FaultTolerantScope$1.get(ExtensionFinder.java:428)
	at com.google.inject.internal.InternalFactoryToProviderAdapter.get(InternalFactoryToProviderAdapter.java:41)
	at com.google.inject.internal.InjectorImpl$3$1.call(InjectorImpl.java:1005)
	at com.google.inject.internal.InjectorImpl.callInContext(InjectorImpl.java:1051)
	at com.google.inject.internal.InjectorImpl$3.get(InjectorImpl.java:1001)
	at hudson.ExtensionFinder$GuiceFinder._find(ExtensionFinder.java:390)
	at hudson.ExtensionFinder$GuiceFinder.find(ExtensionFinder.java:381)
	at hudson.ClassicPluginStrategy.findComponents(ClassicPluginStrategy.java:388)
	at hudson.ExtensionList.load(ExtensionList.java:349)
	at hudson.ExtensionList.ensureLoaded(ExtensionList.java:287)
	at hudson.ExtensionList.iterator(ExtensionList.java:156)
	at hudson.diagnosis.NullIdDescriptorMonitor.verify(NullIdDescriptorMonitor.java:68)
	at hudson.diagnosis.NullIdDescriptorMonitor.verifyId(NullIdDescriptorMonitor.java:89)
	at sun.reflect.NativeMethodAccessorImpl.invoke0(Native Method)
	at sun.reflect.NativeMethodAccessorImpl.invoke(NativeMethodAccessorImpl.java:62)
	at sun.reflect.DelegatingMethodAccessorImpl.invoke(DelegatingMethodAccessorImpl.java:43)
	at java.lang.reflect.Method.invoke(Method.java:497)
	at hudson.init.TaskMethodFinder.invoke(TaskMethodFinder.java:106)
	at hudson.init.TaskMethodFinder$TaskImpl.run(TaskMethodFinder.java:176)
	at org.jvnet.hudson.reactor.Reactor.runTask(Reactor.java:282)
	at jenkins.model.Jenkins$7.runTask(Jenkins.java:905)
	at org.jvnet.hudson.reactor.Reactor$2.run(Reactor.java:210)
	at org.jvnet.hudson.reactor.Reactor$Node.run(Reactor.java:117)
	at java.util.concurrent.ThreadPoolExecutor.runWorker(ThreadPoolExecutor.java:1142)
	at java.util.concurrent.ThreadPoolExecutor$Worker.run(ThreadPoolExecutor.java:617)
	at java.lang.Thread.run(Thread.java:745)

22-Aug-2015 11:52:53.257 WARNING [NullIdDescriptorMonitor.verifyId] hudson.ExtensionFinder$GuiceFinder$FaultTolerantScope$1.error Failed to instantiate Key[type=org.jenkinsci.main.modules.sshd.SSHD, annotation=[none]]; skipping this component
 com.google.inject.ProvisionException: Guice provision errors:

1) Error injecting constructor, java.lang.VerifyError: (class: org/bouncycastle/openssl/PEMReader$EncryptedPrivateKeyParser, method: parseObject signature: (Lorg/bouncycastle/util/io/pem/PemObject;)Ljava/lang/Object;) Incompatible argument to function
  at org.jenkinsci.main.modules.instance_identity.InstanceIdentity.<init>(InstanceIdentity.java:38)
  while locating org.jenkinsci.main.modules.instance_identity.InstanceIdentity
    for field at org.jenkinsci.main.modules.sshd.SSHD.identity(SSHD.java:33)

1 error
	at com.google.inject.internal.ProviderToInternalFactoryAdapter.get(ProviderToInternalFactoryAdapter.java:52)
	at com.google.inject.Scopes$1$1.get(Scopes.java:65)
	at hudson.ExtensionFinder$GuiceFinder$FaultTolerantScope$1.get(ExtensionFinder.java:428)
	at com.google.inject.internal.InternalFactoryToProviderAdapter.get(InternalFactoryToProviderAdapter.java:41)
	at com.google.inject.internal.InjectorImpl$3$1.call(InjectorImpl.java:1005)
	at com.google.inject.internal.InjectorImpl.callInContext(InjectorImpl.java:1051)
	at com.google.inject.internal.InjectorImpl$3.get(InjectorImpl.java:1001)
	at hudson.ExtensionFinder$GuiceFinder._find(ExtensionFinder.java:390)
	at hudson.ExtensionFinder$GuiceFinder.find(ExtensionFinder.java:381)
	at hudson.ClassicPluginStrategy.findComponents(ClassicPluginStrategy.java:388)
	at hudson.ExtensionList.load(ExtensionList.java:349)
	at hudson.ExtensionList.ensureLoaded(ExtensionList.java:287)
	at hudson.ExtensionList.iterator(ExtensionList.java:156)
	at hudson.diagnosis.NullIdDescriptorMonitor.verify(NullIdDescriptorMonitor.java:68)
	at hudson.diagnosis.NullIdDescriptorMonitor.verifyId(NullIdDescriptorMonitor.java:89)
	at sun.reflect.NativeMethodAccessorImpl.invoke0(Native Method)
	at sun.reflect.NativeMethodAccessorImpl.invoke(NativeMethodAccessorImpl.java:62)
	at sun.reflect.DelegatingMethodAccessorImpl.invoke(DelegatingMethodAccessorImpl.java:43)
	at java.lang.reflect.Method.invoke(Method.java:497)
	at hudson.init.TaskMethodFinder.invoke(TaskMethodFinder.java:106)
	at hudson.init.TaskMethodFinder$TaskImpl.run(TaskMethodFinder.java:176)
	at org.jvnet.hudson.reactor.Reactor.runTask(Reactor.java:282)
	at jenkins.model.Jenkins$7.runTask(Jenkins.java:905)
	at org.jvnet.hudson.reactor.Reactor$2.run(Reactor.java:210)
	at org.jvnet.hudson.reactor.Reactor$Node.run(Reactor.java:117)
	at java.util.concurrent.ThreadPoolExecutor.runWorker(ThreadPoolExecutor.java:1142)
	at java.util.concurrent.ThreadPoolExecutor$Worker.run(ThreadPoolExecutor.java:617)
	at java.lang.Thread.run(Thread.java:745)
Caused by: java.lang.VerifyError: (class: org/bouncycastle/openssl/PEMReader$EncryptedPrivateKeyParser, method: parseObject signature: (Lorg/bouncycastle/util/io/pem/PemObject;)Ljava/lang/Object;) Incompatible argument to function
	at org.bouncycastle.openssl.PEMReader.<init>(Unknown Source)
	at org.bouncycastle.openssl.PEMReader.<init>(Unknown Source)
	at org.jenkinsci.main.modules.instance_identity.InstanceIdentity.read(InstanceIdentity.java:78)
	at org.jenkinsci.main.modules.instance_identity.InstanceIdentity.<init>(InstanceIdentity.java:64)
	at org.jenkinsci.main.modules.instance_identity.InstanceIdentity.<init>(InstanceIdentity.java:38)
	at org.jenkinsci.main.modules.instance_identity.InstanceIdentity$$FastClassByGuice$$af33f6d9.newInstance(<generated>)
	at com.google.inject.internal.cglib.reflect.$FastConstructor.newInstance(FastConstructor.java:40)
	at com.google.inject.internal.DefaultConstructionProxyFactory$1.newInstance(DefaultConstructionProxyFactory.java:61)
	at com.google.inject.internal.ConstructorInjector.provision(ConstructorInjector.java:108)
	at com.google.inject.internal.ConstructorInjector.construct(ConstructorInjector.java:88)
	at com.google.inject.internal.ConstructorBindingImpl$Factory.get(ConstructorBindingImpl.java:269)
	at com.google.inject.internal.SingleFieldInjector.inject(SingleFieldInjector.java:54)
	at com.google.inject.internal.MembersInjectorImpl.injectMembers(MembersInjectorImpl.java:132)
	at com.google.inject.internal.ConstructorInjector.provision(ConstructorInjector.java:117)
	at com.google.inject.internal.ConstructorInjector.construct(ConstructorInjector.java:88)
	at com.google.inject.internal.ConstructorBindingImpl$Factory.get(ConstructorBindingImpl.java:269)
	at com.google.inject.internal.ProviderToInternalFactoryAdapter$1.call(ProviderToInternalFactoryAdapter.java:46)
	at com.google.inject.internal.InjectorImpl.callInContext(InjectorImpl.java:1058)
	at com.google.inject.internal.ProviderToInternalFactoryAdapter.get(ProviderToInternalFactoryAdapter.java:40)
	... 27 more

22-Aug-2015 11:52:53.750 INFO [Finalizing set up] jenkins.InitReactorRunner$1.onAttained Loaded all jobs
22-Aug-2015 11:52:53.801 WARNING [GroovyInitScript.init] hudson.ExtensionFinder$GuiceFinder$FaultTolerantScope$1.error Failed to instantiate Key[type=org.jenkinsci.main.modules.sshd.SSHD, annotation=[none]]; skipping this component
 com.google.inject.ProvisionException: Guice provision errors:

1) Error injecting constructor, java.lang.VerifyError: (class: org/bouncycastle/openssl/PEMReader$EncryptedPrivateKeyParser, method: parseObject signature: (Lorg/bouncycastle/util/io/pem/PemObject;)Ljava/lang/Object;) Incompatible argument to function
  at org.jenkinsci.main.modules.instance_identity.InstanceIdentity.<init>(InstanceIdentity.java:38)
  while locating org.jenkinsci.main.modules.instance_identity.InstanceIdentity
    for field at org.jenkinsci.main.modules.sshd.SSHD.identity(SSHD.java:33)

1 error
	at com.google.inject.internal.ProviderToInternalFactoryAdapter.get(ProviderToInternalFactoryAdapter.java:52)
	at com.google.inject.Scopes$1$1.get(Scopes.java:65)
	at hudson.ExtensionFinder$GuiceFinder$FaultTolerantScope$1.get(ExtensionFinder.java:428)
	at com.google.inject.internal.InternalFactoryToProviderAdapter.get(InternalFactoryToProviderAdapter.java:41)
	at com.google.inject.internal.InjectorImpl$3$1.call(InjectorImpl.java:1005)
	at com.google.inject.internal.InjectorImpl.callInContext(InjectorImpl.java:1051)
	at com.google.inject.internal.InjectorImpl$3.get(InjectorImpl.java:1001)
	at hudson.ExtensionFinder$GuiceFinder._find(ExtensionFinder.java:390)
	at hudson.ExtensionFinder$GuiceFinder.find(ExtensionFinder.java:381)
	at hudson.ClassicPluginStrategy.findComponents(ClassicPluginStrategy.java:388)
	at hudson.ExtensionList.load(ExtensionList.java:349)
	at hudson.ExtensionList.ensureLoaded(ExtensionList.java:287)
	at hudson.ExtensionList.iterator(ExtensionList.java:156)
	at hudson.ExtensionList.get(ExtensionList.java:147)
	at org.jenkinsci.main.modules.sshd.SSHD.get(SSHD.java:141)
	at org.jenkinsci.main.modules.sshd.SSHD.init(SSHD.java:146)
	at sun.reflect.NativeMethodAccessorImpl.invoke0(Native Method)
	at sun.reflect.NativeMethodAccessorImpl.invoke(NativeMethodAccessorImpl.java:62)
	at sun.reflect.DelegatingMethodAccessorImpl.invoke(DelegatingMethodAccessorImpl.java:43)
	at java.lang.reflect.Method.invoke(Method.java:497)
	at hudson.init.TaskMethodFinder.invoke(TaskMethodFinder.java:106)
	at hudson.init.TaskMethodFinder$TaskImpl.run(TaskMethodFinder.java:176)
	at org.jvnet.hudson.reactor.Reactor.runTask(Reactor.java:282)
	at jenkins.model.Jenkins$7.runTask(Jenkins.java:905)
	at org.jvnet.hudson.reactor.Reactor$2.run(Reactor.java:210)
	at org.jvnet.hudson.reactor.Reactor$Node.run(Reactor.java:117)
	at java.util.concurrent.ThreadPoolExecutor.runWorker(ThreadPoolExecutor.java:1142)
	at java.util.concurrent.ThreadPoolExecutor$Worker.run(ThreadPoolExecutor.java:617)
	at java.lang.Thread.run(Thread.java:745)
Caused by: java.lang.VerifyError: (class: org/bouncycastle/openssl/PEMReader$EncryptedPrivateKeyParser, method: parseObject signature: (Lorg/bouncycastle/util/io/pem/PemObject;)Ljava/lang/Object;) Incompatible argument to function
	at org.bouncycastle.openssl.PEMReader.<init>(Unknown Source)
	at org.bouncycastle.openssl.PEMReader.<init>(Unknown Source)
	at org.jenkinsci.main.modules.instance_identity.InstanceIdentity.read(InstanceIdentity.java:78)
	at org.jenkinsci.main.modules.instance_identity.InstanceIdentity.<init>(InstanceIdentity.java:64)
	at org.jenkinsci.main.modules.instance_identity.InstanceIdentity.<init>(InstanceIdentity.java:38)
	at org.jenkinsci.main.modules.instance_identity.InstanceIdentity$$FastClassByGuice$$af33f6d9.newInstance(<generated>)
	at com.google.inject.internal.cglib.reflect.$FastConstructor.newInstance(FastConstructor.java:40)
	at com.google.inject.internal.DefaultConstructionProxyFactory$1.newInstance(DefaultConstructionProxyFactory.java:61)
	at com.google.inject.internal.ConstructorInjector.provision(ConstructorInjector.java:108)
	at com.google.inject.internal.ConstructorInjector.construct(ConstructorInjector.java:88)
	at com.google.inject.internal.ConstructorBindingImpl$Factory.get(ConstructorBindingImpl.java:269)
	at com.google.inject.internal.SingleFieldInjector.inject(SingleFieldInjector.java:54)
	at com.google.inject.internal.MembersInjectorImpl.injectMembers(MembersInjectorImpl.java:132)
	at com.google.inject.internal.ConstructorInjector.provision(ConstructorInjector.java:117)
	at com.google.inject.internal.ConstructorInjector.construct(ConstructorInjector.java:88)
	at com.google.inject.internal.ConstructorBindingImpl$Factory.get(ConstructorBindingImpl.java:269)
	at com.google.inject.internal.ProviderToInternalFactoryAdapter$1.call(ProviderToInternalFactoryAdapter.java:46)
	at com.google.inject.internal.InjectorImpl.callInContext(InjectorImpl.java:1058)
	at com.google.inject.internal.ProviderToInternalFactoryAdapter.get(ProviderToInternalFactoryAdapter.java:40)
	... 28 more

22-Aug-2015 11:52:53.802 SEVERE [GroovyInitScript.init] jenkins.InitReactorRunner$1.onTaskFailed Failed SSHD.init
 java.lang.Error: java.lang.reflect.InvocationTargetException
	at hudson.init.TaskMethodFinder.invoke(TaskMethodFinder.java:110)
	at hudson.init.TaskMethodFinder$TaskImpl.run(TaskMethodFinder.java:176)
	at org.jvnet.hudson.reactor.Reactor.runTask(Reactor.java:282)
	at jenkins.model.Jenkins$7.runTask(Jenkins.java:905)
	at org.jvnet.hudson.reactor.Reactor$2.run(Reactor.java:210)
	at org.jvnet.hudson.reactor.Reactor$Node.run(Reactor.java:117)
	at java.util.concurrent.ThreadPoolExecutor.runWorker(ThreadPoolExecutor.java:1142)
	at java.util.concurrent.ThreadPoolExecutor$Worker.run(ThreadPoolExecutor.java:617)
	at java.lang.Thread.run(Thread.java:745)
Caused by: java.lang.reflect.InvocationTargetException
	at sun.reflect.NativeMethodAccessorImpl.invoke0(Native Method)
	at sun.reflect.NativeMethodAccessorImpl.invoke(NativeMethodAccessorImpl.java:62)
	at sun.reflect.DelegatingMethodAccessorImpl.invoke(DelegatingMethodAccessorImpl.java:43)
	at java.lang.reflect.Method.invoke(Method.java:497)
	at hudson.init.TaskMethodFinder.invoke(TaskMethodFinder.java:106)
	... 8 more
Caused by: java.lang.NullPointerException
	at org.jenkinsci.main.modules.sshd.SSHD.init(SSHD.java:146)
	... 13 more

22-Aug-2015 11:52:53.856 INFO [Download metadata thread] hudson.model.AsyncPeriodicWork$1.run Started Download metadata
22-Aug-2015 11:52:53.862 INFO [42] hudson.model.AsyncPeriodicWork$1.run Finished Download metadata. 6 ms
22-Aug-2015 11:52:54.048 INFO [pool-6-thread-2] jenkins.InitReactorRunner$1.onAttained Completed initialization
22-Aug-2015 11:52:54.101 WARNING [15] hudson.ExtensionFinder$GuiceFinder$FaultTolerantScope$1.error Failed to instantiate Key[type=org.jenkinsci.main.modules.sshd.SSHD, annotation=[none]]; skipping this component
 com.google.inject.ProvisionException: Guice provision errors:

1) Error injecting constructor, java.lang.VerifyError: (class: org/bouncycastle/openssl/PEMReader$EncryptedPrivateKeyParser, method: parseObject signature: (Lorg/bouncycastle/util/io/pem/PemObject;)Ljava/lang/Object;) Incompatible argument to function
  at org.jenkinsci.main.modules.instance_identity.InstanceIdentity.<init>(InstanceIdentity.java:38)
  while locating org.jenkinsci.main.modules.instance_identity.InstanceIdentity
    for field at org.jenkinsci.main.modules.sshd.SSHD.identity(SSHD.java:33)

1 error
	at com.google.inject.internal.ProviderToInternalFactoryAdapter.get(ProviderToInternalFactoryAdapter.java:52)
	at com.google.inject.Scopes$1$1.get(Scopes.java:65)
	at hudson.ExtensionFinder$GuiceFinder$FaultTolerantScope$1.get(ExtensionFinder.java:428)
	at com.google.inject.internal.InternalFactoryToProviderAdapter.get(InternalFactoryToProviderAdapter.java:41)
	at com.google.inject.internal.SingleFieldInjector.inject(SingleFieldInjector.java:54)
	at com.google.inject.internal.MembersInjectorImpl.injectMembers(MembersInjectorImpl.java:132)
	at com.google.inject.internal.ConstructorInjector.provision(ConstructorInjector.java:117)
	at com.google.inject.internal.ConstructorInjector.construct(ConstructorInjector.java:88)
	at com.google.inject.internal.ConstructorBindingImpl$Factory.get(ConstructorBindingImpl.java:269)
	at com.google.inject.internal.ProviderToInternalFactoryAdapter$1.call(ProviderToInternalFactoryAdapter.java:46)
	at com.google.inject.internal.InjectorImpl.callInContext(InjectorImpl.java:1058)
	at com.google.inject.internal.ProviderToInternalFactoryAdapter.get(ProviderToInternalFactoryAdapter.java:40)
	at com.google.inject.Scopes$1$1.get(Scopes.java:65)
	at hudson.ExtensionFinder$GuiceFinder$FaultTolerantScope$1.get(ExtensionFinder.java:428)
	at com.google.inject.internal.InternalFactoryToProviderAdapter.get(InternalFactoryToProviderAdapter.java:41)
	at com.google.inject.internal.InjectorImpl$3$1.call(InjectorImpl.java:1005)
	at com.google.inject.internal.InjectorImpl.callInContext(InjectorImpl.java:1051)
	at com.google.inject.internal.InjectorImpl$3.get(InjectorImpl.java:1001)
	at hudson.ExtensionFinder$GuiceFinder._find(ExtensionFinder.java:390)
	at hudson.ExtensionFinder$GuiceFinder.find(ExtensionFinder.java:381)
	at hudson.ClassicPluginStrategy.findComponents(ClassicPluginStrategy.java:388)
	at hudson.ExtensionList.load(ExtensionList.java:349)
	at hudson.ExtensionList.ensureLoaded(ExtensionList.java:287)
	at hudson.ExtensionList.iterator(ExtensionList.java:156)
	at jenkins.model.Jenkins.<init>(Jenkins.java:861)
	at hudson.model.Hudson.<init>(Hudson.java:85)
	at hudson.model.Hudson.<init>(Hudson.java:81)
	at hudson.WebAppMain$3.run(WebAppMain.java:225)
Caused by: java.lang.VerifyError: (class: org/bouncycastle/openssl/PEMReader$EncryptedPrivateKeyParser, method: parseObject signature: (Lorg/bouncycastle/util/io/pem/PemObject;)Ljava/lang/Object;) Incompatible argument to function
	at org.bouncycastle.openssl.PEMReader.<init>(Unknown Source)
	at org.bouncycastle.openssl.PEMReader.<init>(Unknown Source)
	at org.jenkinsci.main.modules.instance_identity.InstanceIdentity.read(InstanceIdentity.java:78)
	at org.jenkinsci.main.modules.instance_identity.InstanceIdentity.<init>(InstanceIdentity.java:64)
	at org.jenkinsci.main.modules.instance_identity.InstanceIdentity.<init>(InstanceIdentity.java:38)
	at org.jenkinsci.main.modules.instance_identity.InstanceIdentity$$FastClassByGuice$$af33f6d9.newInstance(<generated>)
	at com.google.inject.internal.cglib.reflect.$FastConstructor.newInstance(FastConstructor.java:40)
	at com.google.inject.internal.DefaultConstructionProxyFactory$1.newInstance(DefaultConstructionProxyFactory.java:61)
	at com.google.inject.internal.ConstructorInjector.provision(ConstructorInjector.java:108)
	at com.google.inject.internal.ConstructorInjector.construct(ConstructorInjector.java:88)
	at com.google.inject.internal.ConstructorBindingImpl$Factory.get(ConstructorBindingImpl.java:269)
	at com.google.inject.internal.SingleFieldInjector.inject(SingleFieldInjector.java:54)
	at com.google.inject.internal.MembersInjectorImpl.injectMembers(MembersInjectorImpl.java:132)
	at com.google.inject.internal.ConstructorInjector.provision(ConstructorInjector.java:117)
	at com.google.inject.internal.ConstructorInjector.construct(ConstructorInjector.java:88)
	at com.google.inject.internal.ConstructorBindingImpl$Factory.get(ConstructorBindingImpl.java:269)
	at com.google.inject.internal.ProviderToInternalFactoryAdapter$1.call(ProviderToInternalFactoryAdapter.java:46)
	at com.google.inject.internal.InjectorImpl.callInContext(InjectorImpl.java:1058)
	at com.google.inject.internal.ProviderToInternalFactoryAdapter.get(ProviderToInternalFactoryAdapter.java:40)
	... 27 more

22-Aug-2015 11:52:54.102 WARNING [15] hudson.ExtensionFinder$GuiceFinder$FaultTolerantScope$1.error Failed to instantiate Key[type=org.jenkinsci.main.modules.sshd.ItemListenerImpl, annotation=[none]]; skipping this component
 com.google.inject.ProvisionException: Guice provision errors:

1) null returned by binding at hudson.ExtensionFinder$GuiceFinder$SezpozModule.configure(ExtensionFinder.java:514)
 but org.jenkinsci.main.modules.sshd.ItemListenerImpl.sshd is not @Nullable
  while locating org.jenkinsci.main.modules.sshd.SSHD
    for field at org.jenkinsci.main.modules.sshd.ItemListenerImpl.sshd(ItemListenerImpl.java:14)

1 error
	at com.google.inject.internal.ProviderToInternalFactoryAdapter.get(ProviderToInternalFactoryAdapter.java:52)
	at com.google.inject.Scopes$1$1.get(Scopes.java:65)
	at hudson.ExtensionFinder$GuiceFinder$FaultTolerantScope$1.get(ExtensionFinder.java:428)
	at com.google.inject.internal.InternalFactoryToProviderAdapter.get(InternalFactoryToProviderAdapter.java:41)
	at com.google.inject.internal.InjectorImpl$3$1.call(InjectorImpl.java:1005)
	at com.google.inject.internal.InjectorImpl.callInContext(InjectorImpl.java:1051)
	at com.google.inject.internal.InjectorImpl$3.get(InjectorImpl.java:1001)
	at hudson.ExtensionFinder$GuiceFinder._find(ExtensionFinder.java:390)
	at hudson.ExtensionFinder$GuiceFinder.find(ExtensionFinder.java:381)
	at hudson.ClassicPluginStrategy.findComponents(ClassicPluginStrategy.java:388)
	at hudson.ExtensionList.load(ExtensionList.java:349)
	at hudson.ExtensionList.ensureLoaded(ExtensionList.java:287)
	at hudson.ExtensionList.iterator(ExtensionList.java:156)
	at jenkins.model.Jenkins.<init>(Jenkins.java:861)
	at hudson.model.Hudson.<init>(Hudson.java:85)
	at hudson.model.Hudson.<init>(Hudson.java:81)
	at hudson.WebAppMain$3.run(WebAppMain.java:225)

22-Aug-2015 11:52:54.103 INFO [15] hudson.WebAppMain$3.run Jenkins is fully up and running
22-Aug-2015 11:54:45.586 INFO [main] org.apache.catalina.core.StandardServer.await A valid shutdown command was received via the shutdown port. Stopping the Server instance.
22-Aug-2015 11:54:45.586 INFO [main] org.apache.coyote.AbstractProtocol.pause Pausing ProtocolHandler ["ajp-apr-8009"]
22-Aug-2015 11:55:56.764 INFO [main] org.apache.catalina.startup.VersionLoggerListener.log Server version:        Apache Tomcat/8.0.24
22-Aug-2015 11:55:56.765 INFO [main] org.apache.catalina.startup.VersionLoggerListener.log Server built:          Jul 1 2015 20:19:55 UTC
22-Aug-2015 11:55:56.765 INFO [main] org.apache.catalina.startup.VersionLoggerListener.log Server number:         8.0.24.0
22-Aug-2015 11:55:56.766 INFO [main] org.apache.catalina.startup.VersionLoggerListener.log OS Name:               Linux
22-Aug-2015 11:55:56.766 INFO [main] org.apache.catalina.startup.VersionLoggerListener.log OS Version:            3.10.0-229.11.1.el7.x86_64
22-Aug-2015 11:55:56.766 INFO [main] org.apache.catalina.startup.VersionLoggerListener.log Architecture:          amd64
22-Aug-2015 11:55:56.766 INFO [main] org.apache.catalina.startup.VersionLoggerListener.log Java Home:             /usr/lib/jvm/java-1.8.0-openjdk-1.8.0.51-1.b16.el7_1.x86_64/jre
22-Aug-2015 11:55:56.766 INFO [main] org.apache.catalina.startup.VersionLoggerListener.log JVM Version:           1.8.0_51-b16
22-Aug-2015 11:55:56.766 INFO [main] org.apache.catalina.startup.VersionLoggerListener.log JVM Vendor:            Oracle Corporation
22-Aug-2015 11:55:56.766 INFO [main] org.apache.catalina.startup.VersionLoggerListener.log CATALINA_BASE:         /var/lib/tomcats/devtools
22-Aug-2015 11:55:56.766 INFO [main] org.apache.catalina.startup.VersionLoggerListener.log CATALINA_HOME:         /opt/apache-tomcat-8.0.24
22-Aug-2015 11:55:56.766 INFO [main] org.apache.catalina.startup.VersionLoggerListener.log Command line argument: -Xms256m
22-Aug-2015 11:55:56.766 INFO [main] org.apache.catalina.startup.VersionLoggerListener.log Command line argument: -Xmx512m
22-Aug-2015 11:55:56.767 INFO [main] org.apache.catalina.startup.VersionLoggerListener.log Command line argument: -Dcatalina.base=/var/lib/tomcats/devtools
22-Aug-2015 11:55:56.767 INFO [main] org.apache.catalina.startup.VersionLoggerListener.log Command line argument: -Dcatalina.home=/opt/apache-tomcat-8.0.24
22-Aug-2015 11:55:56.767 INFO [main] org.apache.catalina.startup.VersionLoggerListener.log Command line argument: -Djava.endorsed.dirs=
22-Aug-2015 11:55:56.767 INFO [main] org.apache.catalina.startup.VersionLoggerListener.log Command line argument: -Djava.io.tmpdir=/var/lib/tomcats/devtools/temp
22-Aug-2015 11:55:56.767 INFO [main] org.apache.catalina.startup.VersionLoggerListener.log Command line argument: -Djava.util.logging.config.file=/var/lib/tomcats/devtools/conf/logging.properties
22-Aug-2015 11:55:56.767 INFO [main] org.apache.catalina.startup.VersionLoggerListener.log Command line argument: -Djava.util.logging.manager=org.apache.juli.ClassLoaderLogManager
22-Aug-2015 11:55:56.767 INFO [main] org.apache.catalina.core.AprLifecycleListener.lifecycleEvent Loaded APR based Apache Tomcat Native library 1.1.33 using APR version 1.4.8.
22-Aug-2015 11:55:56.767 INFO [main] org.apache.catalina.core.AprLifecycleListener.lifecycleEvent APR capabilities: IPv6 [true], sendfile [true], accept filters [false], random [true].
22-Aug-2015 11:55:56.815 INFO [main] org.apache.catalina.core.AprLifecycleListener.initializeSSL OpenSSL successfully initialized (OpenSSL 1.0.1e 11 Feb 2013)
22-Aug-2015 11:55:57.304 INFO [main] org.apache.coyote.AbstractProtocol.init Initializing ProtocolHandler ["ajp-apr-8009"]
22-Aug-2015 11:55:57.311 INFO [main] org.apache.catalina.startup.Catalina.load Initialization processed in 1123 ms
22-Aug-2015 11:55:57.333 INFO [main] org.apache.catalina.core.StandardService.startInternal Starting service Catalina
22-Aug-2015 11:55:57.333 INFO [main] org.apache.catalina.core.StandardEngine.startInternal Starting Servlet Engine: Apache Tomcat/8.0.24
22-Aug-2015 11:55:57.393 INFO [localhost-startStop-1] org.apache.catalina.startup.HostConfig.deployWAR Deploying web application archive /var/lib/tomcats/devtools/webapps/jenkins.war
22-Aug-2015 11:56:02.023 INFO [localhost-startStop-1] org.apache.jasper.servlet.TldScanner.scanJars At least one JAR was scanned for TLDs yet contained no TLDs. Enable debug logging for this logger for a complete list of JARs that were scanned but no TLDs were found in them. Skipping unneeded JARs during scanning can improve startup time and JSP compilation time.
22-Aug-2015 11:56:02.719 INFO [localhost-startStop-1] org.apache.catalina.startup.HostConfig.deployWAR Deployment of web application archive /var/lib/tomcats/devtools/webapps/jenkins.war has finished in 5,325 ms
22-Aug-2015 11:56:02.720 INFO [localhost-startStop-1] org.apache.catalina.startup.HostConfig.deployWAR Deploying web application archive /var/lib/tomcats/devtools/webapps/gitblit.war
22-Aug-2015 11:56:03.737 INFO [pool-6-thread-2] jenkins.InitReactorRunner$1.onAttained Started initialization
22-Aug-2015 11:56:03.906 INFO [pool-6-thread-1] jenkins.InitReactorRunner$1.onAttained Listed all plugins
22-Aug-2015 11:56:04.109 INFO [Discovering plugin initialization tasks] jenkins.InitReactorRunner$1.onAttained Prepared all plugins
22-Aug-2015 11:56:04.258 INFO [PluginImpl.init] jenkins.InitReactorRunner$1.onAttained Started all plugins
22-Aug-2015 11:56:08.495 INFO [localhost-startStop-1] org.apache.jasper.servlet.TldScanner.scanJars At least one JAR was scanned for TLDs yet contained no TLDs. Enable debug logging for this logger for a complete list of JARs that were scanned but no TLDs were found in them. Skipping unneeded JARs during scanning can improve startup time and JSP compilation time.
22-Aug-2015 11:56:09.475 INFO [Loading global config] jenkins.InitReactorRunner$1.onAttained Augmented all extensions
22-Aug-2015 11:56:09.841 INFO [localhost-startStop-1] org.apache.catalina.startup.HostConfig.deployWAR Deployment of web application archive /var/lib/tomcats/devtools/webapps/gitblit.war has finished in 7,121 ms
22-Aug-2015 11:56:09.870 INFO [main] org.apache.coyote.AbstractProtocol.start Starting ProtocolHandler ["ajp-apr-8009"]
22-Aug-2015 11:56:09.921 INFO [main] org.apache.catalina.startup.Catalina.start Server startup in 12609 ms
22-Aug-2015 11:56:10.463 INFO [DoubleLaunchChecker.init] jenkins.InitReactorRunner$1.onAttained Loaded all jobs
22-Aug-2015 11:56:10.673 INFO [Finalizing set up] org.jenkinsci.main.modules.sshd.SSHD.start Started SSHD at port 37395
22-Aug-2015 11:56:10.872 INFO [pool-6-thread-2] jenkins.InitReactorRunner$1.onAttained Completed initialization
22-Aug-2015 11:56:10.905 INFO [Download metadata thread] hudson.model.AsyncPeriodicWork$1.run Started Download metadata
22-Aug-2015 11:56:10.911 INFO [43] hudson.model.AsyncPeriodicWork$1.run Finished Download metadata. 3 ms
22-Aug-2015 11:56:10.914 INFO [15] hudson.WebAppMain$3.run Jenkins is fully up and running
