<?xml version='1.0' encoding='UTF-8'?>
<result>
  <suites>
    <suite>
      <file>/home1/irteam/.hudson/jobs/SUS_I_uitest_all/workspace/trunk/target/surefire-reports/TEST-com.naver.kin.testcase.endpage.normal.Answer.xml</file>
      <name>com.naver.kin.testcase.endpage.normal.Answer</name>
      <duration>639.154</duration>
      <cases>
        <case>
          <duration>76.901</duration>
          <className>com.naver.kin.testcase.endpage.normal.Answer</className>
          <testName>KIN_370_답변하기가정상동작한다</testName>
          <skipped>false</skipped>
          <failedSince>0</failedSince>
        </case>
        <case>
          <duration>35.76</duration>
          <className>com.naver.kin.testcase.endpage.normal.Answer</className>
          <testName>KIN_376_의견쓰기가정상동작한다</testName>
          <skipped>false</skipped>
          <failedSince>0</failedSince>
        </case>
        <case>
          <duration>331.962</duration>
          <className>com.naver.kin.testcase.endpage.normal.Answer</className>
          <testName>KIN_377_답변영역신고하기가정상동작한다</testName>
          <skipped>false</skipped>
          <failedSince>0</failedSince>
        </case>
        <case>
          <duration>164.476</duration>
          <className>com.naver.kin.testcase.endpage.normal.Answer</className>
          <testName>KIN_378_답변수정과삭제가정상동작한다</testName>
          <skipped>false</skipped>
          <errorStackTrace>com.thoughtworks.selenium.SeleniumException: Timed out after 35000ms
	at com.thoughtworks.selenium.HttpCommandProcessor.throwAssertionFailureExceptionOrError(HttpCommandProcessor.java:97)
	at com.thoughtworks.selenium.HttpCommandProcessor.doCommand(HttpCommandProcessor.java:91)
	at com.thoughtworks.selenium.DefaultSelenium.waitForPageToLoad(DefaultSelenium.java:635)
	at com.naver.kin.Utilities.waitForKeyDown(Utilities.java:175)
	at com.naver.kin.testcase.endpage.normal.Answer.KIN_378_답변수정과삭제가정상동작한다(Answer.java:205)
	at sun.reflect.NativeMethodAccessorImpl.invoke0(Native Method)
	at sun.reflect.NativeMethodAccessorImpl.invoke(NativeMethodAccessorImpl.java:39)
	at sun.reflect.DelegatingMethodAccessorImpl.invoke(DelegatingMethodAccessorImpl.java:25)
	at java.lang.reflect.Method.invoke(Method.java:597)
	at org.junit.internal.runners.TestMethod.invoke(TestMethod.java:59)
	at org.junit.internal.runners.MethodRoadie.runTestMethod(MethodRoadie.java:98)
	at org.junit.internal.runners.MethodRoadie$2.run(MethodRoadie.java:79)
	at org.junit.internal.runners.MethodRoadie.runBeforesThenTestThenAfters(MethodRoadie.java:87)
	at org.junit.internal.runners.MethodRoadie.runTest(MethodRoadie.java:77)
	at org.junit.internal.runners.MethodRoadie.run(MethodRoadie.java:42)
	at org.junit.internal.runners.JUnit4ClassRunner.invokeTestMethod(JUnit4ClassRunner.java:88)
	at org.junit.internal.runners.JUnit4ClassRunner.runMethods(JUnit4ClassRunner.java:51)
	at org.junit.internal.runners.JUnit4ClassRunner$1.run(JUnit4ClassRunner.java:44)
	at org.junit.internal.runners.ClassRoadie.runUnprotected(ClassRoadie.java:27)
	at org.junit.internal.runners.ClassRoadie.runProtected(ClassRoadie.java:37)
	at org.junit.internal.runners.JUnit4ClassRunner.run(JUnit4ClassRunner.java:42)
	at org.apache.maven.surefire.junit4.JUnit4TestSet.execute(JUnit4TestSet.java:62)
	at org.apache.maven.surefire.suite.AbstractDirectoryTestSuite.executeTestSet(AbstractDirectoryTestSuite.java:140)
	at org.apache.maven.surefire.suite.AbstractDirectoryTestSuite.execute(AbstractDirectoryTestSuite.java:127)
	at org.apache.maven.surefire.Surefire.run(Surefire.java:177)
	at sun.reflect.NativeMethodAccessorImpl.invoke0(Native Method)
	at sun.reflect.NativeMethodAccessorImpl.invoke(NativeMethodAccessorImpl.java:39)
	at sun.reflect.DelegatingMethodAccessorImpl.invoke(DelegatingMethodAccessorImpl.java:25)
	at java.lang.reflect.Method.invoke(Method.java:597)
	at org.apache.maven.surefire.booter.SurefireBooter.runSuitesInProcess(SurefireBooter.java:345)
	at org.apache.maven.surefire.booter.SurefireBooter.main(SurefireBooter.java:1009)
</errorStackTrace>
          <errorDetails>Timed out after 35000ms</errorDetails>
          <failedSince>44</failedSince>
        </case>
        <case>
          <duration>30.055</duration>
          <className>com.naver.kin.testcase.endpage.normal.Answer</className>
          <testName>KIN_379_질문자채택이정상동작한다</testName>
          <skipped>false</skipped>
          <errorStackTrace>com.thoughtworks.selenium.SeleniumException: Timed out after 30000ms
	at com.thoughtworks.selenium.HttpCommandProcessor.throwAssertionFailureExceptionOrError(HttpCommandProcessor.java:97)
	at com.thoughtworks.selenium.HttpCommandProcessor.doCommand(HttpCommandProcessor.java:91)
	at com.thoughtworks.selenium.DefaultSelenium.open(DefaultSelenium.java:335)
	at com.naver.kin.Utilities.openOnTop(Utilities.java:514)
	at com.naver.kin.Utilities.loginAndReplace(Utilities.java:97)
	at com.naver.kin.testcase.endpage.normal.Answer.KIN_379_질문자채택이정상동작한다(Answer.java:217)
	at sun.reflect.NativeMethodAccessorImpl.invoke0(Native Method)
	at sun.reflect.NativeMethodAccessorImpl.invoke(NativeMethodAccessorImpl.java:39)
	at sun.reflect.DelegatingMethodAccessorImpl.invoke(DelegatingMethodAccessorImpl.java:25)
	at java.lang.reflect.Method.invoke(Method.java:597)
	at org.junit.internal.runners.TestMethod.invoke(TestMethod.java:59)
	at org.junit.internal.runners.MethodRoadie.runTestMethod(MethodRoadie.java:98)
	at org.junit.internal.runners.MethodRoadie$2.run(MethodRoadie.java:79)
	at org.junit.internal.runners.MethodRoadie.runBeforesThenTestThenAfters(MethodRoadie.java:87)
	at org.junit.internal.runners.MethodRoadie.runTest(MethodRoadie.java:77)
	at org.junit.internal.runners.MethodRoadie.run(MethodRoadie.java:42)
	at org.junit.internal.runners.JUnit4ClassRunner.invokeTestMethod(JUnit4ClassRunner.java:88)
	at org.junit.internal.runners.JUnit4ClassRunner.runMethods(JUnit4ClassRunner.java:51)
	at org.junit.internal.runners.JUnit4ClassRunner$1.run(JUnit4ClassRunner.java:44)
	at org.junit.internal.runners.ClassRoadie.runUnprotected(ClassRoadie.java:27)
	at org.junit.internal.runners.ClassRoadie.runProtected(ClassRoadie.java:37)
	at org.junit.internal.runners.JUnit4ClassRunner.run(JUnit4ClassRunner.java:42)
	at org.apache.maven.surefire.junit4.JUnit4TestSet.execute(JUnit4TestSet.java:62)
	at org.apache.maven.surefire.suite.AbstractDirectoryTestSuite.executeTestSet(AbstractDirectoryTestSuite.java:140)
	at org.apache.maven.surefire.suite.AbstractDirectoryTestSuite.execute(AbstractDirectoryTestSuite.java:127)
	at org.apache.maven.surefire.Surefire.run(Surefire.java:177)
	at sun.reflect.NativeMethodAccessorImpl.invoke0(Native Method)
	at sun.reflect.NativeMethodAccessorImpl.invoke(NativeMethodAccessorImpl.java:39)
	at sun.reflect.DelegatingMethodAccessorImpl.invoke(DelegatingMethodAccessorImpl.java:25)
	at java.lang.reflect.Method.invoke(Method.java:597)
	at org.apache.maven.surefire.booter.SurefireBooter.runSuitesInProcess(SurefireBooter.java:345)
	at org.apache.maven.surefire.booter.SurefireBooter.main(SurefireBooter.java:1009)
</errorStackTrace>
          <errorDetails>Timed out after 30000ms</errorDetails>
          <failedSince>44</failedSince>
        </case>
      </cases>
    </suite>
    <suite>
      <file>/home1/irteam/.hudson/jobs/SUS_I_uitest_all/workspace/trunk/target/surefire-reports/TEST-com.naver.kin.testcase.endpage.normal.NotAnswer.xml</file>
      <name>com.naver.kin.testcase.endpage.normal.NotAnswer</name>
      <duration>528.82996</duration>
      <cases>
        <case>
          <duration>36.373</duration>
          <className>com.naver.kin.testcase.endpage.normal.NotAnswer</className>
          <testName>KIN_371_의견쓰기가정상동작한다</testName>
          <skipped>false</skipped>
          <failedSince>0</failedSince>
        </case>
        <case>
          <duration>332.425</duration>
          <className>com.naver.kin.testcase.endpage.normal.NotAnswer</className>
          <testName>KIN_372_신고하기가정상동작한다</testName>
          <skipped>false</skipped>
          <failedSince>0</failedSince>
        </case>
        <case>
          <duration>129.983</duration>
          <className>com.naver.kin.testcase.endpage.normal.NotAnswer</className>
          <testName>KIN_373_아이디비공개가정상동작한다</testName>
          <skipped>false</skipped>
          <errorStackTrace>com.thoughtworks.selenium.SeleniumException: Timed out after 35000ms
	at com.thoughtworks.selenium.HttpCommandProcessor.throwAssertionFailureExceptionOrError(HttpCommandProcessor.java:97)
	at com.thoughtworks.selenium.HttpCommandProcessor.doCommand(HttpCommandProcessor.java:91)
	at com.thoughtworks.selenium.DefaultSelenium.waitForPageToLoad(DefaultSelenium.java:635)
	at com.naver.kin.Utilities.waitForKeyDown(Utilities.java:175)
	at com.naver.kin.testcase.endpage.normal.NotAnswer.KIN_373_아이디비공개가정상동작한다(NotAnswer.java:151)
	at sun.reflect.NativeMethodAccessorImpl.invoke0(Native Method)
	at sun.reflect.NativeMethodAccessorImpl.invoke(NativeMethodAccessorImpl.java:39)
	at sun.reflect.DelegatingMethodAccessorImpl.invoke(DelegatingMethodAccessorImpl.java:25)
	at java.lang.reflect.Method.invoke(Method.java:597)
	at org.junit.internal.runners.TestMethod.invoke(TestMethod.java:59)
	at org.junit.internal.runners.MethodRoadie.runTestMethod(MethodRoadie.java:98)
	at org.junit.internal.runners.MethodRoadie$2.run(MethodRoadie.java:79)
	at org.junit.internal.runners.MethodRoadie.runBeforesThenTestThenAfters(MethodRoadie.java:87)
	at org.junit.internal.runners.MethodRoadie.runTest(MethodRoadie.java:77)
	at org.junit.internal.runners.MethodRoadie.run(MethodRoadie.java:42)
	at org.junit.internal.runners.JUnit4ClassRunner.invokeTestMethod(JUnit4ClassRunner.java:88)
	at org.junit.internal.runners.JUnit4ClassRunner.runMethods(JUnit4ClassRunner.java:51)
	at org.junit.internal.runners.JUnit4ClassRunner$1.run(JUnit4ClassRunner.java:44)
	at org.junit.internal.runners.ClassRoadie.runUnprotected(ClassRoadie.java:27)
	at org.junit.internal.runners.ClassRoadie.runProtected(ClassRoadie.java:37)
	at org.junit.internal.runners.JUnit4ClassRunner.run(JUnit4ClassRunner.java:42)
	at org.apache.maven.surefire.junit4.JUnit4TestSet.execute(JUnit4TestSet.java:62)
	at org.apache.maven.surefire.suite.AbstractDirectoryTestSuite.executeTestSet(AbstractDirectoryTestSuite.java:140)
	at org.apache.maven.surefire.suite.AbstractDirectoryTestSuite.execute(AbstractDirectoryTestSuite.java:127)
	at org.apache.maven.surefire.Surefire.run(Surefire.java:177)
	at sun.reflect.NativeMethodAccessorImpl.invoke0(Native Method)
	at sun.reflect.NativeMethodAccessorImpl.invoke(NativeMethodAccessorImpl.java:39)
	at sun.reflect.DelegatingMethodAccessorImpl.invoke(DelegatingMethodAccessorImpl.java:25)
	at java.lang.reflect.Method.invoke(Method.java:597)
	at org.apache.maven.surefire.booter.SurefireBooter.runSuitesInProcess(SurefireBooter.java:345)
	at org.apache.maven.surefire.booter.SurefireBooter.main(SurefireBooter.java:1009)
</errorStackTrace>
          <errorDetails>Timed out after 35000ms</errorDetails>
          <failedSince>45</failedSince>
        </case>
        <case>
          <duration>30.049</duration>
          <className>com.naver.kin.testcase.endpage.normal.NotAnswer</className>
          <testName>KIN_374_질문수정과삭제가정상동작함</testName>
          <skipped>false</skipped>
          <errorStackTrace>com.thoughtworks.selenium.SeleniumException: Timed out after 30000ms
	at com.thoughtworks.selenium.HttpCommandProcessor.throwAssertionFailureExceptionOrError(HttpCommandProcessor.java:97)
	at com.thoughtworks.selenium.HttpCommandProcessor.doCommand(HttpCommandProcessor.java:91)
	at com.thoughtworks.selenium.DefaultSelenium.open(DefaultSelenium.java:335)
	at com.naver.kin.Utilities.openOnTop(Utilities.java:514)
	at com.naver.kin.Utilities.loginAndReplace(Utilities.java:97)
	at com.naver.kin.testcase.endpage.normal.NotAnswer.KIN_374_질문수정과삭제가정상동작함(NotAnswer.java:170)
	at sun.reflect.NativeMethodAccessorImpl.invoke0(Native Method)
	at sun.reflect.NativeMethodAccessorImpl.invoke(NativeMethodAccessorImpl.java:39)
	at sun.reflect.DelegatingMethodAccessorImpl.invoke(DelegatingMethodAccessorImpl.java:25)
	at java.lang.reflect.Method.invoke(Method.java:597)
	at org.junit.internal.runners.TestMethod.invoke(TestMethod.java:59)
	at org.junit.internal.runners.MethodRoadie.runTestMethod(MethodRoadie.java:98)
	at org.junit.internal.runners.MethodRoadie$2.run(MethodRoadie.java:79)
	at org.junit.internal.runners.MethodRoadie.runBeforesThenTestThenAfters(MethodRoadie.java:87)
	at org.junit.internal.runners.MethodRoadie.runTest(MethodRoadie.java:77)
	at org.junit.internal.runners.MethodRoadie.run(MethodRoadie.java:42)
	at org.junit.internal.runners.JUnit4ClassRunner.invokeTestMethod(JUnit4ClassRunner.java:88)
	at org.junit.internal.runners.JUnit4ClassRunner.runMethods(JUnit4ClassRunner.java:51)
	at org.junit.internal.runners.JUnit4ClassRunner$1.run(JUnit4ClassRunner.java:44)
	at org.junit.internal.runners.ClassRoadie.runUnprotected(ClassRoadie.java:27)
	at org.junit.internal.runners.ClassRoadie.runProtected(ClassRoadie.java:37)
	at org.junit.internal.runners.JUnit4ClassRunner.run(JUnit4ClassRunner.java:42)
	at org.apache.maven.surefire.junit4.JUnit4TestSet.execute(JUnit4TestSet.java:62)
	at org.apache.maven.surefire.suite.AbstractDirectoryTestSuite.executeTestSet(AbstractDirectoryTestSuite.java:140)
	at org.apache.maven.surefire.suite.AbstractDirectoryTestSuite.execute(AbstractDirectoryTestSuite.java:127)
	at org.apache.maven.surefire.Surefire.run(Surefire.java:177)
	at sun.reflect.NativeMethodAccessorImpl.invoke0(Native Method)
	at sun.reflect.NativeMethodAccessorImpl.invoke(NativeMethodAccessorImpl.java:39)
	at sun.reflect.DelegatingMethodAccessorImpl.invoke(DelegatingMethodAccessorImpl.java:25)
	at java.lang.reflect.Method.invoke(Method.java:597)
	at org.apache.maven.surefire.booter.SurefireBooter.runSuitesInProcess(SurefireBooter.java:345)
	at org.apache.maven.surefire.booter.SurefireBooter.main(SurefireBooter.java:1009)
</errorStackTrace>
          <errorDetails>Timed out after 30000ms</errorDetails>
          <failedSince>45</failedSince>
        </case>
      </cases>
    </suite>
    <suite>
      <file>/home1/irteam/.hudson/jobs/SUS_I_uitest_all/workspace/trunk/target/surefire-reports/TEST-com.naver.kin.testcase.kinbest.aha.KinBestAha.xml</file>
      <name>com.naver.kin.testcase.kinbest.aha.KinBestAha</name>
      <duration>24.993</duration>
      <cases>
        <case>
          <duration>24.993</duration>
          <className>com.naver.kin.testcase.kinbest.aha.KinBestAha</className>
          <testName>KIN_232_아하그렇구나클릭하면해당페이지가로딩된다</testName>
          <skipped>false</skipped>
          <failedSince>0</failedSince>
        </case>
      </cases>
    </suite>
    <suite>
      <file>/home1/irteam/.hudson/jobs/SUS_I_uitest_all/workspace/trunk/target/surefire-reports/TEST-com.naver.kin.testcase.kinbest.editorrecommend.KinBestEditorRecommended.xml</file>
      <name>com.naver.kin.testcase.kinbest.editorrecommend.KinBestEditorRecommended</name>
      <duration>13.112</duration>
      <cases>
        <case>
          <duration>13.112</duration>
          <className>com.naver.kin.testcase.kinbest.editorrecommend.KinBestEditorRecommended</className>
          <testName>KIN_238_에디터추천지식클릭하면해당페이지가로딩된다</testName>
          <skipped>false</skipped>
          <failedSince>0</failedSince>
        </case>
      </cases>
    </suite>
    <suite>
      <file>/home1/irteam/.hudson/jobs/SUS_I_uitest_all/workspace/trunk/target/surefire-reports/TEST-com.naver.kin.testcase.kinbest.kinmovie.KinBestKinMovie.xml</file>
      <name>com.naver.kin.testcase.kinbest.kinmovie.KinBestKinMovie</name>
      <duration>12.822</duration>
      <cases>
        <case>
          <duration>12.822</duration>
          <className>com.naver.kin.testcase.kinbest.kinmovie.KinBestKinMovie</className>
          <testName>KIN_242_지식동영상클릭하면해당페이지가로딩된다</testName>
          <skipped>false</skipped>
          <failedSince>0</failedSince>
        </case>
      </cases>
    </suite>
    <suite>
      <file>/home1/irteam/.hudson/jobs/SUS_I_uitest_all/workspace/trunk/target/surefire-reports/TEST-com.naver.kin.testcase.kinhome.Home.xml</file>
      <name>com.naver.kin.testcase.kinhome.Home</name>
      <duration>72.132</duration>
      <cases>
        <case>
          <duration>72.132</duration>
          <className>com.naver.kin.testcase.kinhome.Home</className>
          <testName>KIN_019_새질문영역을확인한다</testName>
          <skipped>false</skipped>
          <failedSince>0</failedSince>
        </case>
      </cases>
    </suite>
    <suite>
      <file>/home1/irteam/.hudson/jobs/SUS_I_uitest_all/workspace/trunk/target/surefire-reports/TEST-com.naver.kin.testcase.lnbqna.juniqna.Juniqna.xml</file>
      <name>com.naver.kin.testcase.lnbqna.juniqna.Juniqna</name>
      <duration>387.819</duration>
      <cases>
        <case>
          <duration>26.388</duration>
          <className>com.naver.kin.testcase.lnbqna.juniqna.Juniqna</className>
          <testName>KIN_071_UI확인한다</testName>
          <skipped>false</skipped>
          <failedSince>0</failedSince>
        </case>
        <case>
          <duration>14.851</duration>
          <className>com.naver.kin.testcase.lnbqna.juniqna.Juniqna</className>
          <testName>KIN_073_새질문탭클릭후페이지가정상이동하고목록이정상노출된다</testName>
          <skipped>false</skipped>
          <failedSince>0</failedSince>
        </case>
        <case>
          <duration>60.489</duration>
          <className>com.naver.kin.testcase.lnbqna.juniqna.Juniqna</className>
          <testName>KIN_075_새질문영역질문자비공개레이어링크없음확인한다</testName>
          <skipped>false</skipped>
          <failedSince>0</failedSince>
        </case>
        <case>
          <duration>4.599</duration>
          <className>com.naver.kin.testcase.lnbqna.juniqna.Juniqna</className>
          <testName>KIN_076_새질문탭제목클릭하면엔드페이지로정상이동한다</testName>
          <skipped>false</skipped>
          <failedSince>0</failedSince>
        </case>
        <case>
          <duration>15.891</duration>
          <className>com.naver.kin.testcase.lnbqna.juniqna.Juniqna</className>
          <testName>KIN_079_채택을기다리는QNA의UI확인한다</testName>
          <skipped>false</skipped>
          <failedSince>0</failedSince>
        </case>
        <case>
          <duration>71.48</duration>
          <className>com.naver.kin.testcase.lnbqna.juniqna.Juniqna</className>
          <testName>KIN_081_쥬니버QA홈_채택을기다리는QNA의질문자비공개링크없음확인한다</testName>
          <skipped>false</skipped>
          <failedSince>0</failedSince>
        </case>
        <case>
          <duration>18.308</duration>
          <className>com.naver.kin.testcase.lnbqna.juniqna.Juniqna</className>
          <testName>KIN_082_채택을기다리는QNA탭제목클릭하면엔드페이지로정상이동한다</testName>
          <skipped>false</skipped>
          <failedSince>0</failedSince>
        </case>
        <case>
          <duration>16.541</duration>
          <className>com.naver.kin.testcase.lnbqna.juniqna.Juniqna</className>
          <testName>KIN_087_베스트QNA의UI확인한다</testName>
          <skipped>false</skipped>
          <failedSince>0</failedSince>
        </case>
        <case>
          <duration>72.118</duration>
          <className>com.naver.kin.testcase.lnbqna.juniqna.Juniqna</className>
          <testName>KIN_087_베스트는QNA질문자비공개링크없음확인한다</testName>
          <skipped>false</skipped>
          <failedSince>0</failedSince>
        </case>
        <case>
          <duration>17.765</duration>
          <className>com.naver.kin.testcase.lnbqna.juniqna.Juniqna</className>
          <testName>KIN_088_베스트QNA탭제목클릭하면엔드페이지로정상이동한다</testName>
          <skipped>false</skipped>
          <failedSince>0</failedSince>
        </case>
        <case>
          <duration>29.264</duration>
          <className>com.naver.kin.testcase.lnbqna.juniqna.Juniqna</className>
          <testName>KIN_091_디렉토리전문가1Depth의UI확인한다</testName>
          <skipped>false</skipped>
          <failedSince>0</failedSince>
        </case>
        <case>
          <duration>40.125</duration>
          <className>com.naver.kin.testcase.lnbqna.juniqna.Juniqna</className>
          <testName>KIN_094_디렉토리전문가2dpeth의UI확인한다</testName>
          <skipped>false</skipped>
          <failedSince>0</failedSince>
        </case>
      </cases>
    </suite>
    <suite>
      <file>/home1/irteam/.hudson/jobs/SUS_I_uitest_all/workspace/trunk/target/surefire-reports/TEST-com.naver.kin.testcase.lnbqna.kinqna.KinKnowQnA.xml</file>
      <name>com.naver.kin.testcase.lnbqna.kinqna.KinKnowQnA</name>
      <duration>589.449</duration>
      <cases>
        <case>
          <duration>32.288</duration>
          <className>com.naver.kin.testcase.lnbqna.kinqna.KinKnowQnA</className>
          <testName>KIN_036_새질문탭정상이동과목록정상노출을확인한다</testName>
          <skipped>false</skipped>
          <failedSince>0</failedSince>
        </case>
        <case>
          <duration>91.592</duration>
          <className>com.naver.kin.testcase.lnbqna.kinqna.KinKnowQnA</className>
          <testName>KIN_038_새질문탭비공개인경우질문자레이어에링크없음</testName>
          <skipped>false</skipped>
          <failedSince>0</failedSince>
        </case>
        <case>
          <duration>36.849</duration>
          <className>com.naver.kin.testcase.lnbqna.kinqna.KinKnowQnA</className>
          <testName>KIN_039_새질문탭제목클릭하면엔드페이지로정상이동한다</testName>
          <skipped>false</skipped>
          <failedSince>0</failedSince>
        </case>
        <case>
          <duration>25.738</duration>
          <className>com.naver.kin.testcase.lnbqna.kinqna.KinKnowQnA</className>
          <testName>KIN_045_채택을기다리는QA탭의UI확인한다</testName>
          <skipped>false</skipped>
          <failedSince>0</failedSince>
        </case>
        <case>
          <duration>103.026</duration>
          <className>com.naver.kin.testcase.lnbqna.kinqna.KinKnowQnA</className>
          <testName>KIN_047_채택을기다리는QNA질문자비공개레이어링크없음확인한다</testName>
          <skipped>false</skipped>
          <failedSince>0</failedSince>
        </case>
        <case>
          <duration>40.497</duration>
          <className>com.naver.kin.testcase.lnbqna.kinqna.KinKnowQnA</className>
          <testName>KIN_048_채택을기다리는QnA탭_제목클릭하면엔드페이지로정상이동한다</testName>
          <skipped>false</skipped>
          <failedSince>0</failedSince>
        </case>
        <case>
          <duration>28.481</duration>
          <className>com.naver.kin.testcase.lnbqna.kinqna.KinKnowQnA</className>
          <testName>KIN_054_베스트QA탭의UI확인한다</testName>
          <skipped>false</skipped>
          <failedSince>0</failedSince>
        </case>
        <case>
          <duration>102.655</duration>
          <className>com.naver.kin.testcase.lnbqna.kinqna.KinKnowQnA</className>
          <testName>KIN_056_베스트QNA탭새질문영역질문자비공개레이어링크없음확인한다</testName>
          <skipped>false</skipped>
          <failedSince>0</failedSince>
        </case>
        <case>
          <duration>40.172</duration>
          <className>com.naver.kin.testcase.lnbqna.kinqna.KinKnowQnA</className>
          <testName>KIN_057_베스트QNA탭_제목클릭하면엔드페이지로정상이동한다</testName>
          <skipped>false</skipped>
          <failedSince>0</failedSince>
        </case>
        <case>
          <duration>36.259</duration>
          <className>com.naver.kin.testcase.lnbqna.kinqna.KinKnowQnA</className>
          <testName>KIN_063_디렉토리전문가1Depth의UI확인한다</testName>
          <skipped>false</skipped>
          <failedSince>0</failedSince>
        </case>
        <case>
          <duration>51.892</duration>
          <className>com.naver.kin.testcase.lnbqna.kinqna.KinKnowQnA</className>
          <testName>KIN_066_디렉토리전문가2Depth의UI확인한다</testName>
          <skipped>false</skipped>
          <failedSince>0</failedSince>
        </case>
      </cases>
    </suite>
    <suite>
      <file>/home1/irteam/.hudson/jobs/SUS_I_uitest_all/workspace/trunk/target/surefire-reports/TEST-com.naver.kin.testcase.lnbqna.localqna.Localqna.xml</file>
      <name>com.naver.kin.testcase.lnbqna.localqna.Localqna</name>
      <duration>263.556</duration>
      <cases>
        <case>
          <duration>22.396</duration>
          <className>com.naver.kin.testcase.lnbqna.localqna.Localqna</className>
          <testName>KIN_096_UI가정상노출되고링크가정상동작한다</testName>
          <skipped>false</skipped>
          <failedSince>0</failedSince>
        </case>
        <case>
          <duration>3.701</duration>
          <className>com.naver.kin.testcase.lnbqna.localqna.Localqna</className>
          <testName>KIN_098_새질문탭클릭후페이지가정상이동하고목록이정상노출된다</testName>
          <skipped>false</skipped>
          <failedSince>0</failedSince>
        </case>
        <case>
          <duration>52.956</duration>
          <className>com.naver.kin.testcase.lnbqna.localqna.Localqna</className>
          <testName>KIN_100_새질문탭질문자비공개인경우레이어링크없음확인한다</testName>
          <skipped>false</skipped>
          <failedSince>0</failedSince>
        </case>
        <case>
          <duration>2.847</duration>
          <className>com.naver.kin.testcase.lnbqna.localqna.Localqna</className>
          <testName>KIN_101_새질문탭제목클릭하면엔드페이지로정상이동한다</testName>
          <skipped>false</skipped>
          <failedSince>0</failedSince>
        </case>
        <case>
          <duration>1.103</duration>
          <className>com.naver.kin.testcase.lnbqna.localqna.Localqna</className>
          <testName>KIN_104_채택을기다리는QNA탭의UI확인한다</testName>
          <skipped>false</skipped>
          <errorStackTrace>java.lang.AssertionError: 
	at org.junit.Assert.fail(Assert.java:74)
	at org.junit.Assert.assertTrue(Assert.java:37)
	at org.junit.Assert.assertTrue(Assert.java:46)
	at com.naver.kin.testcase.lnbqna.localqna.Localqna.KIN_104_채택을기다리는QNA탭의UI확인한다(Localqna.java:204)
	at sun.reflect.NativeMethodAccessorImpl.invoke0(Native Method)
	at sun.reflect.NativeMethodAccessorImpl.invoke(NativeMethodAccessorImpl.java:39)
	at sun.reflect.DelegatingMethodAccessorImpl.invoke(DelegatingMethodAccessorImpl.java:25)
	at java.lang.reflect.Method.invoke(Method.java:597)
	at org.junit.internal.runners.TestMethod.invoke(TestMethod.java:59)
	at org.junit.internal.runners.MethodRoadie.runTestMethod(MethodRoadie.java:98)
	at org.junit.internal.runners.MethodRoadie$2.run(MethodRoadie.java:79)
	at org.junit.internal.runners.MethodRoadie.runBeforesThenTestThenAfters(MethodRoadie.java:87)
	at org.junit.internal.runners.MethodRoadie.runTest(MethodRoadie.java:77)
	at org.junit.internal.runners.MethodRoadie.run(MethodRoadie.java:42)
	at org.junit.internal.runners.JUnit4ClassRunner.invokeTestMethod(JUnit4ClassRunner.java:88)
	at org.junit.internal.runners.JUnit4ClassRunner.runMethods(JUnit4ClassRunner.java:51)
	at org.junit.internal.runners.JUnit4ClassRunner$1.run(JUnit4ClassRunner.java:44)
	at org.junit.internal.runners.ClassRoadie.runUnprotected(ClassRoadie.java:27)
	at org.junit.internal.runners.ClassRoadie.runProtected(ClassRoadie.java:37)
	at org.junit.internal.runners.JUnit4ClassRunner.run(JUnit4ClassRunner.java:42)
	at org.apache.maven.surefire.junit4.JUnit4TestSet.execute(JUnit4TestSet.java:62)
	at org.apache.maven.surefire.suite.AbstractDirectoryTestSuite.executeTestSet(AbstractDirectoryTestSuite.java:140)
	at org.apache.maven.surefire.suite.AbstractDirectoryTestSuite.execute(AbstractDirectoryTestSuite.java:127)
	at org.apache.maven.surefire.Surefire.run(Surefire.java:177)
	at sun.reflect.NativeMethodAccessorImpl.invoke0(Native Method)
	at sun.reflect.NativeMethodAccessorImpl.invoke(NativeMethodAccessorImpl.java:39)
	at sun.reflect.DelegatingMethodAccessorImpl.invoke(DelegatingMethodAccessorImpl.java:25)
	at java.lang.reflect.Method.invoke(Method.java:597)
	at org.apache.maven.surefire.booter.SurefireBooter.runSuitesInProcess(SurefireBooter.java:345)
	at org.apache.maven.surefire.booter.SurefireBooter.main(SurefireBooter.java:1009)
</errorStackTrace>
          <errorDetails></errorDetails>
          <failedSince>45</failedSince>
        </case>
        <case>
          <duration>46.579</duration>
          <className>com.naver.kin.testcase.lnbqna.localqna.Localqna</className>
          <testName>KIN_106_채택을기다리는QNA탭의질문자비공개레이어링크없음확인한다</testName>
          <skipped>false</skipped>
          <failedSince>0</failedSince>
        </case>
        <case>
          <duration>12.446</duration>
          <className>com.naver.kin.testcase.lnbqna.localqna.Localqna</className>
          <testName>KIN_107_채택을기다리는QNA탭제목클릭하면엔드페이지로정상이동한다</testName>
          <skipped>false</skipped>
          <failedSince>0</failedSince>
        </case>
        <case>
          <duration>0.983</duration>
          <className>com.naver.kin.testcase.lnbqna.localqna.Localqna</className>
          <testName>KIN_110_베스트QNA탭의UI확인한다</testName>
          <skipped>false</skipped>
          <failedSince>0</failedSince>
        </case>
        <case>
          <duration>46.802</duration>
          <className>com.naver.kin.testcase.lnbqna.localqna.Localqna</className>
          <testName>KIN_112_베스트QNA질문자비공개레이어링크없음확인한다</testName>
          <skipped>false</skipped>
          <failedSince>0</failedSince>
        </case>
        <case>
          <duration>12.108</duration>
          <className>com.naver.kin.testcase.lnbqna.localqna.Localqna</className>
          <testName>KIN_113_베스트QNA탭제목클릭하면엔드페이지로정상이동한다</testName>
          <skipped>false</skipped>
          <failedSince>0</failedSince>
        </case>
        <case>
          <duration>25.154</duration>
          <className>com.naver.kin.testcase.lnbqna.localqna.Localqna</className>
          <testName>KIN_116_디렉토리전문가1depth의UI확인한다</testName>
          <skipped>false</skipped>
          <failedSince>0</failedSince>
        </case>
        <case>
          <duration>36.481</duration>
          <className>com.naver.kin.testcase.lnbqna.localqna.Localqna</className>
          <testName>KIN_119_디렉토리전문가2Depth의UI확인한다</testName>
          <skipped>false</skipped>
          <failedSince>0</failedSince>
        </case>
      </cases>
    </suite>
    <suite>
      <file>/home1/irteam/.hudson/jobs/SUS_I_uitest_all/workspace/trunk/target/surefire-reports/TEST-com.naver.kin.testcase.lnbqna.troubleqna.Troubleqna.xml</file>
      <name>com.naver.kin.testcase.lnbqna.troubleqna.Troubleqna</name>
      <duration>277.534</duration>
      <cases>
        <case>
          <duration>66.265</duration>
          <className>com.naver.kin.testcase.lnbqna.troubleqna.Troubleqna</className>
          <testName>KIN_132_성인디렉토리는성인만접근가능하다</testName>
          <skipped>false</skipped>
          <errorStackTrace>com.thoughtworks.selenium.SeleniumException: Timed out after 35000ms
	at com.thoughtworks.selenium.HttpCommandProcessor.throwAssertionFailureExceptionOrError(HttpCommandProcessor.java:97)
	at com.thoughtworks.selenium.HttpCommandProcessor.doCommand(HttpCommandProcessor.java:91)
	at com.thoughtworks.selenium.DefaultSelenium.waitForPageToLoad(DefaultSelenium.java:635)
	at com.naver.kin.Utilities.waitForKeyDown(Utilities.java:175)
	at com.naver.kin.testcase.lnbqna.troubleqna.Troubleqna.미성년자로그인을하여Alert확인한다(Troubleqna.java:136)
	at com.naver.kin.testcase.lnbqna.troubleqna.Troubleqna.KIN_132_성인디렉토리는성인만접근가능하다(Troubleqna.java:214)
	at sun.reflect.NativeMethodAccessorImpl.invoke0(Native Method)
	at sun.reflect.NativeMethodAccessorImpl.invoke(NativeMethodAccessorImpl.java:39)
	at sun.reflect.DelegatingMethodAccessorImpl.invoke(DelegatingMethodAccessorImpl.java:25)
	at java.lang.reflect.Method.invoke(Method.java:597)
	at org.junit.internal.runners.TestMethod.invoke(TestMethod.java:59)
	at org.junit.internal.runners.MethodRoadie.runTestMethod(MethodRoadie.java:98)
	at org.junit.internal.runners.MethodRoadie$2.run(MethodRoadie.java:79)
	at org.junit.internal.runners.MethodRoadie.runBeforesThenTestThenAfters(MethodRoadie.java:87)
	at org.junit.internal.runners.MethodRoadie.runTest(MethodRoadie.java:77)
	at org.junit.internal.runners.MethodRoadie.run(MethodRoadie.java:42)
	at org.junit.internal.runners.JUnit4ClassRunner.invokeTestMethod(JUnit4ClassRunner.java:88)
	at org.junit.internal.runners.JUnit4ClassRunner.runMethods(JUnit4ClassRunner.java:51)
	at org.junit.internal.runners.JUnit4ClassRunner$1.run(JUnit4ClassRunner.java:44)
	at org.junit.internal.runners.ClassRoadie.runUnprotected(ClassRoadie.java:27)
	at org.junit.internal.runners.ClassRoadie.runProtected(ClassRoadie.java:37)
	at org.junit.internal.runners.JUnit4ClassRunner.run(JUnit4ClassRunner.java:42)
	at org.apache.maven.surefire.junit4.JUnit4TestSet.execute(JUnit4TestSet.java:62)
	at org.apache.maven.surefire.suite.AbstractDirectoryTestSuite.executeTestSet(AbstractDirectoryTestSuite.java:140)
	at org.apache.maven.surefire.suite.AbstractDirectoryTestSuite.execute(AbstractDirectoryTestSuite.java:127)
	at org.apache.maven.surefire.Surefire.run(Surefire.java:177)
	at sun.reflect.NativeMethodAccessorImpl.invoke0(Native Method)
	at sun.reflect.NativeMethodAccessorImpl.invoke(NativeMethodAccessorImpl.java:39)
	at sun.reflect.DelegatingMethodAccessorImpl.invoke(DelegatingMethodAccessorImpl.java:25)
	at java.lang.reflect.Method.invoke(Method.java:597)
	at org.apache.maven.surefire.booter.SurefireBooter.runSuitesInProcess(SurefireBooter.java:345)
	at org.apache.maven.surefire.booter.SurefireBooter.main(SurefireBooter.java:1009)
</errorStackTrace>
          <errorDetails>Timed out after 35000ms</errorDetails>
          <failedSince>45</failedSince>
        </case>
        <case>
          <duration>30.152</duration>
          <className>com.naver.kin.testcase.lnbqna.troubleqna.Troubleqna</className>
          <testName>KIN_133_새질문탭클릭후페이지가정상이동하고목록이정상노출된다</testName>
          <skipped>false</skipped>
          <errorStackTrace>com.thoughtworks.selenium.SeleniumException: Timed out after 30000ms
	at com.thoughtworks.selenium.HttpCommandProcessor.throwAssertionFailureExceptionOrError(HttpCommandProcessor.java:97)
	at com.thoughtworks.selenium.HttpCommandProcessor.doCommand(HttpCommandProcessor.java:91)
	at com.thoughtworks.selenium.DefaultSelenium.open(DefaultSelenium.java:335)
	at com.naver.kin.Utilities.openOnTop(Utilities.java:514)
	at com.naver.kin.Utilities.loginAndReplace(Utilities.java:97)
	at com.naver.kin.testcase.lnbqna.troubleqna.Troubleqna.KIN_133_새질문탭클릭후페이지가정상이동하고목록이정상노출된다(Troubleqna.java:227)
	at sun.reflect.NativeMethodAccessorImpl.invoke0(Native Method)
	at sun.reflect.NativeMethodAccessorImpl.invoke(NativeMethodAccessorImpl.java:39)
	at sun.reflect.DelegatingMethodAccessorImpl.invoke(DelegatingMethodAccessorImpl.java:25)
	at java.lang.reflect.Method.invoke(Method.java:597)
	at org.junit.internal.runners.TestMethod.invoke(TestMethod.java:59)
	at org.junit.internal.runners.MethodRoadie.runTestMethod(MethodRoadie.java:98)
	at org.junit.internal.runners.MethodRoadie$2.run(MethodRoadie.java:79)
	at org.junit.internal.runners.MethodRoadie.runBeforesThenTestThenAfters(MethodRoadie.java:87)
	at org.junit.internal.runners.MethodRoadie.runTest(MethodRoadie.java:77)
	at org.junit.internal.runners.MethodRoadie.run(MethodRoadie.java:42)
	at org.junit.internal.runners.JUnit4ClassRunner.invokeTestMethod(JUnit4ClassRunner.java:88)
	at org.junit.internal.runners.JUnit4ClassRunner.runMethods(JUnit4ClassRunner.java:51)
	at org.junit.internal.runners.JUnit4ClassRunner$1.run(JUnit4ClassRunner.java:44)
	at org.junit.internal.runners.ClassRoadie.runUnprotected(ClassRoadie.java:27)
	at org.junit.internal.runners.ClassRoadie.runProtected(ClassRoadie.java:37)
	at org.junit.internal.runners.JUnit4ClassRunner.run(JUnit4ClassRunner.java:42)
	at org.apache.maven.surefire.junit4.JUnit4TestSet.execute(JUnit4TestSet.java:62)
	at org.apache.maven.surefire.suite.AbstractDirectoryTestSuite.executeTestSet(AbstractDirectoryTestSuite.java:140)
	at org.apache.maven.surefire.suite.AbstractDirectoryTestSuite.execute(AbstractDirectoryTestSuite.java:127)
	at org.apache.maven.surefire.Surefire.run(Surefire.java:177)
	at sun.reflect.NativeMethodAccessorImpl.invoke0(Native Method)
	at sun.reflect.NativeMethodAccessorImpl.invoke(NativeMethodAccessorImpl.java:39)
	at sun.reflect.DelegatingMethodAccessorImpl.invoke(DelegatingMethodAccessorImpl.java:25)
	at java.lang.reflect.Method.invoke(Method.java:597)
	at org.apache.maven.surefire.booter.SurefireBooter.runSuitesInProcess(SurefireBooter.java:345)
	at org.apache.maven.surefire.booter.SurefireBooter.main(SurefireBooter.java:1009)
</errorStackTrace>
          <errorDetails>Timed out after 30000ms</errorDetails>
          <failedSince>45</failedSince>
        </case>
        <case>
          <duration>30.235</duration>
          <className>com.naver.kin.testcase.lnbqna.troubleqna.Troubleqna</className>
          <testName>KIN_135_답변을기다리는고민탭의질문자비공개레이어링크없음확인한다</testName>
          <skipped>false</skipped>
          <errorStackTrace>com.thoughtworks.selenium.SeleniumException: Timed out after 30000ms
	at com.thoughtworks.selenium.HttpCommandProcessor.throwAssertionFailureExceptionOrError(HttpCommandProcessor.java:97)
	at com.thoughtworks.selenium.HttpCommandProcessor.doCommand(HttpCommandProcessor.java:91)
	at com.thoughtworks.selenium.DefaultSelenium.open(DefaultSelenium.java:335)
	at com.naver.kin.Utilities.openOnTop(Utilities.java:514)
	at com.naver.kin.Utilities.loginAndReplace(Utilities.java:97)
	at com.naver.kin.testcase.lnbqna.troubleqna.Troubleqna.KIN_135_답변을기다리는고민탭의질문자비공개레이어링크없음확인한다(Troubleqna.java:271)
	at sun.reflect.NativeMethodAccessorImpl.invoke0(Native Method)
	at sun.reflect.NativeMethodAccessorImpl.invoke(NativeMethodAccessorImpl.java:39)
	at sun.reflect.DelegatingMethodAccessorImpl.invoke(DelegatingMethodAccessorImpl.java:25)
	at java.lang.reflect.Method.invoke(Method.java:597)
	at org.junit.internal.runners.TestMethod.invoke(TestMethod.java:59)
	at org.junit.internal.runners.MethodRoadie.runTestMethod(MethodRoadie.java:98)
	at org.junit.internal.runners.MethodRoadie$2.run(MethodRoadie.java:79)
	at org.junit.internal.runners.MethodRoadie.runBeforesThenTestThenAfters(MethodRoadie.java:87)
	at org.junit.internal.runners.MethodRoadie.runTest(MethodRoadie.java:77)
	at org.junit.internal.runners.MethodRoadie.run(MethodRoadie.java:42)
	at org.junit.internal.runners.JUnit4ClassRunner.invokeTestMethod(JUnit4ClassRunner.java:88)
	at org.junit.internal.runners.JUnit4ClassRunner.runMethods(JUnit4ClassRunner.java:51)
	at org.junit.internal.runners.JUnit4ClassRunner$1.run(JUnit4ClassRunner.java:44)
	at org.junit.internal.runners.ClassRoadie.runUnprotected(ClassRoadie.java:27)
	at org.junit.internal.runners.ClassRoadie.runProtected(ClassRoadie.java:37)
	at org.junit.internal.runners.JUnit4ClassRunner.run(JUnit4ClassRunner.java:42)
	at org.apache.maven.surefire.junit4.JUnit4TestSet.execute(JUnit4TestSet.java:62)
	at org.apache.maven.surefire.suite.AbstractDirectoryTestSuite.executeTestSet(AbstractDirectoryTestSuite.java:140)
	at org.apache.maven.surefire.suite.AbstractDirectoryTestSuite.execute(AbstractDirectoryTestSuite.java:127)
	at org.apache.maven.surefire.Surefire.run(Surefire.java:177)
	at sun.reflect.NativeMethodAccessorImpl.invoke0(Native Method)
	at sun.reflect.NativeMethodAccessorImpl.invoke(NativeMethodAccessorImpl.java:39)
	at sun.reflect.DelegatingMethodAccessorImpl.invoke(DelegatingMethodAccessorImpl.java:25)
	at java.lang.reflect.Method.invoke(Method.java:597)
	at org.apache.maven.surefire.booter.SurefireBooter.runSuitesInProcess(SurefireBooter.java:345)
	at org.apache.maven.surefire.booter.SurefireBooter.main(SurefireBooter.java:1009)
</errorStackTrace>
          <errorDetails>Timed out after 30000ms</errorDetails>
          <failedSince>45</failedSince>
        </case>
        <case>
          <duration>0.072</duration>
          <className>com.naver.kin.testcase.lnbqna.troubleqna.Troubleqna</className>
          <testName>KIN_136_답변을기다리는고민탭제목클릭하면엔드페이지로정상이동한다</testName>
          <skipped>false</skipped>
          <errorStackTrace>java.lang.AssertionError: 
	at org.junit.Assert.fail(Assert.java:74)
	at org.junit.Assert.assertTrue(Assert.java:37)
	at org.junit.Assert.assertTrue(Assert.java:46)
	at com.naver.kin.testcase.lnbqna.troubleqna.Troubleqna.KIN_136_답변을기다리는고민탭제목클릭하면엔드페이지로정상이동한다(Troubleqna.java:324)
	at sun.reflect.NativeMethodAccessorImpl.invoke0(Native Method)
	at sun.reflect.NativeMethodAccessorImpl.invoke(NativeMethodAccessorImpl.java:39)
	at sun.reflect.DelegatingMethodAccessorImpl.invoke(DelegatingMethodAccessorImpl.java:25)
	at java.lang.reflect.Method.invoke(Method.java:597)
	at org.junit.internal.runners.TestMethod.invoke(TestMethod.java:59)
	at org.junit.internal.runners.MethodRoadie.runTestMethod(MethodRoadie.java:98)
	at org.junit.internal.runners.MethodRoadie$2.run(MethodRoadie.java:79)
	at org.junit.internal.runners.MethodRoadie.runBeforesThenTestThenAfters(MethodRoadie.java:87)
	at org.junit.internal.runners.MethodRoadie.runTest(MethodRoadie.java:77)
	at org.junit.internal.runners.MethodRoadie.run(MethodRoadie.java:42)
	at org.junit.internal.runners.JUnit4ClassRunner.invokeTestMethod(JUnit4ClassRunner.java:88)
	at org.junit.internal.runners.JUnit4ClassRunner.runMethods(JUnit4ClassRunner.java:51)
	at org.junit.internal.runners.JUnit4ClassRunner$1.run(JUnit4ClassRunner.java:44)
	at org.junit.internal.runners.ClassRoadie.runUnprotected(ClassRoadie.java:27)
	at org.junit.internal.runners.ClassRoadie.runProtected(ClassRoadie.java:37)
	at org.junit.internal.runners.JUnit4ClassRunner.run(JUnit4ClassRunner.java:42)
	at org.apache.maven.surefire.junit4.JUnit4TestSet.execute(JUnit4TestSet.java:62)
	at org.apache.maven.surefire.suite.AbstractDirectoryTestSuite.executeTestSet(AbstractDirectoryTestSuite.java:140)
	at org.apache.maven.surefire.suite.AbstractDirectoryTestSuite.execute(AbstractDirectoryTestSuite.java:127)
	at org.apache.maven.surefire.Surefire.run(Surefire.java:177)
	at sun.reflect.NativeMethodAccessorImpl.invoke0(Native Method)
	at sun.reflect.NativeMethodAccessorImpl.invoke(NativeMethodAccessorImpl.java:39)
	at sun.reflect.DelegatingMethodAccessorImpl.invoke(DelegatingMethodAccessorImpl.java:25)
	at java.lang.reflect.Method.invoke(Method.java:597)
	at org.apache.maven.surefire.booter.SurefireBooter.runSuitesInProcess(SurefireBooter.java:345)
	at org.apache.maven.surefire.booter.SurefireBooter.main(SurefireBooter.java:1009)
</errorStackTrace>
          <errorDetails></errorDetails>
          <failedSince>45</failedSince>
        </case>
        <case>
          <duration>30.143</duration>
          <className>com.naver.kin.testcase.lnbqna.troubleqna.Troubleqna</className>
          <testName>KIN_139_채택을기다리는고민탭의UI확인한다</testName>
          <skipped>false</skipped>
          <errorStackTrace>com.thoughtworks.selenium.SeleniumException: Timed out after 30000ms
	at com.thoughtworks.selenium.HttpCommandProcessor.throwAssertionFailureExceptionOrError(HttpCommandProcessor.java:97)
	at com.thoughtworks.selenium.HttpCommandProcessor.doCommand(HttpCommandProcessor.java:91)
	at com.thoughtworks.selenium.DefaultSelenium.open(DefaultSelenium.java:335)
	at com.naver.kin.Utilities.openOnTop(Utilities.java:514)
	at com.naver.kin.Utilities.loginAndReplace(Utilities.java:97)
	at com.naver.kin.testcase.lnbqna.troubleqna.Troubleqna.KIN_139_채택을기다리는고민탭의UI확인한다(Troubleqna.java:343)
	at sun.reflect.NativeMethodAccessorImpl.invoke0(Native Method)
	at sun.reflect.NativeMethodAccessorImpl.invoke(NativeMethodAccessorImpl.java:39)
	at sun.reflect.DelegatingMethodAccessorImpl.invoke(DelegatingMethodAccessorImpl.java:25)
	at java.lang.reflect.Method.invoke(Method.java:597)
	at org.junit.internal.runners.TestMethod.invoke(TestMethod.java:59)
	at org.junit.internal.runners.MethodRoadie.runTestMethod(MethodRoadie.java:98)
	at org.junit.internal.runners.MethodRoadie$2.run(MethodRoadie.java:79)
	at org.junit.internal.runners.MethodRoadie.runBeforesThenTestThenAfters(MethodRoadie.java:87)
	at org.junit.internal.runners.MethodRoadie.runTest(MethodRoadie.java:77)
	at org.junit.internal.runners.MethodRoadie.run(MethodRoadie.java:42)
	at org.junit.internal.runners.JUnit4ClassRunner.invokeTestMethod(JUnit4ClassRunner.java:88)
	at org.junit.internal.runners.JUnit4ClassRunner.runMethods(JUnit4ClassRunner.java:51)
	at org.junit.internal.runners.JUnit4ClassRunner$1.run(JUnit4ClassRunner.java:44)
	at org.junit.internal.runners.ClassRoadie.runUnprotected(ClassRoadie.java:27)
	at org.junit.internal.runners.ClassRoadie.runProtected(ClassRoadie.java:37)
	at org.junit.internal.runners.JUnit4ClassRunner.run(JUnit4ClassRunner.java:42)
	at org.apache.maven.surefire.junit4.JUnit4TestSet.execute(JUnit4TestSet.java:62)
	at org.apache.maven.surefire.suite.AbstractDirectoryTestSuite.executeTestSet(AbstractDirectoryTestSuite.java:140)
	at org.apache.maven.surefire.suite.AbstractDirectoryTestSuite.execute(AbstractDirectoryTestSuite.java:127)
	at org.apache.maven.surefire.Surefire.run(Surefire.java:177)
	at sun.reflect.NativeMethodAccessorImpl.invoke0(Native Method)
	at sun.reflect.NativeMethodAccessorImpl.invoke(NativeMethodAccessorImpl.java:39)
	at sun.reflect.DelegatingMethodAccessorImpl.invoke(DelegatingMethodAccessorImpl.java:25)
	at java.lang.reflect.Method.invoke(Method.java:597)
	at org.apache.maven.surefire.booter.SurefireBooter.runSuitesInProcess(SurefireBooter.java:345)
	at org.apache.maven.surefire.booter.SurefireBooter.main(SurefireBooter.java:1009)
</errorStackTrace>
          <errorDetails>Timed out after 30000ms</errorDetails>
          <failedSince>45</failedSince>
        </case>
        <case>
          <duration>30.226</duration>
          <className>com.naver.kin.testcase.lnbqna.troubleqna.Troubleqna</className>
          <testName>KIN_141_채택을기다리는고민탭의질문자비공개레이어링크없음확인한다</testName>
          <skipped>false</skipped>
          <errorStackTrace>com.thoughtworks.selenium.SeleniumException: Timed out after 30000ms
	at com.thoughtworks.selenium.HttpCommandProcessor.throwAssertionFailureExceptionOrError(HttpCommandProcessor.java:97)
	at com.thoughtworks.selenium.HttpCommandProcessor.doCommand(HttpCommandProcessor.java:91)
	at com.thoughtworks.selenium.DefaultSelenium.open(DefaultSelenium.java:335)
	at com.naver.kin.Utilities.openOnTop(Utilities.java:514)
	at com.naver.kin.Utilities.loginAndReplace(Utilities.java:97)
	at com.naver.kin.testcase.lnbqna.troubleqna.Troubleqna.KIN_141_채택을기다리는고민탭의질문자비공개레이어링크없음확인한다(Troubleqna.java:371)
	at sun.reflect.NativeMethodAccessorImpl.invoke0(Native Method)
	at sun.reflect.NativeMethodAccessorImpl.invoke(NativeMethodAccessorImpl.java:39)
	at sun.reflect.DelegatingMethodAccessorImpl.invoke(DelegatingMethodAccessorImpl.java:25)
	at java.lang.reflect.Method.invoke(Method.java:597)
	at org.junit.internal.runners.TestMethod.invoke(TestMethod.java:59)
	at org.junit.internal.runners.MethodRoadie.runTestMethod(MethodRoadie.java:98)
	at org.junit.internal.runners.MethodRoadie$2.run(MethodRoadie.java:79)
	at org.junit.internal.runners.MethodRoadie.runBeforesThenTestThenAfters(MethodRoadie.java:87)
	at org.junit.internal.runners.MethodRoadie.runTest(MethodRoadie.java:77)
	at org.junit.internal.runners.MethodRoadie.run(MethodRoadie.java:42)
	at org.junit.internal.runners.JUnit4ClassRunner.invokeTestMethod(JUnit4ClassRunner.java:88)
	at org.junit.internal.runners.JUnit4ClassRunner.runMethods(JUnit4ClassRunner.java:51)
	at org.junit.internal.runners.JUnit4ClassRunner$1.run(JUnit4ClassRunner.java:44)
	at org.junit.internal.runners.ClassRoadie.runUnprotected(ClassRoadie.java:27)
	at org.junit.internal.runners.ClassRoadie.runProtected(ClassRoadie.java:37)
	at org.junit.internal.runners.JUnit4ClassRunner.run(JUnit4ClassRunner.java:42)
	at org.apache.maven.surefire.junit4.JUnit4TestSet.execute(JUnit4TestSet.java:62)
	at org.apache.maven.surefire.suite.AbstractDirectoryTestSuite.executeTestSet(AbstractDirectoryTestSuite.java:140)
	at org.apache.maven.surefire.suite.AbstractDirectoryTestSuite.execute(AbstractDirectoryTestSuite.java:127)
	at org.apache.maven.surefire.Surefire.run(Surefire.java:177)
	at sun.reflect.NativeMethodAccessorImpl.invoke0(Native Method)
	at sun.reflect.NativeMethodAccessorImpl.invoke(NativeMethodAccessorImpl.java:39)
	at sun.reflect.DelegatingMethodAccessorImpl.invoke(DelegatingMethodAccessorImpl.java:25)
	at java.lang.reflect.Method.invoke(Method.java:597)
	at org.apache.maven.surefire.booter.SurefireBooter.runSuitesInProcess(SurefireBooter.java:345)
	at org.apache.maven.surefire.booter.SurefireBooter.main(SurefireBooter.java:1009)
</errorStackTrace>
          <errorDetails>Timed out after 30000ms</errorDetails>
          <failedSince>45</failedSince>
        </case>
        <case>
          <duration>30.145</duration>
          <className>com.naver.kin.testcase.lnbqna.troubleqna.Troubleqna</className>
          <testName>KIN_142_채택을기다리는고민탭제목클릭하면엔드페이지로정상이동한다</testName>
          <skipped>false</skipped>
          <errorStackTrace>com.thoughtworks.selenium.SeleniumException: Timed out after 30000ms
	at com.thoughtworks.selenium.HttpCommandProcessor.throwAssertionFailureExceptionOrError(HttpCommandProcessor.java:97)
	at com.thoughtworks.selenium.HttpCommandProcessor.doCommand(HttpCommandProcessor.java:91)
	at com.thoughtworks.selenium.DefaultSelenium.open(DefaultSelenium.java:335)
	at com.naver.kin.Utilities.openOnTop(Utilities.java:514)
	at com.naver.kin.Utilities.loginAndReplace(Utilities.java:97)
	at com.naver.kin.testcase.lnbqna.troubleqna.Troubleqna.KIN_142_채택을기다리는고민탭제목클릭하면엔드페이지로정상이동한다(Troubleqna.java:400)
	at sun.reflect.NativeMethodAccessorImpl.invoke0(Native Method)
	at sun.reflect.NativeMethodAccessorImpl.invoke(NativeMethodAccessorImpl.java:39)
	at sun.reflect.DelegatingMethodAccessorImpl.invoke(DelegatingMethodAccessorImpl.java:25)
	at java.lang.reflect.Method.invoke(Method.java:597)
	at org.junit.internal.runners.TestMethod.invoke(TestMethod.java:59)
	at org.junit.internal.runners.MethodRoadie.runTestMethod(MethodRoadie.java:98)
	at org.junit.internal.runners.MethodRoadie$2.run(MethodRoadie.java:79)
	at org.junit.internal.runners.MethodRoadie.runBeforesThenTestThenAfters(MethodRoadie.java:87)
	at org.junit.internal.runners.MethodRoadie.runTest(MethodRoadie.java:77)
	at org.junit.internal.runners.MethodRoadie.run(MethodRoadie.java:42)
	at org.junit.internal.runners.JUnit4ClassRunner.invokeTestMethod(JUnit4ClassRunner.java:88)
	at org.junit.internal.runners.JUnit4ClassRunner.runMethods(JUnit4ClassRunner.java:51)
	at org.junit.internal.runners.JUnit4ClassRunner$1.run(JUnit4ClassRunner.java:44)
	at org.junit.internal.runners.ClassRoadie.runUnprotected(ClassRoadie.java:27)
	at org.junit.internal.runners.ClassRoadie.runProtected(ClassRoadie.java:37)
	at org.junit.internal.runners.JUnit4ClassRunner.run(JUnit4ClassRunner.java:42)
	at org.apache.maven.surefire.junit4.JUnit4TestSet.execute(JUnit4TestSet.java:62)
	at org.apache.maven.surefire.suite.AbstractDirectoryTestSuite.executeTestSet(AbstractDirectoryTestSuite.java:140)
	at org.apache.maven.surefire.suite.AbstractDirectoryTestSuite.execute(AbstractDirectoryTestSuite.java:127)
	at org.apache.maven.surefire.Surefire.run(Surefire.java:177)
	at sun.reflect.NativeMethodAccessorImpl.invoke0(Native Method)
	at sun.reflect.NativeMethodAccessorImpl.invoke(NativeMethodAccessorImpl.java:39)
	at sun.reflect.DelegatingMethodAccessorImpl.invoke(DelegatingMethodAccessorImpl.java:25)
	at java.lang.reflect.Method.invoke(Method.java:597)
	at org.apache.maven.surefire.booter.SurefireBooter.runSuitesInProcess(SurefireBooter.java:345)
	at org.apache.maven.surefire.booter.SurefireBooter.main(SurefireBooter.java:1009)
</errorStackTrace>
          <errorDetails>Timed out after 30000ms</errorDetails>
          <failedSince>45</failedSince>
        </case>
        <case>
          <duration>30.146</duration>
          <className>com.naver.kin.testcase.lnbqna.troubleqna.Troubleqna</className>
          <testName>KIN_145_디렉토리전문가1depth의UI확인한다</testName>
          <skipped>false</skipped>
          <errorStackTrace>com.thoughtworks.selenium.SeleniumException: Timed out after 30000ms
	at com.thoughtworks.selenium.HttpCommandProcessor.throwAssertionFailureExceptionOrError(HttpCommandProcessor.java:97)
	at com.thoughtworks.selenium.HttpCommandProcessor.doCommand(HttpCommandProcessor.java:91)
	at com.thoughtworks.selenium.DefaultSelenium.open(DefaultSelenium.java:335)
	at com.naver.kin.Utilities.openOnTop(Utilities.java:514)
	at com.naver.kin.Utilities.loginAndReplace(Utilities.java:97)
	at com.naver.kin.testcase.lnbqna.troubleqna.Troubleqna.KIN_145_디렉토리전문가1depth의UI확인한다(Troubleqna.java:447)
	at sun.reflect.NativeMethodAccessorImpl.invoke0(Native Method)
	at sun.reflect.NativeMethodAccessorImpl.invoke(NativeMethodAccessorImpl.java:39)
	at sun.reflect.DelegatingMethodAccessorImpl.invoke(DelegatingMethodAccessorImpl.java:25)
	at java.lang.reflect.Method.invoke(Method.java:597)
	at org.junit.internal.runners.TestMethod.invoke(TestMethod.java:59)
	at org.junit.internal.runners.MethodRoadie.runTestMethod(MethodRoadie.java:98)
	at org.junit.internal.runners.MethodRoadie$2.run(MethodRoadie.java:79)
	at org.junit.internal.runners.MethodRoadie.runBeforesThenTestThenAfters(MethodRoadie.java:87)
	at org.junit.internal.runners.MethodRoadie.runTest(MethodRoadie.java:77)
	at org.junit.internal.runners.MethodRoadie.run(MethodRoadie.java:42)
	at org.junit.internal.runners.JUnit4ClassRunner.invokeTestMethod(JUnit4ClassRunner.java:88)
	at org.junit.internal.runners.JUnit4ClassRunner.runMethods(JUnit4ClassRunner.java:51)
	at org.junit.internal.runners.JUnit4ClassRunner$1.run(JUnit4ClassRunner.java:44)
	at org.junit.internal.runners.ClassRoadie.runUnprotected(ClassRoadie.java:27)
	at org.junit.internal.runners.ClassRoadie.runProtected(ClassRoadie.java:37)
	at org.junit.internal.runners.JUnit4ClassRunner.run(JUnit4ClassRunner.java:42)
	at org.apache.maven.surefire.junit4.JUnit4TestSet.execute(JUnit4TestSet.java:62)
	at org.apache.maven.surefire.suite.AbstractDirectoryTestSuite.executeTestSet(AbstractDirectoryTestSuite.java:140)
	at org.apache.maven.surefire.suite.AbstractDirectoryTestSuite.execute(AbstractDirectoryTestSuite.java:127)
	at org.apache.maven.surefire.Surefire.run(Surefire.java:177)
	at sun.reflect.NativeMethodAccessorImpl.invoke0(Native Method)
	at sun.reflect.NativeMethodAccessorImpl.invoke(NativeMethodAccessorImpl.java:39)
	at sun.reflect.DelegatingMethodAccessorImpl.invoke(DelegatingMethodAccessorImpl.java:25)
	at java.lang.reflect.Method.invoke(Method.java:597)
	at org.apache.maven.surefire.booter.SurefireBooter.runSuitesInProcess(SurefireBooter.java:345)
	at org.apache.maven.surefire.booter.SurefireBooter.main(SurefireBooter.java:1009)
</errorStackTrace>
          <errorDetails>Timed out after 30000ms</errorDetails>
          <failedSince>45</failedSince>
        </case>
        <case>
          <duration>30.15</duration>
          <className>com.naver.kin.testcase.lnbqna.troubleqna.Troubleqna</className>
          <testName>KIN_148_디렉토리전문가2depth의UI확인한다</testName>
          <skipped>false</skipped>
          <errorStackTrace>com.thoughtworks.selenium.SeleniumException: Timed out after 30000ms
	at com.thoughtworks.selenium.HttpCommandProcessor.throwAssertionFailureExceptionOrError(HttpCommandProcessor.java:97)
	at com.thoughtworks.selenium.HttpCommandProcessor.doCommand(HttpCommandProcessor.java:91)
	at com.thoughtworks.selenium.DefaultSelenium.open(DefaultSelenium.java:335)
	at com.naver.kin.Utilities.openOnTop(Utilities.java:514)
	at com.naver.kin.testcase.lnbqna.troubleqna.Troubleqna.KIN_148_디렉토리전문가2depth의UI확인한다(Troubleqna.java:465)
	at sun.reflect.NativeMethodAccessorImpl.invoke0(Native Method)
	at sun.reflect.NativeMethodAccessorImpl.invoke(NativeMethodAccessorImpl.java:39)
	at sun.reflect.DelegatingMethodAccessorImpl.invoke(DelegatingMethodAccessorImpl.java:25)
	at java.lang.reflect.Method.invoke(Method.java:597)
	at org.junit.internal.runners.TestMethod.invoke(TestMethod.java:59)
	at org.junit.internal.runners.MethodRoadie.runTestMethod(MethodRoadie.java:98)
	at org.junit.internal.runners.MethodRoadie$2.run(MethodRoadie.java:79)
	at org.junit.internal.runners.MethodRoadie.runBeforesThenTestThenAfters(MethodRoadie.java:87)
	at org.junit.internal.runners.MethodRoadie.runTest(MethodRoadie.java:77)
	at org.junit.internal.runners.MethodRoadie.run(MethodRoadie.java:42)
	at org.junit.internal.runners.JUnit4ClassRunner.invokeTestMethod(JUnit4ClassRunner.java:88)
	at org.junit.internal.runners.JUnit4ClassRunner.runMethods(JUnit4ClassRunner.java:51)
	at org.junit.internal.runners.JUnit4ClassRunner$1.run(JUnit4ClassRunner.java:44)
	at org.junit.internal.runners.ClassRoadie.runUnprotected(ClassRoadie.java:27)
	at org.junit.internal.runners.ClassRoadie.runProtected(ClassRoadie.java:37)
	at org.junit.internal.runners.JUnit4ClassRunner.run(JUnit4ClassRunner.java:42)
	at org.apache.maven.surefire.junit4.JUnit4TestSet.execute(JUnit4TestSet.java:62)
	at org.apache.maven.surefire.suite.AbstractDirectoryTestSuite.executeTestSet(AbstractDirectoryTestSuite.java:140)
	at org.apache.maven.surefire.suite.AbstractDirectoryTestSuite.execute(AbstractDirectoryTestSuite.java:127)
	at org.apache.maven.surefire.Surefire.run(Surefire.java:177)
	at sun.reflect.NativeMethodAccessorImpl.invoke0(Native Method)
	at sun.reflect.NativeMethodAccessorImpl.invoke(NativeMethodAccessorImpl.java:39)
	at sun.reflect.DelegatingMethodAccessorImpl.invoke(DelegatingMethodAccessorImpl.java:25)
	at java.lang.reflect.Method.invoke(Method.java:597)
	at org.apache.maven.surefire.booter.SurefireBooter.runSuitesInProcess(SurefireBooter.java:345)
	at org.apache.maven.surefire.booter.SurefireBooter.main(SurefireBooter.java:1009)
</errorStackTrace>
          <errorDetails>Timed out after 30000ms</errorDetails>
          <failedSince>45</failedSince>
        </case>
      </cases>
    </suite>
    <suite>
      <file>/home1/irteam/.hudson/jobs/SUS_I_uitest_all/workspace/trunk/target/surefire-reports/TEST-com.naver.kin.testcase.mykin.normal.Home.xml</file>
      <name>com.naver.kin.testcase.mykin.normal.Home</name>
      <duration>208.85199</duration>
      <cases>
        <case>
          <duration>79.334</duration>
          <className>com.naver.kin.testcase.mykin.normal.Home</className>
          <testName>KIN_245_UI가정상노출되고각링크가정상동작한다</testName>
          <skipped>false</skipped>
          <failedSince>0</failedSince>
        </case>
        <case>
          <duration>120.129</duration>
          <className>com.naver.kin.testcase.mykin.normal.Home</className>
          <testName>KIN_248_common_관심키워드등록삭제가정상동작한다</testName>
          <skipped>false</skipped>
          <failedSince>0</failedSince>
        </case>
        <case>
          <duration>9.389</duration>
          <className>com.naver.kin.testcase.mykin.normal.Home</className>
          <testName>KIN_249_관심키워드링크가정상동작한다</testName>
          <skipped>false</skipped>
          <failedSince>0</failedSince>
        </case>
      </cases>
    </suite>
    <suite>
      <file>/home1/irteam/.hudson/jobs/SUS_I_uitest_all/workspace/trunk/target/surefire-reports/TEST-com.naver.kin.testcase.mykin.normal.MyAnswer.xml</file>
      <name>com.naver.kin.testcase.mykin.normal.MyAnswer</name>
      <duration>13.950999</duration>
      <cases>
        <case>
          <duration>1.926</duration>
          <className>com.naver.kin.testcase.mykin.normal.MyAnswer</className>
          <testName>KIN_251_나의답변메뉴클릭시해당페이지가로딩된다</testName>
          <skipped>false</skipped>
          <failedSince>0</failedSince>
        </case>
        <case>
          <duration>12.025</duration>
          <className>com.naver.kin.testcase.mykin.normal.MyAnswer</className>
          <testName>KIN_253_제목클릭하면엔드페이지로정상이동한다</testName>
          <skipped>false</skipped>
          <failedSince>0</failedSince>
        </case>
      </cases>
    </suite>
    <suite>
      <file>/home1/irteam/.hudson/jobs/SUS_I_uitest_all/workspace/trunk/target/surefire-reports/TEST-com.naver.kin.testcase.mykin.normal.MyInterestQuestion.xml</file>
      <name>com.naver.kin.testcase.mykin.normal.MyInterestQuestion</name>
      <duration>87.17599</duration>
      <cases>
        <case>
          <duration>2.034</duration>
          <className>com.naver.kin.testcase.mykin.normal.MyInterestQuestion</className>
          <testName>KIN_296_나의관심질문메뉴클릭시해당페이지가로딩된다</testName>
          <skipped>false</skipped>
          <failedSince>0</failedSince>
        </case>
        <case>
          <duration>84.892</duration>
          <className>com.naver.kin.testcase.mykin.normal.MyInterestQuestion</className>
          <testName>KIN_297_관심분야없는아이디관심분야등록후삭제한다</testName>
          <skipped>false</skipped>
          <failedSince>0</failedSince>
        </case>
        <case>
          <duration>0.241</duration>
          <className>com.naver.kin.testcase.mykin.normal.MyInterestQuestion</className>
          <testName>KIN_298_관심분야링크가정상동작한다</testName>
          <skipped>false</skipped>
          <errorStackTrace>com.thoughtworks.selenium.SeleniumException: Current window or frame is closed!
	at com.thoughtworks.selenium.HttpCommandProcessor.throwAssertionFailureExceptionOrError(HttpCommandProcessor.java:97)
	at com.thoughtworks.selenium.HttpCommandProcessor.doCommand(HttpCommandProcessor.java:91)
	at com.thoughtworks.selenium.DefaultSelenium.open(DefaultSelenium.java:335)
	at com.naver.kin.Utilities.openOnTop(Utilities.java:514)
	at com.naver.kin.Utilities.loginAndReplace(Utilities.java:97)
	at com.naver.kin.testcase.mykin.normal.MyInterestQuestion.KIN_298_관심분야링크가정상동작한다(MyInterestQuestion.java:142)
	at sun.reflect.NativeMethodAccessorImpl.invoke0(Native Method)
	at sun.reflect.NativeMethodAccessorImpl.invoke(NativeMethodAccessorImpl.java:39)
	at sun.reflect.DelegatingMethodAccessorImpl.invoke(DelegatingMethodAccessorImpl.java:25)
	at java.lang.reflect.Method.invoke(Method.java:597)
	at org.junit.internal.runners.TestMethod.invoke(TestMethod.java:59)
	at org.junit.internal.runners.MethodRoadie.runTestMethod(MethodRoadie.java:98)
	at org.junit.internal.runners.MethodRoadie$2.run(MethodRoadie.java:79)
	at org.junit.internal.runners.MethodRoadie.runBeforesThenTestThenAfters(MethodRoadie.java:87)
	at org.junit.internal.runners.MethodRoadie.runTest(MethodRoadie.java:77)
	at org.junit.internal.runners.MethodRoadie.run(MethodRoadie.java:42)
	at org.junit.internal.runners.JUnit4ClassRunner.invokeTestMethod(JUnit4ClassRunner.java:88)
	at org.junit.internal.runners.JUnit4ClassRunner.runMethods(JUnit4ClassRunner.java:51)
	at org.junit.internal.runners.JUnit4ClassRunner$1.run(JUnit4ClassRunner.java:44)
	at org.junit.internal.runners.ClassRoadie.runUnprotected(ClassRoadie.java:27)
	at org.junit.internal.runners.ClassRoadie.runProtected(ClassRoadie.java:37)
	at org.junit.internal.runners.JUnit4ClassRunner.run(JUnit4ClassRunner.java:42)
	at org.apache.maven.surefire.junit4.JUnit4TestSet.execute(JUnit4TestSet.java:62)
	at org.apache.maven.surefire.suite.AbstractDirectoryTestSuite.executeTestSet(AbstractDirectoryTestSuite.java:140)
	at org.apache.maven.surefire.suite.AbstractDirectoryTestSuite.execute(AbstractDirectoryTestSuite.java:127)
	at org.apache.maven.surefire.Surefire.run(Surefire.java:177)
	at sun.reflect.NativeMethodAccessorImpl.invoke0(Native Method)
	at sun.reflect.NativeMethodAccessorImpl.invoke(NativeMethodAccessorImpl.java:39)
	at sun.reflect.DelegatingMethodAccessorImpl.invoke(DelegatingMethodAccessorImpl.java:25)
	at java.lang.reflect.Method.invoke(Method.java:597)
	at org.apache.maven.surefire.booter.SurefireBooter.runSuitesInProcess(SurefireBooter.java:345)
	at org.apache.maven.surefire.booter.SurefireBooter.main(SurefireBooter.java:1009)
</errorStackTrace>
          <errorDetails>Current window or frame is closed!</errorDetails>
          <failedSince>45</failedSince>
        </case>
        <case>
          <duration>0.0020</duration>
          <className>com.naver.kin.testcase.mykin.normal.MyInterestQuestion</className>
          <testName>KIN_299_관심키워드없는아이디키워드등록후삭제한다</testName>
          <skipped>false</skipped>
          <errorStackTrace>com.thoughtworks.selenium.SeleniumException: Current window or frame is closed!
	at com.thoughtworks.selenium.HttpCommandProcessor.throwAssertionFailureExceptionOrError(HttpCommandProcessor.java:97)
	at com.thoughtworks.selenium.HttpCommandProcessor.doCommand(HttpCommandProcessor.java:91)
	at com.thoughtworks.selenium.DefaultSelenium.selectFrame(DefaultSelenium.java:355)
	at com.naver.kin.Utilities.openOnTop(Utilities.java:513)
	at com.naver.kin.Utilities.loginAndReplace(Utilities.java:97)
	at com.naver.kin.testcase.mykin.normal.MyInterestQuestion.KIN_299_관심키워드없는아이디키워드등록후삭제한다(MyInterestQuestion.java:165)
	at sun.reflect.NativeMethodAccessorImpl.invoke0(Native Method)
	at sun.reflect.NativeMethodAccessorImpl.invoke(NativeMethodAccessorImpl.java:39)
	at sun.reflect.DelegatingMethodAccessorImpl.invoke(DelegatingMethodAccessorImpl.java:25)
	at java.lang.reflect.Method.invoke(Method.java:597)
	at org.junit.internal.runners.TestMethod.invoke(TestMethod.java:59)
	at org.junit.internal.runners.MethodRoadie.runTestMethod(MethodRoadie.java:98)
	at org.junit.internal.runners.MethodRoadie$2.run(MethodRoadie.java:79)
	at org.junit.internal.runners.MethodRoadie.runBeforesThenTestThenAfters(MethodRoadie.java:87)
	at org.junit.internal.runners.MethodRoadie.runTest(MethodRoadie.java:77)
	at org.junit.internal.runners.MethodRoadie.run(MethodRoadie.java:42)
	at org.junit.internal.runners.JUnit4ClassRunner.invokeTestMethod(JUnit4ClassRunner.java:88)
	at org.junit.internal.runners.JUnit4ClassRunner.runMethods(JUnit4ClassRunner.java:51)
	at org.junit.internal.runners.JUnit4ClassRunner$1.run(JUnit4ClassRunner.java:44)
	at org.junit.internal.runners.ClassRoadie.runUnprotected(ClassRoadie.java:27)
	at org.junit.internal.runners.ClassRoadie.runProtected(ClassRoadie.java:37)
	at org.junit.internal.runners.JUnit4ClassRunner.run(JUnit4ClassRunner.java:42)
	at org.apache.maven.surefire.junit4.JUnit4TestSet.execute(JUnit4TestSet.java:62)
	at org.apache.maven.surefire.suite.AbstractDirectoryTestSuite.executeTestSet(AbstractDirectoryTestSuite.java:140)
	at org.apache.maven.surefire.suite.AbstractDirectoryTestSuite.execute(AbstractDirectoryTestSuite.java:127)
	at org.apache.maven.surefire.Surefire.run(Surefire.java:177)
	at sun.reflect.NativeMethodAccessorImpl.invoke0(Native Method)
	at sun.reflect.NativeMethodAccessorImpl.invoke(NativeMethodAccessorImpl.java:39)
	at sun.reflect.DelegatingMethodAccessorImpl.invoke(DelegatingMethodAccessorImpl.java:25)
	at java.lang.reflect.Method.invoke(Method.java:597)
	at org.apache.maven.surefire.booter.SurefireBooter.runSuitesInProcess(SurefireBooter.java:345)
	at org.apache.maven.surefire.booter.SurefireBooter.main(SurefireBooter.java:1009)
</errorStackTrace>
          <errorDetails>Current window or frame is closed!</errorDetails>
          <failedSince>45</failedSince>
        </case>
        <case>
          <duration>0.0020</duration>
          <className>com.naver.kin.testcase.mykin.normal.MyInterestQuestion</className>
          <testName>KIN_300_관심키워드만있는아이디등록된관심키워드클릭한다</testName>
          <skipped>false</skipped>
          <errorStackTrace>com.thoughtworks.selenium.SeleniumException: Current window or frame is closed!
	at com.thoughtworks.selenium.HttpCommandProcessor.throwAssertionFailureExceptionOrError(HttpCommandProcessor.java:97)
	at com.thoughtworks.selenium.HttpCommandProcessor.doCommand(HttpCommandProcessor.java:91)
	at com.thoughtworks.selenium.DefaultSelenium.selectFrame(DefaultSelenium.java:355)
	at com.naver.kin.Utilities.openOnTop(Utilities.java:513)
	at com.naver.kin.Utilities.loginAndReplace(Utilities.java:97)
	at com.naver.kin.testcase.mykin.normal.MyInterestQuestion.KIN_300_관심키워드만있는아이디등록된관심키워드클릭한다(MyInterestQuestion.java:209)
	at sun.reflect.NativeMethodAccessorImpl.invoke0(Native Method)
	at sun.reflect.NativeMethodAccessorImpl.invoke(NativeMethodAccessorImpl.java:39)
	at sun.reflect.DelegatingMethodAccessorImpl.invoke(DelegatingMethodAccessorImpl.java:25)
	at java.lang.reflect.Method.invoke(Method.java:597)
	at org.junit.internal.runners.TestMethod.invoke(TestMethod.java:59)
	at org.junit.internal.runners.MethodRoadie.runTestMethod(MethodRoadie.java:98)
	at org.junit.internal.runners.MethodRoadie$2.run(MethodRoadie.java:79)
	at org.junit.internal.runners.MethodRoadie.runBeforesThenTestThenAfters(MethodRoadie.java:87)
	at org.junit.internal.runners.MethodRoadie.runTest(MethodRoadie.java:77)
	at org.junit.internal.runners.MethodRoadie.run(MethodRoadie.java:42)
	at org.junit.internal.runners.JUnit4ClassRunner.invokeTestMethod(JUnit4ClassRunner.java:88)
	at org.junit.internal.runners.JUnit4ClassRunner.runMethods(JUnit4ClassRunner.java:51)
	at org.junit.internal.runners.JUnit4ClassRunner$1.run(JUnit4ClassRunner.java:44)
	at org.junit.internal.runners.ClassRoadie.runUnprotected(ClassRoadie.java:27)
	at org.junit.internal.runners.ClassRoadie.runProtected(ClassRoadie.java:37)
	at org.junit.internal.runners.JUnit4ClassRunner.run(JUnit4ClassRunner.java:42)
	at org.apache.maven.surefire.junit4.JUnit4TestSet.execute(JUnit4TestSet.java:62)
	at org.apache.maven.surefire.suite.AbstractDirectoryTestSuite.executeTestSet(AbstractDirectoryTestSuite.java:140)
	at org.apache.maven.surefire.suite.AbstractDirectoryTestSuite.execute(AbstractDirectoryTestSuite.java:127)
	at org.apache.maven.surefire.Surefire.run(Surefire.java:177)
	at sun.reflect.NativeMethodAccessorImpl.invoke0(Native Method)
	at sun.reflect.NativeMethodAccessorImpl.invoke(NativeMethodAccessorImpl.java:39)
	at sun.reflect.DelegatingMethodAccessorImpl.invoke(DelegatingMethodAccessorImpl.java:25)
	at java.lang.reflect.Method.invoke(Method.java:597)
	at org.apache.maven.surefire.booter.SurefireBooter.runSuitesInProcess(SurefireBooter.java:345)
	at org.apache.maven.surefire.booter.SurefireBooter.main(SurefireBooter.java:1009)
</errorStackTrace>
          <errorDetails>Current window or frame is closed!</errorDetails>
          <failedSince>45</failedSince>
        </case>
        <case>
          <duration>0.0050</duration>
          <className>com.naver.kin.testcase.mykin.normal.MyInterestQuestion</className>
          <testName>com.naver.kin.testcase.mykin.normal.MyInterestQuestion</testName>
          <skipped>false</skipped>
          <errorStackTrace>com.thoughtworks.selenium.SeleniumException: Current window or frame is closed!
	at com.thoughtworks.selenium.HttpCommandProcessor.throwAssertionFailureExceptionOrError(HttpCommandProcessor.java:97)
	at com.thoughtworks.selenium.HttpCommandProcessor.doCommand(HttpCommandProcessor.java:91)
	at com.thoughtworks.selenium.DefaultSelenium.close(DefaultSelenium.java:391)
	at com.naver.kin.Utilities.disposeBrowser(Utilities.java:636)
	at com.naver.kin.testcase.mykin.normal.MyInterestQuestion.tearDownClass(MyInterestQuestion.java:227)
	at sun.reflect.NativeMethodAccessorImpl.invoke0(Native Method)
	at sun.reflect.NativeMethodAccessorImpl.invoke(NativeMethodAccessorImpl.java:39)
	at sun.reflect.DelegatingMethodAccessorImpl.invoke(DelegatingMethodAccessorImpl.java:25)
	at java.lang.reflect.Method.invoke(Method.java:597)
	at org.junit.internal.runners.ClassRoadie.runAfters(ClassRoadie.java:65)
	at org.junit.internal.runners.ClassRoadie.runProtected(ClassRoadie.java:40)
	at org.junit.internal.runners.JUnit4ClassRunner.run(JUnit4ClassRunner.java:42)
	at org.apache.maven.surefire.junit4.JUnit4TestSet.execute(JUnit4TestSet.java:62)
	at org.apache.maven.surefire.suite.AbstractDirectoryTestSuite.executeTestSet(AbstractDirectoryTestSuite.java:140)
	at org.apache.maven.surefire.suite.AbstractDirectoryTestSuite.execute(AbstractDirectoryTestSuite.java:127)
	at org.apache.maven.surefire.Surefire.run(Surefire.java:177)
	at sun.reflect.NativeMethodAccessorImpl.invoke0(Native Method)
	at sun.reflect.NativeMethodAccessorImpl.invoke(NativeMethodAccessorImpl.java:39)
	at sun.reflect.DelegatingMethodAccessorImpl.invoke(DelegatingMethodAccessorImpl.java:25)
	at java.lang.reflect.Method.invoke(Method.java:597)
	at org.apache.maven.surefire.booter.SurefireBooter.runSuitesInProcess(SurefireBooter.java:345)
	at org.apache.maven.surefire.booter.SurefireBooter.main(SurefireBooter.java:1009)
</errorStackTrace>
          <errorDetails>Current window or frame is closed!</errorDetails>
          <failedSince>45</failedSince>
        </case>
      </cases>
    </suite>
    <suite>
      <file>/home1/irteam/.hudson/jobs/SUS_I_uitest_all/workspace/trunk/target/surefire-reports/TEST-com.naver.kin.testcase.mykin.normal.MyKinWrite.xml</file>
      <name>com.naver.kin.testcase.mykin.normal.MyKinWrite</name>
      <duration>2.071</duration>
      <cases>
        <case>
          <duration>2.071</duration>
          <className>com.naver.kin.testcase.mykin.normal.MyKinWrite</className>
          <testName>KIN_276_나의집필지식메뉴클릭시해당페이지가로딩된다</testName>
          <skipped>false</skipped>
          <failedSince>0</failedSince>
        </case>
      </cases>
    </suite>
    <suite>
      <file>/home1/irteam/.hudson/jobs/SUS_I_uitest_all/workspace/trunk/target/surefire-reports/TEST-com.naver.kin.testcase.mykin.normal.MyQuestion.xml</file>
      <name>com.naver.kin.testcase.mykin.normal.MyQuestion</name>
      <duration>14.495</duration>
      <cases>
        <case>
          <duration>2.202</duration>
          <className>com.naver.kin.testcase.mykin.normal.MyQuestion</className>
          <testName>KIN_264_나의질문메뉴클릭시해당페이지가로딩된다</testName>
          <skipped>false</skipped>
          <failedSince>0</failedSince>
        </case>
        <case>
          <duration>12.293</duration>
          <className>com.naver.kin.testcase.mykin.normal.MyQuestion</className>
          <testName>KIN_265_제목을클릭하면엔드페이지로정상이동한다</testName>
          <skipped>false</skipped>
          <failedSince>0</failedSince>
        </case>
      </cases>
    </suite>
    <suite>
      <file>/home1/irteam/.hudson/jobs/SUS_I_uitest_all/workspace/trunk/target/surefire-reports/TEST-com.naver.kin.testcase.mykin.normal.MyRecommendKeepKin.xml</file>
      <name>com.naver.kin.testcase.mykin.normal.MyRecommendKeepKin</name>
      <duration>4.293</duration>
      <cases>
        <case>
          <duration>2.83</duration>
          <className>com.naver.kin.testcase.mykin.normal.MyRecommendKeepKin</className>
          <testName>KIN_288_나의추천보관지식클릭시해당페이지가로딩된다</testName>
          <skipped>false</skipped>
          <failedSince>0</failedSince>
        </case>
        <case>
          <duration>1.463</duration>
          <className>com.naver.kin.testcase.mykin.normal.MyRecommendKeepKin</className>
          <testName>KIN_292_보관함탭클릭시해당목록이리스트업된다</testName>
          <skipped>false</skipped>
          <failedSince>0</failedSince>
        </case>
      </cases>
    </suite>
    <suite>
      <file>/home1/irteam/.hudson/jobs/SUS_I_uitest_all/workspace/trunk/target/surefire-reports/TEST-com.naver.kin.testcase.opendic.knowhow.KnowhowWrite.xml</file>
      <name>com.naver.kin.testcase.opendic.knowhow.KnowhowWrite</name>
      <duration>50.243</duration>
      <cases>
        <case>
          <duration>36.307</duration>
          <className>com.naver.kin.testcase.opendic.knowhow.KnowhowWrite</className>
          <testName>KIN_368_노하우게시물을등록한다</testName>
          <skipped>true</skipped>
          <failedSince>0</failedSince>
        </case>
        <case>
          <duration>13.936</duration>
          <className>com.naver.kin.testcase.opendic.knowhow.KnowhowWrite</className>
          <testName>KIN_369_중수미만은노하우등록이불가하다</testName>
          <skipped>false</skipped>
          <failedSince>0</failedSince>
        </case>
      </cases>
    </suite>
    <suite>
      <file>/home1/irteam/.hudson/jobs/SUS_I_uitest_all/workspace/trunk/target/surefire-reports/TEST-com.naver.kin.testcase.opendic.open100.Open100Write.xml</file>
      <name>com.naver.kin.testcase.opendic.open100.Open100Write</name>
      <duration>20.493</duration>
      <cases>
        <case>
          <duration>20.493</duration>
          <className>com.naver.kin.testcase.opendic.open100.Open100Write</className>
          <testName>KIN_366_오픈백과_게시물을등록한다</testName>
          <skipped>true</skipped>
          <failedSince>0</failedSince>
        </case>
      </cases>
    </suite>
    <suite>
      <file>/home1/irteam/.hudson/jobs/SUS_I_uitest_all/workspace/trunk/target/surefire-reports/TEST-com.naver.kin.testcase.opendic.openkr.OpenkrWrite.xml</file>
      <name>com.naver.kin.testcase.opendic.openkr.OpenkrWrite</name>
      <duration>122.479</duration>
      <cases>
        <case>
          <duration>122.479</duration>
          <className>com.naver.kin.testcase.opendic.openkr.OpenkrWrite</className>
          <testName>KIN_367_오픈국어_게시물을등록한다</testName>
          <skipped>true</skipped>
          <failedSince>0</failedSince>
        </case>
      </cases>
    </suite>
    <suite>
      <file>/home1/irteam/.hudson/jobs/SUS_I_uitest_all/workspace/trunk/target/surefire-reports/TEST-com.naver.kin.testcase.qna.expert.question.QuestionRegistToExpert.xml</file>
      <name>com.naver.kin.testcase.qna.expert.question.QuestionRegistToExpert</name>
      <duration>433.05402</duration>
      <cases>
        <case>
          <duration>105.68</duration>
          <className>com.naver.kin.testcase.qna.expert.question.QuestionRegistToExpert</className>
          <testName>KIN_362_의사질문을등록한다</testName>
          <skipped>false</skipped>
          <failedSince>0</failedSince>
        </case>
        <case>
          <duration>94.614</duration>
          <className>com.naver.kin.testcase.qna.expert.question.QuestionRegistToExpert</className>
          <testName>KIN_363_한의사질문을등록한다</testName>
          <skipped>false</skipped>
          <failedSince>0</failedSince>
        </case>
        <case>
          <duration>116.325</duration>
          <className>com.naver.kin.testcase.qna.expert.question.QuestionRegistToExpert</className>
          <testName>KIN_364_변호사질문을등록한다</testName>
          <skipped>false</skipped>
          <failedSince>0</failedSince>
        </case>
        <case>
          <duration>116.435</duration>
          <className>com.naver.kin.testcase.qna.expert.question.QuestionRegistToExpert</className>
          <testName>KIN_365_노무사질문을등록한다</testName>
          <skipped>false</skipped>
          <failedSince>0</failedSince>
        </case>
      </cases>
    </suite>
    <suite>
      <file>/home1/irteam/.hudson/jobs/SUS_I_uitest_all/workspace/trunk/target/surefire-reports/TEST-com.naver.kin.testcase.qna.normal.question.QuestionRegist.xml</file>
      <name>com.naver.kin.testcase.qna.normal.question.QuestionRegist</name>
      <duration>615.631</duration>
      <cases>
        <case>
          <duration>62.209</duration>
          <className>com.naver.kin.testcase.qna.normal.question.QuestionRegist</className>
          <testName>KIN_352_추천디렉토리사용하여질문을등록한다</testName>
          <skipped>false</skipped>
          <errorStackTrace>java.lang.AssertionError: expected:&lt;5200614&gt; but was:&lt;5200619&gt;
	at org.junit.Assert.fail(Assert.java:74)
	at org.junit.Assert.failNotEquals(Assert.java:448)
	at org.junit.Assert.assertEquals(Assert.java:102)
	at org.junit.Assert.assertEquals(Assert.java:323)
	at org.junit.Assert.assertEquals(Assert.java:319)
	at com.naver.kin.testcase.qna.normal.question.QuestionRegist.KIN_352_추천디렉토리사용하여질문을등록한다(QuestionRegist.java:126)
	at sun.reflect.NativeMethodAccessorImpl.invoke0(Native Method)
	at sun.reflect.NativeMethodAccessorImpl.invoke(NativeMethodAccessorImpl.java:39)
	at sun.reflect.DelegatingMethodAccessorImpl.invoke(DelegatingMethodAccessorImpl.java:25)
	at java.lang.reflect.Method.invoke(Method.java:597)
	at org.junit.internal.runners.TestMethod.invoke(TestMethod.java:59)
	at org.junit.internal.runners.MethodRoadie.runTestMethod(MethodRoadie.java:98)
	at org.junit.internal.runners.MethodRoadie$2.run(MethodRoadie.java:79)
	at org.junit.internal.runners.MethodRoadie.runBeforesThenTestThenAfters(MethodRoadie.java:87)
	at org.junit.internal.runners.MethodRoadie.runTest(MethodRoadie.java:77)
	at org.junit.internal.runners.MethodRoadie.run(MethodRoadie.java:42)
	at org.junit.internal.runners.JUnit4ClassRunner.invokeTestMethod(JUnit4ClassRunner.java:88)
	at org.junit.internal.runners.JUnit4ClassRunner.runMethods(JUnit4ClassRunner.java:51)
	at org.junit.internal.runners.JUnit4ClassRunner$1.run(JUnit4ClassRunner.java:44)
	at org.junit.internal.runners.ClassRoadie.runUnprotected(ClassRoadie.java:27)
	at org.junit.internal.runners.ClassRoadie.runProtected(ClassRoadie.java:37)
	at org.junit.internal.runners.JUnit4ClassRunner.run(JUnit4ClassRunner.java:42)
	at org.apache.maven.surefire.junit4.JUnit4TestSet.execute(JUnit4TestSet.java:62)
	at org.apache.maven.surefire.suite.AbstractDirectoryTestSuite.executeTestSet(AbstractDirectoryTestSuite.java:140)
	at org.apache.maven.surefire.suite.AbstractDirectoryTestSuite.execute(AbstractDirectoryTestSuite.java:127)
	at org.apache.maven.surefire.Surefire.run(Surefire.java:177)
	at sun.reflect.NativeMethodAccessorImpl.invoke0(Native Method)
	at sun.reflect.NativeMethodAccessorImpl.invoke(NativeMethodAccessorImpl.java:39)
	at sun.reflect.DelegatingMethodAccessorImpl.invoke(DelegatingMethodAccessorImpl.java:25)
	at java.lang.reflect.Method.invoke(Method.java:597)
	at org.apache.maven.surefire.booter.SurefireBooter.runSuitesInProcess(SurefireBooter.java:345)
	at org.apache.maven.surefire.booter.SurefireBooter.main(SurefireBooter.java:1009)
</errorStackTrace>
          <errorDetails>expected:&lt;5200614&gt; but was:&lt;5200619&gt;</errorDetails>
          <failedSince>45</failedSince>
        </case>
        <case>
          <duration>94.516</duration>
          <className>com.naver.kin.testcase.qna.normal.question.QuestionRegist</className>
          <testName>KIN_353_디렉토리직접선택하여질문을등록한다</testName>
          <skipped>false</skipped>
          <errorStackTrace>java.lang.AssertionError: expected:&lt;5200624&gt; but was:&lt;5200629&gt;
	at org.junit.Assert.fail(Assert.java:74)
	at org.junit.Assert.failNotEquals(Assert.java:448)
	at org.junit.Assert.assertEquals(Assert.java:102)
	at org.junit.Assert.assertEquals(Assert.java:323)
	at org.junit.Assert.assertEquals(Assert.java:319)
	at com.naver.kin.testcase.qna.normal.question.QuestionRegist.KIN_353_디렉토리직접선택하여질문을등록한다(QuestionRegist.java:186)
	at sun.reflect.NativeMethodAccessorImpl.invoke0(Native Method)
	at sun.reflect.NativeMethodAccessorImpl.invoke(NativeMethodAccessorImpl.java:39)
	at sun.reflect.DelegatingMethodAccessorImpl.invoke(DelegatingMethodAccessorImpl.java:25)
	at java.lang.reflect.Method.invoke(Method.java:597)
	at org.junit.internal.runners.TestMethod.invoke(TestMethod.java:59)
	at org.junit.internal.runners.MethodRoadie.runTestMethod(MethodRoadie.java:98)
	at org.junit.internal.runners.MethodRoadie$2.run(MethodRoadie.java:79)
	at org.junit.internal.runners.MethodRoadie.runBeforesThenTestThenAfters(MethodRoadie.java:87)
	at org.junit.internal.runners.MethodRoadie.runTest(MethodRoadie.java:77)
	at org.junit.internal.runners.MethodRoadie.run(MethodRoadie.java:42)
	at org.junit.internal.runners.JUnit4ClassRunner.invokeTestMethod(JUnit4ClassRunner.java:88)
	at org.junit.internal.runners.JUnit4ClassRunner.runMethods(JUnit4ClassRunner.java:51)
	at org.junit.internal.runners.JUnit4ClassRunner$1.run(JUnit4ClassRunner.java:44)
	at org.junit.internal.runners.ClassRoadie.runUnprotected(ClassRoadie.java:27)
	at org.junit.internal.runners.ClassRoadie.runProtected(ClassRoadie.java:37)
	at org.junit.internal.runners.JUnit4ClassRunner.run(JUnit4ClassRunner.java:42)
	at org.apache.maven.surefire.junit4.JUnit4TestSet.execute(JUnit4TestSet.java:62)
	at org.apache.maven.surefire.suite.AbstractDirectoryTestSuite.executeTestSet(AbstractDirectoryTestSuite.java:140)
	at org.apache.maven.surefire.suite.AbstractDirectoryTestSuite.execute(AbstractDirectoryTestSuite.java:127)
	at org.apache.maven.surefire.Surefire.run(Surefire.java:177)
	at sun.reflect.NativeMethodAccessorImpl.invoke0(Native Method)
	at sun.reflect.NativeMethodAccessorImpl.invoke(NativeMethodAccessorImpl.java:39)
	at sun.reflect.DelegatingMethodAccessorImpl.invoke(DelegatingMethodAccessorImpl.java:25)
	at java.lang.reflect.Method.invoke(Method.java:597)
	at org.apache.maven.surefire.booter.SurefireBooter.runSuitesInProcess(SurefireBooter.java:345)
	at org.apache.maven.surefire.booter.SurefireBooter.main(SurefireBooter.java:1009)
</errorStackTrace>
          <errorDetails>expected:&lt;5200624&gt; but was:&lt;5200629&gt;</errorDetails>
          <failedSince>45</failedSince>
        </case>
        <case>
          <duration>94.461</duration>
          <className>com.naver.kin.testcase.qna.normal.question.QuestionRegist</className>
          <testName>KIN_354_1대1질문을등록한다</testName>
          <skipped>false</skipped>
          <errorStackTrace>java.lang.AssertionError: expected:&lt;5200584&gt; but was:&lt;5200539&gt;
	at org.junit.Assert.fail(Assert.java:74)
	at org.junit.Assert.failNotEquals(Assert.java:448)
	at org.junit.Assert.assertEquals(Assert.java:102)
	at org.junit.Assert.assertEquals(Assert.java:323)
	at org.junit.Assert.assertEquals(Assert.java:319)
	at com.naver.kin.testcase.qna.normal.question.QuestionRegist.KIN_354_1대1질문을등록한다(QuestionRegist.java:211)
	at sun.reflect.NativeMethodAccessorImpl.invoke0(Native Method)
	at sun.reflect.NativeMethodAccessorImpl.invoke(NativeMethodAccessorImpl.java:39)
	at sun.reflect.DelegatingMethodAccessorImpl.invoke(DelegatingMethodAccessorImpl.java:25)
	at java.lang.reflect.Method.invoke(Method.java:597)
	at org.junit.internal.runners.TestMethod.invoke(TestMethod.java:59)
	at org.junit.internal.runners.MethodRoadie.runTestMethod(MethodRoadie.java:98)
	at org.junit.internal.runners.MethodRoadie$2.run(MethodRoadie.java:79)
	at org.junit.internal.runners.MethodRoadie.runBeforesThenTestThenAfters(MethodRoadie.java:87)
	at org.junit.internal.runners.MethodRoadie.runTest(MethodRoadie.java:77)
	at org.junit.internal.runners.MethodRoadie.run(MethodRoadie.java:42)
	at org.junit.internal.runners.JUnit4ClassRunner.invokeTestMethod(JUnit4ClassRunner.java:88)
	at org.junit.internal.runners.JUnit4ClassRunner.runMethods(JUnit4ClassRunner.java:51)
	at org.junit.internal.runners.JUnit4ClassRunner$1.run(JUnit4ClassRunner.java:44)
	at org.junit.internal.runners.ClassRoadie.runUnprotected(ClassRoadie.java:27)
	at org.junit.internal.runners.ClassRoadie.runProtected(ClassRoadie.java:37)
	at org.junit.internal.runners.JUnit4ClassRunner.run(JUnit4ClassRunner.java:42)
	at org.apache.maven.surefire.junit4.JUnit4TestSet.execute(JUnit4TestSet.java:62)
	at org.apache.maven.surefire.suite.AbstractDirectoryTestSuite.executeTestSet(AbstractDirectoryTestSuite.java:140)
	at org.apache.maven.surefire.suite.AbstractDirectoryTestSuite.execute(AbstractDirectoryTestSuite.java:127)
	at org.apache.maven.surefire.Surefire.run(Surefire.java:177)
	at sun.reflect.NativeMethodAccessorImpl.invoke0(Native Method)
	at sun.reflect.NativeMethodAccessorImpl.invoke(NativeMethodAccessorImpl.java:39)
	at sun.reflect.DelegatingMethodAccessorImpl.invoke(DelegatingMethodAccessorImpl.java:25)
	at java.lang.reflect.Method.invoke(Method.java:597)
	at org.apache.maven.surefire.booter.SurefireBooter.runSuitesInProcess(SurefireBooter.java:345)
	at org.apache.maven.surefire.booter.SurefireBooter.main(SurefireBooter.java:1009)
</errorStackTrace>
          <errorDetails>expected:&lt;5200584&gt; but was:&lt;5200539&gt;</errorDetails>
          <failedSince>45</failedSince>
        </case>
        <case>
          <duration>61.193</duration>
          <className>com.naver.kin.testcase.qna.normal.question.QuestionRegist</className>
          <testName>KIN_355_내공추가후질문을등록한다</testName>
          <skipped>false</skipped>
          <errorStackTrace>java.lang.AssertionError: expected:&lt;5200534&gt; but was:&lt;5200529&gt;
	at org.junit.Assert.fail(Assert.java:74)
	at org.junit.Assert.failNotEquals(Assert.java:448)
	at org.junit.Assert.assertEquals(Assert.java:102)
	at org.junit.Assert.assertEquals(Assert.java:323)
	at org.junit.Assert.assertEquals(Assert.java:319)
	at com.naver.kin.testcase.qna.normal.question.QuestionRegist.KIN_355_내공추가후질문을등록한다(QuestionRegist.java:256)
	at sun.reflect.NativeMethodAccessorImpl.invoke0(Native Method)
	at sun.reflect.NativeMethodAccessorImpl.invoke(NativeMethodAccessorImpl.java:39)
	at sun.reflect.DelegatingMethodAccessorImpl.invoke(DelegatingMethodAccessorImpl.java:25)
	at java.lang.reflect.Method.invoke(Method.java:597)
	at org.junit.internal.runners.TestMethod.invoke(TestMethod.java:59)
	at org.junit.internal.runners.MethodRoadie.runTestMethod(MethodRoadie.java:98)
	at org.junit.internal.runners.MethodRoadie$2.run(MethodRoadie.java:79)
	at org.junit.internal.runners.MethodRoadie.runBeforesThenTestThenAfters(MethodRoadie.java:87)
	at org.junit.internal.runners.MethodRoadie.runTest(MethodRoadie.java:77)
	at org.junit.internal.runners.MethodRoadie.run(MethodRoadie.java:42)
	at org.junit.internal.runners.JUnit4ClassRunner.invokeTestMethod(JUnit4ClassRunner.java:88)
	at org.junit.internal.runners.JUnit4ClassRunner.runMethods(JUnit4ClassRunner.java:51)
	at org.junit.internal.runners.JUnit4ClassRunner$1.run(JUnit4ClassRunner.java:44)
	at org.junit.internal.runners.ClassRoadie.runUnprotected(ClassRoadie.java:27)
	at org.junit.internal.runners.ClassRoadie.runProtected(ClassRoadie.java:37)
	at org.junit.internal.runners.JUnit4ClassRunner.run(JUnit4ClassRunner.java:42)
	at org.apache.maven.surefire.junit4.JUnit4TestSet.execute(JUnit4TestSet.java:62)
	at org.apache.maven.surefire.suite.AbstractDirectoryTestSuite.executeTestSet(AbstractDirectoryTestSuite.java:140)
	at org.apache.maven.surefire.suite.AbstractDirectoryTestSuite.execute(AbstractDirectoryTestSuite.java:127)
	at org.apache.maven.surefire.Surefire.run(Surefire.java:177)
	at sun.reflect.NativeMethodAccessorImpl.invoke0(Native Method)
	at sun.reflect.NativeMethodAccessorImpl.invoke(NativeMethodAccessorImpl.java:39)
	at sun.reflect.DelegatingMethodAccessorImpl.invoke(DelegatingMethodAccessorImpl.java:25)
	at java.lang.reflect.Method.invoke(Method.java:597)
	at org.apache.maven.surefire.booter.SurefireBooter.runSuitesInProcess(SurefireBooter.java:345)
	at org.apache.maven.surefire.booter.SurefireBooter.main(SurefireBooter.java:1009)
</errorStackTrace>
          <errorDetails>expected:&lt;5200534&gt; but was:&lt;5200529&gt;</errorDetails>
          <failedSince>45</failedSince>
        </case>
        <case>
          <duration>83.09</duration>
          <className>com.naver.kin.testcase.qna.normal.question.QuestionRegist</className>
          <testName>KIN_356_비공개로질문을등록한다</testName>
          <skipped>false</skipped>
          <errorStackTrace>java.lang.AssertionError: expected:&lt;5200524&gt; but was:&lt;5200519&gt;
	at org.junit.Assert.fail(Assert.java:74)
	at org.junit.Assert.failNotEquals(Assert.java:448)
	at org.junit.Assert.assertEquals(Assert.java:102)
	at org.junit.Assert.assertEquals(Assert.java:323)
	at org.junit.Assert.assertEquals(Assert.java:319)
	at com.naver.kin.testcase.qna.normal.question.QuestionRegist.KIN_356_비공개로질문을등록한다(QuestionRegist.java:282)
	at sun.reflect.NativeMethodAccessorImpl.invoke0(Native Method)
	at sun.reflect.NativeMethodAccessorImpl.invoke(NativeMethodAccessorImpl.java:39)
	at sun.reflect.DelegatingMethodAccessorImpl.invoke(DelegatingMethodAccessorImpl.java:25)
	at java.lang.reflect.Method.invoke(Method.java:597)
	at org.junit.internal.runners.TestMethod.invoke(TestMethod.java:59)
	at org.junit.internal.runners.MethodRoadie.runTestMethod(MethodRoadie.java:98)
	at org.junit.internal.runners.MethodRoadie$2.run(MethodRoadie.java:79)
	at org.junit.internal.runners.MethodRoadie.runBeforesThenTestThenAfters(MethodRoadie.java:87)
	at org.junit.internal.runners.MethodRoadie.runTest(MethodRoadie.java:77)
	at org.junit.internal.runners.MethodRoadie.run(MethodRoadie.java:42)
	at org.junit.internal.runners.JUnit4ClassRunner.invokeTestMethod(JUnit4ClassRunner.java:88)
	at org.junit.internal.runners.JUnit4ClassRunner.runMethods(JUnit4ClassRunner.java:51)
	at org.junit.internal.runners.JUnit4ClassRunner$1.run(JUnit4ClassRunner.java:44)
	at org.junit.internal.runners.ClassRoadie.runUnprotected(ClassRoadie.java:27)
	at org.junit.internal.runners.ClassRoadie.runProtected(ClassRoadie.java:37)
	at org.junit.internal.runners.JUnit4ClassRunner.run(JUnit4ClassRunner.java:42)
	at org.apache.maven.surefire.junit4.JUnit4TestSet.execute(JUnit4TestSet.java:62)
	at org.apache.maven.surefire.suite.AbstractDirectoryTestSuite.executeTestSet(AbstractDirectoryTestSuite.java:140)
	at org.apache.maven.surefire.suite.AbstractDirectoryTestSuite.execute(AbstractDirectoryTestSuite.java:127)
	at org.apache.maven.surefire.Surefire.run(Surefire.java:177)
	at sun.reflect.NativeMethodAccessorImpl.invoke0(Native Method)
	at sun.reflect.NativeMethodAccessorImpl.invoke(NativeMethodAccessorImpl.java:39)
	at sun.reflect.DelegatingMethodAccessorImpl.invoke(DelegatingMethodAccessorImpl.java:25)
	at java.lang.reflect.Method.invoke(Method.java:597)
	at org.apache.maven.surefire.booter.SurefireBooter.runSuitesInProcess(SurefireBooter.java:345)
	at org.apache.maven.surefire.booter.SurefireBooter.main(SurefireBooter.java:1009)
</errorStackTrace>
          <errorDetails>expected:&lt;5200524&gt; but was:&lt;5200519&gt;</errorDetails>
          <failedSince>45</failedSince>
        </case>
        <case>
          <duration>80.554</duration>
          <className>com.naver.kin.testcase.qna.normal.question.QuestionRegist</className>
          <testName>KIN_358_미성년자열람비허용으로질문을등록한다</testName>
          <skipped>false</skipped>
          <failedSince>0</failedSince>
        </case>
        <case>
          <duration>36.672</duration>
          <className>com.naver.kin.testcase.qna.normal.question.QuestionRegist</className>
          <testName>KIN_359_성인은쥬니버QNA에질문등록이불가하다</testName>
          <skipped>false</skipped>
          <failedSince>0</failedSince>
        </case>
        <case>
          <duration>102.936</duration>
          <className>com.naver.kin.testcase.qna.normal.question.QuestionRegist</className>
          <testName>KIIN_361_임시저장을하다</testName>
          <skipped>false</skipped>
          <failedSince>0</failedSince>
        </case>
      </cases>
    </suite>
    <suite>
      <file>/home1/irteam/.hudson/jobs/SUS_I_uitest_all/workspace/trunk/target/surefire-reports/TEST-com.naver.kin.testcase.qna.normal.question.QuestionRegistByMinor.xml</file>
      <name>com.naver.kin.testcase.qna.normal.question.QuestionRegistByMinor</name>
      <duration>1871.857</duration>
      <cases>
        <case>
          <duration>35.922</duration>
          <className>com.naver.kin.testcase.qna.normal.question.QuestionRegistByMinor</className>
          <testName>KIN_360_19세미만은고민QNA의성인상담에질문등록이불가하다</testName>
          <skipped>false</skipped>
          <errorStackTrace>org.junit.ComparisonFailure: expected:&lt;o[n]&gt; but was:&lt;o[ff]&gt;
	at org.junit.Assert.assertEquals(Assert.java:99)
	at org.junit.Assert.assertEquals(Assert.java:117)
	at com.naver.kin.testcase.qna.normal.question.QuestionRegistByMinor.KIN_360_19세미만은고민QNA의성인상담에질문등록이불가하다(QuestionRegistByMinor.java:81)
	at sun.reflect.NativeMethodAccessorImpl.invoke0(Native Method)
	at sun.reflect.NativeMethodAccessorImpl.invoke(NativeMethodAccessorImpl.java:39)
	at sun.reflect.DelegatingMethodAccessorImpl.invoke(DelegatingMethodAccessorImpl.java:25)
	at java.lang.reflect.Method.invoke(Method.java:597)
	at org.junit.internal.runners.TestMethod.invoke(TestMethod.java:59)
	at org.junit.internal.runners.MethodRoadie.runTestMethod(MethodRoadie.java:98)
	at org.junit.internal.runners.MethodRoadie$2.run(MethodRoadie.java:79)
	at org.junit.internal.runners.MethodRoadie.runBeforesThenTestThenAfters(MethodRoadie.java:87)
	at org.junit.internal.runners.MethodRoadie.runTest(MethodRoadie.java:77)
	at org.junit.internal.runners.MethodRoadie.run(MethodRoadie.java:42)
	at org.junit.internal.runners.JUnit4ClassRunner.invokeTestMethod(JUnit4ClassRunner.java:88)
	at org.junit.internal.runners.JUnit4ClassRunner.runMethods(JUnit4ClassRunner.java:51)
	at org.junit.internal.runners.JUnit4ClassRunner$1.run(JUnit4ClassRunner.java:44)
	at org.junit.internal.runners.ClassRoadie.runUnprotected(ClassRoadie.java:27)
	at org.junit.internal.runners.ClassRoadie.runProtected(ClassRoadie.java:37)
	at org.junit.internal.runners.JUnit4ClassRunner.run(JUnit4ClassRunner.java:42)
	at org.apache.maven.surefire.junit4.JUnit4TestSet.execute(JUnit4TestSet.java:62)
	at org.apache.maven.surefire.suite.AbstractDirectoryTestSuite.executeTestSet(AbstractDirectoryTestSuite.java:140)
	at org.apache.maven.surefire.suite.AbstractDirectoryTestSuite.execute(AbstractDirectoryTestSuite.java:127)
	at org.apache.maven.surefire.Surefire.run(Surefire.java:177)
	at sun.reflect.NativeMethodAccessorImpl.invoke0(Native Method)
	at sun.reflect.NativeMethodAccessorImpl.invoke(NativeMethodAccessorImpl.java:39)
	at sun.reflect.DelegatingMethodAccessorImpl.invoke(DelegatingMethodAccessorImpl.java:25)
	at java.lang.reflect.Method.invoke(Method.java:597)
	at org.apache.maven.surefire.booter.SurefireBooter.runSuitesInProcess(SurefireBooter.java:345)
	at org.apache.maven.surefire.booter.SurefireBooter.main(SurefireBooter.java:1009)
</errorStackTrace>
          <errorDetails>expected:&lt;o[n]&gt; but was:&lt;o[ff]&gt;</errorDetails>
          <failedSince>45</failedSince>
        </case>
        <case>
          <duration>1835.935</duration>
          <className>com.naver.kin.testcase.qna.normal.question.QuestionRegistByMinor</className>
          <testName>com.naver.kin.testcase.qna.normal.question.QuestionRegistByMinor</testName>
          <skipped>false</skipped>
          <errorStackTrace>com.thoughtworks.selenium.SeleniumException: ERROR: Command timed out
	at com.thoughtworks.selenium.HttpCommandProcessor.throwAssertionFailureExceptionOrError(HttpCommandProcessor.java:97)
	at com.thoughtworks.selenium.HttpCommandProcessor.doCommand(HttpCommandProcessor.java:91)
	at com.thoughtworks.selenium.DefaultSelenium.close(DefaultSelenium.java:391)
	at com.naver.kin.Utilities.disposeBrowser(Utilities.java:636)
	at com.naver.kin.testcase.qna.normal.question.QuestionRegistByMinor.tearDownClass(QuestionRegistByMinor.java:105)
	at sun.reflect.NativeMethodAccessorImpl.invoke0(Native Method)
	at sun.reflect.NativeMethodAccessorImpl.invoke(NativeMethodAccessorImpl.java:39)
	at sun.reflect.DelegatingMethodAccessorImpl.invoke(DelegatingMethodAccessorImpl.java:25)
	at java.lang.reflect.Method.invoke(Method.java:597)
	at org.junit.internal.runners.ClassRoadie.runAfters(ClassRoadie.java:65)
	at org.junit.internal.runners.ClassRoadie.runProtected(ClassRoadie.java:40)
	at org.junit.internal.runners.JUnit4ClassRunner.run(JUnit4ClassRunner.java:42)
	at org.apache.maven.surefire.junit4.JUnit4TestSet.execute(JUnit4TestSet.java:62)
	at org.apache.maven.surefire.suite.AbstractDirectoryTestSuite.executeTestSet(AbstractDirectoryTestSuite.java:140)
	at org.apache.maven.surefire.suite.AbstractDirectoryTestSuite.execute(AbstractDirectoryTestSuite.java:127)
	at org.apache.maven.surefire.Surefire.run(Surefire.java:177)
	at sun.reflect.NativeMethodAccessorImpl.invoke0(Native Method)
	at sun.reflect.NativeMethodAccessorImpl.invoke(NativeMethodAccessorImpl.java:39)
	at sun.reflect.DelegatingMethodAccessorImpl.invoke(DelegatingMethodAccessorImpl.java:25)
	at java.lang.reflect.Method.invoke(Method.java:597)
	at org.apache.maven.surefire.booter.SurefireBooter.runSuitesInProcess(SurefireBooter.java:345)
	at org.apache.maven.surefire.booter.SurefireBooter.main(SurefireBooter.java:1009)
</errorStackTrace>
          <errorDetails>ERROR: Command timed out</errorDetails>
          <failedSince>45</failedSince>
        </case>
      </cases>
    </suite>
    <suite>
      <file>/home1/irteam/.hudson/jobs/SUS_I_uitest_all/workspace/trunk/target/surefire-reports/TEST-com.naver.kin.testcase.search.NoReplyQuestion.xml</file>
      <name>com.naver.kin.testcase.search.NoReplyQuestion</name>
      <duration>39.652</duration>
      <cases>
        <case>
          <duration>39.652</duration>
          <className>com.naver.kin.testcase.search.NoReplyQuestion</className>
          <testName>KIN_387_관심키워드설정이정상동작한다</testName>
          <skipped>false</skipped>
          <failedSince>0</failedSince>
        </case>
      </cases>
    </suite>
  </suites>
  <duration>6293.6475</duration>
  <keepLongStdio>true</keepLongStdio>
</result>