<?xml version="1.0" encoding="UTF-8" ?>
<testsuite failures="0" time="95.239" errors="1" skipped="0" tests="6" name="jp.ikedam.jenkins.plugins.extensible_choice_parameter.TextareaChoiceListProviderJenkinsTest">
  <properties>
    <property name="java.runtime.name" value="Java(TM) SE Runtime Environment"/>
    <property name="sun.boot.library.path" value="C:\Program Files\Java\jdk1.6.0_43\jre\bin"/>
    <property name="java.vm.version" value="20.14-b01"/>
    <property name="java.vm.vendor" value="Sun Microsystems Inc."/>
    <property name="java.vendor.url" value="http://java.sun.com/"/>
    <property name="path.separator" value=";"/>
    <property name="guice.disable.misplaced.annotation.check" value="true"/>
    <property name="java.vm.name" value="Java HotSpot(TM) 64-Bit Server VM"/>
    <property name="file.encoding.pkg" value="sun.io"/>
    <property name="user.country" value="JP"/>
    <property name="sun.java.launcher" value="SUN_STANDARD"/>
    <property name="sun.os.patch.level" value=""/>
    <property name="java.vm.specification.name" value="Java Virtual Machine Specification"/>
    <property name="user.dir" value="C:\Users\ikedam\Desktop\workspace\extensible-choice-parameter"/>
    <property name="java.runtime.version" value="1.6.0_43-b01"/>
    <property name="java.awt.graphicsenv" value="sun.awt.Win32GraphicsEnvironment"/>
    <property name="java.endorsed.dirs" value="C:\Program Files\Java\jdk1.6.0_43\jre\lib\endorsed"/>
    <property name="os.arch" value="amd64"/>
    <property name="java.io.tmpdir" value="C:\Users\ikedam\AppData\Local\Temp\"/>
    <property name="line.separator" value="
"/>
    <property name="java.vm.specification.vendor" value="Sun Microsystems Inc."/>
    <property name="user.variant" value=""/>
    <property name="os.name" value="Windows 8"/>
    <property name="classworlds.conf" value="C:\Program Files\apache-maven\apache-maven-3.0.5\bin\..\bin\m2.conf"/>
    <property name="sun.jnu.encoding" value="MS932"/>
    <property name="java.library.path" value="C:\Program Files\Java\jdk1.6.0_43\bin;C:\windows\Sun\Java\bin;C:\windows\system32;C:\windows;C:\Program Files (x86)\Intel\iCLS Client\;C:\Program Files\Intel\iCLS Client\;C:\windows\system32;C:\windows;C:\windows\System32\Wbem;C:\windows\System32\WindowsPowerShell\v1.0\;C:\Program Files\Intel\Intel(R) Management Engine Components\DAL;C:\Program Files\Intel\Intel(R) Management Engine Components\IPT;C:\Program Files (x86)\Intel\Intel(R) Management Engine Components\DAL;C:\Program Files (x86)\Intel\Intel(R) Management Engine Components\IPT;C:\Program Files (x86)\Intel\OpenCL SDK\2.0\bin\x86;C:\Program Files (x86)\Intel\OpenCL SDK\2.0\bin\x64;C:\Program Files\TortoiseSVN\bin;C:\Program Files (x86)\Git\cmd;C:\Program Files\TortoiseGit\bin;C:\Program Files\Java\jdk1.6.0_43\bin;C:\Program Files\apache-maven\apache-maven-3.0.5\bin;."/>
    <property name="java.specification.name" value="Java Platform API Specification"/>
    <property name="java.class.version" value="50.0"/>
    <property name="sun.management.compiler" value="HotSpot 64-Bit Tiered Compilers"/>
    <property name="os.version" value="6.2"/>
    <property name="user.home" value="C:\Users\ikedam"/>
    <property name="user.timezone" value="Asia/Tokyo"/>
    <property name="java.awt.printerjob" value="sun.awt.windows.WPrinterJob"/>
    <property name="file.encoding" value="MS932"/>
    <property name="java.specification.version" value="1.6"/>
    <property name="user.name" value="ikedam"/>
    <property name="java.class.path" value="C:\Program Files\apache-maven\apache-maven-3.0.5\bin\..\boot\plexus-classworlds-2.4.jar"/>
    <property name="java.vm.specification.version" value="1.0"/>
    <property name="sun.arch.data.model" value="64"/>
    <property name="java.home" value="C:\Program Files\Java\jdk1.6.0_43\jre"/>
    <property name="sun.java.command" value="org.codehaus.plexus.classworlds.launcher.Launcher test"/>
    <property name="java.specification.vendor" value="Sun Microsystems Inc."/>
    <property name="user.language" value="ja"/>
    <property name="awt.toolkit" value="sun.awt.windows.WToolkit"/>
    <property name="java.vm.info" value="mixed mode"/>
    <property name="java.version" value="1.6.0_43"/>
    <property name="java.ext.dirs" value="C:\Program Files\Java\jdk1.6.0_43\jre\lib\ext;C:\windows\Sun\Java\lib\ext"/>
    <property name="sun.boot.class.path" value="C:\Program Files\Java\jdk1.6.0_43\jre\lib\resources.jar;C:\Program Files\Java\jdk1.6.0_43\jre\lib\rt.jar;C:\Program Files\Java\jdk1.6.0_43\jre\lib\sunrsasign.jar;C:\Program Files\Java\jdk1.6.0_43\jre\lib\jsse.jar;C:\Program Files\Java\jdk1.6.0_43\jre\lib\jce.jar;C:\Program Files\Java\jdk1.6.0_43\jre\lib\charsets.jar;C:\Program Files\Java\jdk1.6.0_43\jre\lib\modules\jdk.boot.jar;C:\Program Files\Java\jdk1.6.0_43\jre\classes"/>
    <property name="java.vendor" value="Sun Microsystems Inc."/>
    <property name="maven.home" value="C:\Program Files\apache-maven\apache-maven-3.0.5\bin\.."/>
    <property name="file.separator" value="\"/>
    <property name="java.vendor.url.bug" value="http://java.sun.com/cgi-bin/bugreport.cgi"/>
    <property name="sun.cpu.endian" value="little"/>
    <property name="sun.io.unicode.encoding" value="UnicodeLittle"/>
    <property name="sun.desktop" value="windows"/>
    <property name="sun.cpu.isalist" value="amd64"/>
  </properties>
  <testcase time="3.859" classname="jp.ikedam.jenkins.plugins.extensible_choice_parameter.TextareaChoiceListProviderJenkinsTest" name="testDoFillDefaultChoiceItems"/>
  <testcase time="2.876" classname="jp.ikedam.jenkins.plugins.extensible_choice_parameter.TextareaChoiceListProviderJenkinsTest" name="testAddEditedValue_Trigger">
    <error message="elementName=[form] attributeName=[name] attributeValue=[parameters]" type="com.gargoylesoftware.htmlunit.ElementNotFoundException">com.gargoylesoftware.htmlunit.ElementNotFoundException: elementName=[form] attributeName=[name] attributeValue=[parameters]
	at com.gargoylesoftware.htmlunit.html.HtmlPage.getFormByName(HtmlPage.java:581)
	at jp.ikedam.jenkins.plugins.extensible_choice_parameter.TextareaChoiceListProviderJenkinsTest._testEditedValueWillBeContained(TextareaChoiceListProviderJenkinsTest.java:215)
	at jp.ikedam.jenkins.plugins.extensible_choice_parameter.TextareaChoiceListProviderJenkinsTest.testAddEditedValue_Trigger(TextareaChoiceListProviderJenkinsTest.java:352)
	at sun.reflect.NativeMethodAccessorImpl.invoke0(Native Method)
	at sun.reflect.NativeMethodAccessorImpl.invoke(NativeMethodAccessorImpl.java:39)
	at sun.reflect.DelegatingMethodAccessorImpl.invoke(DelegatingMethodAccessorImpl.java:25)
	at java.lang.reflect.Method.invoke(Method.java:597)
	at junit.framework.TestCase.runTest(TestCase.java:168)
	at org.jvnet.hudson.test.HudsonTestCase.runTest(HudsonTestCase.java:401)
	at junit.framework.TestCase.runBare(TestCase.java:134)
	at org.jvnet.hudson.test.HudsonTestCase.runBare(HudsonTestCase.java:286)
	at junit.framework.TestResult$1.protect(TestResult.java:110)
	at junit.framework.TestResult.runProtected(TestResult.java:128)
	at junit.framework.TestResult.run(TestResult.java:113)
	at junit.framework.TestCase.run(TestCase.java:124)
	at junit.framework.TestSuite.runTest(TestSuite.java:243)
	at junit.framework.TestSuite.run(TestSuite.java:238)
	at org.junit.internal.runners.JUnit38ClassRunner.run(JUnit38ClassRunner.java:83)
	at org.apache.maven.surefire.junit4.JUnit4TestSet.execute(JUnit4TestSet.java:53)
	at org.apache.maven.surefire.junit4.JUnit4Provider.executeTestSet(JUnit4Provider.java:123)
	at org.apache.maven.surefire.junit4.JUnit4Provider.invoke(JUnit4Provider.java:104)
	at sun.reflect.NativeMethodAccessorImpl.invoke0(Native Method)
	at sun.reflect.NativeMethodAccessorImpl.invoke(NativeMethodAccessorImpl.java:39)
	at sun.reflect.DelegatingMethodAccessorImpl.invoke(DelegatingMethodAccessorImpl.java:25)
	at java.lang.reflect.Method.invoke(Method.java:597)
	at org.apache.maven.surefire.util.ReflectionUtils.invokeMethodWithArray(ReflectionUtils.java:164)
	at org.apache.maven.surefire.booter.ProviderFactory$ProviderProxy.invoke(ProviderFactory.java:110)
	at org.apache.maven.surefire.booter.SurefireStarter.invokeProvider(SurefireStarter.java:172)
	at org.apache.maven.surefire.booter.SurefireStarter.runSuitesInProcessWhenForked(SurefireStarter.java:104)
	at org.apache.maven.surefire.booter.ForkedBooter.main(ForkedBooter.java:70)
</error>
    <system-out>=== Starting TextareaChoiceListProviderJenkinsTest.testAddEditedValue_Trigger
</system-out>
    <system-err>Apr 29, 2013 10:35:48 PM org.mortbay.log.Slf4jLog info
INFO: jetty-6.1.26
Apr 29, 2013 10:35:48 PM org.mortbay.log.Slf4jLog info
INFO: NO JSP Support for , did not find org.apache.jasper.servlet.JspServlet
Apr 29, 2013 10:35:48 PM org.mortbay.log.Slf4jLog info
INFO: Copy C:\Users\ikedam\Desktop\workspace\extensible-choice-parameter\target\jenkins-for-test to work\Jetty_0_0_0_0_0_jenkins.for.test___.bj8wp3\webapp
Apr 29, 2013 10:35:49 PM org.mortbay.log.Slf4jLog warn
WARNING: Failed startup of context org.mortbay.jetty.webapp.WebAppContext@395884bf{,C:\Users\ikedam\Desktop\workspace\extensible-choice-parameter\.\target\jenkins-for-test}
java.io.FileNotFoundException: work\Jetty_0_0_0_0_0_jenkins.for.test___.bj8wp3\webapp\images\16x16\warning.gif (要求された操作はユーザー マップ セクションで開いたファイルでは実行できません。)
	at java.io.FileOutputStream.open(Native Method)
	at java.io.FileOutputStream.&lt;init&gt;(FileOutputStream.java:194)
	at java.io.FileOutputStream.&lt;init&gt;(FileOutputStream.java:145)
	at org.mortbay.util.IO.copyFile(IO.java:303)
	at org.mortbay.util.IO.copy(IO.java:272)
	at org.mortbay.util.IO.copyDir(IO.java:294)
	at org.mortbay.util.IO.copy(IO.java:270)
	at org.mortbay.util.IO.copyDir(IO.java:294)
	at org.mortbay.util.IO.copy(IO.java:270)
	at org.mortbay.util.IO.copyDir(IO.java:294)
	at org.mortbay.jetty.webapp.WebAppContext.resolveWebApp(WebAppContext.java:965)
	at org.mortbay.jetty.webapp.WebAppContext.getWebInf(WebAppContext.java:832)
	at org.mortbay.jetty.webapp.WebAppContext.startContext(WebAppContext.java:1265)
	at org.mortbay.jetty.handler.ContextHandler.doStart(ContextHandler.java:518)
	at org.mortbay.jetty.webapp.WebAppContext.doStart(WebAppContext.java:499)
	at org.mortbay.component.AbstractLifeCycle.start(AbstractLifeCycle.java:50)
	at org.mortbay.jetty.handler.HandlerWrapper.doStart(HandlerWrapper.java:130)
	at org.mortbay.jetty.Server.doStart(Server.java:224)
	at org.mortbay.component.AbstractLifeCycle.start(AbstractLifeCycle.java:50)
	at org.jvnet.hudson.test.HudsonTestCase.createWebServer(HudsonTestCase.java:489)
	at org.jvnet.hudson.test.HudsonTestCase.newHudson(HudsonTestCase.java:442)
	at org.jvnet.hudson.test.HudsonTestCase.setUp(HudsonTestCase.java:301)
	at junit.framework.TestCase.runBare(TestCase.java:132)
	at org.jvnet.hudson.test.HudsonTestCase.runBare(HudsonTestCase.java:286)
	at junit.framework.TestResult$1.protect(TestResult.java:110)
	at junit.framework.TestResult.runProtected(TestResult.java:128)
	at junit.framework.TestResult.run(TestResult.java:113)
	at junit.framework.TestCase.run(TestCase.java:124)
	at junit.framework.TestSuite.runTest(TestSuite.java:243)
	at junit.framework.TestSuite.run(TestSuite.java:238)
	at org.junit.internal.runners.JUnit38ClassRunner.run(JUnit38ClassRunner.java:83)
	at org.apache.maven.surefire.junit4.JUnit4TestSet.execute(JUnit4TestSet.java:53)
	at org.apache.maven.surefire.junit4.JUnit4Provider.executeTestSet(JUnit4Provider.java:123)
	at org.apache.maven.surefire.junit4.JUnit4Provider.invoke(JUnit4Provider.java:104)
	at sun.reflect.NativeMethodAccessorImpl.invoke0(Native Method)
	at sun.reflect.NativeMethodAccessorImpl.invoke(NativeMethodAccessorImpl.java:39)
	at sun.reflect.DelegatingMethodAccessorImpl.invoke(DelegatingMethodAccessorImpl.java:25)
	at java.lang.reflect.Method.invoke(Method.java:597)
	at org.apache.maven.surefire.util.ReflectionUtils.invokeMethodWithArray(ReflectionUtils.java:164)
	at org.apache.maven.surefire.booter.ProviderFactory$ProviderProxy.invoke(ProviderFactory.java:110)
	at org.apache.maven.surefire.booter.SurefireStarter.invokeProvider(SurefireStarter.java:172)
	at org.apache.maven.surefire.booter.SurefireStarter.runSuitesInProcessWhenForked(SurefireStarter.java:104)
	at org.apache.maven.surefire.booter.ForkedBooter.main(ForkedBooter.java:70)
Apr 29, 2013 10:35:49 PM org.mortbay.log.Slf4jLog info
INFO: Started SocketConnector@0.0.0.0:58598
Apr 29, 2013 10:35:49 PM jenkins.InitReactorRunner$1 onAttained
INFO: Started initialization
Apr 29, 2013 10:35:49 PM jenkins.InitReactorRunner$1 onAttained
INFO: Listed all plugins
Apr 29, 2013 10:35:49 PM jenkins.InitReactorRunner$1 onAttained
INFO: Prepared all plugins
Apr 29, 2013 10:35:49 PM jenkins.InitReactorRunner$1 onAttained
INFO: Started all plugins
Apr 29, 2013 10:35:49 PM jenkins.InitReactorRunner$1 onAttained
INFO: Augmented all extensions
Apr 29, 2013 10:35:49 PM jenkins.InitReactorRunner$1 onAttained
INFO: Loaded all jobs
Apr 29, 2013 10:35:51 PM jenkins.InitReactorRunner$1 onAttained
INFO: Completed initialization
Apr 29, 2013 10:35:51 PM hudson.TcpSlaveAgentListener &lt;init&gt;
INFO: JNLP slave agent listener started on TCP port 58599
&quot;1730863804@qtp-1160671796-0 - Acceptor0 SocketConnector@0.0.0.0:58491&quot; Id=27 Group=main RUNNABLE (in native)
	at java.net.PlainSocketImpl.socketAccept(Native Method)
	at java.net.PlainSocketImpl.accept(PlainSocketImpl.java:408)
	-  locked java.net.SocksSocketImpl@2b54a721
	at java.net.ServerSocket.implAccept(ServerSocket.java:462)
	at java.net.ServerSocket.accept(ServerSocket.java:430)
	at org.mortbay.jetty.bio.SocketConnector.accept(SocketConnector.java:99)
	at org.mortbay.jetty.AbstractConnector$Acceptor.run(AbstractConnector.java:708)
	at org.mortbay.thread.QueuedThreadPool$PoolThread.run(QueuedThreadPool.java:582)


&quot;762843784@qtp-1160671796-1&quot; Id=28 Group=main TIMED_WAITING on org.mortbay.thread.QueuedThreadPool$PoolThread@2d781288
	at java.lang.Object.wait(Native Method)
	-  waiting on org.mortbay.thread.QueuedThreadPool$PoolThread@2d781288
	at org.mortbay.thread.QueuedThreadPool$PoolThread.run(QueuedThreadPool.java:626)


&quot;Executing testAddEditedValue_Trigger&quot; Id=1 Group=main RUNNABLE
	at sun.management.ThreadImpl.dumpThreads0(Native Method)
	at sun.management.ThreadImpl.dumpAllThreads(ThreadImpl.java:433)
	at hudson.Functions.getThreadInfos(Functions.java:872)
	at org.jvnet.hudson.test.HudsonTestCase.runTest(HudsonTestCase.java:410)
	at junit.framework.TestCase.runBare(TestCase.java:134)
	at org.jvnet.hudson.test.HudsonTestCase.runBare(HudsonTestCase.java:286)
	at junit.framework.TestResult$1.protect(TestResult.java:110)
	at junit.framework.TestResult.runProtected(TestResult.java:128)
	at junit.framework.TestResult.run(TestResult.java:113)
	at junit.framework.TestCase.run(TestCase.java:124)
	at junit.framework.TestSuite.runTest(TestSuite.java:243)
	at junit.framework.TestSuite.run(TestSuite.java:238)
	at org.junit.internal.runners.JUnit38ClassRunner.run(JUnit38ClassRunner.java:83)
	at org.apache.maven.surefire.junit4.JUnit4TestSet.execute(JUnit4TestSet.java:53)
	at org.apache.maven.surefire.junit4.JUnit4Provider.executeTestSet(JUnit4Provider.java:123)
	at org.apache.maven.surefire.junit4.JUnit4Provider.invoke(JUnit4Provider.java:104)
	at sun.reflect.NativeMethodAccessorImpl.invoke0(Native Method)
	at sun.reflect.NativeMethodAccessorImpl.invoke(NativeMethodAccessorImpl.java:39)
	at sun.reflect.DelegatingMethodAccessorImpl.invoke(DelegatingMethodAccessorImpl.java:25)
	at java.lang.reflect.Method.invoke(Method.java:597)
	at org.apache.maven.surefire.util.ReflectionUtils.invokeMethodWithArray(ReflectionUtils.java:164)
	at org.apache.maven.surefire.booter.ProviderFactory$ProviderProxy.invoke(ProviderFactory.java:110)
	at org.apache.maven.surefire.booter.SurefireStarter.invokeProvider(SurefireStarter.java:172)
	at org.apache.maven.surefire.booter.SurefireStarter.runSuitesInProcessWhenForked(SurefireStarter.java:104)
	at org.apache.maven.surefire.booter.ForkedBooter.main(ForkedBooter.java:70)


&quot;Executor #0 for master&quot; Id=704 Group=main WAITING on hudson.model.Queue@58da379f
	at java.lang.Object.wait(Native Method)
	-  waiting on hudson.model.Queue@58da379f
	at java.lang.Object.wait(Object.java:485)
	at hudson.util.OneShotEvent.block(OneShotEvent.java:72)
	at hudson.model.Queue.pop(Queue.java:797)
	at hudson.model.Executor.grabJob(Executor.java:287)
	at hudson.model.Executor.run(Executor.java:208)


&quot;Executor #1 for master&quot; Id=705 Group=main WAITING on hudson.model.Queue@58da379f
	at java.lang.Object.wait(Native Method)
	-  waiting on hudson.model.Queue@58da379f
	at java.lang.Object.wait(Object.java:485)
	at hudson.util.OneShotEvent.block(OneShotEvent.java:72)
	at hudson.model.Queue.pop(Queue.java:797)
	at hudson.model.Executor.grabJob(Executor.java:287)
	at hudson.model.Executor.run(Executor.java:208)


&quot;Jenkins cron thread&quot; Id=693 Group=main TIMED_WAITING on java.util.TaskQueue@307587c
	at java.lang.Object.wait(Native Method)
	-  waiting on java.util.TaskQueue@307587c
	at java.util.TimerThread.mainLoop(Timer.java:509)
	at java.util.TimerThread.run(Timer.java:462)


&quot;Jenkins UDP 33849 monitoring thread&quot; Id=703 Group=main RUNNABLE (in native)
	at java.net.PlainDatagramSocketImpl.receive0(Native Method)
	-  locked java.net.PlainDatagramSocketImpl@5e79d54b
	at java.net.PlainDatagramSocketImpl.receive(PlainDatagramSocketImpl.java:145)
	-  locked java.net.PlainDatagramSocketImpl@5e79d54b
	at java.net.DatagramSocket.receive(DatagramSocket.java:725)
	-  locked java.net.DatagramPacket@14242376
	-  locked java.net.MulticastSocket@5094224e
	at hudson.UDPBroadcastThread.run(UDPBroadcastThread.java:79)


&quot;Jetty Thread Pool&quot; Id=706 Group=main RUNNABLE (in native)
	at java.net.SocketInputStream.socketRead0(Native Method)
	at java.net.SocketInputStream.read(SocketInputStream.java:129)
	at org.mortbay.io.ByteArrayBuffer.readFrom(ByteArrayBuffer.java:382)
	at org.mortbay.io.bio.StreamEndPoint.fill(StreamEndPoint.java:114)
	at org.mortbay.jetty.bio.SocketConnector$Connection.fill(SocketConnector.java:198)
	at org.mortbay.jetty.HttpParser.parseNext(HttpParser.java:290)
	at org.mortbay.jetty.HttpParser.parseAvailable(HttpParser.java:212)
	at org.mortbay.jetty.HttpConnection.handle(HttpConnection.java:404)
	at org.mortbay.jetty.bio.SocketConnector$Connection.run(SocketConnector.java:228)
	at java.util.concurrent.Executors$RunnableAdapter.call(Executors.java:439)
	at java.util.concurrent.FutureTask$Sync.innerRun(FutureTask.java:303)
	at java.util.concurrent.FutureTask.run(FutureTask.java:138)
	at java.util.concurrent.ThreadPoolExecutor$Worker.runTask(ThreadPoolExecutor.java:895)
	at java.util.concurrent.ThreadPoolExecutor$Worker.run(ThreadPoolExecutor.java:918)
	at java.lang.Thread.run(Thread.java:662)

	Number of locked synchronizers = 1
	- java.util.concurrent.locks.ReentrantLock$NonfairSync@21db9bee


&quot;Jetty Thread Pool - Acceptor0 SocketConnector@0.0.0.0:58598&quot; Id=692 Group=main RUNNABLE (in native)
	at java.net.PlainSocketImpl.socketAccept(Native Method)
	at java.net.PlainSocketImpl.accept(PlainSocketImpl.java:408)
	-  locked java.net.SocksSocketImpl@57423671
	at java.net.ServerSocket.implAccept(ServerSocket.java:462)
	at java.net.ServerSocket.accept(ServerSocket.java:430)
	at org.mortbay.jetty.bio.SocketConnector.accept(SocketConnector.java:99)
	at org.mortbay.jetty.AbstractConnector$Acceptor.run(AbstractConnector.java:708)
	at java.util.concurrent.Executors$RunnableAdapter.call(Executors.java:439)
	at java.util.concurrent.FutureTask$Sync.innerRun(FutureTask.java:303)
	at java.util.concurrent.FutureTask.run(FutureTask.java:138)
	at java.util.concurrent.ThreadPoolExecutor$Worker.runTask(ThreadPoolExecutor.java:895)
	at java.util.concurrent.ThreadPoolExecutor$Worker.run(ThreadPoolExecutor.java:918)
	at java.lang.Thread.run(Thread.java:662)

	Number of locked synchronizers = 1
	- java.util.concurrent.locks.ReentrantLock$NonfairSync@3c046178


&quot;MultiThreadedHttpConnectionManager cleanup&quot; Id=30 Group=main WAITING on java.lang.ref.ReferenceQueue$Lock@439b2c10
	at java.lang.Object.wait(Native Method)
	-  waiting on java.lang.ref.ReferenceQueue$Lock@439b2c10
	at java.lang.ref.ReferenceQueue.remove(ReferenceQueue.java:118)
	at java.lang.ref.ReferenceQueue.remove(ReferenceQueue.java:134)
	at org.apache.commons.httpclient.MultiThreadedHttpConnectionManager$ReferenceQueueThread.run(MultiThreadedHttpConnectionManager.java:1122)


&quot;TCP slave agent listener port=0&quot; Id=702 Group=main RUNNABLE (in native)
	at java.net.PlainSocketImpl.socketAccept(Native Method)
	at java.net.PlainSocketImpl.accept(PlainSocketImpl.java:408)
	-  locked java.net.SocksSocketImpl@2d585836
	at java.net.ServerSocket.implAccept(ServerSocket.java:462)
	at java.net.ServerSocket.accept(ServerSocket.java:430)
	at hudson.TcpSlaveAgentListener.run(TcpSlaveAgentListener.java:127)


&quot;Timer-1&quot; Id=29 Group=main TIMED_WAITING on java.util.TaskQueue@69f11d
	at java.lang.Object.wait(Native Method)
	-  waiting on java.util.TaskQueue@69f11d
	at java.util.TimerThread.mainLoop(Timer.java:509)
	at java.util.TimerThread.run(Timer.java:462)


&quot;Attach Listener&quot; Id=5 Group=system RUNNABLE


&quot;Finalizer&quot; Id=3 Group=system WAITING on java.lang.ref.ReferenceQueue$Lock@42a87dc0
	at java.lang.Object.wait(Native Method)
	-  waiting on java.lang.ref.ReferenceQueue$Lock@42a87dc0
	at java.lang.ref.ReferenceQueue.remove(ReferenceQueue.java:118)
	at java.lang.ref.ReferenceQueue.remove(ReferenceQueue.java:134)
	at java.lang.ref.Finalizer$FinalizerThread.run(Finalizer.java:159)


&quot;Reference Handler&quot; Id=2 Group=system WAITING on java.lang.ref.Reference$Lock@43d7ea70
	at java.lang.Object.wait(Native Method)
	-  waiting on java.lang.ref.Reference$Lock@43d7ea70
	at java.lang.Object.wait(Object.java:485)
	at java.lang.ref.Reference$ReferenceHandler.run(Reference.java:116)


&quot;Signal Dispatcher&quot; Id=4 Group=system RUNNABLE


Apr 29, 2013 10:35:51 PM org.mortbay.log.Slf4jLog info
INFO: Stopped SocketConnector@0.0.0.0:58598
Apr 29, 2013 10:35:51 PM hudson.PluginWrapper stop
INFO: Stopping ant
Apr 29, 2013 10:35:51 PM hudson.PluginWrapper stop
INFO: Stopping javadoc
Apr 29, 2013 10:35:51 PM hudson.PluginWrapper stop
INFO: Stopping cvs
Apr 29, 2013 10:35:51 PM hudson.PluginWrapper stop
INFO: Stopping maven-plugin
Apr 29, 2013 10:35:51 PM hudson.PluginWrapper stop
INFO: Stopping ssh-slaves
Apr 29, 2013 10:35:51 PM hudson.PluginWrapper stop
INFO: Stopping subversion
Apr 29, 2013 10:35:51 PM hudson.PluginWrapper stop
INFO: Stopping translation
Apr 29, 2013 10:35:51 PM hudson.PluginWrapper stop
INFO: Stopping ui-samples-plugin
Apr 29, 2013 10:35:51 PM hudson.PluginWrapper stop
INFO: Stopping extensible-choice-parameter
</system-err>
  </testcase>
  <testcase time="22.298" classname="jp.ikedam.jenkins.plugins.extensible_choice_parameter.TextareaChoiceListProviderJenkinsTest" name="testAddEditedValue_Completed"/>
  <testcase time="21.516" classname="jp.ikedam.jenkins.plugins.extensible_choice_parameter.TextareaChoiceListProviderJenkinsTest" name="testAddEditedValue_CompletedStable"/>
  <testcase time="21.142" classname="jp.ikedam.jenkins.plugins.extensible_choice_parameter.TextareaChoiceListProviderJenkinsTest" name="testAddEditedValue_CompletedUnstable"/>
  <testcase time="23.548" classname="jp.ikedam.jenkins.plugins.extensible_choice_parameter.TextareaChoiceListProviderJenkinsTest" name="testAddEditedValue_Disabled"/>
</testsuite>