# JRE version: OpenJDK Runtime Environment (8.0_212-b03) (build 1.8.0_212-8u212-b03-0ubuntu1.16.04.1-b03)
# Java VM: OpenJDK 64-Bit Server VM (25.212-b03 mixed mode linux-amd64 compressed oops)
Heap:
 PSYoungGen      total 2423808K, used 2000195K [0x0000000715580000, 0x00000007b8000000, 0x00000007c0000000)
  eden space 2382336K, 82% used [0x0000000715580000,0x000000078ce68c58,0x00000007a6c00000)
  from space 41472K, 99% used [0x00000007ae780000,0x00000007b0fe82d8,0x00000007b1000000)
  to   space 111104K, 0% used [0x00000007b1380000,0x00000007b1380000,0x00000007b8000000)
 ParOldGen       total 2456576K, used 343315K [0x00000005c0000000, 0x0000000655f00000, 0x0000000715580000)
  object space 2456576K, 13% used [0x00000005c0000000,0x00000005d4f44c10,0x0000000655f00000)
 Metaspace       used 137094K, capacity 155032K, committed 155136K, reserved 1183744K
  class space    used 16066K, capacity 19885K, committed 19968K, reserved 1048576K
GC Heap History (10 events):
Event: 671.480 GC heap before
{Heap before GC invocations=39 (full 4):
 PSYoungGen      total 2683904K, used 2641424K [0x0000000715580000, 0x00000007bfc00000, 0x00000007c0000000)
  eden space 2574848K, 99% used [0x0000000715580000,0x00000007b27fb3f8,0x00000007b2800000)
  from space 109056K, 61% used [0x00000007b9180000,0x00000007bd288c70,0x00000007bfc00000)
  to   space 108032K, 0% used [0x00000007b2800000,0x00000007b2800000,0x00000007b9180000)
 ParOldGen       total 2456576K, used 281990K [0x00000005c0000000, 0x0000000655f00000, 0x0000000715580000)
  object space 2456576K, 11% used [0x00000005c0000000,0x00000005d1361920,0x0000000655f00000)
 Metaspace       used 128467K, capacity 145142K, committed 145280K, reserved 1175552K
  class space    used 15041K, capacity 18779K, committed 18816K, reserved 1048576K
Event: 671.508 GC heap after
Heap after GC invocations=39 (full 4):
 PSYoungGen      total 2682880K, used 67603K [0x0000000715580000, 0x00000007bfd00000, 0x00000007c0000000)
  eden space 2574848K, 0% used [0x0000000715580000,0x0000000715580000,0x00000007b2800000)
  from space 108032K, 62% used [0x00000007b2800000,0x00000007b6a04eb0,0x00000007b9180000)
  to   space 107008K, 0% used [0x00000007b9480000,0x00000007b9480000,0x00000007bfd00000)
 ParOldGen       total 2456576K, used 281998K [0x00000005c0000000, 0x0000000655f00000, 0x0000000715580000)
  object space 2456576K, 11% used [0x00000005c0000000,0x00000005d1363920,0x0000000655f00000)
 Metaspace       used 128467K, capacity 145142K, committed 145280K, reserved 1175552K
  class space    used 15041K, capacity 18779K, committed 18816K, reserved 1048576K
}
Event: 804.227 GC heap before
{Heap before GC invocations=40 (full 4):
 PSYoungGen      total 2682880K, used 2642451K [0x0000000715580000, 0x00000007bfd00000, 0x00000007c0000000)
  eden space 2574848K, 100% used [0x0000000715580000,0x00000007b2800000,0x00000007b2800000)
  from space 108032K, 62% used [0x00000007b2800000,0x00000007b6a04eb0,0x00000007b9180000)
  to   space 107008K, 0% used [0x00000007b9480000,0x00000007b9480000,0x00000007bfd00000)
 ParOldGen       total 2456576K, used 281998K [0x00000005c0000000, 0x0000000655f00000, 0x0000000715580000)
  object space 2456576K, 11% used [0x00000005c0000000,0x00000005d1363920,0x0000000655f00000)
 Metaspace       used 132691K, capacity 149690K, committed 149888K, reserved 1179648K
  class space    used 15505K, capacity 19273K, committed 19328K, reserved 1048576K
Event: 804.279 GC heap after
Heap after GC invocations=40 (full 4):
 PSYoungGen      total 2682880K, used 79383K [0x0000000715580000, 0x00000007c0000000, 0x00000007c0000000)
  eden space 2575872K, 0% used [0x0000000715580000,0x0000000715580000,0x00000007b2900000)
  from space 107008K, 74% used [0x00000007b9480000,0x00000007be205d30,0x00000007bfd00000)
  to   space 110080K, 0% used [0x00000007b2900000,0x00000007b2900000,0x00000007b9480000)
 ParOldGen       total 2456576K, used 282070K [0x00000005c0000000, 0x0000000655f00000, 0x0000000715580000)
  object space 2456576K, 11% used [0x00000005c0000000,0x00000005d1375930,0x0000000655f00000)
 Metaspace       used 132691K, capacity 149690K, committed 149888K, reserved 1179648K
  class space    used 15505K, capacity 19273K, committed 19328K, reserved 1048576K
}
Event: 866.707 GC heap before
{Heap before GC invocations=41 (full 4):
 PSYoungGen      total 2682880K, used 2655255K [0x0000000715580000, 0x00000007c0000000, 0x00000007c0000000)
  eden space 2575872K, 100% used [0x0000000715580000,0x00000007b2900000,0x00000007b2900000)
  from space 107008K, 74% used [0x00000007b9480000,0x00000007be205d30,0x00000007bfd00000)
  to   space 110080K, 0% used [0x00000007b2900000,0x00000007b2900000,0x00000007b9480000)
 ParOldGen       total 2456576K, used 282070K [0x00000005c0000000, 0x0000000655f00000, 0x0000000715580000)
  object space 2456576K, 11% used [0x00000005c0000000,0x00000005d1375930,0x0000000655f00000)
 Metaspace       used 133485K, capacity 150688K, committed 150784K, reserved 1181696K
  class space    used 15570K, capacity 19363K, committed 19456K, reserved 1048576K
Event: 866.761 GC heap after
Heap after GC invocations=41 (full 4):
 PSYoungGen      total 2597376K, used 88401K [0x0000000715580000, 0x00000007bc980000, 0x00000007c0000000)
  eden space 2508800K, 0% used [0x0000000715580000,0x0000000715580000,0x00000007ae780000)
  from space 88576K, 99% used [0x00000007b2900000,0x00000007b7f544c0,0x00000007b7f80000)
  to   space 75776K, 0% used [0x00000007b7f80000,0x00000007b7f80000,0x00000007bc980000)
 ParOldGen       total 2456576K, used 282078K [0x00000005c0000000, 0x0000000655f00000, 0x0000000715580000)
  object space 2456576K, 11% used [0x00000005c0000000,0x00000005d1377930,0x0000000655f00000)
 Metaspace       used 133485K, capacity 150688K, committed 150784K, reserved 1181696K
  class space    used 15570K, capacity 19363K, committed 19456K, reserved 1048576K
}
Event: 964.222 GC heap before
{Heap before GC invocations=42 (full 4):
 PSYoungGen      total 2597376K, used 2597201K [0x0000000715580000, 0x00000007bc980000, 0x00000007c0000000)
  eden space 2508800K, 100% used [0x0000000715580000,0x00000007ae780000,0x00000007ae780000)
  from space 88576K, 99% used [0x00000007b2900000,0x00000007b7f544c0,0x00000007b7f80000)
  to   space 75776K, 0% used [0x00000007b7f80000,0x00000007b7f80000,0x00000007bc980000)
 ParOldGen       total 2456576K, used 282078K [0x00000005c0000000, 0x0000000655f00000, 0x0000000715580000)
  object space 2456576K, 11% used [0x00000005c0000000,0x00000005d1377930,0x0000000655f00000)
 Metaspace       used 135591K, capacity 153160K, committed 153344K, reserved 1183744K
  class space    used 15858K, capacity 19630K, committed 19712K, reserved 1048576K
Event: 964.318 GC heap after
Heap after GC invocations=42 (full 4):
 PSYoungGen      total 2512896K, used 68193K [0x0000000715580000, 0x00000007bc280000, 0x00000007c0000000)
  eden space 2444288K, 0% used [0x0000000715580000,0x0000000715580000,0x00000007aa880000)
  from space 68608K, 99% used [0x00000007b7f80000,0x00000007bc218510,0x00000007bc280000)
  to   space 112128K, 0% used [0x00000007ae780000,0x00000007ae780000,0x00000007b5500000)
 ParOldGen       total 2456576K, used 313044K [0x00000005c0000000, 0x0000000655f00000, 0x0000000715580000)
  object space 2456576K, 12% used [0x00000005c0000000,0x00000005d31b53a8,0x0000000655f00000)
 Metaspace       used 135591K, capacity 153160K, committed 153344K, reserved 1183744K
  class space    used 15858K, capacity 19630K, committed 19712K, reserved 1048576K
}
Event: 1098.564 GC heap before
{Heap before GC invocations=43 (full 4):
 PSYoungGen      total 2512896K, used 2512481K [0x0000000715580000, 0x00000007bc280000, 0x00000007c0000000)
  eden space 2444288K, 100% used [0x0000000715580000,0x00000007aa880000,0x00000007aa880000)
  from space 68608K, 99% used [0x00000007b7f80000,0x00000007bc218510,0x00000007bc280000)
  to   space 112128K, 0% used [0x00000007ae780000,0x00000007ae780000,0x00000007b5500000)
 ParOldGen       total 2456576K, used 313044K [0x00000005c0000000, 0x0000000655f00000, 0x0000000715580000)
  object space 2456576K, 12% used [0x00000005c0000000,0x00000005d31b53a8,0x0000000655f00000)
 Metaspace       used 136458K, capacity 154210K, committed 154496K, reserved 1183744K
  class space    used 15976K, capacity 19780K, committed 19840K, reserved 1048576K
Event: 1098.668 GC heap after
Heap after GC invocations=43 (full 4):
 PSYoungGen      total 2423808K, used 41376K [0x0000000715580000, 0x00000007b8000000, 0x00000007c0000000)
  eden space 2382336K, 0% used [0x0000000715580000,0x0000000715580000,0x00000007a6c00000)
  from space 41472K, 99% used [0x00000007ae780000,0x00000007b0fe82d8,0x00000007b1000000)
  to   space 111104K, 0% used [0x00000007b1380000,0x00000007b1380000,0x00000007b8000000)
 ParOldGen       total 2456576K, used 343315K [0x00000005c0000000, 0x0000000655f00000, 0x0000000715580000)
  object space 2456576K, 13% used [0x00000005c0000000,0x00000005d4f44c10,0x0000000655f00000)
 Metaspace       used 136458K, capacity 154210K, committed 154496K, reserved 1183744K
  class space    used 15976K, capacity 19780K, committed 19840K, reserved 1048576K
}

