Started by an SCM change
Building remotely on lab76 (maven android java) in workspace /home/jenkins/workspace/clarc-master-oncommit
Unpacking http://mirror.lwnetwork.org.uk/APACHE/maven/maven-3/3.2.3/binaries/apache-maven-3.2.3-bin.tar.gz to /home/jenkins/tools/hudson.tasks.Maven_MavenInstallation/Maven_3.2.3 on lab76
ERROR: Failed to download http://mirror.lwnetwork.org.uk/APACHE/maven/maven-3/3.2.3/binaries/apache-maven-3.2.3-bin.tar.gz from slave; will retry from master
java.io.IOException: remote file operation failed: /home/jenkins/tools/hudson.tasks.Maven_MavenInstallation/Maven_3.2.3 at hudson.remoting.Channel@3d8a33c:lab76
	at hudson.FilePath.act(FilePath.java:914)
	at hudson.FilePath.act(FilePath.java:896)
	at hudson.FilePath.installIfNecessaryFrom(FilePath.java:750)
	at hudson.tools.ZipExtractionInstaller.performInstallation(ZipExtractionInstaller.java:79)
	at hudson.tools.InstallerTranslator.getToolHome(InstallerTranslator.java:68)
	at hudson.tools.ToolLocationNodeProperty.getToolHome(ToolLocationNodeProperty.java:107)
	at hudson.tools.ToolInstallation.translateFor(ToolInstallation.java:205)
	at hudson.tasks.Maven$MavenInstallation.forNode(Maven.java:609)
	at hudson.maven.MavenModuleSetBuild.getEnvironment(MavenModuleSetBuild.java:182)
	at hudson.plugins.git.GitSCM.checkout(GitSCM.java:899)
	at hudson.model.AbstractProject.checkout(AbstractProject.java:1253)
	at hudson.model.AbstractBuild$AbstractBuildExecution.defaultCheckout(AbstractBuild.java:622)
	at jenkins.scm.SCMCheckoutStrategy.checkout(SCMCheckoutStrategy.java:86)
	at hudson.model.AbstractBuild$AbstractBuildExecution.run(AbstractBuild.java:528)
	at hudson.model.Run.execute(Run.java:1745)
	at hudson.maven.MavenModuleSetBuild.run(MavenModuleSetBuild.java:529)
	at hudson.model.ResourceController.execute(ResourceController.java:89)
	at hudson.model.Executor.run(Executor.java:240)
Caused by: java.io.FileNotFoundException: http://mirror.lwnetwork.org.uk/APACHE/maven/maven-3/3.2.3/binaries/apache-maven-3.2.3-bin.tar.gz
	at sun.net.www.protocol.http.HttpURLConnection.getInputStream(HttpURLConnection.java:1624)
	at java.net.URL.openStream(URL.java:1037)
	at hudson.FilePath$Unpack.invoke(FilePath.java:785)
	at hudson.FilePath$Unpack.invoke(FilePath.java:779)
	at hudson.FilePath$FileCallableWrapper.call(FilePath.java:2484)
	at hudson.remoting.UserRequest.perform(UserRequest.java:118)
	at hudson.remoting.UserRequest.perform(UserRequest.java:48)
	at hudson.remoting.Request$2.run(Request.java:328)
	at hudson.remoting.InterceptingExecutorService$1.call(InterceptingExecutorService.java:72)
	at java.util.concurrent.FutureTask.run(FutureTask.java:262)
	at java.util.concurrent.ThreadPoolExecutor.runWorker(ThreadPoolExecutor.java:1145)
	at java.util.concurrent.ThreadPoolExecutor$Worker.run(ThreadPoolExecutor.java:615)
	at java.lang.Thread.run(Thread.java:745)
java.io.IOException: Failed to install http://mirror.lwnetwork.org.uk/APACHE/maven/maven-3/3.2.3/binaries/apache-maven-3.2.3-bin.tar.gz to /home/jenkins/tools/hudson.tasks.Maven_MavenInstallation/Maven_3.2.3
	at hudson.FilePath.installIfNecessaryFrom(FilePath.java:775)
	at hudson.tools.ZipExtractionInstaller.performInstallation(ZipExtractionInstaller.java:79)
	at hudson.tools.InstallerTranslator.getToolHome(InstallerTranslator.java:68)
	at hudson.tools.ToolLocationNodeProperty.getToolHome(ToolLocationNodeProperty.java:107)
	at hudson.tools.ToolInstallation.translateFor(ToolInstallation.java:205)
	at hudson.tasks.Maven$MavenInstallation.forNode(Maven.java:609)
	at hudson.maven.MavenModuleSetBuild.getEnvironment(MavenModuleSetBuild.java:182)
	at hudson.plugins.git.GitSCM.checkout(GitSCM.java:899)
	at hudson.model.AbstractProject.checkout(AbstractProject.java:1253)
	at hudson.model.AbstractBuild$AbstractBuildExecution.defaultCheckout(AbstractBuild.java:622)
	at jenkins.scm.SCMCheckoutStrategy.checkout(SCMCheckoutStrategy.java:86)
	at hudson.model.AbstractBuild$AbstractBuildExecution.run(AbstractBuild.java:528)
	at hudson.model.Run.execute(Run.java:1745)
	at hudson.maven.MavenModuleSetBuild.run(MavenModuleSetBuild.java:529)
	at hudson.model.ResourceController.execute(ResourceController.java:89)
	at hudson.model.Executor.run(Executor.java:240)
Caused by: java.io.FileNotFoundException: http://mirror.lwnetwork.org.uk/APACHE/maven/maven-3/3.2.3/binaries/apache-maven-3.2.3-bin.tar.gz
	at sun.reflect.GeneratedConstructorAccessor539.newInstance(Unknown Source)
	at sun.reflect.DelegatingConstructorAccessorImpl.newInstance(DelegatingConstructorAccessorImpl.java:45)
	at java.lang.reflect.Constructor.newInstance(Constructor.java:526)
	at sun.net.www.protocol.http.HttpURLConnection$6.run(HttpURLConnection.java:1675)
	at sun.net.www.protocol.http.HttpURLConnection$6.run(HttpURLConnection.java:1673)
	at java.security.AccessController.doPrivileged(Native Method)
	at sun.net.www.protocol.http.HttpURLConnection.getChainedException(HttpURLConnection.java:1671)
	at sun.net.www.protocol.http.HttpURLConnection.getInputStream(HttpURLConnection.java:1244)
	at org.jvnet.robust_http_client.RetryableHttpStream.getStream(RetryableHttpStream.java:98)
	at org.jvnet.robust_http_client.RetryableHttpStream.<init>(RetryableHttpStream.java:91)
	at org.jvnet.robust_http_client.RetryableHttpStream.<init>(RetryableHttpStream.java:74)
	at hudson.ProxyConfiguration.getInputStream(ProxyConfiguration.java:246)
	at hudson.FilePath.installIfNecessaryFrom(FilePath.java:761)
	... 15 more
Caused by: java.io.FileNotFoundException: http://mirror.lwnetwork.org.uk/APACHE/maven/maven-3/3.2.3/binaries/apache-maven-3.2.3-bin.tar.gz
	at sun.net.www.protocol.http.HttpURLConnection.getInputStream(HttpURLConnection.java:1624)
	at sun.net.www.protocol.http.HttpURLConnection.getHeaderField(HttpURLConnection.java:2678)
	at java.net.URLConnection.getHeaderFieldLong(URLConnection.java:639)
	at java.net.URLConnection.getContentLengthLong(URLConnection.java:511)
	at java.net.URLConnection.getContentLength(URLConnection.java:495)
	at org.jvnet.robust_http_client.RetryableHttpStream.<init>(RetryableHttpStream.java:90)
	... 18 more
Sending e-mails to: ...
