28-set-2014 9.08.48 hudson.model.Run execute
INFO: ProgrammaProva+ Development #2693 main build action completed: SUCCESS
28-set-2014 9.08.48 jenkins.model.lazy.LazyBuildMixIn removeRun
AVVERTENZA: hudson.model.FreeStyleProject@10f4ade[ProgrammaProva+ Development] did not contain ProgrammaProva+ Development #2671 to begin with
28-set-2014 14.08.33 hudson.model.Run execute
INFO: ProgrammaProva+ Development #2694 main build action completed: SUCCESS
28-set-2014 14.08.33 jenkins.model.lazy.LazyBuildMixIn removeRun
AVVERTENZA: hudson.model.FreeStyleProject@10f4ade[ProgrammaProva+ Development] did not contain ProgrammaProva+ Development #2672 to begin with
28-set-2014 14.46.24 hudson.model.AsyncPeriodicWork$1 run
INFO: Started Workspace clean-up
28-set-2014 14.46.24 hudson.model.AsyncPeriodicWork$1 run
INFO: Finished Workspace clean-up. 28 ms
28-set-2014 15.02.43 hudson.model.AsyncPeriodicWork$1 run
INFO: Started Download metadata
28-set-2014 15.02.43 hudson.model.AsyncPeriodicWork$1 run
INFO: Finished Download metadata. 0 ms
28-set-2014 19.08.35 hudson.model.Run execute
INFO: ProgrammaProva+ Development #2695 main build action completed: SUCCESS
28-set-2014 19.08.35 jenkins.model.lazy.LazyBuildMixIn removeRun
AVVERTENZA: hudson.model.FreeStyleProject@10f4ade[ProgrammaProva+ Development] did not contain ProgrammaProva+ Development #2673 to begin with
28-set-2014 20.42.37 hudson.model.AsyncPeriodicWork$1 run
INFO: Started Out of order build detection
28-set-2014 20.47.22 jenkins.diagnostics.ooom.Problem$Inspector scan
AVVERTENZA: Failed to inspect /var/lib/jenkins/jobs/ProgrammaSaturo/builds/84: /var/lib/jenkins/jobs/ProgrammaSaturo/builds/84/build.xml doesn't exist
28-set-2014 20.49.14 hudson.model.AsyncPeriodicWork$1 run
INFO: Finished Out of order build detection. 396.841 ms
29-set-2014 2.00.38 hudson.model.AsyncPeriodicWork$1 run
INFO: Started Fingerprint cleanup
29-set-2014 2.00.42 hudson.model.AsyncPeriodicWork$1 run
INFO: Finished Fingerprint cleanup. 4.747 ms
29-set-2014 9.08.50 hudson.model.Run execute
INFO: ProgrammaProva+ Development #2696 main build action completed: SUCCESS
29-set-2014 9.08.50 jenkins.model.lazy.LazyBuildMixIn removeRun
AVVERTENZA: hudson.model.FreeStyleProject@10f4ade[ProgrammaProva+ Development] did not contain ProgrammaProva+ Development #2674 to begin with
29-set-2014 14.08.33 hudson.model.Run execute
INFO: ProgrammaProva+ Development #2697 main build action completed: SUCCESS
29-set-2014 14.08.33 jenkins.model.lazy.LazyBuildMixIn removeRun
AVVERTENZA: hudson.model.FreeStyleProject@10f4ade[ProgrammaProva+ Development] did not contain ProgrammaProva+ Development #2675 to begin with
29-set-2014 14.46.24 hudson.model.AsyncPeriodicWork$1 run
INFO: Started Workspace clean-up
29-set-2014 14.46.24 hudson.model.AsyncPeriodicWork$1 run
INFO: Finished Workspace clean-up. 7 ms
29-set-2014 15.02.43 hudson.model.AsyncPeriodicWork$1 run
INFO: Started Download metadata
29-set-2014 15.02.43 hudson.model.AsyncPeriodicWork$1 run
INFO: Finished Download metadata. 1 ms
29-set-2014 19.08.32 hudson.model.Run execute
INFO: ProgrammaProva+ Development #2698 main build action completed: SUCCESS
29-set-2014 19.08.32 jenkins.model.lazy.LazyBuildMixIn removeRun
AVVERTENZA: hudson.model.FreeStyleProject@10f4ade[ProgrammaProva+ Development] did not contain ProgrammaProva+ Development #2676 to begin with
29-set-2014 20.42.37 hudson.model.AsyncPeriodicWork$1 run
INFO: Started Out of order build detection
29-set-2014 20.47.22 jenkins.diagnostics.ooom.Problem$Inspector scan
AVVERTENZA: Failed to inspect /var/lib/jenkins/jobs/ProgrammaSaturo/builds/84: /var/lib/jenkins/jobs/ProgrammaSaturo/builds/84/build.xml doesn't exist
29-set-2014 20.49.15 hudson.model.AsyncPeriodicWork$1 run
INFO: Finished Out of order build detection. 397.127 ms
Running from: /usr/share/jenkins/jenkins.war
Exception in thread "main" java.io.FileNotFoundException: /tmp/winstone1558316641168267525.jar (Permission denied)
	at java.io.FileOutputStream.open(Native Method)
	at java.io.FileOutputStream.<init>(FileOutputStream.java:212)
	at java.io.FileOutputStream.<init>(FileOutputStream.java:160)
	at Main.extractFromJar(Main.java:402)
	at Main._main(Main.java:190)
	at Main.main(Main.java:98)
Running from: /usr/share/jenkins/jenkins.war
Exception in thread "main" java.io.FileNotFoundException: /tmp/winstone4816093454244606001.jar (Permission denied)
	at java.io.FileOutputStream.open(Native Method)
	at java.io.FileOutputStream.<init>(FileOutputStream.java:212)
	at java.io.FileOutputStream.<init>(FileOutputStream.java:160)
	at Main.extractFromJar(Main.java:402)
	at Main._main(Main.java:190)
	at Main.main(Main.java:98)
