<?xml version="1.0" encoding="UTF-8" ?>
<testsuite failures="0" time="5.15" errors="1" skipped="0" tests="3" name="hudson.model.DirectoryBrowserSupportTest">
  <properties>
[...]
</properties>
  <testcase time="1.655" classname="hudson.model.DirectoryBrowserSupportTest" name="testDoubleDots"/>
  <testcase time="1.47" classname="hudson.model.DirectoryBrowserSupportTest" name="testDoubleDots2"/>
  <testcase time="2.016" classname="hudson.model.DirectoryBrowserSupportTest" name="testNonAsciiChar">
    <error message="404 Not Found for http://localhost:64250//job/test0/ws/%e6%bc%a2%e5%ad%97.bin" type="com.gargoylesoftware.htmlunit.FailingHttpStatusCodeException">com.gargoylesoftware.htmlunit.FailingHttpStatusCodeException: 404 Not Found for http://localhost:64250//job/test0/ws/%e6%bc%a2%e5%ad%97.bin
	at com.gargoylesoftware.htmlunit.WebClient.throwFailingHttpStatusCodeExceptionIfNecessary(WebClient.java:545)
	at com.gargoylesoftware.htmlunit.WebClient.getPage(WebClient.java:341)
	at com.gargoylesoftware.htmlunit.WebClient.getPage(WebClient.java:390)
	at com.gargoylesoftware.htmlunit.WebClient.getPage(WebClient.java:377)
	at org.jvnet.hudson.test.HudsonTestCase$WebClient.goTo(HudsonTestCase.java:1149)
	at hudson.model.DirectoryBrowserSupportTest.testNonAsciiChar(DirectoryBrowserSupportTest.java:86)
</error>
    <system-out>=== Starting DirectoryBrowserSupportTest.testNonAsciiChar
</system-out>
    <system-err>2009-10-12 19:33:45.555::INFO:  jetty-6.1.11
2009-10-12 19:33:45.560::INFO:  NO JSP Support for /, did not find org.apache.jasper.servlet.JspServlet
2009-10-12 19:33:45.564::INFO:  Started SocketConnector@0.0.0.0:64250
</system-err>
  </testcase>
</testsuite>