# JRE version: Java(TM) SE Runtime Environment (8.0_191-b12) (build 1.8.0_191-b12)
# Java VM: Java HotSpot(TM) 64-Bit Server VM (25.191-b12 mixed mode linux-amd64 compressed oops)
Heap:
 PSYoungGen      total 1010176K, used 990313K [0x0000000740000000, 0x0000000780000000, 0x00000007c0000000)
  eden space 976896K, 97% used [0x0000000740000000,0x000000077a6dd210,0x000000077ba00000)
  from space 33280K, 99% used [0x000000077ba00000,0x000000077da3d2a8,0x000000077da80000)
  to   space 37888K, 0% used [0x000000077db00000,0x000000077db00000,0x0000000780000000)
 ParOldGen       total 3143168K, used 2387466K [0x0000000640000000, 0x00000006ffd80000, 0x0000000740000000)
  object space 3143168K, 75% used [0x0000000640000000,0x00000006d1b829d0,0x00000006ffd80000)
 Metaspace       used 1822294K, capacity 1853320K, committed 1868504K, reserved 2789376K
  class space    used 119367K, capacity 126053K, committed 128728K, reserved 1048576K
GC Heap History (10 events):
Event: 907792.671 GC heap before
{Heap before GC invocations=62489 (full 269):
 PSYoungGen      total 1012224K, used 998484K [0x0000000740000000, 0x0000000780000000, 0x00000007c0000000)
  eden space 974848K, 100% used [0x0000000740000000,0x000000077b800000,0x000000077b800000)
  from space 37376K, 63% used [0x000000077db80000,0x000000077f2952c0,0x0000000780000000)
  to   space 36352K, 0% used [0x000000077b800000,0x000000077b800000,0x000000077db80000)
 ParOldGen       total 3143168K, used 2299643K [0x0000000640000000, 0x00000006ffd80000, 0x0000000740000000)
  object space 3143168K, 73% used [0x0000000640000000,0x00000006cc5bee50,0x00000006ffd80000)
 Metaspace       used 1822001K, capacity 1852890K, committed 1868504K, reserved 2789376K
  class space    used 119343K, capacity 126020K, committed 128728K, reserved 1048576K
Event: 907792.935 GC heap after
Heap after GC invocations=62489 (full 269):
 PSYoungGen      total 1011200K, used 29003K [0x0000000740000000, 0x0000000780000000, 0x00000007c0000000)
  eden space 974848K, 0% used [0x0000000740000000,0x0000000740000000,0x000000077b800000)
  from space 36352K, 79% used [0x000000077b800000,0x000000077d452fe0,0x000000077db80000)
  to   space 36864K, 0% used [0x000000077dc00000,0x000000077dc00000,0x0000000780000000)
 ParOldGen       total 3143168K, used 2315045K [0x0000000640000000, 0x00000006ffd80000, 0x0000000740000000)
  object space 3143168K, 73% used [0x0000000640000000,0x00000006cd4c9470,0x00000006ffd80000)
 Metaspace       used 1822001K, capacity 1852890K, committed 1868504K, reserved 2789376K
  class space    used 119343K, capacity 126020K, committed 128728K, reserved 1048576K
}
Event: 907798.888 GC heap before
{Heap before GC invocations=62490 (full 269):
 PSYoungGen      total 1011200K, used 1003851K [0x0000000740000000, 0x0000000780000000, 0x00000007c0000000)
  eden space 974848K, 100% used [0x0000000740000000,0x000000077b800000,0x000000077b800000)
  from space 36352K, 79% used [0x000000077b800000,0x000000077d452fe0,0x000000077db80000)
  to   space 36864K, 0% used [0x000000077dc00000,0x000000077dc00000,0x0000000780000000)
 ParOldGen       total 3143168K, used 2315045K [0x0000000640000000, 0x00000006ffd80000, 0x0000000740000000)
  object space 3143168K, 73% used [0x0000000640000000,0x00000006cd4c9470,0x00000006ffd80000)
 Metaspace       used 1822001K, capacity 1852890K, committed 1868504K, reserved 2789376K
  class space    used 119343K, capacity 126020K, committed 128728K, reserved 1048576K
Event: 907799.079 GC heap after
Heap after GC invocations=62490 (full 269):
 PSYoungGen      total 1012224K, used 22708K [0x0000000740000000, 0x0000000780000000, 0x00000007c0000000)
  eden space 975360K, 0% used [0x0000000740000000,0x0000000740000000,0x000000077b880000)
  from space 36864K, 61% used [0x000000077dc00000,0x000000077f22d158,0x0000000780000000)
  to   space 36352K, 0% used [0x000000077b880000,0x000000077b880000,0x000000077dc00000)
 ParOldGen       total 3143168K, used 2339185K [0x0000000640000000, 0x00000006ffd80000, 0x0000000740000000)
  object space 3143168K, 74% used [0x0000000640000000,0x00000006cec5c468,0x00000006ffd80000)
 Metaspace       used 1822001K, capacity 1852890K, committed 1868504K, reserved 2789376K
  class space    used 119343K, capacity 126020K, committed 128728K, reserved 1048576K
}
Event: 908308.158 GC heap before
{Heap before GC invocations=62491 (full 269):
 PSYoungGen      total 1012224K, used 998059K [0x0000000740000000, 0x0000000780000000, 0x00000007c0000000)
  eden space 975360K, 99% used [0x0000000740000000,0x000000077b87de90,0x000000077b880000)
  from space 36864K, 61% used [0x000000077dc00000,0x000000077f22d158,0x0000000780000000)
  to   space 36352K, 0% used [0x000000077b880000,0x000000077b880000,0x000000077dc00000)
 ParOldGen       total 3143168K, used 2339185K [0x0000000640000000, 0x00000006ffd80000, 0x0000000740000000)
  object space 3143168K, 74% used [0x0000000640000000,0x00000006cec5c468,0x00000006ffd80000)
 Metaspace       used 1822013K, capacity 1852908K, committed 1868504K, reserved 2789376K
  class space    used 119345K, capacity 126023K, committed 128728K, reserved 1048576K
Event: 908308.453 GC heap after
Heap after GC invocations=62491 (full 269):
 PSYoungGen      total 1011712K, used 21307K [0x0000000740000000, 0x0000000780000000, 0x00000007c0000000)
  eden space 975360K, 0% used [0x0000000740000000,0x0000000740000000,0x000000077b880000)
  from space 36352K, 58% used [0x000000077b880000,0x000000077cd4ec68,0x000000077dc00000)
  to   space 35840K, 0% used [0x000000077dd00000,0x000000077dd00000,0x0000000780000000)
 ParOldGen       total 3143168K, used 2354626K [0x0000000640000000, 0x00000006ffd80000, 0x0000000740000000)
  object space 3143168K, 74% used [0x0000000640000000,0x00000006cfb70978,0x00000006ffd80000)
 Metaspace       used 1822013K, capacity 1852908K, committed 1868504K, reserved 2789376K
  class space    used 119345K, capacity 126023K, committed 128728K, reserved 1048576K
}
Event: 909213.768 GC heap before
{Heap before GC invocations=62492 (full 269):
 PSYoungGen      total 1011712K, used 996667K [0x0000000740000000, 0x0000000780000000, 0x00000007c0000000)
  eden space 975360K, 100% used [0x0000000740000000,0x000000077b880000,0x000000077b880000)
  from space 36352K, 58% used [0x000000077b880000,0x000000077cd4ec68,0x000000077dc00000)
  to   space 35840K, 0% used [0x000000077dd00000,0x000000077dd00000,0x0000000780000000)
 ParOldGen       total 3143168K, used 2354626K [0x0000000640000000, 0x00000006ffd80000, 0x0000000740000000)
  object space 3143168K, 74% used [0x0000000640000000,0x00000006cfb70978,0x00000006ffd80000)
 Metaspace       used 1822013K, capacity 1852908K, committed 1868504K, reserved 2789376K
  class space    used 119345K, capacity 126023K, committed 128728K, reserved 1048576K
Event: 909214.065 GC heap after
Heap after GC invocations=62492 (full 269):
 PSYoungGen      total 1012736K, used 28226K [0x0000000740000000, 0x0000000780000000, 0x00000007c0000000)
  eden space 976896K, 0% used [0x0000000740000000,0x0000000740000000,0x000000077ba00000)
  from space 35840K, 78% used [0x000000077dd00000,0x000000077f8908b0,0x0000000780000000)
  to   space 35840K, 0% used [0x000000077ba00000,0x000000077ba00000,0x000000077dd00000)
 ParOldGen       total 3143168K, used 2366849K [0x0000000640000000, 0x00000006ffd80000, 0x0000000740000000)
  object space 3143168K, 75% used [0x0000000640000000,0x00000006d07607c0,0x00000006ffd80000)
 Metaspace       used 1822013K, capacity 1852908K, committed 1868504K, reserved 2789376K
  class space    used 119345K, capacity 126023K, committed 128728K, reserved 1048576K
}
Event: 909759.777 GC heap before
{Heap before GC invocations=62493 (full 269):
 PSYoungGen      total 1012736K, used 1005122K [0x0000000740000000, 0x0000000780000000, 0x00000007c0000000)
  eden space 976896K, 100% used [0x0000000740000000,0x000000077ba00000,0x000000077ba00000)
  from space 35840K, 78% used [0x000000077dd00000,0x000000077f8908b0,0x0000000780000000)
  to   space 35840K, 0% used [0x000000077ba00000,0x000000077ba00000,0x000000077dd00000)
 ParOldGen       total 3143168K, used 2366849K [0x0000000640000000, 0x00000006ffd80000, 0x0000000740000000)
  object space 3143168K, 75% used [0x0000000640000000,0x00000006d07607c0,0x00000006ffd80000)
 Metaspace       used 1822029K, capacity 1852922K, committed 1868504K, reserved 2789376K
  class space    used 119346K, capacity 126025K, committed 128728K, reserved 1048576K
Event: 909760.042 GC heap after
Heap after GC invocations=62493 (full 269):
 PSYoungGen      total 1010176K, used 33012K [0x0000000740000000, 0x0000000780000000, 0x00000007c0000000)
  eden space 976896K, 0% used [0x0000000740000000,0x0000000740000000,0x000000077ba00000)
  from space 33280K, 99% used [0x000000077ba00000,0x000000077da3d2a8,0x000000077da80000)
  to   space 37888K, 0% used [0x000000077db00000,0x000000077db00000,0x0000000780000000)
 ParOldGen       total 3143168K, used 2387466K [0x0000000640000000, 0x00000006ffd80000, 0x0000000740000000)
  object space 3143168K, 75% used [0x0000000640000000,0x00000006d1b829d0,0x00000006ffd80000)
 Metaspace       used 1822029K, capacity 1852922K, committed 1868504K, reserved 2789376K
  class space    used 119346K, capacity 126025K, committed 128728K, reserved 1048576K
}

