# JRE version: 7.0_25-b17
# Java VM: Java HotSpot(TM) 64-Bit Server VM (23.25-b01 mixed mode windows-amd64 compressed oops)
Heap
 PSYoungGen      total 339200K, used 191325K [0x00000000eaab0000, 0x0000000100000000, 0x0000000100000000)
  eden space 328896K, 58% used [0x00000000eaab0000,0x00000000f6587570,0x00000000febe0000)
  from space 10304K, 0% used [0x00000000febe0000,0x00000000febe0000,0x00000000ff5f0000)
  to   space 9920K, 0% used [0x00000000ff650000,0x00000000ff650000,0x0000000100000000)
 ParOldGen       total 174784K, used 28307K [0x00000000c0000000, 0x00000000caab0000, 0x00000000eaab0000)
  object space 174784K, 16% used [0x00000000c0000000,0x00000000c1ba4cb8,0x00000000caab0000)
 PSPermGen       total 83968K, used 57802K [0x00000000bae00000, 0x00000000c0000000, 0x00000000c0000000)
  object space 83968K, 68% used [0x00000000bae00000,0x00000000be672bb8,0x00000000c0000000)
GC Heap History (10 events):
Event: 38995.855 GC heap before
{Heap before GC invocations=184 (full 0):
 PSYoungGen      total 341184K, used 334714K [0x00000000eaab0000, 0x0000000100000000, 0x0000000100000000)
  eden space 333568K, 100% used [0x00000000eaab0000,0x00000000ff070000,0x00000000ff070000)
  from space 7616K, 15% used [0x00000000ff070000,0x00000000ff18e870,0x00000000ff7e0000)
  to   space 7552K, 0% used [0x00000000ff8a0000,0x00000000ff8a0000,0x0000000100000000)
 ParOldGen       total 174784K, used 154062K [0x00000000c0000000, 0x00000000caab0000, 0x00000000eaab0000)
  object space 174784K, 88% used [0x00000000c0000000,0x00000000c96738e0,0x00000000caab0000)
 PSPermGen       total 58304K, used 58196K [0x00000000bae00000, 0x00000000be6f0000, 0x00000000c0000000)
  object space 58304K, 99% used [0x00000000bae00000,0x00000000be6d52c0,0x00000000be6f0000)
Event: 38995.875 GC heap after
Heap after GC invocations=184 (full 0):
 PSYoungGen      total 339776K, used 7248K [0x00000000eaab0000, 0x0000000100000000, 0x0000000100000000)
  eden space 332224K, 0% used [0x00000000eaab0000,0x00000000eaab0000,0x00000000fef20000)
  from space 7552K, 95% used [0x00000000ff8a0000,0x00000000fffb4260,0x0000000100000000)
  to   space 8640K, 0% used [0x00000000fef20000,0x00000000fef20000,0x00000000ff790000)
 ParOldGen       total 174784K, used 154174K [0x00000000c0000000, 0x00000000caab0000, 0x00000000eaab0000)
  object space 174784K, 88% used [0x00000000c0000000,0x00000000c968f8e0,0x00000000caab0000)
 PSPermGen       total 58304K, used 58196K [0x00000000bae00000, 0x00000000be6f0000, 0x00000000c0000000)
  object space 58304K, 99% used [0x00000000bae00000,0x00000000be6d52c0,0x00000000be6f0000)
}
Event: 38998.111 GC heap before
{Heap before GC invocations=185 (full 0):
 PSYoungGen      total 339776K, used 339472K [0x00000000eaab0000, 0x0000000100000000, 0x0000000100000000)
  eden space 332224K, 100% used [0x00000000eaab0000,0x00000000fef20000,0x00000000fef20000)
  from space 7552K, 95% used [0x00000000ff8a0000,0x00000000fffb4260,0x0000000100000000)
  to   space 8640K, 0% used [0x00000000fef20000,0x00000000fef20000,0x00000000ff790000)
 ParOldGen       total 174784K, used 154174K [0x00000000c0000000, 0x00000000caab0000, 0x00000000eaab0000)
  object space 174784K, 88% used [0x00000000c0000000,0x00000000c968f8e0,0x00000000caab0000)
 PSPermGen       total 58304K, used 58197K [0x00000000bae00000, 0x00000000be6f0000, 0x00000000c0000000)
  object space 58304K, 99% used [0x00000000bae00000,0x00000000be6d57f8,0x00000000be6f0000)
Event: 38998.119 GC heap after
Heap after GC invocations=185 (full 0):
 PSYoungGen      total 340864K, used 2688K [0x00000000eaab0000, 0x0000000100000000, 0x0000000100000000)
  eden space 332224K, 0% used [0x00000000eaab0000,0x00000000eaab0000,0x00000000fef20000)
  from space 8640K, 31% used [0x00000000fef20000,0x00000000ff1c0000,0x00000000ff790000)
  to   space 8256K, 0% used [0x00000000ff7f0000,0x00000000ff7f0000,0x0000000100000000)
 ParOldGen       total 174784K, used 160664K [0x00000000c0000000, 0x00000000caab0000, 0x00000000eaab0000)
  object space 174784K, 91% used [0x00000000c0000000,0x00000000c9ce62a8,0x00000000caab0000)
 PSPermGen       total 58304K, used 58197K [0x00000000bae00000, 0x00000000be6f0000, 0x00000000c0000000)
  object space 58304K, 99% used [0x00000000bae00000,0x00000000be6d57f8,0x00000000be6f0000)
}
Event: 39000.804 GC heap before
{Heap before GC invocations=186 (full 0):
 PSYoungGen      total 340864K, used 334912K [0x00000000eaab0000, 0x0000000100000000, 0x0000000100000000)
  eden space 332224K, 100% used [0x00000000eaab0000,0x00000000fef20000,0x00000000fef20000)
  from space 8640K, 31% used [0x00000000fef20000,0x00000000ff1c0000,0x00000000ff790000)
  to   space 8256K, 0% used [0x00000000ff7f0000,0x00000000ff7f0000,0x0000000100000000)
 ParOldGen       total 174784K, used 160664K [0x00000000c0000000, 0x00000000caab0000, 0x00000000eaab0000)
  object space 174784K, 91% used [0x00000000c0000000,0x00000000c9ce62a8,0x00000000caab0000)
 PSPermGen       total 58304K, used 58276K [0x00000000bae00000, 0x00000000be6f0000, 0x00000000c0000000)
  object space 58304K, 99% used [0x00000000bae00000,0x00000000be6e9388,0x00000000be6f0000)
Event: 39000.810 GC heap after
Heap after GC invocations=186 (full 0):
 PSYoungGen      total 337152K, used 8225K [0x00000000eaab0000, 0x0000000100000000, 0x0000000100000000)
  eden space 328896K, 0% used [0x00000000eaab0000,0x00000000eaab0000,0x00000000febe0000)
  from space 8256K, 99% used [0x00000000ff7f0000,0x00000000ffff8490,0x0000000100000000)
  to   space 10304K, 0% used [0x00000000febe0000,0x00000000febe0000,0x00000000ff5f0000)
 ParOldGen       total 174784K, used 162664K [0x00000000c0000000, 0x00000000caab0000, 0x00000000eaab0000)
  object space 174784K, 93% used [0x00000000c0000000,0x00000000c9eda2b8,0x00000000caab0000)
 PSPermGen       total 58304K, used 58276K [0x00000000bae00000, 0x00000000be6f0000, 0x00000000c0000000)
  object space 58304K, 99% used [0x00000000bae00000,0x00000000be6e9388,0x00000000be6f0000)
}
Event: 39002.909 GC heap before
{Heap before GC invocations=187 (full 0):
 PSYoungGen      total 337152K, used 337121K [0x00000000eaab0000, 0x0000000100000000, 0x0000000100000000)
  eden space 328896K, 100% used [0x00000000eaab0000,0x00000000febe0000,0x00000000febe0000)
  from space 8256K, 99% used [0x00000000ff7f0000,0x00000000ffff8490,0x0000000100000000)
  to   space 10304K, 0% used [0x00000000febe0000,0x00000000febe0000,0x00000000ff5f0000)
 ParOldGen       total 174784K, used 162664K [0x00000000c0000000, 0x00000000caab0000, 0x00000000eaab0000)
  object space 174784K, 93% used [0x00000000c0000000,0x00000000c9eda2b8,0x00000000caab0000)
 PSPermGen       total 58304K, used 58281K [0x00000000bae00000, 0x00000000be6f0000, 0x00000000c0000000)
  object space 58304K, 99% used [0x00000000bae00000,0x00000000be6ea5b0,0x00000000be6f0000)
Event: 39002.927 GC heap after
Heap after GC invocations=187 (full 0):
 PSYoungGen      total 339200K, used 2752K [0x00000000eaab0000, 0x0000000100000000, 0x0000000100000000)
  eden space 328896K, 0% used [0x00000000eaab0000,0x00000000eaab0000,0x00000000febe0000)
  from space 10304K, 26% used [0x00000000febe0000,0x00000000fee90000,0x00000000ff5f0000)
  to   space 9920K, 0% used [0x00000000ff650000,0x00000000ff650000,0x0000000100000000)
 ParOldGen       total 174784K, used 169837K [0x00000000c0000000, 0x00000000caab0000, 0x00000000eaab0000)
  object space 174784K, 97% used [0x00000000c0000000,0x00000000ca5db7e8,0x00000000caab0000)
 PSPermGen       total 58304K, used 58281K [0x00000000bae00000, 0x00000000be6f0000, 0x00000000c0000000)
  object space 58304K, 99% used [0x00000000bae00000,0x00000000be6ea5b0,0x00000000be6f0000)
}
Event: 39002.927 GC heap before
{Heap before GC invocations=188 (full 1):
 PSYoungGen      total 339200K, used 2752K [0x00000000eaab0000, 0x0000000100000000, 0x0000000100000000)
  eden space 328896K, 0% used [0x00000000eaab0000,0x00000000eaab0000,0x00000000febe0000)
  from space 10304K, 26% used [0x00000000febe0000,0x00000000fee90000,0x00000000ff5f0000)
  to   space 9920K, 0% used [0x00000000ff650000,0x00000000ff650000,0x0000000100000000)
 ParOldGen       total 174784K, used 169837K [0x00000000c0000000, 0x00000000caab0000, 0x00000000eaab0000)
  object space 174784K, 97% used [0x00000000c0000000,0x00000000ca5db7e8,0x00000000caab0000)
 PSPermGen       total 58304K, used 58281K [0x00000000bae00000, 0x00000000be6f0000, 0x00000000c0000000)
  object space 58304K, 99% used [0x00000000bae00000,0x00000000be6ea5b0,0x00000000be6f0000)
Event: 39003.270 GC heap after
Heap after GC invocations=188 (full 1):
 PSYoungGen      total 339200K, used 0K [0x00000000eaab0000, 0x0000000100000000, 0x0000000100000000)
  eden space 328896K, 0% used [0x00000000eaab0000,0x00000000eaab0000,0x00000000febe0000)
  from space 10304K, 0% used [0x00000000febe0000,0x00000000febe0000,0x00000000ff5f0000)
  to   space 9920K, 0% used [0x00000000ff650000,0x00000000ff650000,0x0000000100000000)
 ParOldGen       total 174784K, used 28307K [0x00000000c0000000, 0x00000000caab0000, 0x00000000eaab0000)
  object space 174784K, 16% used [0x00000000c0000000,0x00000000c1ba4cb8,0x00000000caab0000)
 PSPermGen       total 83968K, used 57743K [0x00000000bae00000, 0x00000000c0000000, 0x00000000c0000000)
  object space 83968K, 68% used [0x00000000bae00000,0x00000000be663f08,0x00000000c0000000)
}

