# JRE version: Java(TM) SE Runtime Environment (8.0_131-b11) (build 1.8.0_131-b11)
# Java VM: Java HotSpot(TM) 64-Bit Server VM (25.131-b11 mixed mode linux-amd64 compressed oops)
Heap:
 PSYoungGen      total 131584K, used 102344K [0x00000000eb700000, 0x00000000f3d00000, 0x0000000100000000)
  eden space 126976K, 78% used [0x00000000eb700000,0x00000000f17f0690,0x00000000f3300000)
  from space 4608K, 66% used [0x00000000f3880000,0x00000000f3b81ba8,0x00000000f3d00000)
  to   space 5120K, 0% used [0x00000000f3300000,0x00000000f3300000,0x00000000f3800000)
 ParOldGen       total 42496K, used 4387K [0x00000000c2400000, 0x00000000c4d80000, 0x00000000eb700000)
  object space 42496K, 10% used [0x00000000c2400000,0x00000000c2848ee0,0x00000000c4d80000)
 Metaspace       used 18586K, capacity 18858K, committed 19200K, reserved 1067008K
  class space    used 2191K, capacity 2283K, committed 2304K, reserved 1048576K
GC Heap History (10 events):
Event: 0.830 GC heap before
{Heap before GC invocations=2 (full 0):
 PSYoungGen      total 18432K, used 18400K [0x00000000eb700000, 0x00000000edb00000, 0x0000000100000000)
  eden space 15872K, 100% used [0x00000000eb700000,0x00000000ec680000,0x00000000ec680000)
  from space 2560K, 98% used [0x00000000ec680000,0x00000000ec8f8010,0x00000000ec900000)
  to   space 2560K, 0% used [0x00000000ed880000,0x00000000ed880000,0x00000000edb00000)
 ParOldGen       total 42496K, used 2408K [0x00000000c2400000, 0x00000000c4d80000, 0x00000000eb700000)
  object space 42496K, 5% used [0x00000000c2400000,0x00000000c265a2f8,0x00000000c4d80000)
 Metaspace       used 8790K, capacity 8874K, committed 8960K, reserved 1056768K
  class space    used 957K, capacity 978K, committed 1024K, reserved 1048576K
Event: 0.840 GC heap after
Heap after GC invocations=2 (full 0):
 PSYoungGen      total 34304K, used 2550K [0x00000000eb700000, 0x00000000edb00000, 0x0000000100000000)
  eden space 31744K, 0% used [0x00000000eb700000,0x00000000eb700000,0x00000000ed600000)
  from space 2560K, 99% used [0x00000000ed880000,0x00000000edafdbb8,0x00000000edb00000)
  to   space 2560K, 0% used [0x00000000ed600000,0x00000000ed600000,0x00000000ed880000)
 ParOldGen       total 42496K, used 3459K [0x00000000c2400000, 0x00000000c4d80000, 0x00000000eb700000)
  object space 42496K, 8% used [0x00000000c2400000,0x00000000c2760ee0,0x00000000c4d80000)
 Metaspace       used 8790K, capacity 8874K, committed 8960K, reserved 1056768K
  class space    used 957K, capacity 978K, committed 1024K, reserved 1048576K
}
Event: 0.963 GC heap before
{Heap before GC invocations=3 (full 0):
 PSYoungGen      total 34304K, used 34294K [0x00000000eb700000, 0x00000000edb00000, 0x0000000100000000)
  eden space 31744K, 100% used [0x00000000eb700000,0x00000000ed600000,0x00000000ed600000)
  from space 2560K, 99% used [0x00000000ed880000,0x00000000edafdbb8,0x00000000edb00000)
  to   space 2560K, 0% used [0x00000000ed600000,0x00000000ed600000,0x00000000ed880000)
 ParOldGen       total 42496K, used 3459K [0x00000000c2400000, 0x00000000c4d80000, 0x00000000eb700000)
  object space 42496K, 8% used [0x00000000c2400000,0x00000000c2760ee0,0x00000000c4d80000)
 Metaspace       used 8864K, capacity 9002K, committed 9216K, reserved 1056768K
  class space    used 957K, capacity 978K, committed 1024K, reserved 1048576K
Event: 0.975 GC heap after
Heap after GC invocations=3 (full 0):
 PSYoungGen      total 34304K, used 2550K [0x00000000eb700000, 0x00000000efa00000, 0x0000000100000000)
  eden space 31744K, 0% used [0x00000000eb700000,0x00000000eb700000,0x00000000ed600000)
  from space 2560K, 99% used [0x00000000ed600000,0x00000000ed87dbb8,0x00000000ed880000)
  to   space 2560K, 0% used [0x00000000ef780000,0x00000000ef780000,0x00000000efa00000)
 ParOldGen       total 42496K, used 4291K [0x00000000c2400000, 0x00000000c4d80000, 0x00000000eb700000)
  object space 42496K, 10% used [0x00000000c2400000,0x00000000c2830ee0,0x00000000c4d80000)
 Metaspace       used 8864K, capacity 9002K, committed 9216K, reserved 1056768K
  class space    used 957K, capacity 978K, committed 1024K, reserved 1048576K
}
Event: 1.059 GC heap before
{Heap before GC invocations=4 (full 0):
 PSYoungGen      total 34304K, used 34294K [0x00000000eb700000, 0x00000000efa00000, 0x0000000100000000)
  eden space 31744K, 100% used [0x00000000eb700000,0x00000000ed600000,0x00000000ed600000)
  from space 2560K, 99% used [0x00000000ed600000,0x00000000ed87dbb8,0x00000000ed880000)
  to   space 2560K, 0% used [0x00000000ef780000,0x00000000ef780000,0x00000000efa00000)
 ParOldGen       total 42496K, used 4291K [0x00000000c2400000, 0x00000000c4d80000, 0x00000000eb700000)
  object space 42496K, 10% used [0x00000000c2400000,0x00000000c2830ee0,0x00000000c4d80000)
 Metaspace       used 8868K, capacity 9002K, committed 9216K, reserved 1056768K
  class space    used 957K, capacity 978K, committed 1024K, reserved 1048576K
Event: 1.071 GC heap after
Heap after GC invocations=4 (full 0):
 PSYoungGen      total 66048K, used 2550K [0x00000000eb700000, 0x00000000efa00000, 0x0000000100000000)
  eden space 63488K, 0% used [0x00000000eb700000,0x00000000eb700000,0x00000000ef500000)
  from space 2560K, 99% used [0x00000000ef780000,0x00000000ef9fdbb8,0x00000000efa00000)
  to   space 2560K, 0% used [0x00000000ef500000,0x00000000ef500000,0x00000000ef780000)
 ParOldGen       total 42496K, used 4323K [0x00000000c2400000, 0x00000000c4d80000, 0x00000000eb700000)
  object space 42496K, 10% used [0x00000000c2400000,0x00000000c2838ee0,0x00000000c4d80000)
 Metaspace       used 8868K, capacity 9002K, committed 9216K, reserved 1056768K
  class space    used 957K, capacity 978K, committed 1024K, reserved 1048576K
}
Event: 1.237 GC heap before
{Heap before GC invocations=5 (full 0):
 PSYoungGen      total 66048K, used 66038K [0x00000000eb700000, 0x00000000efa00000, 0x0000000100000000)
  eden space 63488K, 100% used [0x00000000eb700000,0x00000000ef500000,0x00000000ef500000)
  from space 2560K, 99% used [0x00000000ef780000,0x00000000ef9fdbb8,0x00000000efa00000)
  to   space 2560K, 0% used [0x00000000ef500000,0x00000000ef500000,0x00000000ef780000)
 ParOldGen       total 42496K, used 4323K [0x00000000c2400000, 0x00000000c4d80000, 0x00000000eb700000)
  object space 42496K, 10% used [0x00000000c2400000,0x00000000c2838ee0,0x00000000c4d80000)
 Metaspace       used 8868K, capacity 9002K, committed 9216K, reserved 1056768K
  class space    used 957K, capacity 978K, committed 1024K, reserved 1048576K
Event: 1.244 GC heap after
Heap after GC invocations=5 (full 0):
 PSYoungGen      total 66048K, used 2534K [0x00000000eb700000, 0x00000000f3e00000, 0x0000000100000000)
  eden space 63488K, 0% used [0x00000000eb700000,0x00000000eb700000,0x00000000ef500000)
  from space 2560K, 99% used [0x00000000ef500000,0x00000000ef779ba8,0x00000000ef780000)
  to   space 5632K, 0% used [0x00000000f3880000,0x00000000f3880000,0x00000000f3e00000)
 ParOldGen       total 42496K, used 4387K [0x00000000c2400000, 0x00000000c4d80000, 0x00000000eb700000)
  object space 42496K, 10% used [0x00000000c2400000,0x00000000c2848ee0,0x00000000c4d80000)
 Metaspace       used 8868K, capacity 9002K, committed 9216K, reserved 1056768K
  class space    used 957K, capacity 978K, committed 1024K, reserved 1048576K
}
Event: 1.417 GC heap before
{Heap before GC invocations=6 (full 0):
 PSYoungGen      total 66048K, used 66022K [0x00000000eb700000, 0x00000000f3e00000, 0x0000000100000000)
  eden space 63488K, 100% used [0x00000000eb700000,0x00000000ef500000,0x00000000ef500000)
  from space 2560K, 99% used [0x00000000ef500000,0x00000000ef779ba8,0x00000000ef780000)
  to   space 5632K, 0% used [0x00000000f3880000,0x00000000f3880000,0x00000000f3e00000)
 ParOldGen       total 42496K, used 4387K [0x00000000c2400000, 0x00000000c4d80000, 0x00000000eb700000)
  object space 42496K, 10% used [0x00000000c2400000,0x00000000c2848ee0,0x00000000c4d80000)
 Metaspace       used 8885K, capacity 9002K, committed 9216K, reserved 1056768K
  class space    used 957K, capacity 978K, committed 1024K, reserved 1048576K
Event: 1.432 GC heap after
Heap after GC invocations=6 (full 0):
 PSYoungGen      total 131584K, used 3078K [0x00000000eb700000, 0x00000000f3d00000, 0x0000000100000000)
  eden space 126976K, 0% used [0x00000000eb700000,0x00000000eb700000,0x00000000f3300000)
  from space 4608K, 66% used [0x00000000f3880000,0x00000000f3b81ba8,0x00000000f3d00000)
  to   space 5120K, 0% used [0x00000000f3300000,0x00000000f3300000,0x00000000f3800000)
 ParOldGen       total 42496K, used 4387K [0x00000000c2400000, 0x00000000c4d80000, 0x00000000eb700000)
  object space 42496K, 10% used [0x00000000c2400000,0x00000000c2848ee0,0x00000000c4d80000)
 Metaspace       used 8885K, capacity 9002K, committed 9216K, reserved 1056768K
  class space    used 957K, capacity 978K, committed 1024K, reserved 1048576K
}

