# JRE version: Java(TM) SE Runtime Environment (8.0_121-b13) (build 1.8.0_121-b13)
# Java VM: Java HotSpot(TM) 64-Bit Server VM (25.121-b13 mixed mode linux-amd64 compressed oops)
Heap:
 PSYoungGen      total 1136640K, used 23091K [0x0000000580100000, 0x00000005cac00000, 0x0000000800000000)
  eden space 1049600K, 2% used [0x0000000580100000,0x000000058178ce30,0x00000005c0200000)
  from space 87040K, 0% used [0x00000005c5700000,0x00000005c5700000,0x00000005cac00000)
  to   space 87040K, 0% used [0x00000005c0200000,0x00000005c0200000,0x00000005c5700000)
 ParOldGen       total 666624K, used 31210K [0x0000000080200000, 0x00000000a8d00000, 0x0000000580100000)
  object space 666624K, 4% used [0x0000000080200000,0x000000008207ab20,0x00000000a8d00000)
 Metaspace       used 20721K, capacity 21180K, committed 21552K, reserved 1069056K
  class space    used 2437K, capacity 2602K, committed 2688K, reserved 1048576K
GC Heap History (6 events):
Event: 3.123 GC heap before
{Heap before GC invocations=1 (full 0):
 PSYoungGen      total 611840K, used 524800K [0x0000000580100000, 0x00000005aab80000, 0x0000000800000000)
  eden space 524800K, 100% used [0x0000000580100000,0x00000005a0180000,0x00000005a0180000)
  from space 87040K, 0% used [0x00000005a5680000,0x00000005a5680000,0x00000005aab80000)
  to   space 87040K, 0% used [0x00000005a0180000,0x00000005a0180000,0x00000005a5680000)
 ParOldGen       total 1398272K, used 0K [0x0000000080200000, 0x00000000d5780000, 0x0000000580100000)
  object space 1398272K, 0% used [0x0000000080200000,0x0000000080200000,0x00000000d5780000)
 Metaspace       used 18960K, capacity 19384K, committed 19584K, reserved 1067008K
  class space    used 2219K, capacity 2372K, committed 2432K, reserved 1048576K
Event: 3.185 GC heap after
Heap after GC invocations=1 (full 0):
 PSYoungGen      total 611840K, used 19844K [0x0000000580100000, 0x00000005cac00000, 0x0000000800000000)
  eden space 524800K, 0% used [0x0000000580100000,0x0000000580100000,0x00000005a0180000)
  from space 87040K, 22% used [0x00000005a0180000,0x00000005a14e1078,0x00000005a5680000)
  to   space 87040K, 0% used [0x00000005c5700000,0x00000005c5700000,0x00000005cac00000)
 ParOldGen       total 1398272K, used 88K [0x0000000080200000, 0x00000000d5780000, 0x0000000580100000)
  object space 1398272K, 0% used [0x0000000080200000,0x0000000080216010,0x00000000d5780000)
 Metaspace       used 18960K, capacity 19384K, committed 19584K, reserved 1067008K
  class space    used 2219K, capacity 2372K, committed 2432K, reserved 1048576K
}
Event: 3.881 GC heap before
{Heap before GC invocations=2 (full 0):
 PSYoungGen      total 611840K, used 207255K [0x0000000580100000, 0x00000005cac00000, 0x0000000800000000)
  eden space 524800K, 35% used [0x0000000580100000,0x000000058b804e10,0x00000005a0180000)
  from space 87040K, 22% used [0x00000005a0180000,0x00000005a14e1078,0x00000005a5680000)
  to   space 87040K, 0% used [0x00000005c5700000,0x00000005c5700000,0x00000005cac00000)
 ParOldGen       total 1398272K, used 88K [0x0000000080200000, 0x00000000d5780000, 0x0000000580100000)
  object space 1398272K, 0% used [0x0000000080200000,0x0000000080216010,0x00000000d5780000)
 Metaspace       used 20653K, capacity 21052K, committed 21296K, reserved 1069056K
  class space    used 2432K, capacity 2602K, committed 2688K, reserved 1048576K
Event: 3.987 GC heap after
Heap after GC invocations=2 (full 0):
 PSYoungGen      total 1136640K, used 32678K [0x0000000580100000, 0x00000005cac00000, 0x0000000800000000)
  eden space 1049600K, 0% used [0x0000000580100000,0x0000000580100000,0x00000005c0200000)
  from space 87040K, 37% used [0x00000005c5700000,0x00000005c76e98c8,0x00000005cac00000)
  to   space 87040K, 0% used [0x00000005c0200000,0x00000005c0200000,0x00000005c5700000)
 ParOldGen       total 1398272K, used 96K [0x0000000080200000, 0x00000000d5780000, 0x0000000580100000)
  object space 1398272K, 0% used [0x0000000080200000,0x0000000080218010,0x00000000d5780000)
 Metaspace       used 20653K, capacity 21052K, committed 21296K, reserved 1069056K
  class space    used 2432K, capacity 2602K, committed 2688K, reserved 1048576K
}
Event: 3.987 GC heap before
{Heap before GC invocations=3 (full 1):
 PSYoungGen      total 1136640K, used 32678K [0x0000000580100000, 0x00000005cac00000, 0x0000000800000000)
  eden space 1049600K, 0% used [0x0000000580100000,0x0000000580100000,0x00000005c0200000)
  from space 87040K, 37% used [0x00000005c5700000,0x00000005c76e98c8,0x00000005cac00000)
  to   space 87040K, 0% used [0x00000005c0200000,0x00000005c0200000,0x00000005c5700000)
 ParOldGen       total 1398272K, used 96K [0x0000000080200000, 0x00000000d5780000, 0x0000000580100000)
  object space 1398272K, 0% used [0x0000000080200000,0x0000000080218010,0x00000000d5780000)
 Metaspace       used 20653K, capacity 21052K, committed 21296K, reserved 1069056K
  class space    used 2432K, capacity 2602K, committed 2688K, reserved 1048576K
Event: 4.068 GC heap after
Heap after GC invocations=3 (full 1):
 PSYoungGen      total 1136640K, used 0K [0x0000000580100000, 0x00000005cac00000, 0x0000000800000000)
  eden space 1049600K, 0% used [0x0000000580100000,0x0000000580100000,0x00000005c0200000)
  from space 87040K, 0% used [0x00000005c5700000,0x00000005c5700000,0x00000005cac00000)
  to   space 87040K, 0% used [0x00000005c0200000,0x00000005c0200000,0x00000005c5700000)
 ParOldGen       total 666624K, used 31210K [0x0000000080200000, 0x00000000a8d00000, 0x0000000580100000)
  object space 666624K, 4% used [0x0000000080200000,0x000000008207ab20,0x00000000a8d00000)
 Metaspace       used 20653K, capacity 21052K, committed 21296K, reserved 1069056K
  class space    used 2432K, capacity 2602K, committed 2688K, reserved 1048576K
}

