<?xml version="1.0" encoding="UTF-8"?><testsuite name="nosetests" tests="132" errors="0" failures="0" skip="0"><testcase classname="tests.unittests.api.test_nopqrst_search" name="test001_browse_nopqrst" time="1" /><testcase classname="tests.unittests.api.test_nopqrst_uvwxy" name="test01_uvwx_mappings" time="0" /><testcase classname="tests.unittests.api.test_nopqrst_uvwxy" name="test01_uvwx_disambiguation" time="0" /><testcase classname="tests.unittests.api.test_stuv" name="test01_link_process" time="0" /><testcase classname="tests.unittests.api.test_stuv" name="test02_link_add_wxyzabc" time="0" /><testcase classname="tests.unittests.api.test_stuv" name="test03_link_ijklm" time="0" /><testcase classname="tests.unittests.api.test_stuv" name="test04_wxyzabc_delete" time="0" /><testcase classname="tests.unittests.api.test_stuv" name="test05_ijklm_soldout" time="0" /><testcase classname="tests.unittests.api.test_stuv" name="test06_link_add" time="0" /><testcase classname="tests.unittests.api.test_stuv" name="test07_update_ijklm" time="0" /><testcase classname="tests.unittests.api.test_stuv" name="test08_price_updates" time="0" /><testcase classname="tests.unittests.api.test_stuv" name="test09_discount" time="0" /><testcase classname="tests.unittests.api.test_stuv" name="test10_add_wxyzabc" time="0" /><testcase classname="tests.unittests.api.test_stuv" name="test11_add_duplicate_slug" time="0" /><testcase classname="tests.unittests.api.test_stuv" name="test12_delete_wxyzabc" time="0" /><testcase classname="tests.unittests.api.test_stuv" name="test13_merge_wxyzabc" time="0" /><testcase classname="tests.unittests.api.test_stuv" name="test14_merge_wxyzabc" time="1" /><testcase classname="tests.unittests.api.test_stuv" name="test15_notification_signals" time="0" /><testcase classname="tests.unittests.api.test_stuv" name="test16_notification_context" time="0" /><testcase classname="tests.unittests.api.test_stuv" name="test17_link_diff" time="1" /><testcase classname="tests.unittests.api.test_stuv" name="test18_links_raw_abcdefgh" time="0" /><testcase classname="tests.unittests.api.test_stuv" name="test19_wxyzabc_slug_change" time="0" /><testcase classname="tests.unittests.api.test_stuv" name="test21_wxyzabc_no_short_description" time="0" /><testcase classname="tests.unittests.api.test_stuv" name="test22_wxyzabc_merging" time="2" /><testcase classname="tests.unittests.api.test_stuv" name="test24_network_merging_link_add" time="0" /><testcase classname="tests.unittests.api.test_stuv" name="test25_network_merging_wxyzabcs_add" time="0" /><testcase classname="tests.unittests.api.test_stuv" name="test26_network_merging_wxyzabcs_connect" time="0" /><testcase classname="tests.unittests.api.test_stuv" name="test27_related_wxyzabcs" time="0" /><testcase classname="tests.unittests.api.test_stuv" name="test28_changed_source_url" time="0" /><testcase classname="tests.unittests.api.test_stuv" name="test29_gender_add_update" time="0" /><testcase classname="tests.unittests.api.test_stuv" name="test30_test_link_state_update_ignore" time="0" /><testcase classname="tests.unittests.api.test_stuv" name="test31_test_link_state_update_moderated_sibling" time="0" /><testcase classname="tests.unittests.api.test_stuv" name="test32_test_link_state_update_accepted_sibling" time="0" /><testcase classname="tests.unittests.api.test_stuv" name="test33_test_link_state_update_ignored_abcdefgh" time="0" /><testcase classname="tests.unittests.api.test_stuv" name="test34_test_link_state_update_incomplete_missing" time="0" /><testcase classname="tests.unittests.api.test_stuv" name="test35_test_link_state_update_incomplete_check_color" time="0" /><testcase classname="tests.unittests.api.test_stuv" name="test36_test_link_state_update_accepted" time="0" /><testcase classname="tests.unittests.api.test_collections" name="test01_basic" time="0" /><testcase classname="tests.unittests.api.test_collections" name="test02_pins_in_collections" time="0" /><testcase classname="tests.unittests.api.test_collections" name="test03_delete_integrity" time="1" /><testcase classname="tests.unittests.api.test_collections" name="test04_error_check" time="0" /><testcase classname="tests.unittests.api.test_counter" name="test01_counters" time="10" /><testcase classname="tests.unittests.api.test_errors" name="test01_errors" time="0" /><testcase classname="tests.unittests.api.test_filtering" name="test01_browse" time="2" /><testcase classname="tests.unittests.api.test_filtering" name="test03_paging" time="8" /><testcase classname="tests.unittests.api.test_filtering" name="test04_lmnopqrs_integration" time="0" /><testcase classname="tests.unittests.api.test_follow_abcd" name="test_user1_follow_user2" time="0" /><testcase classname="tests.unittests.api.test_follow_abcd" name="test_user_should_not_be_able_to_follow_themselves" time="0" /><testcase classname="tests.unittests.api.test_images" name="test01_process_image" time="0" /><testcase classname="tests.unittests.api.test_images" name="test02_source_url_uniqueness" time="0" /><testcase classname="tests.unittests.api.test_images" name="test03_test_image_processor" time="5" /><testcase classname="tests.unittests.api.test_images" name="test04_processing_settings" time="0" /><testcase classname="tests.unittests.api.test_images" name="test05_process_image_with_settings" time="0" /><testcase classname="tests.unittests.api.test_lmnopqr" name="test01_link_process" time="0" /><testcase classname="tests.unittests.api.test_lmnopqr" name="test02_link_add_wxyzabc" time="0" /><testcase classname="tests.unittests.api.test_abcde" name="test02_pins" time="0" /><testcase classname="tests.unittests.api.test_abcde" name="test04_cdefghijk" time="0" /><testcase classname="tests.unittests.api.test_abcde" name="test05_cdefghijk_gender" time="0" /><testcase classname="tests.unittests.api.test_abcde" name="test06_posts" time="0" /><testcase classname="tests.unittests.api.test_abcde" name="test07_defghijks" time="0" /><testcase classname="tests.unittests.api.test_abcde" name="test08_stuvxy" time="0" /><testcase classname="tests.unittests.api.test_abcde" name="test09_add_pin_saves_action" time="0" /><testcase classname="tests.unittests.api.test_abcde" name="test10_add_to_stuvxy_queue_guest" time="0" /><testcase classname="tests.unittests.api.test_abcde" name="test11_add_to_stuvxy_queue_normal" time="0" /><testcase classname="tests.unittests.api.test_abcde" name="test12_add_to_stuvxy_cdefghijk_guest" time="0" /><testcase classname="tests.unittests.api.test_abcde" name="test13_add_to_stuvxy_cdefghijk_normal" time="0" /><testcase classname="tests.unittests.api.test_abcde" name="test14_add_guest_stuvxy_no_current_stuvxy" time="0" /><testcase classname="tests.unittests.api.test_abcde" name="test15_invalid_add_guest_stuvxy_as_start_time_in_past" time="0" /><testcase classname="tests.unittests.api.test_abcde" name="test16_invalid_add_stuvxy_as_end_time_before_start" time="0" /><testcase classname="tests.unittests.api.test_abcde" name="test17_check_no_current_stuvxy" time="0" /><testcase classname="tests.unittests.api.test_abcde" name="test18_invalid_add_guest_stuvxy_as_there_is_a_current_stuvxy_case1" time="0" /><testcase classname="tests.unittests.api.test_abcde" name="test19_invalid_add_guest_stuvxy_as_there_is_a_current_stuvxy_case2" time="0" /><testcase classname="tests.unittests.api.test_abcde" name="test20_invalid_add_guest_stuvxy_as_there_is_a_current_stuvxy_case3" time="0" /><testcase classname="tests.unittests.api.test_abcde" name="test21_invalid_add_guest_stuvxy_as_there_is_a_current_stuvxy_case4" time="0" /><testcase classname="tests.unittests.api.test_abcde" name="test22_invalid_add_guest_stuvxy_as_there_is_a_current_stuvxy_on_border_case1" time="0" /><testcase classname="tests.unittests.api.test_abcde" name="test23_invalid_add_guest_stuvxy_as_there_is_a_current_stuvxy_on_border_case2" time="0" /><testcase classname="tests.unittests.api.test_abcde" name="test24_add_to_stuvxy_cdefghijk_normal_no_associated_action" time="0" /><testcase classname="tests.unittests.api.test_abcde" name="test25_remove_stuvxy_guest" time="0" /><testcase classname="tests.unittests.api.test_abcde" name="test26_remove_from_stuvxy_queue_guest_when_current" time="0" /><testcase classname="tests.unittests.api.test_abcde" name="test27_add_to_stuvxy_cdefghijk_with_backup_action" time="0" /><testcase classname="tests.unittests.api.test_abcde" name="test28_test_attribution_and_retweets" time="0" /><testcase classname="tests.unittests.api.test_abcde" name="test29_save_sharing_settings" time="0" /><testcase classname="tests.unittests.api.test_notifications" name="test02_for_object" time="0" /><testcase classname="tests.unittests.api.test_notifications" name="test03_attribution" time="0" /><testcase classname="tests.unittests.api.test_wxyzabc_update_email" name="test_personal_efgh_alert" time="0" /><testcase classname="tests.unittests.api.test_wxyzabc_update_email" name="test_mixture_efgh_ijklm" time="1" /><testcase classname="tests.unittests.api.test_registration" name="test_create_user_valid_user" time="0" /><testcase classname="tests.unittests.api.test_registration" name="test_create_valid_user_facebook" time="0" /><testcase classname="tests.unittests.api.test_registration" name="test_create_user_valid_user_with_follow" time="0" /><testcase classname="tests.unittests.api.test_registration" name="test_create_user_valid_user_facebook_with_follow" time="0" /><testcase classname="tests.unittests.api.test_registration" name="test_error_create_user_when_username_exists" time="0" /><testcase classname="tests.unittests.api.test_registration" name="test_error_create_user_when_email_exists" time="0" /><testcase classname="tests.unittests.api.test_registration" name="test_error_create_user_no_username_argument" time="0" /><testcase classname="tests.unittests.api.test_registration" name="test_error_create_user_none_username_argument" time="0" /><testcase classname="tests.unittests.api.test_registration" name="test_error_create_user_no_email_argument" time="0" /><testcase classname="tests.unittests.api.test_registration" name="test_error_create_user_none_email_argument" time="0" /><testcase classname="tests.unittests.api.test_registration" name="test_create_user_valid_user_with_follow_abcd_id_invalid" time="0" /><testcase classname="tests.unittests.api.test_registration" name="test_create_user_valid_user_facebook_with_follow_abcd_id_invalid" time="0" /><testcase classname="tests.unittests.api.test_registration" name="test_create_user_valid_user_with_gender" time="0" /><testcase classname="tests.unittests.api.test_registration" name="test_create_user_valid_user_with_invalid_gender_defaults_to_F" time="0" /><testcase classname="tests.unittests.api.test_defghijks" name="test1_defghijk" time="0" /><testcase classname="tests.unittests.api.test_defghijks" name="test2_available" time="0" /><testcase classname="tests.unittests.api.test_search" name="test_negative_queries" time="0" /><testcase classname="tests.unittests.api.test_yzabc" name="test01_basic_yzab_operations" time="0" /><testcase classname="tests.unittests.api.test_yzabc" name="test02_ijklm_status_uvwxy" time="0" /><testcase classname="tests.unittests.api.test_yzabc" name="test03_link_equivalence" time="0" /><testcase classname="tests.unittests.api.test_yzabc" name="test001_browse_yzab_uvwxy" time="0" /><testcase classname="tests.unittests.api.test_uvwx_display" name="test_yzab_UK" time="0" /><testcase classname="tests.unittests.api.test_uvwx_display" name="test_yzab_US" time="0" /><testcase classname="tests.unittests.api.test_uvwx_display" name="test_yzab_invalid" time="0" /><testcase classname="tests.unittests.api.test_uvwx_display" name="test_no_gender" time="0" /><testcase classname="tests.unittests.api.test_uvwx_display" name="test_nopqrst_US" time="0" /><testcase classname="tests.unittests.api.test_uvwx_display" name="test_nopqrst_UK" time="0" /><testcase classname="tests.unittests.api.test_uvwx_display" name="test_nopqrst_suit" time="0" /><testcase classname="tests.unittests.api.test_uvwx_display" name="test_nopqrst_invalid" time="0" /><testcase classname="tests.unittests.api.test_uvwx_display" name="test_no_uvwx" time="0" /><testcase classname="tests.unittests.api.test_social" name="test_comment_basic" time="0" /><testcase classname="tests.unittests.api.test_social" name="test_notifications_basic" time="0" /><testcase classname="tests.unittests.api.test_social" name="test_notifications_comments" time="0" /><testcase classname="tests.unittests.api.test_tags" name="test01_add_tags" time="0" /><testcase classname="tests.unittests.api.test_tags" name="test03_tag_hierarchy" time="0" /><testcase classname="tests.unittests.api.test_tags" name="test04_edge_tagging" time="0" /><testcase classname="tests.unittests.portal.test_last_seen" name="test01_last_seen_shouldnt_be_immediately_updated" time="0" /><testcase classname="tests.unittests.portal.test_last_seen" name="test02_last_seen_should_be_updated_after_6_hours" time="0" /><testcase classname="tests.unittests.portal.test_abcd" name="test_block_robots_on_abcd_browse" time="0" /><testcase classname="tests.unittests.portal.test_abcd" name="test_verified_abcde" time="0" /><testcase classname="tests.unittests.portal.test_abcd" name="test_abcd_photo_process" time="0" /><testcase classname="tests.unittests.portal.test_ijkl" name="test_ijkl_index" time="0" /><testcase classname="tests.unittests.portal.test_ijkl" name="test_wxyzabc_title" time="0" /><testcase classname="tests.unittests.portal.test_ijkl" name="test_ijkl_page" time="0" /><testcase classname="tests.unittests.portal.test_ijkl" name="test_breadcrumbs" time="0" /><testcase classname="tests.unittests.portal.test_mnopqr" name="test_mnopqr_redirect" time="0" /></testsuite>
