# JRE version: 7.0_25-b16
# Java VM: Java HotSpot(TM) 64-Bit Server VM (23.25-b01 mixed mode windows-amd64 compressed oops)
Heap
 PSYoungGen      total 12032K, used 7936K [0x00000007d5600000, 0x00000007d66a0000, 0x0000000800000000)
  eden space 7808K, 100% used [0x00000007d5600000,0x00000007d5da0000,0x00000007d5da0000)
  from space 4224K, 3% used [0x00000007d61f0000,0x00000007d6210000,0x00000007d6610000)
  to   space 4416K, 2% used [0x00000007d5da0000,0x00000007d5db8000,0x00000007d61f0000)
 ParOldGen       total 24384K, used 13201K [0x0000000780200000, 0x00000007819d0000, 0x00000007d5600000)
  object space 24384K, 54% used [0x0000000780200000,0x0000000780ee45f8,0x00000007819d0000)
 PSPermGen       total 77312K, used 62406K [0x000000077b000000, 0x000000077fb80000, 0x0000000780200000)
  object space 77312K, 80% used [0x000000077b000000,0x000000077ecf1818,0x000000077fb80000)
GC Heap History (10 events):
Event: 269509.766 GC heap before
{Heap before GC invocations=40599 (full 1125):
 PSYoungGen      total 11008K, used 8992K [0x00000007d5600000, 0x00000007d6550000, 0x0000000800000000)
  eden space 6464K, 100% used [0x00000007d5600000,0x00000007d5c50000,0x00000007d5c50000)
  from space 4544K, 55% used [0x00000007d5c50000,0x00000007d5ec8020,0x00000007d60c0000)
  to   space 4416K, 0% used [0x00000007d6100000,0x00000007d6100000,0x00000007d6550000)
 ParOldGen       total 20864K, used 19541K [0x0000000780200000, 0x0000000781660000, 0x00000007d5600000)
  object space 20864K, 93% used [0x0000000780200000,0x0000000781515650,0x0000000781660000)
 PSPermGen       total 62784K, used 62701K [0x000000077b000000, 0x000000077ed50000, 0x0000000780200000)
  object space 62784K, 99% used [0x000000077b000000,0x000000077ed3b5b8,0x000000077ed50000)
Event: 269509.768 GC heap after
Heap after GC invocations=40599 (full 1125):
 PSYoungGen      total 11264K, used 2336K [0x00000007d5600000, 0x00000007d6540000, 0x0000000800000000)
  eden space 6912K, 0% used [0x00000007d5600000,0x00000007d5600000,0x00000007d5cc0000)
  from space 4352K, 53% used [0x00000007d6100000,0x00000007d6348020,0x00000007d6540000)
  to   space 4352K, 0% used [0x00000007d5cc0000,0x00000007d5cc0000,0x00000007d6100000)
 ParOldGen       total 20864K, used 19741K [0x0000000780200000, 0x0000000781660000, 0x00000007d5600000)
  object space 20864K, 94% used [0x0000000780200000,0x0000000781547650,0x0000000781660000)
 PSPermGen       total 62784K, used 62701K [0x000000077b000000, 0x000000077ed50000, 0x0000000780200000)
  object space 62784K, 99% used [0x000000077b000000,0x000000077ed3b5b8,0x000000077ed50000)
}
Event: 269509.885 GC heap before
{Heap before GC invocations=40600 (full 1125):
 PSYoungGen      total 11264K, used 9248K [0x00000007d5600000, 0x00000007d6540000, 0x0000000800000000)
  eden space 6912K, 100% used [0x00000007d5600000,0x00000007d5cc0000,0x00000007d5cc0000)
  from space 4352K, 53% used [0x00000007d6100000,0x00000007d6348020,0x00000007d6540000)
  to   space 4352K, 0% used [0x00000007d5cc0000,0x00000007d5cc0000,0x00000007d6100000)
 ParOldGen       total 20864K, used 19741K [0x0000000780200000, 0x0000000781660000, 0x00000007d5600000)
  object space 20864K, 94% used [0x0000000780200000,0x0000000781547650,0x0000000781660000)
 PSPermGen       total 62784K, used 62716K [0x000000077b000000, 0x000000077ed50000, 0x0000000780200000)
  object space 62784K, 99% used [0x000000077b000000,0x000000077ed3f088,0x000000077ed50000)
Event: 269509.887 GC heap after
Heap after GC invocations=40600 (full 1125):
 PSYoungGen      total 11264K, used 2080K [0x00000007d5600000, 0x00000007d65a0000, 0x0000000800000000)
  eden space 6912K, 0% used [0x00000007d5600000,0x00000007d5600000,0x00000007d5cc0000)
  from space 4352K, 47% used [0x00000007d5cc0000,0x00000007d5ec8020,0x00000007d6100000)
  to   space 4288K, 0% used [0x00000007d6170000,0x00000007d6170000,0x00000007d65a0000)
 ParOldGen       total 20864K, used 19973K [0x0000000780200000, 0x0000000781660000, 0x00000007d5600000)
  object space 20864K, 95% used [0x0000000780200000,0x0000000781581650,0x0000000781660000)
 PSPermGen       total 62784K, used 62716K [0x000000077b000000, 0x000000077ed50000, 0x0000000780200000)
  object space 62784K, 99% used [0x000000077b000000,0x000000077ed3f088,0x000000077ed50000)
}
Event: 269509.986 GC heap before
{Heap before GC invocations=40601 (full 1125):
 PSYoungGen      total 11264K, used 8992K [0x00000007d5600000, 0x00000007d65a0000, 0x0000000800000000)
  eden space 6912K, 100% used [0x00000007d5600000,0x00000007d5cc0000,0x00000007d5cc0000)
  from space 4352K, 47% used [0x00000007d5cc0000,0x00000007d5ec8020,0x00000007d6100000)
  to   space 4288K, 0% used [0x00000007d6170000,0x00000007d6170000,0x00000007d65a0000)
 ParOldGen       total 20864K, used 19973K [0x0000000780200000, 0x0000000781660000, 0x00000007d5600000)
  object space 20864K, 95% used [0x0000000780200000,0x0000000781581650,0x0000000781660000)
 PSPermGen       total 62784K, used 62727K [0x000000077b000000, 0x000000077ed50000, 0x0000000780200000)
  object space 62784K, 99% used [0x000000077b000000,0x000000077ed41ed8,0x000000077ed50000)
Event: 269509.988 GC heap after
Heap after GC invocations=40601 (full 1125):
 PSYoungGen      total 11584K, used 1888K [0x00000007d5600000, 0x00000007d6580000, 0x0000000800000000)
  eden space 7424K, 0% used [0x00000007d5600000,0x00000007d5600000,0x00000007d5d40000)
  from space 4160K, 45% used [0x00000007d6170000,0x00000007d6348020,0x00000007d6580000)
  to   space 4224K, 0% used [0x00000007d5d40000,0x00000007d5d40000,0x00000007d6160000)
 ParOldGen       total 20864K, used 20221K [0x0000000780200000, 0x0000000781660000, 0x00000007d5600000)
  object space 20864K, 96% used [0x0000000780200000,0x00000007815bf680,0x0000000781660000)
 PSPermGen       total 62784K, used 62727K [0x000000077b000000, 0x000000077ed50000, 0x0000000780200000)
  object space 62784K, 99% used [0x000000077b000000,0x000000077ed41ed8,0x000000077ed50000)
}
Event: 269510.091 GC heap before
{Heap before GC invocations=40602 (full 1125):
 PSYoungGen      total 11584K, used 9312K [0x00000007d5600000, 0x00000007d6580000, 0x0000000800000000)
  eden space 7424K, 100% used [0x00000007d5600000,0x00000007d5d40000,0x00000007d5d40000)
  from space 4160K, 45% used [0x00000007d6170000,0x00000007d6348020,0x00000007d6580000)
  to   space 4224K, 0% used [0x00000007d5d40000,0x00000007d5d40000,0x00000007d6160000)
 ParOldGen       total 20864K, used 20221K [0x0000000780200000, 0x0000000781660000, 0x00000007d5600000)
  object space 20864K, 96% used [0x0000000780200000,0x00000007815bf680,0x0000000781660000)
 PSPermGen       total 62784K, used 62732K [0x000000077b000000, 0x000000077ed50000, 0x0000000780200000)
  object space 62784K, 99% used [0x000000077b000000,0x000000077ed43280,0x000000077ed50000)
Event: 269510.093 GC heap after
Heap after GC invocations=40602 (full 1125):
 PSYoungGen      total 11648K, used 1652K [0x00000007d5600000, 0x00000007d6610000, 0x0000000800000000)
  eden space 7424K, 0% used [0x00000007d5600000,0x00000007d5600000,0x00000007d5d40000)
  from space 4224K, 39% used [0x00000007d5d40000,0x00000007d5edd148,0x00000007d6160000)
  to   space 4224K, 0% used [0x00000007d61f0000,0x00000007d61f0000,0x00000007d6610000)
 ParOldGen       total 20864K, used 20505K [0x0000000780200000, 0x0000000781660000, 0x00000007d5600000)
  object space 20864K, 98% used [0x0000000780200000,0x00000007816066a0,0x0000000781660000)
 PSPermGen       total 62784K, used 62732K [0x000000077b000000, 0x000000077ed50000, 0x0000000780200000)
  object space 62784K, 99% used [0x000000077b000000,0x000000077ed43280,0x000000077ed50000)
}
Event: 269510.093 GC heap before
{Heap before GC invocations=40603 (full 1126):
 PSYoungGen      total 11648K, used 1652K [0x00000007d5600000, 0x00000007d6610000, 0x0000000800000000)
  eden space 7424K, 0% used [0x00000007d5600000,0x00000007d5600000,0x00000007d5d40000)
  from space 4224K, 39% used [0x00000007d5d40000,0x00000007d5edd148,0x00000007d6160000)
  to   space 4224K, 0% used [0x00000007d61f0000,0x00000007d61f0000,0x00000007d6610000)
 ParOldGen       total 20864K, used 20505K [0x0000000780200000, 0x0000000781660000, 0x00000007d5600000)
  object space 20864K, 98% used [0x0000000780200000,0x00000007816066a0,0x0000000781660000)
 PSPermGen       total 62784K, used 62732K [0x000000077b000000, 0x000000077ed50000, 0x0000000780200000)
  object space 62784K, 99% used [0x000000077b000000,0x000000077ed43280,0x000000077ed50000)
Event: 269510.205 GC heap after
Heap after GC invocations=40603 (full 1126):
 PSYoungGen      total 11648K, used 0K [0x00000007d5600000, 0x00000007d6610000, 0x0000000800000000)
  eden space 7424K, 0% used [0x00000007d5600000,0x00000007d5600000,0x00000007d5d40000)
  from space 4224K, 0% used [0x00000007d5d40000,0x00000007d5d40000,0x00000007d6160000)
  to   space 4224K, 0% used [0x00000007d61f0000,0x00000007d61f0000,0x00000007d6610000)
 ParOldGen       total 24384K, used 13201K [0x0000000780200000, 0x00000007819d0000, 0x00000007d5600000)
  object space 24384K, 54% used [0x0000000780200000,0x0000000780ee45f8,0x00000007819d0000)
 PSPermGen       total 77312K, used 62388K [0x000000077b000000, 0x000000077fb80000, 0x0000000780200000)
  object space 77312K, 80% used [0x000000077b000000,0x000000077eced048,0x000000077fb80000)
}

