# JRE version: Java(TM) SE Runtime Environment (8.0_191-b12) (build 1.8.0_191-b12)
# Java VM: Java HotSpot(TM) 64-Bit Server VM (25.191-b12 mixed mode linux-amd64 compressed oops)
Heap:
 PSYoungGen      total 875008K, used 324168K [0x0000000740000000, 0x0000000780000000, 0x00000007c0000000)
  eden space 701440K, 40% used [0x0000000740000000,0x0000000751636178,0x000000076ad00000)
  from space 173568K, 22% used [0x0000000775680000,0x0000000777cdc038,0x0000000780000000)
  to   space 173568K, 0% used [0x000000076ad00000,0x000000076ad00000,0x0000000775680000)
 ParOldGen       total 2097152K, used 896582K [0x0000000640000000, 0x00000006c0000000, 0x0000000740000000)
  object space 2097152K, 42% used [0x0000000640000000,0x0000000676b91b98,0x00000006c0000000)
 Metaspace       used 212705K, capacity 251147K, committed 282112K, reserved 1296384K
  class space    used 24664K, capacity 32690K, committed 35584K, reserved 1048576K
GC Heap History (10 events):
Event: 4518157.070 GC heap before
{Heap before GC invocations=95715 (full 668):
 PSYoungGen      total 844800K, used 844716K [0x0000000740000000, 0x0000000783900000, 0x00000007c0000000)
  eden space 716800K, 100% used [0x0000000740000000,0x000000076bc00000,0x000000076bc00000)
  from space 128000K, 99% used [0x000000076cc00000,0x00000007748eb130,0x0000000774900000)
  to   space 195072K, 0% used [0x0000000777a80000,0x0000000777a80000,0x0000000783900000)
 ParOldGen       total 2097152K, used 724994K [0x0000000640000000, 0x00000006c0000000, 0x0000000740000000)
  object space 2097152K, 34% used [0x0000000640000000,0x000000066c400958,0x00000006c0000000)
 Metaspace       used 212677K, capacity 251133K, committed 282112K, reserved 1296384K
  class space    used 24660K, capacity 32687K, committed 35584K, reserved 1048576K
Event: 4518157.142 GC heap after
Heap after GC invocations=95715 (full 668):
 PSYoungGen      total 871936K, used 107729K [0x0000000740000000, 0x0000000782180000, 0x00000007c0000000)
  eden space 700928K, 0% used [0x0000000740000000,0x0000000740000000,0x000000076ac80000)
  from space 171008K, 62% used [0x0000000777a80000,0x000000077e3b44d0,0x0000000782180000)
  to   space 190976K, 0% used [0x000000076ac80000,0x000000076ac80000,0x0000000776700000)
 ParOldGen       total 2097152K, used 764410K [0x0000000640000000, 0x00000006c0000000, 0x0000000740000000)
  object space 2097152K, 36% used [0x0000000640000000,0x000000066ea7e958,0x00000006c0000000)
 Metaspace       used 212677K, capacity 251133K, committed 282112K, reserved 1296384K
  class space    used 24660K, capacity 32687K, committed 35584K, reserved 1048576K
}
Event: 4518628.780 GC heap before
{Heap before GC invocations=95716 (full 668):
 PSYoungGen      total 871936K, used 808657K [0x0000000740000000, 0x0000000782180000, 0x00000007c0000000)
  eden space 700928K, 100% used [0x0000000740000000,0x000000076ac80000,0x000000076ac80000)
  from space 171008K, 62% used [0x0000000777a80000,0x000000077e3b44d0,0x0000000782180000)
  to   space 190976K, 0% used [0x000000076ac80000,0x000000076ac80000,0x0000000776700000)
 ParOldGen       total 2097152K, used 764410K [0x0000000640000000, 0x00000006c0000000, 0x0000000740000000)
  object space 2097152K, 36% used [0x0000000640000000,0x000000066ea7e958,0x00000006c0000000)
 Metaspace       used 212677K, capacity 251133K, committed 282112K, reserved 1296384K
  class space    used 24660K, capacity 32687K, committed 35584K, reserved 1048576K
Event: 4518628.824 GC heap after
Heap after GC invocations=95716 (full 668):
 PSYoungGen      total 781312K, used 95708K [0x0000000740000000, 0x0000000780180000, 0x00000007c0000000)
  eden space 685568K, 0% used [0x0000000740000000,0x0000000740000000,0x0000000769d80000)
  from space 95744K, 99% used [0x000000076ac80000,0x00000007709f72a0,0x0000000770a00000)
  to   space 182272K, 0% used [0x0000000774f80000,0x0000000774f80000,0x0000000780180000)
 ParOldGen       total 2097152K, used 796274K [0x0000000640000000, 0x00000006c0000000, 0x0000000740000000)
  object space 2097152K, 37% used [0x0000000640000000,0x000000067099cba8,0x00000006c0000000)
 Metaspace       used 212677K, capacity 251133K, committed 282112K, reserved 1296384K
  class space    used 24660K, capacity 32687K, committed 35584K, reserved 1048576K
}
Event: 4519576.487 GC heap before
{Heap before GC invocations=95717 (full 668):
 PSYoungGen      total 781312K, used 781276K [0x0000000740000000, 0x0000000780180000, 0x00000007c0000000)
  eden space 685568K, 100% used [0x0000000740000000,0x0000000769d80000,0x0000000769d80000)
  from space 95744K, 99% used [0x000000076ac80000,0x00000007709f72a0,0x0000000770a00000)
  to   space 182272K, 0% used [0x0000000774f80000,0x0000000774f80000,0x0000000780180000)
 ParOldGen       total 2097152K, used 796274K [0x0000000640000000, 0x00000006c0000000, 0x0000000740000000)
  object space 2097152K, 37% used [0x0000000640000000,0x000000067099cba8,0x00000006c0000000)
 Metaspace       used 212677K, capacity 251133K, committed 282112K, reserved 1296384K
  class space    used 24660K, capacity 32687K, committed 35584K, reserved 1048576K
Event: 4519576.554 GC heap after
Heap after GC invocations=95717 (full 668):
 PSYoungGen      total 872448K, used 78722K [0x0000000740000000, 0x0000000780000000, 0x00000007c0000000)
  eden space 691712K, 0% used [0x0000000740000000,0x0000000740000000,0x000000076a380000)
  from space 180736K, 43% used [0x0000000774f80000,0x0000000779c60ba0,0x0000000780000000)
  to   space 176128K, 0% used [0x000000076a380000,0x000000076a380000,0x0000000774f80000)
 ParOldGen       total 2097152K, used 831466K [0x0000000640000000, 0x00000006c0000000, 0x0000000740000000)
  object space 2097152K, 39% used [0x0000000640000000,0x0000000672bfaac0,0x00000006c0000000)
 Metaspace       used 212677K, capacity 251133K, committed 282112K, reserved 1296384K
  class space    used 24660K, capacity 32687K, committed 35584K, reserved 1048576K
}
Event: 4519756.703 GC heap before
{Heap before GC invocations=95718 (full 668):
 PSYoungGen      total 872448K, used 770434K [0x0000000740000000, 0x0000000780000000, 0x00000007c0000000)
  eden space 691712K, 100% used [0x0000000740000000,0x000000076a380000,0x000000076a380000)
  from space 180736K, 43% used [0x0000000774f80000,0x0000000779c60ba0,0x0000000780000000)
  to   space 176128K, 0% used [0x000000076a380000,0x000000076a380000,0x0000000774f80000)
 ParOldGen       total 2097152K, used 831466K [0x0000000640000000, 0x00000006c0000000, 0x0000000740000000)
  object space 2097152K, 39% used [0x0000000640000000,0x0000000672bfaac0,0x00000006c0000000)
 Metaspace       used 212678K, capacity 251133K, committed 282112K, reserved 1296384K
  class space    used 24660K, capacity 32687K, committed 35584K, reserved 1048576K
Event: 4519756.762 GC heap after
Heap after GC invocations=95718 (full 668):
 PSYoungGen      total 867840K, used 54464K [0x0000000740000000, 0x0000000780000000, 0x00000007c0000000)
  eden space 691712K, 0% used [0x0000000740000000,0x0000000740000000,0x000000076a380000)
  from space 176128K, 30% used [0x000000076a380000,0x000000076d8b0210,0x0000000774f80000)
  to   space 173568K, 0% used [0x0000000775680000,0x0000000775680000,0x0000000780000000)
 ParOldGen       total 2097152K, used 860589K [0x0000000640000000, 0x00000006c0000000, 0x0000000740000000)
  object space 2097152K, 41% used [0x0000000640000000,0x000000067486b5d8,0x00000006c0000000)
 Metaspace       used 212678K, capacity 251133K, committed 282112K, reserved 1296384K
  class space    used 24660K, capacity 32687K, committed 35584K, reserved 1048576K
}
Event: 4520416.676 GC heap before
{Heap before GC invocations=95719 (full 668):
 PSYoungGen      total 867840K, used 746176K [0x0000000740000000, 0x0000000780000000, 0x00000007c0000000)
  eden space 691712K, 100% used [0x0000000740000000,0x000000076a380000,0x000000076a380000)
  from space 176128K, 30% used [0x000000076a380000,0x000000076d8b0210,0x0000000774f80000)
  to   space 173568K, 0% used [0x0000000775680000,0x0000000775680000,0x0000000780000000)
 ParOldGen       total 2097152K, used 860589K [0x0000000640000000, 0x00000006c0000000, 0x0000000740000000)
  object space 2097152K, 41% used [0x0000000640000000,0x000000067486b5d8,0x00000006c0000000)
 Metaspace       used 212678K, capacity 251133K, committed 282112K, reserved 1296384K
  class space    used 24660K, capacity 32687K, committed 35584K, reserved 1048576K
Event: 4520416.725 GC heap after
Heap after GC invocations=95719 (full 668):
 PSYoungGen      total 875008K, used 39280K [0x0000000740000000, 0x0000000780000000, 0x00000007c0000000)
  eden space 701440K, 0% used [0x0000000740000000,0x0000000740000000,0x000000076ad00000)
  from space 173568K, 22% used [0x0000000775680000,0x0000000777cdc038,0x0000000780000000)
  to   space 173568K, 0% used [0x000000076ad00000,0x000000076ad00000,0x0000000775680000)
 ParOldGen       total 2097152K, used 896582K [0x0000000640000000, 0x00000006c0000000, 0x0000000740000000)
  object space 2097152K, 42% used [0x0000000640000000,0x0000000676b91b98,0x00000006c0000000)
 Metaspace       used 212678K, capacity 251133K, committed 282112K, reserved 1296384K
  class space    used 24660K, capacity 32687K, committed 35584K, reserved 1048576K
}

