# JRE version: OpenJDK Runtime Environment (8.0_191-b12) (build 1.8.0_191-b12)
# Java VM: OpenJDK 64-Bit Server VM (25.191-b12 mixed mode linux-amd64 compressed oops)
Heap:
 PSYoungGen      total 324096K, used 32841K [0x00000006ecb00000, 0x0000000702000000, 0x00000007c0000000)
  eden space 299008K, 6% used [0x00000006ecb00000,0x00000006ede2a610,0x00000006fef00000)
  from space 25088K, 52% used [0x00000006fef00000,0x00000006ffbe8170,0x0000000700780000)
  to   space 25088K, 0% used [0x0000000700780000,0x0000000700780000,0x0000000702000000)
 ParOldGen       total 1129472K, used 621161K [0x0000000546000000, 0x000000058af00000, 0x00000006ecb00000)
  object space 1129472K, 54% used [0x0000000546000000,0x000000056be9a470,0x000000058af00000)
 Metaspace       used 132601K, capacity 156562K, committed 156800K, reserved 1183744K
  class space    used 16095K, capacity 21786K, committed 21888K, reserved 1048576K
GC Heap History (250 events):
Event: 421316.734 GC heap before
{Heap before GC invocations=1306 (full 5):
 PSYoungGen      total 332800K, used 323239K [0x00000006ecb00000, 0x0000000702000000, 0x00000007c0000000)
  eden space 315904K, 100% used [0x00000006ecb00000,0x00000006fff80000,0x00000006fff80000)
  from space 16896K, 43% used [0x0000000700f80000,0x00000007016a9c58,0x0000000702000000)
  to   space 16384K, 0% used [0x00000006fff80000,0x00000006fff80000,0x0000000700f80000)
 ParOldGen       total 1129472K, used 509669K [0x0000000546000000, 0x000000058af00000, 0x00000006ecb00000)
  object space 1129472K, 45% used [0x0000000546000000,0x00000005651b9588,0x000000058af00000)
 Metaspace       used 128133K, capacity 147990K, committed 148224K, reserved 1177600K
  class space    used 14917K, capacity 19579K, committed 19712K, reserved 1048576K
Event: 421316.834 GC heap after
Heap after GC invocations=1306 (full 5):
 PSYoungGen      total 332288K, used 9772K [0x00000006ecb00000, 0x0000000702000000, 0x00000007c0000000)
  eden space 315904K, 0% used [0x00000006ecb00000,0x00000006ecb00000,0x00000006fff80000)
  from space 16384K, 59% used [0x00000006fff80000,0x000000070090b2c0,0x0000000700f80000)
  to   space 16384K, 0% used [0x0000000701000000,0x0000000701000000,0x0000000702000000)
 ParOldGen       total 1129472K, used 509685K [0x0000000546000000, 0x000000058af00000, 0x00000006ecb00000)
  object space 1129472K, 45% used [0x0000000546000000,0x00000005651bd588,0x000000058af00000)
 Metaspace       used 128133K, capacity 147990K, committed 148224K, reserved 1177600K
  class space    used 14917K, capacity 19579K, committed 19712K, reserved 1048576K
}
Event: 421619.652 GC heap before
{Heap before GC invocations=1307 (full 5):
 PSYoungGen      total 332288K, used 325676K [0x00000006ecb00000, 0x0000000702000000, 0x00000007c0000000)
  eden space 315904K, 100% used [0x00000006ecb00000,0x00000006fff80000,0x00000006fff80000)
  from space 16384K, 59% used [0x00000006fff80000,0x000000070090b2c0,0x0000000700f80000)
  to   space 16384K, 0% used [0x0000000701000000,0x0000000701000000,0x0000000702000000)
 ParOldGen       total 1129472K, used 509685K [0x0000000546000000, 0x000000058af00000, 0x00000006ecb00000)
  object space 1129472K, 45% used [0x0000000546000000,0x00000005651bd588,0x000000058af00000)
 Metaspace       used 128133K, capacity 147990K, committed 148224K, reserved 1177600K
  class space    used 14917K, capacity 19579K, committed 19712K, reserved 1048576K
Event: 421619.706 GC heap after
Heap after GC invocations=1307 (full 5):
 PSYoungGen      total 333824K, used 6387K [0x00000006ecb00000, 0x0000000702000000, 0x00000007c0000000)
  eden space 317440K, 0% used [0x00000006ecb00000,0x00000006ecb00000,0x0000000700100000)
  from space 16384K, 38% used [0x0000000701000000,0x000000070163ced0,0x0000000702000000)
  to   space 15360K, 0% used [0x0000000700100000,0x0000000700100000,0x0000000701000000)
 ParOldGen       total 1129472K, used 509701K [0x0000000546000000, 0x000000058af00000, 0x00000006ecb00000)
  object space 1129472K, 45% used [0x0000000546000000,0x00000005651c1588,0x000000058af00000)
 Metaspace       used 128133K, capacity 147990K, committed 148224K, reserved 1177600K
  class space    used 14917K, capacity 19579K, committed 19712K, reserved 1048576K
}
Event: 421976.114 GC heap before
{Heap before GC invocations=1308 (full 5):
 PSYoungGen      total 333824K, used 323827K [0x00000006ecb00000, 0x0000000702000000, 0x00000007c0000000)
  eden space 317440K, 100% used [0x00000006ecb00000,0x0000000700100000,0x0000000700100000)
  from space 16384K, 38% used [0x0000000701000000,0x000000070163ced0,0x0000000702000000)
  to   space 15360K, 0% used [0x0000000700100000,0x0000000700100000,0x0000000701000000)
 ParOldGen       total 1129472K, used 509701K [0x0000000546000000, 0x000000058af00000, 0x00000006ecb00000)
  object space 1129472K, 45% used [0x0000000546000000,0x00000005651c1588,0x000000058af00000)
 Metaspace       used 128133K, capacity 147990K, committed 148224K, reserved 1177600K
  class space    used 14917K, capacity 19579K, committed 19712K, reserved 1048576K
Event: 421976.168 GC heap after
Heap after GC invocations=1308 (full 5):
 PSYoungGen      total 332800K, used 5424K [0x00000006ecb00000, 0x0000000702000000, 0x00000007c0000000)
  eden space 317440K, 0% used [0x00000006ecb00000,0x00000006ecb00000,0x0000000700100000)
  from space 15360K, 35% used [0x0000000700100000,0x000000070064c070,0x0000000701000000)
  to   space 15360K, 0% used [0x0000000701100000,0x0000000701100000,0x0000000702000000)
 ParOldGen       total 1129472K, used 509717K [0x0000000546000000, 0x000000058af00000, 0x00000006ecb00000)
  object space 1129472K, 45% used [0x0000000546000000,0x00000005651c5588,0x000000058af00000)
 Metaspace       used 128133K, capacity 147990K, committed 148224K, reserved 1177600K
  class space    used 14917K, capacity 19579K, committed 19712K, reserved 1048576K
}
Event: 422179.488 GC heap before
{Heap before GC invocations=1309 (full 5):
 PSYoungGen      total 332800K, used 322859K [0x00000006ecb00000, 0x0000000702000000, 0x00000007c0000000)
  eden space 317440K, 99% used [0x00000006ecb00000,0x00000007000fee70,0x0000000700100000)
  from space 15360K, 35% used [0x0000000700100000,0x000000070064c070,0x0000000701000000)
  to   space 15360K, 0% used [0x0000000701100000,0x0000000701100000,0x0000000702000000)
 ParOldGen       total 1129472K, used 509717K [0x0000000546000000, 0x000000058af00000, 0x00000006ecb00000)
  object space 1129472K, 45% used [0x0000000546000000,0x00000005651c5588,0x000000058af00000)
 Metaspace       used 128134K, capacity 147990K, committed 148224K, reserved 1177600K
  class space    used 14917K, capacity 19579K, committed 19712K, reserved 1048576K
Event: 422179.507 GC heap after
Heap after GC invocations=1309 (full 5):
 PSYoungGen      total 334336K, used 5270K [0x00000006ecb00000, 0x0000000702000000, 0x00000007c0000000)
  eden space 318976K, 0% used [0x00000006ecb00000,0x00000006ecb00000,0x0000000700280000)
  from space 15360K, 34% used [0x0000000701100000,0x0000000701625ab0,0x0000000702000000)
  to   space 14848K, 0% used [0x0000000700280000,0x0000000700280000,0x0000000701100000)
 ParOldGen       total 1129472K, used 509746K [0x0000000546000000, 0x000000058af00000, 0x00000006ecb00000)
  object space 1129472K, 45% used [0x0000000546000000,0x00000005651cca10,0x000000058af00000)
 Metaspace       used 128134K, capacity 147990K, committed 148224K, reserved 1177600K
  class space    used 14917K, capacity 19579K, committed 19712K, reserved 1048576K
}
Event: 422216.119 GC heap before
{Heap before GC invocations=1310 (full 5):
 PSYoungGen      total 334336K, used 324246K [0x00000006ecb00000, 0x0000000702000000, 0x00000007c0000000)
  eden space 318976K, 100% used [0x00000006ecb00000,0x0000000700280000,0x0000000700280000)
  from space 15360K, 34% used [0x0000000701100000,0x0000000701625ab0,0x0000000702000000)
  to   space 14848K, 0% used [0x0000000700280000,0x0000000700280000,0x0000000701100000)
 ParOldGen       total 1129472K, used 509746K [0x0000000546000000, 0x000000058af00000, 0x00000006ecb00000)
  object space 1129472K, 45% used [0x0000000546000000,0x00000005651cca10,0x000000058af00000)
 Metaspace       used 128146K, capacity 147990K, committed 148224K, reserved 1177600K
  class space    used 14918K, capacity 19579K, committed 19712K, reserved 1048576K
Event: 422216.190 GC heap after
Heap after GC invocations=1310 (full 5):
 PSYoungGen      total 333824K, used 5968K [0x00000006ecb00000, 0x0000000702000000, 0x00000007c0000000)
  eden space 318976K, 0% used [0x00000006ecb00000,0x00000006ecb00000,0x0000000700280000)
  from space 14848K, 40% used [0x0000000700280000,0x0000000700854080,0x0000000701100000)
  to   space 14336K, 0% used [0x0000000701200000,0x0000000701200000,0x0000000702000000)
 ParOldGen       total 1129472K, used 509746K [0x0000000546000000, 0x000000058af00000, 0x00000006ecb00000)
  object space 1129472K, 45% used [0x0000000546000000,0x00000005651cca10,0x000000058af00000)
 Metaspace       used 128146K, capacity 147990K, committed 148224K, reserved 1177600K
  class space    used 14918K, capacity 19579K, committed 19712K, reserved 1048576K
}
Event: 422220.199 GC heap before
{Heap before GC invocations=1311 (full 5):
 PSYoungGen      total 333824K, used 324944K [0x00000006ecb00000, 0x0000000702000000, 0x00000007c0000000)
  eden space 318976K, 100% used [0x00000006ecb00000,0x0000000700280000,0x0000000700280000)
  from space 14848K, 40% used [0x0000000700280000,0x0000000700854080,0x0000000701100000)
  to   space 14336K, 0% used [0x0000000701200000,0x0000000701200000,0x0000000702000000)
 ParOldGen       total 1129472K, used 509746K [0x0000000546000000, 0x000000058af00000, 0x00000006ecb00000)
  object space 1129472K, 45% used [0x0000000546000000,0x00000005651cca10,0x000000058af00000)
 Metaspace       used 128284K, capacity 148124K, committed 148480K, reserved 1177600K
  class space    used 14939K, capacity 19626K, committed 19712K, reserved 1048576K
Event: 422220.222 GC heap after
Heap after GC invocations=1311 (full 5):
 PSYoungGen      total 334848K, used 9222K [0x00000006ecb00000, 0x0000000702000000, 0x00000007c0000000)
  eden space 320512K, 0% used [0x00000006ecb00000,0x00000006ecb00000,0x0000000700400000)
  from space 14336K, 64% used [0x0000000701200000,0x0000000701b01840,0x0000000702000000)
  to   space 14336K, 0% used [0x0000000700400000,0x0000000700400000,0x0000000701200000)
 ParOldGen       total 1129472K, used 509754K [0x0000000546000000, 0x000000058af00000, 0x00000006ecb00000)
  object space 1129472K, 45% used [0x0000000546000000,0x00000005651cea10,0x000000058af00000)
 Metaspace       used 128284K, capacity 148124K, committed 148480K, reserved 1177600K
  class space    used 14939K, capacity 19626K, committed 19712K, reserved 1048576K
}
Event: 422278.167 GC heap before
{Heap before GC invocations=1312 (full 5):
 PSYoungGen      total 334848K, used 329734K [0x00000006ecb00000, 0x0000000702000000, 0x00000007c0000000)
  eden space 320512K, 100% used [0x00000006ecb00000,0x0000000700400000,0x0000000700400000)
  from space 14336K, 64% used [0x0000000701200000,0x0000000701b01840,0x0000000702000000)
  to   space 14336K, 0% used [0x0000000700400000,0x0000000700400000,0x0000000701200000)
 ParOldGen       total 1129472K, used 509754K [0x0000000546000000, 0x000000058af00000, 0x00000006ecb00000)
  object space 1129472K, 45% used [0x0000000546000000,0x00000005651cea10,0x000000058af00000)
 Metaspace       used 128305K, capacity 148130K, committed 148480K, reserved 1177600K
  class space    used 14940K, capacity 19627K, committed 19712K, reserved 1048576K
Event: 422278.258 GC heap after
Heap after GC invocations=1312 (full 5):
 PSYoungGen      total 331776K, used 10924K [0x00000006ecb00000, 0x0000000702000000, 0x00000007c0000000)
  eden space 320512K, 0% used [0x00000006ecb00000,0x00000006ecb00000,0x0000000700400000)
  from space 11264K, 96% used [0x0000000700400000,0x0000000700eab208,0x0000000700f00000)
  to   space 14848K, 0% used [0x0000000701180000,0x0000000701180000,0x0000000702000000)
 ParOldGen       total 1129472K, used 509762K [0x0000000546000000, 0x000000058af00000, 0x00000006ecb00000)
  object space 1129472K, 45% used [0x0000000546000000,0x00000005651d0a10,0x000000058af00000)
 Metaspace       used 128305K, capacity 148130K, committed 148480K, reserved 1177600K
  class space    used 14940K, capacity 19627K, committed 19712K, reserved 1048576K
}
Event: 422577.771 GC heap before
{Heap before GC invocations=1313 (full 5):
 PSYoungGen      total 331776K, used 331436K [0x00000006ecb00000, 0x0000000702000000, 0x00000007c0000000)
  eden space 320512K, 100% used [0x00000006ecb00000,0x0000000700400000,0x0000000700400000)
  from space 11264K, 96% used [0x0000000700400000,0x0000000700eab208,0x0000000700f00000)
  to   space 14848K, 0% used [0x0000000701180000,0x0000000701180000,0x0000000702000000)
 ParOldGen       total 1129472K, used 509762K [0x0000000546000000, 0x000000058af00000, 0x00000006ecb00000)
  object space 1129472K, 45% used [0x0000000546000000,0x00000005651d0a10,0x000000058af00000)
 Metaspace       used 128355K, capacity 148130K, committed 148480K, reserved 1177600K
  class space    used 14941K, capacity 19627K, committed 19712K, reserved 1048576K
Event: 422577.857 GC heap after
Heap after GC invocations=1313 (full 5):
 PSYoungGen      total 333312K, used 10272K [0x00000006ecb00000, 0x0000000702000000, 0x00000007c0000000)
  eden space 318464K, 0% used [0x00000006ecb00000,0x00000006ecb00000,0x0000000700200000)
  from space 14848K, 69% used [0x0000000701180000,0x0000000701b880b0,0x0000000702000000)
  to   space 15360K, 0% used [0x0000000700200000,0x0000000700200000,0x0000000701100000)
 ParOldGen       total 1129472K, used 509770K [0x0000000546000000, 0x000000058af00000, 0x00000006ecb00000)
  object space 1129472K, 45% used [0x0000000546000000,0x00000005651d2a10,0x000000058af00000)
 Metaspace       used 128355K, capacity 148130K, committed 148480K, reserved 1177600K
  class space    used 14941K, capacity 19627K, committed 19712K, reserved 1048576K
}
Event: 422878.488 GC heap before
{Heap before GC invocations=1314 (full 5):
 PSYoungGen      total 333312K, used 328728K [0x00000006ecb00000, 0x0000000702000000, 0x00000007c0000000)
  eden space 318464K, 99% used [0x00000006ecb00000,0x00000007001fe068,0x0000000700200000)
  from space 14848K, 69% used [0x0000000701180000,0x0000000701b880b0,0x0000000702000000)
  to   space 15360K, 0% used [0x0000000700200000,0x0000000700200000,0x0000000701100000)
 ParOldGen       total 1129472K, used 509770K [0x0000000546000000, 0x000000058af00000, 0x00000006ecb00000)
  object space 1129472K, 45% used [0x0000000546000000,0x00000005651d2a10,0x000000058af00000)
 Metaspace       used 128360K, capacity 148194K, committed 148480K, reserved 1177600K
  class space    used 14941K, capacity 19627K, committed 19712K, reserved 1048576K
Event: 422878.586 GC heap after
Heap after GC invocations=1314 (full 5):
 PSYoungGen      total 333824K, used 10002K [0x00000006ecb00000, 0x0000000702000000, 0x00000007c0000000)
  eden space 318464K, 0% used [0x00000006ecb00000,0x00000006ecb00000,0x0000000700200000)
  from space 15360K, 65% used [0x0000000700200000,0x0000000700bc4a20,0x0000000701100000)
  to   space 15360K, 0% used [0x0000000701100000,0x0000000701100000,0x0000000702000000)
 ParOldGen       total 1129472K, used 509786K [0x0000000546000000, 0x000000058af00000, 0x00000006ecb00000)
  object space 1129472K, 45% used [0x0000000546000000,0x00000005651d6a10,0x000000058af00000)
 Metaspace       used 128360K, capacity 148194K, committed 148480K, reserved 1177600K
  class space    used 14941K, capacity 19627K, committed 19712K, reserved 1048576K
}
Event: 423189.306 GC heap before
{Heap before GC invocations=1315 (full 5):
 PSYoungGen      total 333824K, used 328466K [0x00000006ecb00000, 0x0000000702000000, 0x00000007c0000000)
  eden space 318464K, 100% used [0x00000006ecb00000,0x0000000700200000,0x0000000700200000)
  from space 15360K, 65% used [0x0000000700200000,0x0000000700bc4a20,0x0000000701100000)
  to   space 15360K, 0% used [0x0000000701100000,0x0000000701100000,0x0000000702000000)
 ParOldGen       total 1129472K, used 509786K [0x0000000546000000, 0x000000058af00000, 0x00000006ecb00000)
  object space 1129472K, 45% used [0x0000000546000000,0x00000005651d6a10,0x000000058af00000)
 Metaspace       used 128362K, capacity 148194K, committed 148480K, reserved 1177600K
  class space    used 14941K, capacity 19627K, committed 19712K, reserved 1048576K
Event: 423189.331 GC heap after
Heap after GC invocations=1315 (full 5):
 PSYoungGen      total 333824K, used 9957K [0x00000006ecb00000, 0x0000000702000000, 0x00000007c0000000)
  eden space 318464K, 0% used [0x00000006ecb00000,0x00000006ecb00000,0x0000000700200000)
  from space 15360K, 64% used [0x0000000701100000,0x0000000701ab96d0,0x0000000702000000)
  to   space 15360K, 0% used [0x0000000700200000,0x0000000700200000,0x0000000701100000)
 ParOldGen       total 1129472K, used 509794K [0x0000000546000000, 0x000000058af00000, 0x00000006ecb00000)
  object space 1129472K, 45% used [0x0000000546000000,0x00000005651d8a10,0x000000058af00000)
 Metaspace       used 128362K, capacity 148194K, committed 148480K, reserved 1177600K
  class space    used 14941K, capacity 19627K, committed 19712K, reserved 1048576K
}
Event: 423224.434 GC heap before
{Heap before GC invocations=1316 (full 5):
 PSYoungGen      total 333824K, used 328421K [0x00000006ecb00000, 0x0000000702000000, 0x00000007c0000000)
  eden space 318464K, 100% used [0x00000006ecb00000,0x0000000700200000,0x0000000700200000)
  from space 15360K, 64% used [0x0000000701100000,0x0000000701ab96d0,0x0000000702000000)
  to   space 15360K, 0% used [0x0000000700200000,0x0000000700200000,0x0000000701100000)
 ParOldGen       total 1129472K, used 509794K [0x0000000546000000, 0x000000058af00000, 0x00000006ecb00000)
  object space 1129472K, 45% used [0x0000000546000000,0x00000005651d8a10,0x000000058af00000)
 Metaspace       used 128412K, capacity 148328K, committed 148608K, reserved 1177600K
  class space    used 14963K, capacity 19669K, committed 19840K, reserved 1048576K
Event: 423224.478 GC heap after
Heap after GC invocations=1316 (full 5):
 PSYoungGen      total 331264K, used 12701K [0x00000006ecb00000, 0x0000000702000000, 0x00000007c0000000)
  eden space 318464K, 0% used [0x00000006ecb00000,0x00000006ecb00000,0x0000000700200000)
  from space 12800K, 99% used [0x0000000700200000,0x0000000700e67790,0x0000000700e80000)
  to   space 16384K, 0% used [0x0000000701000000,0x0000000701000000,0x0000000702000000)
 ParOldGen       total 1129472K, used 510450K [0x0000000546000000, 0x000000058af00000, 0x00000006ecb00000)
  object space 1129472K, 45% used [0x0000000546000000,0x000000056527ca30,0x000000058af00000)
 Metaspace       used 128412K, capacity 148328K, committed 148608K, reserved 1177600K
  class space    used 14963K, capacity 19669K, committed 19840K, reserved 1048576K
}
Event: 423257.740 GC heap before
{Heap before GC invocations=1317 (full 5):
 PSYoungGen      total 331264K, used 331165K [0x00000006ecb00000, 0x0000000702000000, 0x00000007c0000000)
  eden space 318464K, 100% used [0x00000006ecb00000,0x0000000700200000,0x0000000700200000)
  from space 12800K, 99% used [0x0000000700200000,0x0000000700e67790,0x0000000700e80000)
  to   space 16384K, 0% used [0x0000000701000000,0x0000000701000000,0x0000000702000000)
 ParOldGen       total 1129472K, used 510450K [0x0000000546000000, 0x000000058af00000, 0x00000006ecb00000)
  object space 1129472K, 45% used [0x0000000546000000,0x000000056527ca30,0x000000058af00000)
 Metaspace       used 128522K, capacity 148602K, committed 148864K, reserved 1177600K
  class space    used 15007K, capacity 19754K, committed 19840K, reserved 1048576K
Event: 423257.844 GC heap after
Heap after GC invocations=1317 (full 5):
 PSYoungGen      total 329216K, used 16370K [0x00000006ecb00000, 0x0000000702580000, 0x00000007c0000000)
  eden space 312832K, 0% used [0x00000006ecb00000,0x00000006ecb00000,0x00000006ffc80000)
  from space 16384K, 99% used [0x0000000701000000,0x0000000701ffc970,0x0000000702000000)
  to   space 19968K, 0% used [0x00000006ffc80000,0x00000006ffc80000,0x0000000701000000)
 ParOldGen       total 1129472K, used 514399K [0x0000000546000000, 0x000000058af00000, 0x00000006ecb00000)
  object space 1129472K, 45% used [0x0000000546000000,0x0000000565657fd8,0x000000058af00000)
 Metaspace       used 128522K, capacity 148602K, committed 148864K, reserved 1177600K
  class space    used 15007K, capacity 19754K, committed 19840K, reserved 1048576K
}
Event: 423329.123 GC heap before
{Heap before GC invocations=1318 (full 5):
 PSYoungGen      total 329216K, used 329202K [0x00000006ecb00000, 0x0000000702580000, 0x00000007c0000000)
  eden space 312832K, 100% used [0x00000006ecb00000,0x00000006ffc80000,0x00000006ffc80000)
  from space 16384K, 99% used [0x0000000701000000,0x0000000701ffc970,0x0000000702000000)
  to   space 19968K, 0% used [0x00000006ffc80000,0x00000006ffc80000,0x0000000701000000)
 ParOldGen       total 1129472K, used 514399K [0x0000000546000000, 0x000000058af00000, 0x00000006ecb00000)
  object space 1129472K, 45% used [0x0000000546000000,0x0000000565657fd8,0x000000058af00000)
 Metaspace       used 128522K, capacity 148602K, committed 148864K, reserved 1177600K
  class space    used 15007K, capacity 19754K, committed 19840K, reserved 1048576K
Event: 423329.189 GC heap after
Heap after GC invocations=1318 (full 5):
 PSYoungGen      total 328704K, used 18683K [0x00000006ecb00000, 0x0000000702480000, 0x00000007c0000000)
  eden space 309760K, 0% used [0x00000006ecb00000,0x00000006ecb00000,0x00000006ff980000)
  from space 18944K, 98% used [0x00000006ffc80000,0x0000000700ebef50,0x0000000700f00000)
  to   space 22016K, 0% used [0x0000000700f00000,0x0000000700f00000,0x0000000702480000)
 ParOldGen       total 1129472K, used 514415K [0x0000000546000000, 0x000000058af00000, 0x00000006ecb00000)
  object space 1129472K, 45% used [0x0000000546000000,0x000000056565bfd8,0x000000058af00000)
 Metaspace       used 128522K, capacity 148602K, committed 148864K, reserved 1177600K
  class space    used 15007K, capacity 19754K, committed 19840K, reserved 1048576K
}
Event: 423363.227 GC heap before
{Heap before GC invocations=1319 (full 5):
 PSYoungGen      total 328704K, used 328443K [0x00000006ecb00000, 0x0000000702480000, 0x00000007c0000000)
  eden space 309760K, 100% used [0x00000006ecb00000,0x00000006ff980000,0x00000006ff980000)
  from space 18944K, 98% used [0x00000006ffc80000,0x0000000700ebef50,0x0000000700f00000)
  to   space 22016K, 0% used [0x0000000700f00000,0x0000000700f00000,0x0000000702480000)
 ParOldGen       total 1129472K, used 514415K [0x0000000546000000, 0x000000058af00000, 0x00000006ecb00000)
  object space 1129472K, 45% used [0x0000000546000000,0x000000056565bfd8,0x000000058af00000)
 Metaspace       used 128532K, capacity 148620K, committed 148864K, reserved 1177600K
  class space    used 15009K, capacity 19757K, committed 19840K, reserved 1048576K
Event: 423363.297 GC heap after
Heap after GC invocations=1319 (full 5):
 PSYoungGen      total 328704K, used 19402K [0x00000006ecb00000, 0x0000000702580000, 0x00000007c0000000)
  eden space 306688K, 0% used [0x00000006ecb00000,0x00000006ecb00000,0x00000006ff680000)
  from space 22016K, 88% used [0x0000000700f00000,0x00000007021f2a48,0x0000000702480000)
  to   space 24064K, 0% used [0x00000006ff680000,0x00000006ff680000,0x0000000700e00000)
 ParOldGen       total 1129472K, used 514415K [0x0000000546000000, 0x000000058af00000, 0x00000006ecb00000)
  object space 1129472K, 45% used [0x0000000546000000,0x000000056565bfd8,0x000000058af00000)
 Metaspace       used 128532K, capacity 148620K, committed 148864K, reserved 1177600K
  class space    used 15009K, capacity 19757K, committed 19840K, reserved 1048576K
}
Event: 423405.907 GC heap before
{Heap before GC invocations=1320 (full 5):
 PSYoungGen      total 328704K, used 326090K [0x00000006ecb00000, 0x0000000702580000, 0x00000007c0000000)
  eden space 306688K, 100% used [0x00000006ecb00000,0x00000006ff680000,0x00000006ff680000)
  from space 22016K, 88% used [0x0000000700f00000,0x00000007021f2a48,0x0000000702480000)
  to   space 24064K, 0% used [0x00000006ff680000,0x00000006ff680000,0x0000000700e00000)
 ParOldGen       total 1129472K, used 514415K [0x0000000546000000, 0x000000058af00000, 0x00000006ecb00000)
  object space 1129472K, 45% used [0x0000000546000000,0x000000056565bfd8,0x000000058af00000)
 Metaspace       used 128593K, capacity 148818K, committed 149248K, reserved 1179648K
  class space    used 15031K, capacity 19799K, committed 19968K, reserved 1048576K
Event: 423405.986 GC heap after
Heap after GC invocations=1320 (full 5):
 PSYoungGen      total 323072K, used 19313K [0x00000006ecb00000, 0x0000000702580000, 0x00000007c0000000)
  eden space 303616K, 0% used [0x00000006ecb00000,0x00000006ecb00000,0x00000006ff380000)
  from space 19456K, 99% used [0x00000006ff680000,0x000000070095c588,0x0000000700980000)
  to   space 25600K, 0% used [0x0000000700c80000,0x0000000700c80000,0x0000000702580000)
 ParOldGen       total 1129472K, used 515071K [0x0000000546000000, 0x000000058af00000, 0x00000006ecb00000)
  object space 1129472K, 45% used [0x0000000546000000,0x00000005656ffff8,0x000000058af00000)
 Metaspace       used 128593K, capacity 148818K, committed 149248K, reserved 1179648K
  class space    used 15031K, capacity 19799K, committed 19968K, reserved 1048576K
}
Event: 423477.954 GC heap before
{Heap before GC invocations=1321 (full 5):
 PSYoungGen      total 323072K, used 322929K [0x00000006ecb00000, 0x0000000702580000, 0x00000007c0000000)
  eden space 303616K, 100% used [0x00000006ecb00000,0x00000006ff380000,0x00000006ff380000)
  from space 19456K, 99% used [0x00000006ff680000,0x000000070095c588,0x0000000700980000)
  to   space 25600K, 0% used [0x0000000700c80000,0x0000000700c80000,0x0000000702580000)
 ParOldGen       total 1129472K, used 515071K [0x0000000546000000, 0x000000058af00000, 0x00000006ecb00000)
  object space 1129472K, 45% used [0x0000000546000000,0x00000005656ffff8,0x000000058af00000)
 Metaspace       used 128594K, capacity 148824K, committed 149248K, reserved 1179648K
  class space    used 15032K, capacity 19800K, committed 19968K, reserved 1048576K
Event: 423478.080 GC heap after
Heap after GC invocations=1321 (full 5):
 PSYoungGen      total 325120K, used 17725K [0x00000006ecb00000, 0x0000000702480000, 0x00000007c0000000)
  eden space 300544K, 0% used [0x00000006ecb00000,0x00000006ecb00000,0x00000006ff080000)
  from space 24576K, 72% used [0x0000000700c80000,0x0000000701dcf5a8,0x0000000702480000)
  to   space 26624K, 0% used [0x00000006ff080000,0x00000006ff080000,0x0000000700a80000)
 ParOldGen       total 1129472K, used 515263K [0x0000000546000000, 0x000000058af00000, 0x00000006ecb00000)
  object space 1129472K, 45% used [0x0000000546000000,0x000000056572fff8,0x000000058af00000)
 Metaspace       used 128594K, capacity 148824K, committed 149248K, reserved 1179648K
  class space    used 15032K, capacity 19800K, committed 19968K, reserved 1048576K
}
Event: 423751.476 GC heap before
{Heap before GC invocations=1322 (full 5):
 PSYoungGen      total 325120K, used 318269K [0x00000006ecb00000, 0x0000000702480000, 0x00000007c0000000)
  eden space 300544K, 100% used [0x00000006ecb00000,0x00000006ff080000,0x00000006ff080000)
  from space 24576K, 72% used [0x0000000700c80000,0x0000000701dcf5a8,0x0000000702480000)
  to   space 26624K, 0% used [0x00000006ff080000,0x00000006ff080000,0x0000000700a80000)
 ParOldGen       total 1129472K, used 515263K [0x0000000546000000, 0x000000058af00000, 0x00000006ecb00000)
  object space 1129472K, 45% used [0x0000000546000000,0x000000056572fff8,0x000000058af00000)
 Metaspace       used 128597K, capacity 148824K, committed 149248K, reserved 1179648K
  class space    used 15032K, capacity 19800K, committed 19968K, reserved 1048576K
Event: 423751.511 GC heap after
Heap after GC invocations=1322 (full 5):
 PSYoungGen      total 313344K, used 15437K [0x00000006ecb00000, 0x0000000702080000, 0x00000007c0000000)
  eden space 297472K, 0% used [0x00000006ecb00000,0x00000006ecb00000,0x00000006fed80000)
  from space 15872K, 97% used [0x00000006ff080000,0x00000006fff934d8,0x0000000700000000)
  to   space 26112K, 0% used [0x0000000700700000,0x0000000700700000,0x0000000702080000)
 ParOldGen       total 1129472K, used 515279K [0x0000000546000000, 0x000000058af00000, 0x00000006ecb00000)
  object space 1129472K, 45% used [0x0000000546000000,0x0000000565733ff8,0x000000058af00000)
 Metaspace       used 128597K, capacity 148824K, committed 149248K, reserved 1179648K
  class space    used 15032K, capacity 19800K, committed 19968K, reserved 1048576K
}
Event: 423960.812 GC heap before
{Heap before GC invocations=1323 (full 5):
 PSYoungGen      total 313344K, used 312909K [0x00000006ecb00000, 0x0000000702080000, 0x00000007c0000000)
  eden space 297472K, 100% used [0x00000006ecb00000,0x00000006fed80000,0x00000006fed80000)
  from space 15872K, 97% used [0x00000006ff080000,0x00000006fff934d8,0x0000000700000000)
  to   space 26112K, 0% used [0x0000000700700000,0x0000000700700000,0x0000000702080000)
 ParOldGen       total 1129472K, used 515279K [0x0000000546000000, 0x000000058af00000, 0x00000006ecb00000)
  object space 1129472K, 45% used [0x0000000546000000,0x0000000565733ff8,0x000000058af00000)
 Metaspace       used 128600K, capacity 148828K, committed 149248K, reserved 1179648K
  class space    used 15032K, capacity 19800K, committed 19968K, reserved 1048576K
Event: 423960.840 GC heap after
Heap after GC invocations=1323 (full 5):
 PSYoungGen      total 324096K, used 12635K [0x00000006ecb00000, 0x0000000702000000, 0x00000007c0000000)
  eden space 298496K, 0% used [0x00000006ecb00000,0x00000006ecb00000,0x00000006fee80000)
  from space 25600K, 49% used [0x0000000700700000,0x0000000701356f68,0x0000000702000000)
  to   space 25088K, 0% used [0x00000006fee80000,0x00000006fee80000,0x0000000700700000)
 ParOldGen       total 1129472K, used 515279K [0x0000000546000000, 0x000000058af00000, 0x00000006ecb00000)
  object space 1129472K, 45% used [0x0000000546000000,0x0000000565733ff8,0x000000058af00000)
 Metaspace       used 128600K, capacity 148828K, committed 149248K, reserved 1179648K
  class space    used 15032K, capacity 19800K, committed 19968K, reserved 1048576K
}
Event: 424292.767 GC heap before
{Heap before GC invocations=1324 (full 5):
 PSYoungGen      total 324096K, used 311131K [0x00000006ecb00000, 0x0000000702000000, 0x00000007c0000000)
  eden space 298496K, 100% used [0x00000006ecb00000,0x00000006fee80000,0x00000006fee80000)
  from space 25600K, 49% used [0x0000000700700000,0x0000000701356f68,0x0000000702000000)
  to   space 25088K, 0% used [0x00000006fee80000,0x00000006fee80000,0x0000000700700000)
 ParOldGen       total 1129472K, used 515279K [0x0000000546000000, 0x000000058af00000, 0x00000006ecb00000)
  object space 1129472K, 45% used [0x0000000546000000,0x0000000565733ff8,0x000000058af00000)
 Metaspace       used 128600K, capacity 148828K, committed 149248K, reserved 1179648K
  class space    used 15032K, capacity 19800K, committed 19968K, reserved 1048576K
Event: 424292.807 GC heap after
Heap after GC invocations=1324 (full 5):
 PSYoungGen      total 323584K, used 13234K [0x00000006ecb00000, 0x0000000702000000, 0x00000007c0000000)
  eden space 298496K, 0% used [0x00000006ecb00000,0x00000006ecb00000,0x00000006fee80000)
  from space 25088K, 52% used [0x00000006fee80000,0x00000006ffb6c9f0,0x0000000700700000)
  to   space 23552K, 0% used [0x0000000700900000,0x0000000700900000,0x0000000702000000)
 ParOldGen       total 1129472K, used 515295K [0x0000000546000000, 0x000000058af00000, 0x00000006ecb00000)
  object space 1129472K, 45% used [0x0000000546000000,0x0000000565737ff8,0x000000058af00000)
 Metaspace       used 128600K, capacity 148828K, committed 149248K, reserved 1179648K
  class space    used 15032K, capacity 19800K, committed 19968K, reserved 1048576K
}
Event: 424571.955 GC heap before
{Heap before GC invocations=1325 (full 5):
 PSYoungGen      total 323584K, used 311730K [0x00000006ecb00000, 0x0000000702000000, 0x00000007c0000000)
  eden space 298496K, 100% used [0x00000006ecb00000,0x00000006fee80000,0x00000006fee80000)
  from space 25088K, 52% used [0x00000006fee80000,0x00000006ffb6c9f0,0x0000000700700000)
  to   space 23552K, 0% used [0x0000000700900000,0x0000000700900000,0x0000000702000000)
 ParOldGen       total 1129472K, used 515295K [0x0000000546000000, 0x000000058af00000, 0x00000006ecb00000)
  object space 1129472K, 45% used [0x0000000546000000,0x0000000565737ff8,0x000000058af00000)
 Metaspace       used 128600K, capacity 148828K, committed 149248K, reserved 1179648K
  class space    used 15032K, capacity 19800K, committed 19968K, reserved 1048576K
Event: 424571.984 GC heap after
Heap after GC invocations=1325 (full 5):
 PSYoungGen      total 326144K, used 12139K [0x00000006ecb00000, 0x0000000702000000, 0x00000007c0000000)
  eden space 302592K, 0% used [0x00000006ecb00000,0x00000006ecb00000,0x00000006ff280000)
  from space 23552K, 51% used [0x0000000700900000,0x00000007014dad88,0x0000000702000000)
  to   space 23040K, 0% used [0x00000006ff280000,0x00000006ff280000,0x0000000700900000)
 ParOldGen       total 1129472K, used 516367K [0x0000000546000000, 0x000000058af00000, 0x00000006ecb00000)
  object space 1129472K, 45% used [0x0000000546000000,0x0000000565843e00,0x000000058af00000)
 Metaspace       used 128600K, capacity 148828K, committed 149248K, reserved 1179648K
  class space    used 15032K, capacity 19800K, committed 19968K, reserved 1048576K
}
Event: 424859.021 GC heap before
{Heap before GC invocations=1326 (full 5):
 PSYoungGen      total 326144K, used 314731K [0x00000006ecb00000, 0x0000000702000000, 0x00000007c0000000)
  eden space 302592K, 100% used [0x00000006ecb00000,0x00000006ff280000,0x00000006ff280000)
  from space 23552K, 51% used [0x0000000700900000,0x00000007014dad88,0x0000000702000000)
  to   space 23040K, 0% used [0x00000006ff280000,0x00000006ff280000,0x0000000700900000)
 ParOldGen       total 1129472K, used 516367K [0x0000000546000000, 0x000000058af00000, 0x00000006ecb00000)
  object space 1129472K, 45% used [0x0000000546000000,0x0000000565843e00,0x000000058af00000)
 Metaspace       used 128600K, capacity 148828K, committed 149248K, reserved 1179648K
  class space    used 15032K, capacity 19800K, committed 19968K, reserved 1048576K
Event: 424859.135 GC heap after
Heap after GC invocations=1326 (full 5):
 PSYoungGen      total 325632K, used 9929K [0x00000006ecb00000, 0x0000000702000000, 0x00000007c0000000)
  eden space 302592K, 0% used [0x00000006ecb00000,0x00000006ecb00000,0x00000006ff280000)
  from space 23040K, 43% used [0x00000006ff280000,0x00000006ffc325f8,0x0000000700900000)
  to   space 22528K, 0% used [0x0000000700a00000,0x0000000700a00000,0x0000000702000000)
 ParOldGen       total 1129472K, used 518979K [0x0000000546000000, 0x000000058af00000, 0x00000006ecb00000)
  object space 1129472K, 45% used [0x0000000546000000,0x0000000565ad0fc0,0x000000058af00000)
 Metaspace       used 128600K, capacity 148828K, committed 149248K, reserved 1179648K
  class space    used 15032K, capacity 19800K, committed 19968K, reserved 1048576K
}
Event: 425171.841 GC heap before
{Heap before GC invocations=1327 (full 5):
 PSYoungGen      total 325632K, used 312521K [0x00000006ecb00000, 0x0000000702000000, 0x00000007c0000000)
  eden space 302592K, 100% used [0x00000006ecb00000,0x00000006ff280000,0x00000006ff280000)
  from space 23040K, 43% used [0x00000006ff280000,0x00000006ffc325f8,0x0000000700900000)
  to   space 22528K, 0% used [0x0000000700a00000,0x0000000700a00000,0x0000000702000000)
 ParOldGen       total 1129472K, used 518979K [0x0000000546000000, 0x000000058af00000, 0x00000006ecb00000)
  object space 1129472K, 45% used [0x0000000546000000,0x0000000565ad0fc0,0x000000058af00000)
 Metaspace       used 128600K, capacity 148828K, committed 149248K, reserved 1179648K
  class space    used 15032K, capacity 19800K, committed 19968K, reserved 1048576K
Event: 425171.866 GC heap after
Heap after GC invocations=1327 (full 5):
 PSYoungGen      total 327168K, used 9790K [0x00000006ecb00000, 0x0000000702000000, 0x00000007c0000000)
  eden space 304640K, 0% used [0x00000006ecb00000,0x00000006ecb00000,0x00000006ff480000)
  from space 22528K, 43% used [0x0000000700a00000,0x000000070138f860,0x0000000702000000)
  to   space 22016K, 0% used [0x00000006ff480000,0x00000006ff480000,0x0000000700a00000)
 ParOldGen       total 1129472K, used 519947K [0x0000000546000000, 0x000000058af00000, 0x00000006ecb00000)
  object space 1129472K, 46% used [0x0000000546000000,0x0000000565bc2fc0,0x000000058af00000)
 Metaspace       used 128600K, capacity 148828K, committed 149248K, reserved 1179648K
  class space    used 15032K, capacity 19800K, committed 19968K, reserved 1048576K
}
Event: 425471.824 GC heap before
{Heap before GC invocations=1328 (full 5):
 PSYoungGen      total 327168K, used 314430K [0x00000006ecb00000, 0x0000000702000000, 0x00000007c0000000)
  eden space 304640K, 100% used [0x00000006ecb00000,0x00000006ff480000,0x00000006ff480000)
  from space 22528K, 43% used [0x0000000700a00000,0x000000070138f860,0x0000000702000000)
  to   space 22016K, 0% used [0x00000006ff480000,0x00000006ff480000,0x0000000700a00000)
 ParOldGen       total 1129472K, used 519947K [0x0000000546000000, 0x000000058af00000, 0x00000006ecb00000)
  object space 1129472K, 46% used [0x0000000546000000,0x0000000565bc2fc0,0x000000058af00000)
 Metaspace       used 128600K, capacity 148828K, committed 149248K, reserved 1179648K
  class space    used 15032K, capacity 19800K, committed 19968K, reserved 1048576K
Event: 425471.849 GC heap after
Heap after GC invocations=1328 (full 5):
 PSYoungGen      total 326656K, used 9337K [0x00000006ecb00000, 0x0000000702000000, 0x00000007c0000000)
  eden space 304640K, 0% used [0x00000006ecb00000,0x00000006ecb00000,0x00000006ff480000)
  from space 22016K, 42% used [0x00000006ff480000,0x00000006ffd9e628,0x0000000700a00000)
  to   space 21504K, 0% used [0x0000000700b00000,0x0000000700b00000,0x0000000702000000)
 ParOldGen       total 1129472K, used 519971K [0x0000000546000000, 0x000000058af00000, 0x00000006ecb00000)
  object space 1129472K, 46% used [0x0000000546000000,0x0000000565bc8fc0,0x000000058af00000)
 Metaspace       used 128600K, capacity 148828K, committed 149248K, reserved 1179648K
  class space    used 15032K, capacity 19800K, committed 19968K, reserved 1048576K
}
Event: 425758.840 GC heap before
{Heap before GC invocations=1329 (full 5):
 PSYoungGen      total 326656K, used 313977K [0x00000006ecb00000, 0x0000000702000000, 0x00000007c0000000)
  eden space 304640K, 100% used [0x00000006ecb00000,0x00000006ff480000,0x00000006ff480000)
  from space 22016K, 42% used [0x00000006ff480000,0x00000006ffd9e628,0x0000000700a00000)
  to   space 21504K, 0% used [0x0000000700b00000,0x0000000700b00000,0x0000000702000000)
 ParOldGen       total 1129472K, used 519971K [0x0000000546000000, 0x000000058af00000, 0x00000006ecb00000)
  object space 1129472K, 46% used [0x0000000546000000,0x0000000565bc8fc0,0x000000058af00000)
 Metaspace       used 128600K, capacity 148828K, committed 149248K, reserved 1179648K
  class space    used 15032K, capacity 19800K, committed 19968K, reserved 1048576K
Event: 425758.895 GC heap after
Heap after GC invocations=1329 (full 5):
 PSYoungGen      total 328192K, used 8969K [0x00000006ecb00000, 0x0000000702000000, 0x00000007c0000000)
  eden space 306688K, 0% used [0x00000006ecb00000,0x00000006ecb00000,0x00000006ff680000)
  from space 21504K, 41% used [0x0000000700b00000,0x00000007013c2628,0x0000000702000000)
  to   space 20992K, 0% used [0x00000006ff680000,0x00000006ff680000,0x0000000700b00000)
 ParOldGen       total 1129472K, used 519987K [0x0000000546000000, 0x000000058af00000, 0x00000006ecb00000)
  object space 1129472K, 46% used [0x0000000546000000,0x0000000565bccfc0,0x000000058af00000)
 Metaspace       used 128600K, capacity 148828K, committed 149248K, reserved 1179648K
  class space    used 15032K, capacity 19800K, committed 19968K, reserved 1048576K
}
Event: 425949.112 GC heap before
{Heap before GC invocations=1330 (full 5):
 PSYoungGen      total 328192K, used 315638K [0x00000006ecb00000, 0x0000000702000000, 0x00000007c0000000)
  eden space 306688K, 99% used [0x00000006ecb00000,0x00000006ff67b3b8,0x00000006ff680000)
  from space 21504K, 41% used [0x0000000700b00000,0x00000007013c2628,0x0000000702000000)
  to   space 20992K, 0% used [0x00000006ff680000,0x00000006ff680000,0x0000000700b00000)
 ParOldGen       total 1129472K, used 519987K [0x0000000546000000, 0x000000058af00000, 0x00000006ecb00000)
  object space 1129472K, 46% used [0x0000000546000000,0x0000000565bccfc0,0x000000058af00000)
 Metaspace       used 128600K, capacity 148828K, committed 149248K, reserved 1179648K
  class space    used 15032K, capacity 19800K, committed 19968K, reserved 1048576K
Event: 425949.136 GC heap after
Heap after GC invocations=1330 (full 5):
 PSYoungGen      total 327680K, used 8737K [0x00000006ecb00000, 0x0000000702000000, 0x00000007c0000000)
  eden space 306688K, 0% used [0x00000006ecb00000,0x00000006ecb00000,0x00000006ff680000)
  from space 20992K, 41% used [0x00000006ff680000,0x00000006fff086d0,0x0000000700b00000)
  to   space 20992K, 0% used [0x0000000700b80000,0x0000000700b80000,0x0000000702000000)
 ParOldGen       total 1129472K, used 520083K [0x0000000546000000, 0x000000058af00000, 0x00000006ecb00000)
  object space 1129472K, 46% used [0x0000000546000000,0x0000000565be4fc0,0x000000058af00000)
 Metaspace       used 128600K, capacity 148828K, committed 149248K, reserved 1179648K
  class space    used 15032K, capacity 19800K, committed 19968K, reserved 1048576K
}
Event: 426007.249 GC heap before
{Heap before GC invocations=1331 (full 5):
 PSYoungGen      total 327680K, used 315425K [0x00000006ecb00000, 0x0000000702000000, 0x00000007c0000000)
  eden space 306688K, 100% used [0x00000006ecb00000,0x00000006ff680000,0x00000006ff680000)
  from space 20992K, 41% used [0x00000006ff680000,0x00000006fff086d0,0x0000000700b00000)
  to   space 20992K, 0% used [0x0000000700b80000,0x0000000700b80000,0x0000000702000000)
 ParOldGen       total 1129472K, used 520083K [0x0000000546000000, 0x000000058af00000, 0x00000006ecb00000)
  object space 1129472K, 46% used [0x0000000546000000,0x0000000565be4fc0,0x000000058af00000)
 Metaspace       used 128658K, capacity 148964K, committed 149248K, reserved 1179648K
  class space    used 15055K, capacity 19844K, committed 19968K, reserved 1048576K
Event: 426007.294 GC heap after
Heap after GC invocations=1331 (full 5):
 PSYoungGen      total 329216K, used 10705K [0x00000006ecb00000, 0x0000000702000000, 0x00000007c0000000)
  eden space 308224K, 0% used [0x00000006ecb00000,0x00000006ecb00000,0x00000006ff800000)
  from space 20992K, 50% used [0x0000000700b80000,0x00000007015f4430,0x0000000702000000)
  to   space 19968K, 0% used [0x00000006ff800000,0x00000006ff800000,0x0000000700b80000)
 ParOldGen       total 1129472K, used 521940K [0x0000000546000000, 0x000000058af00000, 0x00000006ecb00000)
  object space 1129472K, 46% used [0x0000000546000000,0x0000000565db5050,0x000000058af00000)
 Metaspace       used 128658K, capacity 148964K, committed 149248K, reserved 1179648K
  class space    used 15055K, capacity 19844K, committed 19968K, reserved 1048576K
}
Event: 426031.960 GC heap before
{Heap before GC invocations=1332 (full 5):
 PSYoungGen      total 329216K, used 318929K [0x00000006ecb00000, 0x0000000702000000, 0x00000007c0000000)
  eden space 308224K, 100% used [0x00000006ecb00000,0x00000006ff800000,0x00000006ff800000)
  from space 20992K, 50% used [0x0000000700b80000,0x00000007015f4430,0x0000000702000000)
  to   space 19968K, 0% used [0x00000006ff800000,0x00000006ff800000,0x0000000700b80000)
 ParOldGen       total 1129472K, used 521940K [0x0000000546000000, 0x000000058af00000, 0x00000006ecb00000)
  object space 1129472K, 46% used [0x0000000546000000,0x0000000565db5050,0x000000058af00000)
 Metaspace       used 128801K, capacity 149236K, committed 149632K, reserved 1179648K
  class space    used 15100K, capacity 19932K, committed 20096K, reserved 1048576K
Event: 426032.043 GC heap after
Heap after GC invocations=1332 (full 5):
 PSYoungGen      total 328192K, used 14190K [0x00000006ecb00000, 0x0000000702000000, 0x00000007c0000000)
  eden space 308224K, 0% used [0x00000006ecb00000,0x00000006ecb00000,0x00000006ff800000)
  from space 19968K, 71% used [0x00000006ff800000,0x00000007005dbbf8,0x0000000700b80000)
  to   space 20480K, 0% used [0x0000000700c00000,0x0000000700c00000,0x0000000702000000)
 ParOldGen       total 1129472K, used 524225K [0x0000000546000000, 0x000000058af00000, 0x00000006ecb00000)
  object space 1129472K, 46% used [0x0000000546000000,0x0000000565ff0730,0x000000058af00000)
 Metaspace       used 128801K, capacity 149236K, committed 149632K, reserved 1179648K
  class space    used 15100K, capacity 19932K, committed 20096K, reserved 1048576K
}
Event: 426117.827 GC heap before
{Heap before GC invocations=1333 (full 5):
 PSYoungGen      total 328192K, used 322414K [0x00000006ecb00000, 0x0000000702000000, 0x00000007c0000000)
  eden space 308224K, 100% used [0x00000006ecb00000,0x00000006ff800000,0x00000006ff800000)
  from space 19968K, 71% used [0x00000006ff800000,0x00000007005dbbf8,0x0000000700b80000)
  to   space 20480K, 0% used [0x0000000700c00000,0x0000000700c00000,0x0000000702000000)
 ParOldGen       total 1129472K, used 524225K [0x0000000546000000, 0x000000058af00000, 0x00000006ecb00000)
  object space 1129472K, 46% used [0x0000000546000000,0x0000000565ff0730,0x000000058af00000)
 Metaspace       used 128819K, capacity 149268K, committed 149632K, reserved 1179648K
  class space    used 15104K, capacity 19940K, committed 20096K, reserved 1048576K
Event: 426117.973 GC heap after
Heap after GC invocations=1333 (full 5):
 PSYoungGen      total 328704K, used 14507K [0x00000006ecb00000, 0x0000000702000000, 0x00000007c0000000)
  eden space 308224K, 0% used [0x00000006ecb00000,0x00000006ecb00000,0x00000006ff800000)
  from space 20480K, 70% used [0x0000000700c00000,0x0000000701a2ae30,0x0000000702000000)
  to   space 20480K, 0% used [0x00000006ff800000,0x00000006ff800000,0x0000000700c00000)
 ParOldGen       total 1129472K, used 524249K [0x0000000546000000, 0x000000058af00000, 0x00000006ecb00000)
  object space 1129472K, 46% used [0x0000000546000000,0x0000000565ff6730,0x000000058af00000)
 Metaspace       used 128819K, capacity 149268K, committed 149632K, reserved 1179648K
  class space    used 15104K, capacity 19940K, committed 20096K, reserved 1048576K
}
Event: 426289.850 GC heap before
{Heap before GC invocations=1334 (full 5):
 PSYoungGen      total 328704K, used 322731K [0x00000006ecb00000, 0x0000000702000000, 0x00000007c0000000)
  eden space 308224K, 100% used [0x00000006ecb00000,0x00000006ff800000,0x00000006ff800000)
  from space 20480K, 70% used [0x0000000700c00000,0x0000000701a2ae30,0x0000000702000000)
  to   space 20480K, 0% used [0x00000006ff800000,0x00000006ff800000,0x0000000700c00000)
 ParOldGen       total 1129472K, used 524249K [0x0000000546000000, 0x000000058af00000, 0x00000006ecb00000)
  object space 1129472K, 46% used [0x0000000546000000,0x0000000565ff6730,0x000000058af00000)
 Metaspace       used 128821K, capacity 149268K, committed 149632K, reserved 1179648K
  class space    used 15104K, capacity 19940K, committed 20096K, reserved 1048576K
Event: 426289.929 GC heap after
Heap after GC invocations=1334 (full 5):
 PSYoungGen      total 328704K, used 13390K [0x00000006ecb00000, 0x0000000702000000, 0x00000007c0000000)
  eden space 308224K, 0% used [0x00000006ecb00000,0x00000006ecb00000,0x00000006ff800000)
  from space 20480K, 65% used [0x00000006ff800000,0x0000000700513a78,0x0000000700c00000)
  to   space 19968K, 0% used [0x0000000700c80000,0x0000000700c80000,0x0000000702000000)
 ParOldGen       total 1129472K, used 524545K [0x0000000546000000, 0x000000058af00000, 0x00000006ecb00000)
  object space 1129472K, 46% used [0x0000000546000000,0x0000000566040750,0x000000058af00000)
 Metaspace       used 128821K, capacity 149268K, committed 149632K, reserved 1179648K
  class space    used 15104K, capacity 19940K, committed 20096K, reserved 1048576K
}
Event: 426390.850 GC heap before
{Heap before GC invocations=1335 (full 5):
 PSYoungGen      total 328704K, used 321614K [0x00000006ecb00000, 0x0000000702000000, 0x00000007c0000000)
  eden space 308224K, 100% used [0x00000006ecb00000,0x00000006ff800000,0x00000006ff800000)
  from space 20480K, 65% used [0x00000006ff800000,0x0000000700513a78,0x0000000700c00000)
  to   space 19968K, 0% used [0x0000000700c80000,0x0000000700c80000,0x0000000702000000)
 ParOldGen       total 1129472K, used 524545K [0x0000000546000000, 0x000000058af00000, 0x00000006ecb00000)
  object space 1129472K, 46% used [0x0000000546000000,0x0000000566040750,0x000000058af00000)
 Metaspace       used 128822K, capacity 149268K, committed 149632K, reserved 1179648K
  class space    used 15104K, capacity 19940K, committed 20096K, reserved 1048576K
Event: 426390.907 GC heap after
Heap after GC invocations=1335 (full 5):
 PSYoungGen      total 328192K, used 14755K [0x00000006ecb00000, 0x0000000702000000, 0x00000007c0000000)
  eden space 308224K, 0% used [0x00000006ecb00000,0x00000006ecb00000,0x00000006ff800000)
  from space 19968K, 73% used [0x0000000700c80000,0x0000000701ae8ca0,0x0000000702000000)
  to   space 20480K, 0% used [0x00000006ff800000,0x00000006ff800000,0x0000000700c00000)
 ParOldGen       total 1129472K, used 525337K [0x0000000546000000, 0x000000058af00000, 0x00000006ecb00000)
  object space 1129472K, 46% used [0x0000000546000000,0x0000000566106770,0x000000058af00000)
 Metaspace       used 128822K, capacity 149268K, committed 149632K, reserved 1179648K
  class space    used 15104K, capacity 19940K, committed 20096K, reserved 1048576K
}
Event: 426537.310 GC heap before
{Heap before GC invocations=1336 (full 5):
 PSYoungGen      total 328192K, used 322979K [0x00000006ecb00000, 0x0000000702000000, 0x00000007c0000000)
  eden space 308224K, 100% used [0x00000006ecb00000,0x00000006ff800000,0x00000006ff800000)
  from space 19968K, 73% used [0x0000000700c80000,0x0000000701ae8ca0,0x0000000702000000)
  to   space 20480K, 0% used [0x00000006ff800000,0x00000006ff800000,0x0000000700c00000)
 ParOldGen       total 1129472K, used 525337K [0x0000000546000000, 0x000000058af00000, 0x00000006ecb00000)
  object space 1129472K, 46% used [0x0000000546000000,0x0000000566106770,0x000000058af00000)
 Metaspace       used 128824K, capacity 149268K, committed 149632K, reserved 1179648K
  class space    used 15104K, capacity 19940K, committed 20096K, reserved 1048576K
Event: 426537.426 GC heap after
Heap after GC invocations=1336 (full 5):
 PSYoungGen      total 328704K, used 15153K [0x00000006ecb00000, 0x0000000702000000, 0x00000007c0000000)
  eden space 308224K, 0% used [0x00000006ecb00000,0x00000006ecb00000,0x00000006ff800000)
  from space 20480K, 73% used [0x00000006ff800000,0x00000007006cc478,0x0000000700c00000)
  to   space 20480K, 0% used [0x0000000700c00000,0x0000000700c00000,0x0000000702000000)
 ParOldGen       total 1129472K, used 525529K [0x0000000546000000, 0x000000058af00000, 0x00000006ecb00000)
  object space 1129472K, 46% used [0x0000000546000000,0x0000000566136770,0x000000058af00000)
 Metaspace       used 128824K, capacity 149268K, committed 149632K, reserved 1179648K
  class space    used 15104K, capacity 19940K, committed 20096K, reserved 1048576K
}
Event: 426639.427 GC heap before
{Heap before GC invocations=1337 (full 5):
 PSYoungGen      total 328704K, used 323377K [0x00000006ecb00000, 0x0000000702000000, 0x00000007c0000000)
  eden space 308224K, 100% used [0x00000006ecb00000,0x00000006ff800000,0x00000006ff800000)
  from space 20480K, 73% used [0x00000006ff800000,0x00000007006cc478,0x0000000700c00000)
  to   space 20480K, 0% used [0x0000000700c00000,0x0000000700c00000,0x0000000702000000)
 ParOldGen       total 1129472K, used 525529K [0x0000000546000000, 0x000000058af00000, 0x00000006ecb00000)
  object space 1129472K, 46% used [0x0000000546000000,0x0000000566136770,0x000000058af00000)
 Metaspace       used 128843K, capacity 149268K, committed 149632K, reserved 1179648K
  class space    used 15104K, capacity 19940K, committed 20096K, reserved 1048576K
Event: 426639.479 GC heap after
Heap after GC invocations=1337 (full 5):
 PSYoungGen      total 329216K, used 12997K [0x00000006ecb00000, 0x0000000702000000, 0x00000007c0000000)
  eden space 308736K, 0% used [0x00000006ecb00000,0x00000006ecb00000,0x00000006ff880000)
  from space 20480K, 63% used [0x0000000700c00000,0x00000007018b1470,0x0000000702000000)
  to   space 19968K, 0% used [0x00000006ff880000,0x00000006ff880000,0x0000000700c00000)
 ParOldGen       total 1129472K, used 525545K [0x0000000546000000, 0x000000058af00000, 0x00000006ecb00000)
  object space 1129472K, 46% used [0x0000000546000000,0x000000056613a770,0x000000058af00000)
 Metaspace       used 128843K, capacity 149268K, committed 149632K, reserved 1179648K
  class space    used 15104K, capacity 19940K, committed 20096K, reserved 1048576K
}
Event: 426783.281 GC heap before
{Heap before GC invocations=1338 (full 5):
 PSYoungGen      total 329216K, used 321457K [0x00000006ecb00000, 0x0000000702000000, 0x00000007c0000000)
  eden space 308736K, 99% used [0x00000006ecb00000,0x00000006ff83b0e8,0x00000006ff880000)
  from space 20480K, 63% used [0x0000000700c00000,0x00000007018b1470,0x0000000702000000)
  to   space 19968K, 0% used [0x00000006ff880000,0x00000006ff880000,0x0000000700c00000)
 ParOldGen       total 1129472K, used 525545K [0x0000000546000000, 0x000000058af00000, 0x00000006ecb00000)
  object space 1129472K, 46% used [0x0000000546000000,0x000000056613a770,0x000000058af00000)
 Metaspace       used 128852K, capacity 149268K, committed 149632K, reserved 1179648K
  class space    used 15105K, capacity 19940K, committed 20096K, reserved 1048576K
Event: 426783.352 GC heap after
Heap after GC invocations=1338 (full 5):
 PSYoungGen      total 328704K, used 11506K [0x00000006ecb00000, 0x0000000702000000, 0x00000007c0000000)
  eden space 308736K, 0% used [0x00000006ecb00000,0x00000006ecb00000,0x00000006ff880000)
  from space 19968K, 57% used [0x00000006ff880000,0x00000007003bca80,0x0000000700c00000)
  to   space 19456K, 0% used [0x0000000700d00000,0x0000000700d00000,0x0000000702000000)
 ParOldGen       total 1129472K, used 525545K [0x0000000546000000, 0x000000058af00000, 0x00000006ecb00000)
  object space 1129472K, 46% used [0x0000000546000000,0x000000056613a770,0x000000058af00000)
 Metaspace       used 128852K, capacity 149268K, committed 149632K, reserved 1179648K
  class space    used 15105K, capacity 19940K, committed 20096K, reserved 1048576K
}
Event: 426851.717 GC heap before
{Heap before GC invocations=1339 (full 5):
 PSYoungGen      total 328704K, used 320242K [0x00000006ecb00000, 0x0000000702000000, 0x00000007c0000000)
  eden space 308736K, 100% used [0x00000006ecb00000,0x00000006ff880000,0x00000006ff880000)
  from space 19968K, 57% used [0x00000006ff880000,0x00000007003bca80,0x0000000700c00000)
  to   space 19456K, 0% used [0x0000000700d00000,0x0000000700d00000,0x0000000702000000)
 ParOldGen       total 1129472K, used 525545K [0x0000000546000000, 0x000000058af00000, 0x00000006ecb00000)
  object space 1129472K, 46% used [0x0000000546000000,0x000000056613a770,0x000000058af00000)
 Metaspace       used 128852K, capacity 149268K, committed 149632K, reserved 1179648K
  class space    used 15105K, capacity 19940K, committed 20096K, reserved 1048576K
Event: 426851.783 GC heap after
Heap after GC invocations=1339 (full 5):
 PSYoungGen      total 330240K, used 12978K [0x00000006ecb00000, 0x0000000702000000, 0x00000007c0000000)
  eden space 310784K, 0% used [0x00000006ecb00000,0x00000006ecb00000,0x00000006ffa80000)
  from space 19456K, 66% used [0x0000000700d00000,0x00000007019ac9f0,0x0000000702000000)
  to   space 18944K, 0% used [0x00000006ffa80000,0x00000006ffa80000,0x0000000700d00000)
 ParOldGen       total 1129472K, used 525545K [0x0000000546000000, 0x000000058af00000, 0x00000006ecb00000)
  object space 1129472K, 46% used [0x0000000546000000,0x000000056613a770,0x000000058af00000)
 Metaspace       used 128852K, capacity 149268K, committed 149632K, reserved 1179648K
  class space    used 15105K, capacity 19940K, committed 20096K, reserved 1048576K
}
Event: 426859.342 GC heap before
{Heap before GC invocations=1340 (full 5):
 PSYoungGen      total 330240K, used 323762K [0x00000006ecb00000, 0x0000000702000000, 0x00000007c0000000)
  eden space 310784K, 100% used [0x00000006ecb00000,0x00000006ffa80000,0x00000006ffa80000)
  from space 19456K, 66% used [0x0000000700d00000,0x00000007019ac9f0,0x0000000702000000)
  to   space 18944K, 0% used [0x00000006ffa80000,0x00000006ffa80000,0x0000000700d00000)
 ParOldGen       total 1129472K, used 525545K [0x0000000546000000, 0x000000058af00000, 0x00000006ecb00000)
  object space 1129472K, 46% used [0x0000000546000000,0x000000056613a770,0x000000058af00000)
 Metaspace       used 128870K, capacity 149268K, committed 149632K, reserved 1179648K
  class space    used 15106K, capacity 19940K, committed 20096K, reserved 1048576K
Event: 426859.409 GC heap after
Heap after GC invocations=1340 (full 5):
 PSYoungGen      total 329728K, used 12368K [0x00000006ecb00000, 0x0000000702000000, 0x00000007c0000000)
  eden space 310784K, 0% used [0x00000006ecb00000,0x00000006ecb00000,0x00000006ffa80000)
  from space 18944K, 65% used [0x00000006ffa80000,0x0000000700694160,0x0000000700d00000)
  to   space 18432K, 0% used [0x0000000700e00000,0x0000000700e00000,0x0000000702000000)
 ParOldGen       total 1129472K, used 525553K [0x0000000546000000, 0x000000058af00000, 0x00000006ecb00000)
  object space 1129472K, 46% used [0x0000000546000000,0x000000056613c770,0x000000058af00000)
 Metaspace       used 128870K, capacity 149268K, committed 149632K, reserved 1179648K
  class space    used 15106K, capacity 19940K, committed 20096K, reserved 1048576K
}
Event: 426864.371 GC heap before
{Heap before GC invocations=1341 (full 5):
 PSYoungGen      total 329728K, used 323152K [0x00000006ecb00000, 0x0000000702000000, 0x00000007c0000000)
  eden space 310784K, 100% used [0x00000006ecb00000,0x00000006ffa80000,0x00000006ffa80000)
  from space 18944K, 65% used [0x00000006ffa80000,0x0000000700694160,0x0000000700d00000)
  to   space 18432K, 0% used [0x0000000700e00000,0x0000000700e00000,0x0000000702000000)
 ParOldGen       total 1129472K, used 525553K [0x0000000546000000, 0x000000058af00000, 0x00000006ecb00000)
  object space 1129472K, 46% used [0x0000000546000000,0x000000056613c770,0x000000058af00000)
 Metaspace       used 129215K, capacity 149958K, committed 150144K, reserved 1179648K
  class space    used 15167K, capacity 20034K, committed 20096K, reserved 1048576K
Event: 426864.469 GC heap after
Heap after GC invocations=1341 (full 5):
 PSYoungGen      total 329728K, used 15152K [0x00000006ecb00000, 0x0000000702000000, 0x00000007c0000000)
  eden space 311296K, 0% used [0x00000006ecb00000,0x00000006ecb00000,0x00000006ffb00000)
  from space 18432K, 82% used [0x0000000700e00000,0x0000000701ccc140,0x0000000702000000)
  to   space 18944K, 0% used [0x00000006ffb00000,0x00000006ffb00000,0x0000000700d80000)
 ParOldGen       total 1129472K, used 525577K [0x0000000546000000, 0x000000058af00000, 0x00000006ecb00000)
  object space 1129472K, 46% used [0x0000000546000000,0x0000000566142770,0x000000058af00000)
 Metaspace       used 129215K, capacity 149958K, committed 150144K, reserved 1179648K
  class space    used 15167K, capacity 20034K, committed 20096K, reserved 1048576K
}
Event: 426873.594 GC heap before
{Heap before GC invocations=1342 (full 5):
 PSYoungGen      total 329728K, used 326448K [0x00000006ecb00000, 0x0000000702000000, 0x00000007c0000000)
  eden space 311296K, 100% used [0x00000006ecb00000,0x00000006ffb00000,0x00000006ffb00000)
  from space 18432K, 82% used [0x0000000700e00000,0x0000000701ccc140,0x0000000702000000)
  to   space 18944K, 0% used [0x00000006ffb00000,0x00000006ffb00000,0x0000000700d80000)
 ParOldGen       total 1129472K, used 525577K [0x0000000546000000, 0x000000058af00000, 0x00000006ecb00000)
  object space 1129472K, 46% used [0x0000000546000000,0x0000000566142770,0x000000058af00000)
 Metaspace       used 129671K, capacity 150524K, committed 150784K, reserved 1179648K
  class space    used 15246K, capacity 20128K, committed 20224K, reserved 1048576K
Event: 426873.708 GC heap after
Heap after GC invocations=1342 (full 5):
 PSYoungGen      total 330240K, used 18928K [0x00000006ecb00000, 0x0000000702000000, 0x00000007c0000000)
  eden space 311296K, 0% used [0x00000006ecb00000,0x00000006ecb00000,0x00000006ffb00000)
  from space 18944K, 99% used [0x00000006ffb00000,0x0000000700d7c250,0x0000000700d80000)
  to   space 18944K, 0% used [0x0000000700d80000,0x0000000700d80000,0x0000000702000000)
 ParOldGen       total 1129472K, used 526101K [0x0000000546000000, 0x000000058af00000, 0x00000006ecb00000)
  object space 1129472K, 46% used [0x0000000546000000,0x00000005661c5420,0x000000058af00000)
 Metaspace       used 129671K, capacity 150524K, committed 150784K, reserved 1179648K
  class space    used 15246K, capacity 20128K, committed 20224K, reserved 1048576K
}
Event: 426881.481 GC heap before
{Heap before GC invocations=1343 (full 5):
 PSYoungGen      total 330240K, used 330224K [0x00000006ecb00000, 0x0000000702000000, 0x00000007c0000000)
  eden space 311296K, 100% used [0x00000006ecb00000,0x00000006ffb00000,0x00000006ffb00000)
  from space 18944K, 99% used [0x00000006ffb00000,0x0000000700d7c250,0x0000000700d80000)
  to   space 18944K, 0% used [0x0000000700d80000,0x0000000700d80000,0x0000000702000000)
 ParOldGen       total 1129472K, used 526101K [0x0000000546000000, 0x000000058af00000, 0x00000006ecb00000)
  object space 1129472K, 46% used [0x0000000546000000,0x00000005661c5420,0x000000058af00000)
 Metaspace       used 130173K, capacity 151370K, committed 151552K, reserved 1179648K
  class space    used 15345K, capacity 20342K, committed 20480K, reserved 1048576K
Event: 426881.598 GC heap after
Heap after GC invocations=1343 (full 5):
 PSYoungGen      total 326144K, used 18914K [0x00000006ecb00000, 0x0000000702500000, 0x00000007c0000000)
  eden space 307200K, 0% used [0x00000006ecb00000,0x00000006ecb00000,0x00000006ff700000)
  from space 18944K, 99% used [0x0000000700d80000,0x0000000701ff8af0,0x0000000702000000)
  to   space 23040K, 0% used [0x00000006ff700000,0x00000006ff700000,0x0000000700d80000)
 ParOldGen       total 1129472K, used 528984K [0x0000000546000000, 0x000000058af00000, 0x00000006ecb00000)
  object space 1129472K, 46% used [0x0000000546000000,0x00000005664960c8,0x000000058af00000)
 Metaspace       used 130173K, capacity 151370K, committed 151552K, reserved 1179648K
  class space    used 15345K, capacity 20342K, committed 20480K, reserved 1048576K
}
Event: 426884.475 GC heap before
{Heap before GC invocations=1344 (full 5):
 PSYoungGen      total 326144K, used 326114K [0x00000006ecb00000, 0x0000000702500000, 0x00000007c0000000)
  eden space 307200K, 100% used [0x00000006ecb00000,0x00000006ff700000,0x00000006ff700000)
  from space 18944K, 99% used [0x0000000700d80000,0x0000000701ff8af0,0x0000000702000000)
  to   space 23040K, 0% used [0x00000006ff700000,0x00000006ff700000,0x0000000700d80000)
 ParOldGen       total 1129472K, used 528984K [0x0000000546000000, 0x000000058af00000, 0x00000006ecb00000)
  object space 1129472K, 46% used [0x0000000546000000,0x00000005664960c8,0x000000058af00000)
 Metaspace       used 130217K, capacity 151456K, committed 151808K, reserved 1181696K
  class space    used 15355K, capacity 20357K, committed 20480K, reserved 1048576K
Event: 426884.572 GC heap after
Heap after GC invocations=1344 (full 5):
 PSYoungGen      total 330240K, used 20962K [0x00000006ecb00000, 0x0000000704280000, 0x00000007c0000000)
  eden space 307200K, 0% used [0x00000006ecb00000,0x00000006ecb00000,0x00000006ff700000)
  from space 23040K, 90% used [0x00000006ff700000,0x0000000700b78af0,0x0000000700d80000)
  to   space 24576K, 0% used [0x0000000702a80000,0x0000000702a80000,0x0000000704280000)
 ParOldGen       total 1129472K, used 529946K [0x0000000546000000, 0x000000058af00000, 0x00000006ecb00000)
  object space 1129472K, 46% used [0x0000000546000000,0x0000000566586bd0,0x000000058af00000)
 Metaspace       used 130217K, capacity 151456K, committed 151808K, reserved 1181696K
  class space    used 15355K, capacity 20357K, committed 20480K, reserved 1048576K
}
Event: 426889.422 GC heap before
{Heap before GC invocations=1345 (full 5):
 PSYoungGen      total 330240K, used 328162K [0x00000006ecb00000, 0x0000000704280000, 0x00000007c0000000)
  eden space 307200K, 100% used [0x00000006ecb00000,0x00000006ff700000,0x00000006ff700000)
  from space 23040K, 90% used [0x00000006ff700000,0x0000000700b78af0,0x0000000700d80000)
  to   space 24576K, 0% used [0x0000000702a80000,0x0000000702a80000,0x0000000704280000)
 ParOldGen       total 1129472K, used 529946K [0x0000000546000000, 0x000000058af00000, 0x00000006ecb00000)
  object space 1129472K, 46% used [0x0000000546000000,0x0000000566586bd0,0x000000058af00000)
 Metaspace       used 130556K, capacity 151972K, committed 152192K, reserved 1181696K
  class space    used 15425K, capacity 20492K, committed 20608K, reserved 1048576K
Event: 426889.573 GC heap after
Heap after GC invocations=1345 (full 5):
 PSYoungGen      total 357376K, used 24491K [0x00000006ecb00000, 0x0000000704b00000, 0x00000007c0000000)
  eden space 332800K, 0% used [0x00000006ecb00000,0x00000006ecb00000,0x0000000701000000)
  from space 24576K, 99% used [0x0000000702a80000,0x000000070426ac30,0x0000000704280000)
  to   space 27136K, 0% used [0x0000000701000000,0x0000000701000000,0x0000000702a80000)
 ParOldGen       total 1129472K, used 529946K [0x0000000546000000, 0x000000058af00000, 0x00000006ecb00000)
  object space 1129472K, 46% used [0x0000000546000000,0x0000000566586bd0,0x000000058af00000)
 Metaspace       used 130556K, capacity 151972K, committed 152192K, reserved 1181696K
  class space    used 15425K, capacity 20492K, committed 20608K, reserved 1048576K
}
Event: 426898.994 GC heap before
{Heap before GC invocations=1346 (full 5):
 PSYoungGen      total 357376K, used 357291K [0x00000006ecb00000, 0x0000000704b00000, 0x00000007c0000000)
  eden space 332800K, 100% used [0x00000006ecb00000,0x0000000701000000,0x0000000701000000)
  from space 24576K, 99% used [0x0000000702a80000,0x000000070426ac30,0x0000000704280000)
  to   space 27136K, 0% used [0x0000000701000000,0x0000000701000000,0x0000000702a80000)
 ParOldGen       total 1129472K, used 529946K [0x0000000546000000, 0x000000058af00000, 0x00000006ecb00000)
  object space 1129472K, 46% used [0x0000000546000000,0x0000000566586bd0,0x000000058af00000)
 Metaspace       used 130671K, capacity 152204K, committed 152448K, reserved 1181696K
  class space    used 15452K, capacity 20543K, committed 20608K, reserved 1048576K
Event: 426899.324 GC heap after
Heap after GC invocations=1346 (full 5):
 PSYoungGen      total 359936K, used 24470K [0x00000006ecb00000, 0x0000000706d00000, 0x00000007c0000000)
  eden space 332800K, 0% used [0x00000006ecb00000,0x00000006ecb00000,0x0000000701000000)
  from space 27136K, 90% used [0x0000000701000000,0x00000007027e5830,0x0000000702a80000)
  to   space 29184K, 0% used [0x0000000705080000,0x0000000705080000,0x0000000706d00000)
 ParOldGen       total 1129472K, used 534011K [0x0000000546000000, 0x000000058af00000, 0x00000006ecb00000)
  object space 1129472K, 47% used [0x0000000546000000,0x000000056697ed90,0x000000058af00000)
 Metaspace       used 130671K, capacity 152204K, committed 152448K, reserved 1181696K
  class space    used 15452K, capacity 20543K, committed 20608K, reserved 1048576K
}
Event: 426939.086 GC heap before
{Heap before GC invocations=1347 (full 5):
 PSYoungGen      total 359936K, used 357270K [0x00000006ecb00000, 0x0000000706d00000, 0x00000007c0000000)
  eden space 332800K, 100% used [0x00000006ecb00000,0x0000000701000000,0x0000000701000000)
  from space 27136K, 90% used [0x0000000701000000,0x00000007027e5830,0x0000000702a80000)
  to   space 29184K, 0% used [0x0000000705080000,0x0000000705080000,0x0000000706d00000)
 ParOldGen       total 1129472K, used 534011K [0x0000000546000000, 0x000000058af00000, 0x00000006ecb00000)
  object space 1129472K, 47% used [0x0000000546000000,0x000000056697ed90,0x000000058af00000)
 Metaspace       used 130728K, capacity 152340K, committed 152448K, reserved 1181696K
  class space    used 15475K, capacity 20587K, committed 20608K, reserved 1048576K
Event: 426939.332 GC heap after
Heap after GC invocations=1347 (full 5):
 PSYoungGen      total 395776K, used 26538K [0x00000006ecb00000, 0x0000000706f00000, 0x00000007c0000000)
  eden space 366592K, 0% used [0x00000006ecb00000,0x00000006ecb00000,0x0000000703100000)
  from space 29184K, 90% used [0x0000000705080000,0x0000000706a6aab8,0x0000000706d00000)
  to   space 31744K, 0% used [0x0000000703100000,0x0000000703100000,0x0000000705000000)
 ParOldGen       total 1129472K, used 534955K [0x0000000546000000, 0x000000058af00000, 0x00000006ecb00000)
  object space 1129472K, 47% used [0x0000000546000000,0x0000000566a6adb0,0x000000058af00000)
 Metaspace       used 130728K, capacity 152340K, committed 152448K, reserved 1181696K
  class space    used 15475K, capacity 20587K, committed 20608K, reserved 1048576K
}
Event: 427051.061 GC heap before
{Heap before GC invocations=1348 (full 5):
 PSYoungGen      total 395776K, used 393130K [0x00000006ecb00000, 0x0000000706f00000, 0x00000007c0000000)
  eden space 366592K, 100% used [0x00000006ecb00000,0x0000000703100000,0x0000000703100000)
  from space 29184K, 90% used [0x0000000705080000,0x0000000706a6aab8,0x0000000706d00000)
  to   space 31744K, 0% used [0x0000000703100000,0x0000000703100000,0x0000000705000000)
 ParOldGen       total 1129472K, used 534955K [0x0000000546000000, 0x000000058af00000, 0x00000006ecb00000)
  object space 1129472K, 47% used [0x0000000546000000,0x0000000566a6adb0,0x000000058af00000)
 Metaspace       used 130731K, capacity 152340K, committed 152448K, reserved 1181696K
  class space    used 15475K, capacity 20587K, committed 20608K, reserved 1048576K
Event: 427051.321 GC heap after
Heap after GC invocations=1348 (full 5):
 PSYoungGen      total 398336K, used 26500K [0x00000006ecb00000, 0x0000000709200000, 0x00000007c0000000)
  eden space 366592K, 0% used [0x00000006ecb00000,0x00000006ecb00000,0x0000000703100000)
  from space 31744K, 83% used [0x0000000703100000,0x0000000704ae1250,0x0000000705000000)
  to   space 33280K, 0% used [0x0000000707180000,0x0000000707180000,0x0000000709200000)
 ParOldGen       total 1129472K, used 535299K [0x0000000546000000, 0x000000058af00000, 0x00000006ecb00000)
  object space 1129472K, 47% used [0x0000000546000000,0x0000000566ac0dd0,0x000000058af00000)
 Metaspace       used 130731K, capacity 152340K, committed 152448K, reserved 1181696K
  class space    used 15475K, capacity 20587K, committed 20608K, reserved 1048576K
}
Event: 427138.413 GC heap before
{Heap before GC invocations=1349 (full 5):
 PSYoungGen      total 398336K, used 393092K [0x00000006ecb00000, 0x0000000709200000, 0x00000007c0000000)
  eden space 366592K, 100% used [0x00000006ecb00000,0x0000000703100000,0x0000000703100000)
  from space 31744K, 83% used [0x0000000703100000,0x0000000704ae1250,0x0000000705000000)
  to   space 33280K, 0% used [0x0000000707180000,0x0000000707180000,0x0000000709200000)
 ParOldGen       total 1129472K, used 535299K [0x0000000546000000, 0x000000058af00000, 0x00000006ecb00000)
  object space 1129472K, 47% used [0x0000000546000000,0x0000000566ac0dd0,0x000000058af00000)
 Metaspace       used 130791K, capacity 152476K, committed 152832K, reserved 1181696K
  class space    used 15497K, capacity 20631K, committed 20736K, reserved 1048576K
Event: 427139.029 GC heap after
Heap after GC invocations=1349 (full 5):
 PSYoungGen      total 428544K, used 33079K [0x00000006ecb00000, 0x0000000709780000, 0x00000007c0000000)
  eden space 395264K, 0% used [0x00000006ecb00000,0x00000006ecb00000,0x0000000704d00000)
  from space 33280K, 99% used [0x0000000707180000,0x00000007091cdf60,0x0000000709200000)
  to   space 37376K, 0% used [0x0000000704d00000,0x0000000704d00000,0x0000000707180000)
 ParOldGen       total 1129472K, used 537892K [0x0000000546000000, 0x000000058af00000, 0x00000006ecb00000)
  object space 1129472K, 47% used [0x0000000546000000,0x0000000566d493f0,0x000000058af00000)
 Metaspace       used 130791K, capacity 152476K, committed 152832K, reserved 1181696K
  class space    used 15497K, capacity 20631K, committed 20736K, reserved 1048576K
}
Event: 427257.321 GC heap before
{Heap before GC invocations=1350 (full 5):
 PSYoungGen      total 428544K, used 428343K [0x00000006ecb00000, 0x0000000709780000, 0x00000007c0000000)
  eden space 395264K, 100% used [0x00000006ecb00000,0x0000000704d00000,0x0000000704d00000)
  from space 33280K, 99% used [0x0000000707180000,0x00000007091cdf60,0x0000000709200000)
  to   space 37376K, 0% used [0x0000000704d00000,0x0000000704d00000,0x0000000707180000)
 ParOldGen       total 1129472K, used 537892K [0x0000000546000000, 0x000000058af00000, 0x00000006ecb00000)
  object space 1129472K, 47% used [0x0000000546000000,0x0000000566d493f0,0x000000058af00000)
 Metaspace       used 130792K, capacity 152476K, committed 152832K, reserved 1181696K
  class space    used 15497K, capacity 20631K, committed 20736K, reserved 1048576K
Event: 427257.855 GC heap after
Heap after GC invocations=1350 (full 5):
 PSYoungGen      total 432640K, used 30665K [0x00000006ecb00000, 0x000000070b680000, 0x00000007c0000000)
  eden space 395264K, 0% used [0x00000006ecb00000,0x00000006ecb00000,0x0000000704d00000)
  from space 37376K, 82% used [0x0000000704d00000,0x0000000706af2418,0x0000000707180000)
  to   space 39424K, 0% used [0x0000000709000000,0x0000000709000000,0x000000070b680000)
 ParOldGen       total 1129472K, used 537892K [0x0000000546000000, 0x000000058af00000, 0x00000006ecb00000)
  object space 1129472K, 47% used [0x0000000546000000,0x0000000566d493f0,0x000000058af00000)
 Metaspace       used 130792K, capacity 152476K, committed 152832K, reserved 1181696K
  class space    used 15497K, capacity 20631K, committed 20736K, reserved 1048576K
}
Event: 427294.725 GC heap before
{Heap before GC invocations=1351 (full 5):
 PSYoungGen      total 432640K, used 425929K [0x00000006ecb00000, 0x000000070b680000, 0x00000007c0000000)
  eden space 395264K, 100% used [0x00000006ecb00000,0x0000000704d00000,0x0000000704d00000)
  from space 37376K, 82% used [0x0000000704d00000,0x0000000706af2418,0x0000000707180000)
  to   space 39424K, 0% used [0x0000000709000000,0x0000000709000000,0x000000070b680000)
 ParOldGen       total 1129472K, used 537892K [0x0000000546000000, 0x000000058af00000, 0x00000006ecb00000)
  object space 1129472K, 47% used [0x0000000546000000,0x0000000566d493f0,0x000000058af00000)
 Metaspace       used 130853K, capacity 152612K, committed 152832K, reserved 1181696K
  class space    used 15520K, capacity 20675K, committed 20736K, reserved 1048576K
Event: 427294.935 GC heap after
Heap after GC invocations=1351 (full 5):
 PSYoungGen      total 424960K, used 34785K [0x00000006ecb00000, 0x000000070b200000, 0x00000007c0000000)
  eden space 390144K, 0% used [0x00000006ecb00000,0x00000006ecb00000,0x0000000704800000)
  from space 34816K, 99% used [0x0000000709000000,0x000000070b1f8650,0x000000070b200000)
  to   space 43008K, 0% used [0x0000000705e00000,0x0000000705e00000,0x0000000708800000)
 ParOldGen       total 1129472K, used 538180K [0x0000000546000000, 0x000000058af00000, 0x00000006ecb00000)
  object space 1129472K, 47% used [0x0000000546000000,0x0000000566d913f0,0x000000058af00000)
 Metaspace       used 130853K, capacity 152612K, committed 152832K, reserved 1181696K
  class space    used 15520K, capacity 20675K, committed 20736K, reserved 1048576K
}
Event: 427338.886 GC heap before
{Heap before GC invocations=1352 (full 5):
 PSYoungGen      total 424960K, used 424929K [0x00000006ecb00000, 0x000000070b200000, 0x00000007c0000000)
  eden space 390144K, 100% used [0x00000006ecb00000,0x0000000704800000,0x0000000704800000)
  from space 34816K, 99% used [0x0000000709000000,0x000000070b1f8650,0x000000070b200000)
  to   space 43008K, 0% used [0x0000000705e00000,0x0000000705e00000,0x0000000708800000)
 ParOldGen       total 1129472K, used 538180K [0x0000000546000000, 0x000000058af00000, 0x00000006ecb00000)
  object space 1129472K, 47% used [0x0000000546000000,0x0000000566d913f0,0x000000058af00000)
 Metaspace       used 130918K, capacity 152748K, committed 152832K, reserved 1181696K
  class space    used 15542K, capacity 20719K, committed 20736K, reserved 1048576K
Event: 427339.105 GC heap after
Heap after GC invocations=1352 (full 5):
 PSYoungGen      total 420352K, used 35295K [0x00000006ecb00000, 0x0000000709c00000, 0x00000007c0000000)
  eden space 385024K, 0% used [0x00000006ecb00000,0x00000006ecb00000,0x0000000704300000)
  from space 35328K, 99% used [0x0000000705e00000,0x0000000708077cc8,0x0000000708080000)
  to   space 28160K, 0% used [0x0000000708080000,0x0000000708080000,0x0000000709c00000)
 ParOldGen       total 1129472K, used 538292K [0x0000000546000000, 0x000000058af00000, 0x00000006ecb00000)
  object space 1129472K, 47% used [0x0000000546000000,0x0000000566dad1f8,0x000000058af00000)
 Metaspace       used 130918K, capacity 152748K, committed 152832K, reserved 1181696K
  class space    used 15542K, capacity 20719K, committed 20736K, reserved 1048576K
}
Event: 427502.084 GC heap before
{Heap before GC invocations=1353 (full 5):
 PSYoungGen      total 420352K, used 420319K [0x00000006ecb00000, 0x0000000709c00000, 0x00000007c0000000)
  eden space 385024K, 100% used [0x00000006ecb00000,0x0000000704300000,0x0000000704300000)
  from space 35328K, 99% used [0x0000000705e00000,0x0000000708077cc8,0x0000000708080000)
  to   space 28160K, 0% used [0x0000000708080000,0x0000000708080000,0x0000000709c00000)
 ParOldGen       total 1129472K, used 538292K [0x0000000546000000, 0x000000058af00000, 0x00000006ecb00000)
  object space 1129472K, 47% used [0x0000000546000000,0x0000000566dad1f8,0x000000058af00000)
 Metaspace       used 130948K, capacity 152876K, committed 153088K, reserved 1181696K
  class space    used 15542K, capacity 20719K, committed 20736K, reserved 1048576K
Event: 427502.587 GC heap after
Heap after GC invocations=1353 (full 5):
 PSYoungGen      total 408064K, used 28156K [0x00000006ecb00000, 0x0000000709c00000, 0x00000007c0000000)
  eden space 379904K, 0% used [0x00000006ecb00000,0x00000006ecb00000,0x0000000703e00000)
  from space 28160K, 99% used [0x0000000708080000,0x0000000709bff388,0x0000000709c00000)
  to   space 48128K, 0% used [0x0000000703e00000,0x0000000703e00000,0x0000000706d00000)
 ParOldGen       total 1129472K, used 547218K [0x0000000546000000, 0x000000058af00000, 0x00000006ecb00000)
  object space 1129472K, 48% used [0x0000000546000000,0x0000000567664b08,0x000000058af00000)
 Metaspace       used 130948K, capacity 152876K, committed 153088K, reserved 1181696K
  class space    used 15542K, capacity 20719K, committed 20736K, reserved 1048576K
}
Event: 427557.334 GC heap before
{Heap before GC invocations=1354 (full 5):
 PSYoungGen      total 408064K, used 408060K [0x00000006ecb00000, 0x0000000709c00000, 0x00000007c0000000)
  eden space 379904K, 100% used [0x00000006ecb00000,0x0000000703e00000,0x0000000703e00000)
  from space 28160K, 99% used [0x0000000708080000,0x0000000709bff388,0x0000000709c00000)
  to   space 48128K, 0% used [0x0000000703e00000,0x0000000703e00000,0x0000000706d00000)
 ParOldGen       total 1129472K, used 547218K [0x0000000546000000, 0x000000058af00000, 0x00000006ecb00000)
  object space 1129472K, 48% used [0x0000000546000000,0x0000000567664b08,0x000000058af00000)
 Metaspace       used 130963K, capacity 152882K, committed 153088K, reserved 1181696K
  class space    used 15543K, capacity 20720K, committed 20736K, reserved 1048576K
Event: 427557.596 GC heap after
Heap after GC invocations=1354 (full 5):
 PSYoungGen      total 408576K, used 33018K [0x00000006ecb00000, 0x0000000709980000, 0x00000007c0000000)
  eden space 375296K, 0% used [0x00000006ecb00000,0x00000006ecb00000,0x0000000703980000)
  from space 33280K, 99% used [0x0000000703e00000,0x0000000705e3e8c0,0x0000000705e80000)
  to   space 49152K, 0% used [0x0000000706980000,0x0000000706980000,0x0000000709980000)
 ParOldGen       total 1129472K, used 547810K [0x0000000546000000, 0x000000058af00000, 0x00000006ecb00000)
  object space 1129472K, 48% used [0x0000000546000000,0x00000005676f8b08,0x000000058af00000)
 Metaspace       used 130963K, capacity 152882K, committed 153088K, reserved 1181696K
  class space    used 15543K, capacity 20720K, committed 20736K, reserved 1048576K
}
Event: 427677.491 GC heap before
{Heap before GC invocations=1355 (full 5):
 PSYoungGen      total 408576K, used 408314K [0x00000006ecb00000, 0x0000000709980000, 0x00000007c0000000)
  eden space 375296K, 100% used [0x00000006ecb00000,0x0000000703980000,0x0000000703980000)
  from space 33280K, 99% used [0x0000000703e00000,0x0000000705e3e8c0,0x0000000705e80000)
  to   space 49152K, 0% used [0x0000000706980000,0x0000000706980000,0x0000000709980000)
 ParOldGen       total 1129472K, used 547810K [0x0000000546000000, 0x000000058af00000, 0x00000006ecb00000)
  object space 1129472K, 48% used [0x0000000546000000,0x00000005676f8b08,0x000000058af00000)
 Metaspace       used 130963K, capacity 152882K, committed 153088K, reserved 1181696K
  class space    used 15543K, capacity 20720K, committed 20736K, reserved 1048576K
Event: 427677.790 GC heap after
Heap after GC invocations=1355 (full 5):
 PSYoungGen      total 415232K, used 33258K [0x00000006ecb00000, 0x0000000709500000, 0x00000007c0000000)
  eden space 370688K, 0% used [0x00000006ecb00000,0x00000006ecb00000,0x0000000703500000)
  from space 44544K, 74% used [0x0000000706980000,0x00000007089faa10,0x0000000709500000)
  to   space 49152K, 0% used [0x0000000703500000,0x0000000703500000,0x0000000706500000)
 ParOldGen       total 1129472K, used 547810K [0x0000000546000000, 0x000000058af00000, 0x00000006ecb00000)
  object space 1129472K, 48% used [0x0000000546000000,0x00000005676f8b08,0x000000058af00000)
 Metaspace       used 130963K, capacity 152882K, committed 153088K, reserved 1181696K
  class space    used 15543K, capacity 20720K, committed 20736K, reserved 1048576K
}
Event: 427833.879 GC heap before
{Heap before GC invocations=1356 (full 5):
 PSYoungGen      total 415232K, used 403946K [0x00000006ecb00000, 0x0000000709500000, 0x00000007c0000000)
  eden space 370688K, 100% used [0x00000006ecb00000,0x0000000703500000,0x0000000703500000)
  from space 44544K, 74% used [0x0000000706980000,0x00000007089faa10,0x0000000709500000)
  to   space 49152K, 0% used [0x0000000703500000,0x0000000703500000,0x0000000706500000)
 ParOldGen       total 1129472K, used 547810K [0x0000000546000000, 0x000000058af00000, 0x00000006ecb00000)
  object space 1129472K, 48% used [0x0000000546000000,0x00000005676f8b08,0x000000058af00000)
 Metaspace       used 130963K, capacity 152882K, committed 153088K, reserved 1181696K
  class space    used 15543K, capacity 20720K, committed 20736K, reserved 1048576K
Event: 427834.021 GC heap after
Heap after GC invocations=1356 (full 5):
 PSYoungGen      total 397312K, used 30927K [0x00000006ecb00000, 0x0000000708f80000, 0x00000007c0000000)
  eden space 366080K, 0% used [0x00000006ecb00000,0x00000006ecb00000,0x0000000703080000)
  from space 31232K, 99% used [0x0000000703500000,0x0000000705333fa0,0x0000000705380000)
  to   space 48640K, 0% used [0x0000000706000000,0x0000000706000000,0x0000000708f80000)
 ParOldGen       total 1129472K, used 550410K [0x0000000546000000, 0x000000058af00000, 0x00000006ecb00000)
  object space 1129472K, 48% used [0x0000000546000000,0x0000000567982b68,0x000000058af00000)
 Metaspace       used 130963K, capacity 152882K, committed 153088K, reserved 1181696K
  class space    used 15543K, capacity 20720K, committed 20736K, reserved 1048576K
}
Event: 428035.823 GC heap before
{Heap before GC invocations=1357 (full 5):
 PSYoungGen      total 397312K, used 397007K [0x00000006ecb00000, 0x0000000708f80000, 0x00000007c0000000)
  eden space 366080K, 100% used [0x00000006ecb00000,0x0000000703080000,0x0000000703080000)
  from space 31232K, 99% used [0x0000000703500000,0x0000000705333fa0,0x0000000705380000)
  to   space 48640K, 0% used [0x0000000706000000,0x0000000706000000,0x0000000708f80000)
 ParOldGen       total 1129472K, used 550410K [0x0000000546000000, 0x000000058af00000, 0x00000006ecb00000)
  object space 1129472K, 48% used [0x0000000546000000,0x0000000567982b68,0x000000058af00000)
 Metaspace       used 130964K, capacity 152882K, committed 153088K, reserved 1181696K
  class space    used 15543K, capacity 20720K, committed 20736K, reserved 1048576K
Event: 428036.203 GC heap after
Heap after GC invocations=1357 (full 5):
 PSYoungGen      total 401408K, used 26728K [0x00000006ecb00000, 0x0000000708700000, 0x00000007c0000000)
  eden space 361472K, 0% used [0x00000006ecb00000,0x00000006ecb00000,0x0000000702c00000)
  from space 39936K, 66% used [0x0000000706000000,0x0000000707a1a2a8,0x0000000708700000)
  to   space 46592K, 0% used [0x0000000702c00000,0x0000000702c00000,0x0000000705980000)
 ParOldGen       total 1129472K, used 553386K [0x0000000546000000, 0x000000058af00000, 0x00000006ecb00000)
  object space 1129472K, 48% used [0x0000000546000000,0x0000000567c6abc8,0x000000058af00000)
 Metaspace       used 130964K, capacity 152882K, committed 153088K, reserved 1181696K
  class space    used 15543K, capacity 20720K, committed 20736K, reserved 1048576K
}
Event: 428251.456 GC heap before
{Heap before GC invocations=1358 (full 5):
 PSYoungGen      total 401408K, used 387765K [0x00000006ecb00000, 0x0000000708700000, 0x00000007c0000000)
  eden space 361472K, 99% used [0x00000006ecb00000,0x0000000702b93408,0x0000000702c00000)
  from space 39936K, 66% used [0x0000000706000000,0x0000000707a1a2a8,0x0000000708700000)
  to   space 46592K, 0% used [0x0000000702c00000,0x0000000702c00000,0x0000000705980000)
 ParOldGen       total 1129472K, used 553386K [0x0000000546000000, 0x000000058af00000, 0x00000006ecb00000)
  object space 1129472K, 48% used [0x0000000546000000,0x0000000567c6abc8,0x000000058af00000)
 Metaspace       used 130964K, capacity 152882K, committed 153088K, reserved 1181696K
  class space    used 15543K, capacity 20720K, committed 20736K, reserved 1048576K
Event: 428251.685 GC heap after
Heap after GC invocations=1358 (full 5):
 PSYoungGen      total 381440K, used 23554K [0x00000006ecb00000, 0x0000000708000000, 0x00000007c0000000)
  eden space 357376K, 0% used [0x00000006ecb00000,0x00000006ecb00000,0x0000000702800000)
  from space 24064K, 97% used [0x0000000702c00000,0x0000000704300820,0x0000000704380000)
  to   space 45056K, 0% used [0x0000000705400000,0x0000000705400000,0x0000000708000000)
 ParOldGen       total 1129472K, used 555822K [0x0000000546000000, 0x000000058af00000, 0x00000006ecb00000)
  object space 1129472K, 49% used [0x0000000546000000,0x0000000567ecba48,0x000000058af00000)
 Metaspace       used 130964K, capacity 152882K, committed 153088K, reserved 1181696K
  class space    used 15543K, capacity 20720K, committed 20736K, reserved 1048576K
}
Event: 428392.951 GC heap before
{Heap before GC invocations=1359 (full 5):
 PSYoungGen      total 381440K, used 380930K [0x00000006ecb00000, 0x0000000708000000, 0x00000007c0000000)
  eden space 357376K, 100% used [0x00000006ecb00000,0x0000000702800000,0x0000000702800000)
  from space 24064K, 97% used [0x0000000702c00000,0x0000000704300820,0x0000000704380000)
  to   space 45056K, 0% used [0x0000000705400000,0x0000000705400000,0x0000000708000000)
 ParOldGen       total 1129472K, used 555822K [0x0000000546000000, 0x000000058af00000, 0x00000006ecb00000)
  object space 1129472K, 49% used [0x0000000546000000,0x0000000567ecba48,0x000000058af00000)
 Metaspace       used 130964K, capacity 152882K, committed 153088K, reserved 1181696K
  class space    used 15543K, capacity 20720K, committed 20736K, reserved 1048576K
Event: 428393.111 GC heap after
Heap after GC invocations=1359 (full 5):
 PSYoungGen      total 393216K, used 19825K [0x00000006ecb00000, 0x0000000707b00000, 0x00000007c0000000)
  eden space 353280K, 0% used [0x00000006ecb00000,0x00000006ecb00000,0x0000000702400000)
  from space 39936K, 49% used [0x0000000705400000,0x000000070675c788,0x0000000707b00000)
  to   space 44544K, 0% used [0x0000000702400000,0x0000000702400000,0x0000000704f80000)
 ParOldGen       total 1129472K, used 557062K [0x0000000546000000, 0x000000058af00000, 0x00000006ecb00000)
  object space 1129472K, 49% used [0x0000000546000000,0x0000000568001a48,0x000000058af00000)
 Metaspace       used 130964K, capacity 152882K, committed 153088K, reserved 1181696K
  class space    used 15543K, capacity 20720K, committed 20736K, reserved 1048576K
}
Event: 428446.955 GC heap before
{Heap before GC invocations=1360 (full 5):
 PSYoungGen      total 393216K, used 373105K [0x00000006ecb00000, 0x0000000707b00000, 0x00000007c0000000)
  eden space 353280K, 100% used [0x00000006ecb00000,0x0000000702400000,0x0000000702400000)
  from space 39936K, 49% used [0x0000000705400000,0x000000070675c788,0x0000000707b00000)
  to   space 44544K, 0% used [0x0000000702400000,0x0000000702400000,0x0000000704f80000)
 ParOldGen       total 1129472K, used 557062K [0x0000000546000000, 0x000000058af00000, 0x00000006ecb00000)
  object space 1129472K, 49% used [0x0000000546000000,0x0000000568001a48,0x000000058af00000)
 Metaspace       used 130965K, capacity 152882K, committed 153088K, reserved 1181696K
  class space    used 15543K, capacity 20720K, committed 20736K, reserved 1048576K
Event: 428447.074 GC heap after
Heap after GC invocations=1360 (full 5):
 PSYoungGen      total 369152K, used 19618K [0x00000006ecb00000, 0x0000000707600000, 0x00000007c0000000)
  eden space 349184K, 0% used [0x00000006ecb00000,0x00000006ecb00000,0x0000000702000000)
  from space 19968K, 98% used [0x0000000702400000,0x0000000703728880,0x0000000703780000)
  to   space 44032K, 0% used [0x0000000704b00000,0x0000000704b00000,0x0000000707600000)
 ParOldGen       total 1129472K, used 559795K [0x0000000546000000, 0x000000058af00000, 0x00000006ecb00000)
  object space 1129472K, 49% used [0x0000000546000000,0x00000005682acdb8,0x000000058af00000)
 Metaspace       used 130965K, capacity 152882K, committed 153088K, reserved 1181696K
  class space    used 15543K, capacity 20720K, committed 20736K, reserved 1048576K
}
Event: 428486.221 GC heap before
{Heap before GC invocations=1361 (full 5):
 PSYoungGen      total 369152K, used 368716K [0x00000006ecb00000, 0x0000000707600000, 0x00000007c0000000)
  eden space 349184K, 99% used [0x00000006ecb00000,0x0000000701feaa50,0x0000000702000000)
  from space 19968K, 98% used [0x0000000702400000,0x0000000703728880,0x0000000703780000)
  to   space 44032K, 0% used [0x0000000704b00000,0x0000000704b00000,0x0000000707600000)
 ParOldGen       total 1129472K, used 559795K [0x0000000546000000, 0x000000058af00000, 0x00000006ecb00000)
  object space 1129472K, 49% used [0x0000000546000000,0x00000005682acdb8,0x000000058af00000)
 Metaspace       used 130966K, capacity 152882K, committed 153088K, reserved 1181696K
  class space    used 15543K, capacity 20720K, committed 20736K, reserved 1048576K
Event: 428486.325 GC heap after
Heap after GC invocations=1361 (full 5):
 PSYoungGen      total 382976K, used 18605K [0x00000006ecb00000, 0x0000000707000000, 0x00000007c0000000)
  eden space 345088K, 0% used [0x00000006ecb00000,0x00000006ecb00000,0x0000000701c00000)
  from space 37888K, 49% used [0x0000000704b00000,0x0000000705d2b5a8,0x0000000707000000)
  to   space 43008K, 0% used [0x0000000701c00000,0x0000000701c00000,0x0000000704600000)
 ParOldGen       total 1129472K, used 561739K [0x0000000546000000, 0x000000058af00000, 0x00000006ecb00000)
  object space 1129472K, 49% used [0x0000000546000000,0x0000000568492e58,0x000000058af00000)
 Metaspace       used 130966K, capacity 152882K, committed 153088K, reserved 1181696K
  class space    used 15543K, capacity 20720K, committed 20736K, reserved 1048576K
}
Event: 428575.821 GC heap before
{Heap before GC invocations=1362 (full 5):
 PSYoungGen      total 382976K, used 363693K [0x00000006ecb00000, 0x0000000707000000, 0x00000007c0000000)
  eden space 345088K, 100% used [0x00000006ecb00000,0x0000000701c00000,0x0000000701c00000)
  from space 37888K, 49% used [0x0000000704b00000,0x0000000705d2b5a8,0x0000000707000000)
  to   space 43008K, 0% used [0x0000000701c00000,0x0000000701c00000,0x0000000704600000)
 ParOldGen       total 1129472K, used 561739K [0x0000000546000000, 0x000000058af00000, 0x00000006ecb00000)
  object space 1129472K, 49% used [0x0000000546000000,0x0000000568492e58,0x000000058af00000)
 Metaspace       used 130966K, capacity 152882K, committed 153088K, reserved 1181696K
  class space    used 15543K, capacity 20720K, committed 20736K, reserved 1048576K
Event: 428575.907 GC heap after
Heap after GC invocations=1362 (full 5):
 PSYoungGen      total 353280K, used 12014K [0x00000006ecb00000, 0x0000000706d00000, 0x00000007c0000000)
  eden space 340992K, 0% used [0x00000006ecb00000,0x00000006ecb00000,0x0000000701800000)
  from space 12288K, 97% used [0x0000000701c00000,0x00000007027bb820,0x0000000702800000)
  to   space 43520K, 0% used [0x0000000704280000,0x0000000704280000,0x0000000706d00000)
 ParOldGen       total 1129472K, used 565012K [0x0000000546000000, 0x000000058af00000, 0x00000006ecb00000)
  object space 1129472K, 50% used [0x0000000546000000,0x00000005687c5240,0x000000058af00000)
 Metaspace       used 130966K, capacity 152882K, committed 153088K, reserved 1181696K
  class space    used 15543K, capacity 20720K, committed 20736K, reserved 1048576K
}
Event: 428634.800 GC heap before
{Heap before GC invocations=1363 (full 5):
 PSYoungGen      total 353280K, used 349390K [0x00000006ecb00000, 0x0000000706d00000, 0x00000007c0000000)
  eden space 340992K, 98% used [0x00000006ecb00000,0x00000007014781a8,0x0000000701800000)
  from space 12288K, 97% used [0x0000000701c00000,0x00000007027bb820,0x0000000702800000)
  to   space 43520K, 0% used [0x0000000704280000,0x0000000704280000,0x0000000706d00000)
 ParOldGen       total 1129472K, used 565012K [0x0000000546000000, 0x000000058af00000, 0x00000006ecb00000)
  object space 1129472K, 50% used [0x0000000546000000,0x00000005687c5240,0x000000058af00000)
 Metaspace       used 130966K, capacity 152882K, committed 153088K, reserved 1181696K
  class space    used 15543K, capacity 20720K, committed 20736K, reserved 1048576K
Event: 428634.863 GC heap after
Heap after GC invocations=1363 (full 5):
 PSYoungGen      total 375296K, used 15675K [0x00000006ecb00000, 0x0000000706800000, 0x00000007c0000000)
  eden space 336896K, 0% used [0x00000006ecb00000,0x00000006ecb00000,0x0000000701400000)
  from space 38400K, 40% used [0x0000000704280000,0x00000007051cef48,0x0000000706800000)
  to   space 43008K, 0% used [0x0000000701400000,0x0000000701400000,0x0000000703e00000)
 ParOldGen       total 1129472K, used 565132K [0x0000000546000000, 0x000000058af00000, 0x00000006ecb00000)
  object space 1129472K, 50% used [0x0000000546000000,0x00000005687e3250,0x000000058af00000)
 Metaspace       used 130966K, capacity 152882K, committed 153088K, reserved 1181696K
  class space    used 15543K, capacity 20720K, committed 20736K, reserved 1048576K
}
Event: 428664.605 GC heap before
{Heap before GC invocations=1364 (full 5):
 PSYoungGen      total 375296K, used 352571K [0x00000006ecb00000, 0x0000000706800000, 0x00000007c0000000)
  eden space 336896K, 100% used [0x00000006ecb00000,0x0000000701400000,0x0000000701400000)
  from space 38400K, 40% used [0x0000000704280000,0x00000007051cef48,0x0000000706800000)
  to   space 43008K, 0% used [0x0000000701400000,0x0000000701400000,0x0000000703e00000)
 ParOldGen       total 1129472K, used 565132K [0x0000000546000000, 0x000000058af00000, 0x00000006ecb00000)
  object space 1129472K, 50% used [0x0000000546000000,0x00000005687e3250,0x000000058af00000)
 Metaspace       used 131031K, capacity 153018K, committed 153216K, reserved 1181696K
  class space    used 15566K, capacity 20764K, committed 20864K, reserved 1048576K
Event: 428664.665 GC heap after
Heap after GC invocations=1364 (full 5):
 PSYoungGen      total 348160K, used 14768K [0x00000006ecb00000, 0x0000000706280000, 0x00000007c0000000)
  eden space 333312K, 0% used [0x00000006ecb00000,0x00000006ecb00000,0x0000000701080000)
  from space 14848K, 99% used [0x0000000701400000,0x000000070226c320,0x0000000702280000)
  to   space 41984K, 0% used [0x0000000703980000,0x0000000703980000,0x0000000706280000)
 ParOldGen       total 1129472K, used 567124K [0x0000000546000000, 0x000000058af00000, 0x00000006ecb00000)
  object space 1129472K, 50% used [0x0000000546000000,0x00000005689d52e0,0x000000058af00000)
 Metaspace       used 131031K, capacity 153018K, committed 153216K, reserved 1181696K
  class space    used 15566K, capacity 20764K, committed 20864K, reserved 1048576K
}
Event: 428746.047 GC heap before
{Heap before GC invocations=1365 (full 5):
 PSYoungGen      total 348160K, used 348080K [0x00000006ecb00000, 0x0000000706280000, 0x00000007c0000000)
  eden space 333312K, 100% used [0x00000006ecb00000,0x0000000701080000,0x0000000701080000)
  from space 14848K, 99% used [0x0000000701400000,0x000000070226c320,0x0000000702280000)
  to   space 41984K, 0% used [0x0000000703980000,0x0000000703980000,0x0000000706280000)
 ParOldGen       total 1129472K, used 567124K [0x0000000546000000, 0x000000058af00000, 0x00000006ecb00000)
  object space 1129472K, 50% used [0x0000000546000000,0x00000005689d52e0,0x000000058af00000)
 Metaspace       used 131042K, capacity 153024K, committed 153216K, reserved 1181696K
  class space    used 15567K, capacity 20765K, committed 20864K, reserved 1048576K
Event: 428746.119 GC heap after
Heap after GC invocations=1365 (full 5):
 PSYoungGen      total 367104K, used 15773K [0x00000006ecb00000, 0x0000000705e00000, 0x00000007c0000000)
  eden space 329728K, 0% used [0x00000006ecb00000,0x00000006ecb00000,0x0000000700d00000)
  from space 37376K, 42% used [0x0000000703980000,0x00000007048e7710,0x0000000705e00000)
  to   space 41472K, 0% used [0x0000000700d00000,0x0000000700d00000,0x0000000703580000)
 ParOldGen       total 1129472K, used 567204K [0x0000000546000000, 0x000000058af00000, 0x00000006ecb00000)
  object space 1129472K, 50% used [0x0000000546000000,0x00000005689e92e0,0x000000058af00000)
 Metaspace       used 131042K, capacity 153024K, committed 153216K, reserved 1181696K
  class space    used 15567K, capacity 20765K, committed 20864K, reserved 1048576K
}
Event: 428851.372 GC heap before
{Heap before GC invocations=1366 (full 5):
 PSYoungGen      total 367104K, used 345501K [0x00000006ecb00000, 0x0000000705e00000, 0x00000007c0000000)
  eden space 329728K, 100% used [0x00000006ecb00000,0x0000000700d00000,0x0000000700d00000)
  from space 37376K, 42% used [0x0000000703980000,0x00000007048e7710,0x0000000705e00000)
  to   space 41472K, 0% used [0x0000000700d00000,0x0000000700d00000,0x0000000703580000)
 ParOldGen       total 1129472K, used 567204K [0x0000000546000000, 0x000000058af00000, 0x00000006ecb00000)
  object space 1129472K, 50% used [0x0000000546000000,0x00000005689e92e0,0x000000058af00000)
 Metaspace       used 131042K, capacity 153024K, committed 153216K, reserved 1181696K
  class space    used 15567K, capacity 20765K, committed 20864K, reserved 1048576K
Event: 428851.418 GC heap after
Heap after GC invocations=1366 (full 5):
 PSYoungGen      total 340480K, used 13945K [0x00000006ecb00000, 0x0000000705880000, 0x00000007c0000000)
  eden space 326144K, 0% used [0x00000006ecb00000,0x00000006ecb00000,0x0000000700980000)
  from space 14336K, 97% used [0x0000000700d00000,0x0000000701a9e770,0x0000000701b00000)
  to   space 40448K, 0% used [0x0000000703100000,0x0000000703100000,0x0000000705880000)
 ParOldGen       total 1129472K, used 569128K [0x0000000546000000, 0x000000058af00000, 0x00000006ecb00000)
  object space 1129472K, 50% used [0x0000000546000000,0x0000000568bca350,0x000000058af00000)
 Metaspace       used 131042K, capacity 153024K, committed 153216K, reserved 1181696K
  class space    used 15567K, capacity 20765K, committed 20864K, reserved 1048576K
}
Event: 428971.802 GC heap before
{Heap before GC invocations=1367 (full 5):
 PSYoungGen      total 340480K, used 340089K [0x00000006ecb00000, 0x0000000705880000, 0x00000007c0000000)
  eden space 326144K, 100% used [0x00000006ecb00000,0x0000000700980000,0x0000000700980000)
  from space 14336K, 97% used [0x0000000700d00000,0x0000000701a9e770,0x0000000701b00000)
  to   space 40448K, 0% used [0x0000000703100000,0x0000000703100000,0x0000000705880000)
 ParOldGen       total 1129472K, used 569128K [0x0000000546000000, 0x000000058af00000, 0x00000006ecb00000)
  object space 1129472K, 50% used [0x0000000546000000,0x0000000568bca350,0x000000058af00000)
 Metaspace       used 131092K, capacity 153158K, committed 153216K, reserved 1181696K
  class space    used 15588K, capacity 20807K, committed 20864K, reserved 1048576K
Event: 428971.849 GC heap after
Heap after GC invocations=1367 (full 5):
 PSYoungGen      total 357376K, used 14121K [0x00000006ecb00000, 0x0000000705300000, 0x00000007c0000000)
  eden space 322560K, 0% used [0x00000006ecb00000,0x00000006ecb00000,0x0000000700600000)
  from space 34816K, 40% used [0x0000000703100000,0x0000000703eca7f0,0x0000000705300000)
  to   space 39424K, 0% used [0x0000000700600000,0x0000000700600000,0x0000000702c80000)
 ParOldGen       total 1129472K, used 571224K [0x0000000546000000, 0x000000058af00000, 0x00000006ecb00000)
  object space 1129472K, 50% used [0x0000000546000000,0x0000000568dd63e0,0x000000058af00000)
 Metaspace       used 131092K, capacity 153158K, committed 153216K, reserved 1181696K
  class space    used 15588K, capacity 20807K, committed 20864K, reserved 1048576K
}
Event: 429058.496 GC heap before
{Heap before GC invocations=1368 (full 5):
 PSYoungGen      total 357376K, used 336681K [0x00000006ecb00000, 0x0000000705300000, 0x00000007c0000000)
  eden space 322560K, 100% used [0x00000006ecb00000,0x0000000700600000,0x0000000700600000)
  from space 34816K, 40% used [0x0000000703100000,0x0000000703eca7f0,0x0000000705300000)
  to   space 39424K, 0% used [0x0000000700600000,0x0000000700600000,0x0000000702c80000)
 ParOldGen       total 1129472K, used 571224K [0x0000000546000000, 0x000000058af00000, 0x00000006ecb00000)
  object space 1129472K, 50% used [0x0000000546000000,0x0000000568dd63e0,0x000000058af00000)
 Metaspace       used 131094K, capacity 153158K, committed 153216K, reserved 1181696K
  class space    used 15588K, capacity 20807K, committed 20864K, reserved 1048576K
Event: 429058.651 GC heap after
Heap after GC invocations=1368 (full 5):
 PSYoungGen      total 333824K, used 14349K [0x00000006ecb00000, 0x0000000704d80000, 0x00000007c0000000)
  eden space 318976K, 0% used [0x00000006ecb00000,0x00000006ecb00000,0x0000000700280000)
  from space 14848K, 96% used [0x0000000700600000,0x00000007014034c8,0x0000000701480000)
  to   space 38400K, 0% used [0x0000000702800000,0x0000000702800000,0x0000000704d80000)
 ParOldGen       total 1129472K, used 572437K [0x0000000546000000, 0x000000058af00000, 0x00000006ecb00000)
  object space 1129472K, 50% used [0x0000000546000000,0x0000000568f05758,0x000000058af00000)
 Metaspace       used 131094K, capacity 153158K, committed 153216K, reserved 1181696K
  class space    used 15588K, capacity 20807K, committed 20864K, reserved 1048576K
}
Event: 429228.742 GC heap before
{Heap before GC invocations=1369 (full 5):
 PSYoungGen      total 333824K, used 333325K [0x00000006ecb00000, 0x0000000704d80000, 0x00000007c0000000)
  eden space 318976K, 100% used [0x00000006ecb00000,0x0000000700280000,0x0000000700280000)
  from space 14848K, 96% used [0x0000000700600000,0x00000007014034c8,0x0000000701480000)
  to   space 38400K, 0% used [0x0000000702800000,0x0000000702800000,0x0000000704d80000)
 ParOldGen       total 1129472K, used 572437K [0x0000000546000000, 0x000000058af00000, 0x00000006ecb00000)
  object space 1129472K, 50% used [0x0000000546000000,0x0000000568f05758,0x000000058af00000)
 Metaspace       used 131094K, capacity 153158K, committed 153216K, reserved 1181696K
  class space    used 15588K, capacity 20807K, committed 20864K, reserved 1048576K
Event: 429228.772 GC heap after
Heap after GC invocations=1369 (full 5):
 PSYoungGen      total 350208K, used 10706K [0x00000006ecb00000, 0x0000000704a00000, 0x00000007c0000000)
  eden space 315392K, 0% used [0x00000006ecb00000,0x00000006ecb00000,0x00000006fff00000)
  from space 34816K, 30% used [0x0000000702800000,0x0000000703274b00,0x0000000704a00000)
  to   space 38400K, 0% used [0x00000006fff00000,0x00000006fff00000,0x0000000702480000)
 ParOldGen       total 1129472K, used 572899K [0x0000000546000000, 0x000000058af00000, 0x00000006ecb00000)
  object space 1129472K, 50% used [0x0000000546000000,0x0000000568f78fa8,0x000000058af00000)
 Metaspace       used 131094K, capacity 153158K, committed 153216K, reserved 1181696K
  class space    used 15588K, capacity 20807K, committed 20864K, reserved 1048576K
}
Event: 429469.041 GC heap before
{Heap before GC invocations=1370 (full 5):
 PSYoungGen      total 350208K, used 326097K [0x00000006ecb00000, 0x0000000704a00000, 0x00000007c0000000)
  eden space 315392K, 99% used [0x00000006ecb00000,0x00000006ffeffa70,0x00000006fff00000)
  from space 34816K, 30% used [0x0000000702800000,0x0000000703274b00,0x0000000704a00000)
  to   space 38400K, 0% used [0x00000006fff00000,0x00000006fff00000,0x0000000702480000)
 ParOldGen       total 1129472K, used 572899K [0x0000000546000000, 0x000000058af00000, 0x00000006ecb00000)
  object space 1129472K, 50% used [0x0000000546000000,0x0000000568f78fa8,0x000000058af00000)
 Metaspace       used 131101K, capacity 153158K, committed 153216K, reserved 1181696K
  class space    used 15588K, capacity 20807K, committed 20864K, reserved 1048576K
Event: 429469.069 GC heap after
Heap after GC invocations=1370 (full 5):
 PSYoungGen      total 319488K, used 7440K [0x00000006ecb00000, 0x0000000704580000, 0x00000007c0000000)
  eden space 311808K, 0% used [0x00000006ecb00000,0x00000006ecb00000,0x00000006ffb80000)
  from space 7680K, 96% used [0x00000006fff00000,0x0000000700644020,0x0000000700680000)
  to   space 37888K, 0% used [0x0000000702080000,0x0000000702080000,0x0000000704580000)
 ParOldGen       total 1129472K, used 573275K [0x0000000546000000, 0x000000058af00000, 0x00000006ecb00000)
  object space 1129472K, 50% used [0x0000000546000000,0x0000000568fd6fc8,0x000000058af00000)
 Metaspace       used 131101K, capacity 153158K, committed 153216K, reserved 1181696K
  class space    used 15588K, capacity 20807K, committed 20864K, reserved 1048576K
}
Event: 429776.601 GC heap before
{Heap before GC invocations=1371 (full 5):
 PSYoungGen      total 319488K, used 319248K [0x00000006ecb00000, 0x0000000704580000, 0x00000007c0000000)
  eden space 311808K, 100% used [0x00000006ecb00000,0x00000006ffb80000,0x00000006ffb80000)
  from space 7680K, 96% used [0x00000006fff00000,0x0000000700644020,0x0000000700680000)
  to   space 37888K, 0% used [0x0000000702080000,0x0000000702080000,0x0000000704580000)
 ParOldGen       total 1129472K, used 573275K [0x0000000546000000, 0x000000058af00000, 0x00000006ecb00000)
  object space 1129472K, 50% used [0x0000000546000000,0x0000000568fd6fc8,0x000000058af00000)
 Metaspace       used 131101K, capacity 153158K, committed 153216K, reserved 1181696K
  class space    used 15588K, capacity 20807K, committed 20864K, reserved 1048576K
Event: 429776.655 GC heap after
Heap after GC invocations=1371 (full 5):
 PSYoungGen      total 343552K, used 7184K [0x00000006ecb00000, 0x0000000704280000, 0x00000007c0000000)
  eden space 308736K, 0% used [0x00000006ecb00000,0x00000006ecb00000,0x00000006ff880000)
  from space 34816K, 20% used [0x0000000702080000,0x0000000702784090,0x0000000704280000)
  to   space 37888K, 0% used [0x00000006ff880000,0x00000006ff880000,0x0000000701d80000)
 ParOldGen       total 1129472K, used 573484K [0x0000000546000000, 0x000000058af00000, 0x00000006ecb00000)
  object space 1129472K, 50% used [0x0000000546000000,0x000000056900b008,0x000000058af00000)
 Metaspace       used 131101K, capacity 153158K, committed 153216K, reserved 1181696K
  class space    used 15588K, capacity 20807K, committed 20864K, reserved 1048576K
}
Event: 430077.664 GC heap before
{Heap before GC invocations=1372 (full 5):
 PSYoungGen      total 343552K, used 315920K [0x00000006ecb00000, 0x0000000704280000, 0x00000007c0000000)
  eden space 308736K, 100% used [0x00000006ecb00000,0x00000006ff880000,0x00000006ff880000)
  from space 34816K, 20% used [0x0000000702080000,0x0000000702784090,0x0000000704280000)
  to   space 37888K, 0% used [0x00000006ff880000,0x00000006ff880000,0x0000000701d80000)
 ParOldGen       total 1129472K, used 573484K [0x0000000546000000, 0x000000058af00000, 0x00000006ecb00000)
  object space 1129472K, 50% used [0x0000000546000000,0x000000056900b008,0x000000058af00000)
 Metaspace       used 131101K, capacity 153158K, committed 153216K, reserved 1181696K
  class space    used 15588K, capacity 20807K, committed 20864K, reserved 1048576K
Event: 430077.764 GC heap after
Heap after GC invocations=1372 (full 5):
 PSYoungGen      total 312832K, used 7040K [0x00000006ecb00000, 0x0000000703e80000, 0x00000007c0000000)
  eden space 305664K, 0% used [0x00000006ecb00000,0x00000006ecb00000,0x00000006ff580000)
  from space 7168K, 98% used [0x00000006ff880000,0x00000006fff600d0,0x00000006fff80000)
  to   space 37376K, 0% used [0x0000000701a00000,0x0000000701a00000,0x0000000703e80000)
 ParOldGen       total 1129472K, used 573748K [0x0000000546000000, 0x000000058af00000, 0x00000006ecb00000)
  object space 1129472K, 50% used [0x0000000546000000,0x000000056904d008,0x000000058af00000)
 Metaspace       used 131101K, capacity 153158K, committed 153216K, reserved 1181696K
  class space    used 15588K, capacity 20807K, committed 20864K, reserved 1048576K
}
Event: 430189.694 GC heap before
{Heap before GC invocations=1373 (full 5):
 PSYoungGen      total 312832K, used 312704K [0x00000006ecb00000, 0x0000000703e80000, 0x00000007c0000000)
  eden space 305664K, 100% used [0x00000006ecb00000,0x00000006ff580000,0x00000006ff580000)
  from space 7168K, 98% used [0x00000006ff880000,0x00000006fff600d0,0x00000006fff80000)
  to   space 37376K, 0% used [0x0000000701a00000,0x0000000701a00000,0x0000000703e80000)
 ParOldGen       total 1129472K, used 573748K [0x0000000546000000, 0x000000058af00000, 0x00000006ecb00000)
  object space 1129472K, 50% used [0x0000000546000000,0x000000056904d008,0x000000058af00000)
 Metaspace       used 131154K, capacity 153292K, committed 153472K, reserved 1181696K
  class space    used 15610K, capacity 20849K, committed 20864K, reserved 1048576K
Event: 430189.759 GC heap after
Heap after GC invocations=1373 (full 5):
 PSYoungGen      total 333824K, used 10632K [0x00000006ecb00000, 0x0000000703880000, 0x00000007c0000000)
  eden space 302592K, 0% used [0x00000006ecb00000,0x00000006ecb00000,0x00000006ff280000)
  from space 31232K, 34% used [0x0000000701a00000,0x0000000702462358,0x0000000703880000)
  to   space 35840K, 0% used [0x00000006ff280000,0x00000006ff280000,0x0000000701580000)
 ParOldGen       total 1129472K, used 573800K [0x0000000546000000, 0x000000058af00000, 0x00000006ecb00000)
  object space 1129472K, 50% used [0x0000000546000000,0x000000056905a038,0x000000058af00000)
 Metaspace       used 131154K, capacity 153292K, committed 153472K, reserved 1181696K
  class space    used 15610K, capacity 20849K, committed 20864K, reserved 1048576K
}
Event: 430378.276 GC heap before
{Heap before GC invocations=1374 (full 5):
 PSYoungGen      total 333824K, used 313224K [0x00000006ecb00000, 0x0000000703880000, 0x00000007c0000000)
  eden space 302592K, 100% used [0x00000006ecb00000,0x00000006ff280000,0x00000006ff280000)
  from space 31232K, 34% used [0x0000000701a00000,0x0000000702462358,0x0000000703880000)
  to   space 35840K, 0% used [0x00000006ff280000,0x00000006ff280000,0x0000000701580000)
 ParOldGen       total 1129472K, used 573800K [0x0000000546000000, 0x000000058af00000, 0x00000006ecb00000)
  object space 1129472K, 50% used [0x0000000546000000,0x000000056905a038,0x000000058af00000)
 Metaspace       used 131154K, capacity 153292K, committed 153472K, reserved 1181696K
  class space    used 15610K, capacity 20849K, committed 20864K, reserved 1048576K
Event: 430378.357 GC heap after
Heap after GC invocations=1374 (full 5):
 PSYoungGen      total 312320K, used 12363K [0x00000006ecb00000, 0x0000000703280000, 0x00000007c0000000)
  eden space 299520K, 0% used [0x00000006ecb00000,0x00000006ecb00000,0x00000006fef80000)
  from space 12800K, 96% used [0x00000006ff280000,0x00000006ffe92ea8,0x00000006fff00000)
  to   space 34304K, 0% used [0x0000000701100000,0x0000000701100000,0x0000000703280000)
 ParOldGen       total 1129472K, used 573800K [0x0000000546000000, 0x000000058af00000, 0x00000006ecb00000)
  object space 1129472K, 50% used [0x0000000546000000,0x000000056905a038,0x000000058af00000)
 Metaspace       used 131154K, capacity 153292K, committed 153472K, reserved 1181696K
  class space    used 15610K, capacity 20849K, committed 20864K, reserved 1048576K
}
Event: 430486.752 GC heap before
{Heap before GC invocations=1375 (full 5):
 PSYoungGen      total 312320K, used 311883K [0x00000006ecb00000, 0x0000000703280000, 0x00000007c0000000)
  eden space 299520K, 100% used [0x00000006ecb00000,0x00000006fef80000,0x00000006fef80000)
  from space 12800K, 96% used [0x00000006ff280000,0x00000006ffe92ea8,0x00000006fff00000)
  to   space 34304K, 0% used [0x0000000701100000,0x0000000701100000,0x0000000703280000)
 ParOldGen       total 1129472K, used 573800K [0x0000000546000000, 0x000000058af00000, 0x00000006ecb00000)
  object space 1129472K, 50% used [0x0000000546000000,0x000000056905a038,0x000000058af00000)
 Metaspace       used 131204K, capacity 153426K, committed 153600K, reserved 1181696K
  class space    used 15632K, capacity 20891K, committed 20992K, reserved 1048576K
Event: 430486.787 GC heap after
Heap after GC invocations=1375 (full 5):
 PSYoungGen      total 324608K, used 11381K [0x00000006ecb00000, 0x0000000702c80000, 0x00000007c0000000)
  eden space 296448K, 0% used [0x00000006ecb00000,0x00000006ecb00000,0x00000006fec80000)
  from space 28160K, 40% used [0x0000000701100000,0x0000000701c1d618,0x0000000702c80000)
  to   space 32768K, 0% used [0x00000006fec80000,0x00000006fec80000,0x0000000700c80000)
 ParOldGen       total 1129472K, used 574128K [0x0000000546000000, 0x000000058af00000, 0x00000006ecb00000)
  object space 1129472K, 50% used [0x0000000546000000,0x00000005690ac038,0x000000058af00000)
 Metaspace       used 131204K, capacity 153426K, committed 153600K, reserved 1181696K
  class space    used 15632K, capacity 20891K, committed 20992K, reserved 1048576K
}
Event: 430678.139 GC heap before
{Heap before GC invocations=1376 (full 5):
 PSYoungGen      total 324608K, used 307829K [0x00000006ecb00000, 0x0000000702c80000, 0x00000007c0000000)
  eden space 296448K, 100% used [0x00000006ecb00000,0x00000006fec80000,0x00000006fec80000)
  from space 28160K, 40% used [0x0000000701100000,0x0000000701c1d618,0x0000000702c80000)
  to   space 32768K, 0% used [0x00000006fec80000,0x00000006fec80000,0x0000000700c80000)
 ParOldGen       total 1129472K, used 574128K [0x0000000546000000, 0x000000058af00000, 0x00000006ecb00000)
  object space 1129472K, 50% used [0x0000000546000000,0x00000005690ac038,0x000000058af00000)
 Metaspace       used 131204K, capacity 153426K, committed 153600K, reserved 1181696K
  class space    used 15632K, capacity 20891K, committed 20992K, reserved 1048576K
Event: 430678.204 GC heap after
Heap after GC invocations=1376 (full 5):
 PSYoungGen      total 306176K, used 12395K [0x00000006ecb00000, 0x0000000702680000, 0x00000007c0000000)
  eden space 293376K, 0% used [0x00000006ecb00000,0x00000006ecb00000,0x00000006fe980000)
  from space 12800K, 96% used [0x00000006fec80000,0x00000006ff89aee8,0x00000006ff900000)
  to   space 31232K, 0% used [0x0000000700800000,0x0000000700800000,0x0000000702680000)
 ParOldGen       total 1129472K, used 574472K [0x0000000546000000, 0x000000058af00000, 0x00000006ecb00000)
  object space 1129472K, 50% used [0x0000000546000000,0x0000000569102038,0x000000058af00000)
 Metaspace       used 131204K, capacity 153426K, committed 153600K, reserved 1181696K
  class space    used 15632K, capacity 20891K, committed 20992K, reserved 1048576K
}
Event: 430991.841 GC heap before
{Heap before GC invocations=1377 (full 5):
 PSYoungGen      total 306176K, used 305771K [0x00000006ecb00000, 0x0000000702680000, 0x00000007c0000000)
  eden space 293376K, 100% used [0x00000006ecb00000,0x00000006fe980000,0x00000006fe980000)
  from space 12800K, 96% used [0x00000006fec80000,0x00000006ff89aee8,0x00000006ff900000)
  to   space 31232K, 0% used [0x0000000700800000,0x0000000700800000,0x0000000702680000)
 ParOldGen       total 1129472K, used 574472K [0x0000000546000000, 0x000000058af00000, 0x00000006ecb00000)
  object space 1129472K, 50% used [0x0000000546000000,0x0000000569102038,0x000000058af00000)
 Metaspace       used 131204K, capacity 153426K, committed 153600K, reserved 1181696K
  class space    used 15632K, capacity 20891K, committed 20992K, reserved 1048576K
Event: 430991.865 GC heap after
Heap after GC invocations=1377 (full 5):
 PSYoungGen      total 317440K, used 7824K [0x00000006ecb00000, 0x0000000702280000, 0x00000007c0000000)
  eden space 290304K, 0% used [0x00000006ecb00000,0x00000006ecb00000,0x00000006fe680000)
  from space 27136K, 28% used [0x0000000700800000,0x0000000700fa4128,0x0000000702280000)
  to   space 30720K, 0% used [0x00000006fe680000,0x00000006fe680000,0x0000000700480000)
 ParOldGen       total 1129472K, used 574488K [0x0000000546000000, 0x000000058af00000, 0x00000006ecb00000)
  object space 1129472K, 50% used [0x0000000546000000,0x0000000569106038,0x000000058af00000)
 Metaspace       used 131204K, capacity 153426K, committed 153600K, reserved 1181696K
  class space    used 15632K, capacity 20891K, committed 20992K, reserved 1048576K
}
Event: 431291.882 GC heap before
{Heap before GC invocations=1378 (full 5):
 PSYoungGen      total 317440K, used 298096K [0x00000006ecb00000, 0x0000000702280000, 0x00000007c0000000)
  eden space 290304K, 99% used [0x00000006ecb00000,0x00000006fe6780d0,0x00000006fe680000)
  from space 27136K, 28% used [0x0000000700800000,0x0000000700fa4128,0x0000000702280000)
  to   space 30720K, 0% used [0x00000006fe680000,0x00000006fe680000,0x0000000700480000)
 ParOldGen       total 1129472K, used 574488K [0x0000000546000000, 0x000000058af00000, 0x00000006ecb00000)
  object space 1129472K, 50% used [0x0000000546000000,0x0000000569106038,0x000000058af00000)
 Metaspace       used 131204K, capacity 153426K, committed 153600K, reserved 1181696K
  class space    used 15632K, capacity 20891K, committed 20992K, reserved 1048576K
Event: 431291.916 GC heap after
Heap after GC invocations=1378 (full 5):
 PSYoungGen      total 299008K, used 8274K [0x00000006ecb00000, 0x0000000702000000, 0x00000007c0000000)
  eden space 290304K, 0% used [0x00000006ecb00000,0x00000006ecb00000,0x00000006fe680000)
  from space 8704K, 95% used [0x00000006fe680000,0x00000006fee94840,0x00000006fef00000)
  to   space 30208K, 0% used [0x0000000700280000,0x0000000700280000,0x0000000702000000)
 ParOldGen       total 1129472K, used 574496K [0x0000000546000000, 0x000000058af00000, 0x00000006ecb00000)
  object space 1129472K, 50% used [0x0000000546000000,0x0000000569108038,0x000000058af00000)
 Metaspace       used 131204K, capacity 153426K, committed 153600K, reserved 1181696K
  class space    used 15632K, capacity 20891K, committed 20992K, reserved 1048576K
}
Event: 431465.286 GC heap before
{Heap before GC invocations=1379 (full 5):
 PSYoungGen      total 299008K, used 298557K [0x00000006ecb00000, 0x0000000702000000, 0x00000007c0000000)
  eden space 290304K, 99% used [0x00000006ecb00000,0x00000006fe67aea8,0x00000006fe680000)
  from space 8704K, 95% used [0x00000006fe680000,0x00000006fee94840,0x00000006fef00000)
  to   space 30208K, 0% used [0x0000000700280000,0x0000000700280000,0x0000000702000000)
 ParOldGen       total 1129472K, used 574496K [0x0000000546000000, 0x000000058af00000, 0x00000006ecb00000)
  object space 1129472K, 50% used [0x0000000546000000,0x0000000569108038,0x000000058af00000)
 Metaspace       used 131209K, capacity 153426K, committed 153600K, reserved 1181696K
  class space    used 15632K, capacity 20891K, committed 20992K, reserved 1048576K
Event: 431465.310 GC heap after
Heap after GC invocations=1379 (full 5):
 PSYoungGen      total 319488K, used 6166K [0x00000006ecb00000, 0x0000000702000000, 0x00000007c0000000)
  eden space 289280K, 0% used [0x00000006ecb00000,0x00000006ecb00000,0x00000006fe580000)
  from space 30208K, 20% used [0x0000000700280000,0x0000000700885aa0,0x0000000702000000)
  to   space 29696K, 0% used [0x00000006fe580000,0x00000006fe580000,0x0000000700280000)
 ParOldGen       total 1129472K, used 575480K [0x0000000546000000, 0x000000058af00000, 0x00000006ecb00000)
  object space 1129472K, 50% used [0x0000000546000000,0x00000005691fe058,0x000000058af00000)
 Metaspace       used 131209K, capacity 153426K, committed 153600K, reserved 1181696K
  class space    used 15632K, capacity 20891K, committed 20992K, reserved 1048576K
}
Event: 431704.014 GC heap before
{Heap before GC invocations=1380 (full 5):
 PSYoungGen      total 319488K, used 295433K [0x00000006ecb00000, 0x0000000702000000, 0x00000007c0000000)
  eden space 289280K, 99% used [0x00000006ecb00000,0x00000006fe57ccd8,0x00000006fe580000)
  from space 30208K, 20% used [0x0000000700280000,0x0000000700885aa0,0x0000000702000000)
  to   space 29696K, 0% used [0x00000006fe580000,0x00000006fe580000,0x0000000700280000)
 ParOldGen       total 1129472K, used 575480K [0x0000000546000000, 0x000000058af00000, 0x00000006ecb00000)
  object space 1129472K, 50% used [0x0000000546000000,0x00000005691fe058,0x000000058af00000)
 Metaspace       used 131214K, capacity 153426K, committed 153600K, reserved 1181696K
  class space    used 15632K, capacity 20891K, committed 20992K, reserved 1048576K
Event: 431704.058 GC heap after
Heap after GC invocations=1380 (full 5):
 PSYoungGen      total 318976K, used 6228K [0x00000006ecb00000, 0x0000000702000000, 0x00000007c0000000)
  eden space 289280K, 0% used [0x00000006ecb00000,0x00000006ecb00000,0x00000006fe580000)
  from space 29696K, 20% used [0x00000006fe580000,0x00000006feb95010,0x0000000700280000)
  to   space 28672K, 0% used [0x0000000700400000,0x0000000700400000,0x0000000702000000)
 ParOldGen       total 1129472K, used 575800K [0x0000000546000000, 0x000000058af00000, 0x00000006ecb00000)
  object space 1129472K, 50% used [0x0000000546000000,0x000000056924e058,0x000000058af00000)
 Metaspace       used 131214K, capacity 153426K, committed 153600K, reserved 1181696K
  class space    used 15632K, capacity 20891K, committed 20992K, reserved 1048576K
}
Event: 431713.716 GC heap before
{Heap before GC invocations=1381 (full 5):
 PSYoungGen      total 318976K, used 295508K [0x00000006ecb00000, 0x0000000702000000, 0x00000007c0000000)
  eden space 289280K, 100% used [0x00000006ecb00000,0x00000006fe580000,0x00000006fe580000)
  from space 29696K, 20% used [0x00000006fe580000,0x00000006feb95010,0x0000000700280000)
  to   space 28672K, 0% used [0x0000000700400000,0x0000000700400000,0x0000000702000000)
 ParOldGen       total 1129472K, used 575800K [0x0000000546000000, 0x000000058af00000, 0x00000006ecb00000)
  object space 1129472K, 50% used [0x0000000546000000,0x000000056924e058,0x000000058af00000)
 Metaspace       used 131465K, capacity 154034K, committed 154240K, reserved 1181696K
  class space    used 15723K, capacity 21067K, committed 21120K, reserved 1048576K
Event: 431713.752 GC heap after
Heap after GC invocations=1381 (full 5):
 PSYoungGen      total 319488K, used 16782K [0x00000006ecb00000, 0x0000000702000000, 0x00000007c0000000)
  eden space 290816K, 0% used [0x00000006ecb00000,0x00000006ecb00000,0x00000006fe700000)
  from space 28672K, 58% used [0x0000000700400000,0x0000000701463858,0x0000000702000000)
  to   space 29184K, 0% used [0x00000006fe700000,0x00000006fe700000,0x0000000700380000)
 ParOldGen       total 1129472K, used 575896K [0x0000000546000000, 0x000000058af00000, 0x00000006ecb00000)
  object space 1129472K, 50% used [0x0000000546000000,0x0000000569266058,0x000000058af00000)
 Metaspace       used 131465K, capacity 154034K, committed 154240K, reserved 1181696K
  class space    used 15723K, capacity 21067K, committed 21120K, reserved 1048576K
}
Event: 431724.752 GC heap before
{Heap before GC invocations=1382 (full 5):
 PSYoungGen      total 319488K, used 307598K [0x00000006ecb00000, 0x0000000702000000, 0x00000007c0000000)
  eden space 290816K, 100% used [0x00000006ecb00000,0x00000006fe700000,0x00000006fe700000)
  from space 28672K, 58% used [0x0000000700400000,0x0000000701463858,0x0000000702000000)
  to   space 29184K, 0% used [0x00000006fe700000,0x00000006fe700000,0x0000000700380000)
 ParOldGen       total 1129472K, used 575896K [0x0000000546000000, 0x000000058af00000, 0x00000006ecb00000)
  object space 1129472K, 50% used [0x0000000546000000,0x0000000569266058,0x000000058af00000)
 Metaspace       used 131465K, capacity 154034K, committed 154240K, reserved 1181696K
  class space    used 15723K, capacity 21067K, committed 21120K, reserved 1048576K
Event: 431724.870 GC heap after
Heap after GC invocations=1382 (full 5):
 PSYoungGen      total 320000K, used 14829K [0x00000006ecb00000, 0x0000000702000000, 0x00000007c0000000)
  eden space 290816K, 0% used [0x00000006ecb00000,0x00000006ecb00000,0x00000006fe700000)
  from space 29184K, 50% used [0x00000006fe700000,0x00000006ff57b590,0x0000000700380000)
  to   space 28160K, 0% used [0x0000000700480000,0x0000000700480000,0x0000000702000000)
 ParOldGen       total 1129472K, used 576616K [0x0000000546000000, 0x000000058af00000, 0x00000006ecb00000)
  object space 1129472K, 51% used [0x0000000546000000,0x000000056931a078,0x000000058af00000)
 Metaspace       used 131465K, capacity 154034K, committed 154240K, reserved 1181696K
  class space    used 15723K, capacity 21067K, committed 21120K, reserved 1048576K
}
Event: 431760.600 GC heap before
{Heap before GC invocations=1383 (full 5):
 PSYoungGen      total 320000K, used 305645K [0x00000006ecb00000, 0x0000000702000000, 0x00000007c0000000)
  eden space 290816K, 100% used [0x00000006ecb00000,0x00000006fe700000,0x00000006fe700000)
  from space 29184K, 50% used [0x00000006fe700000,0x00000006ff57b590,0x0000000700380000)
  to   space 28160K, 0% used [0x0000000700480000,0x0000000700480000,0x0000000702000000)
 ParOldGen       total 1129472K, used 576616K [0x0000000546000000, 0x000000058af00000, 0x00000006ecb00000)
  object space 1129472K, 51% used [0x0000000546000000,0x000000056931a078,0x000000058af00000)
 Metaspace       used 131465K, capacity 154034K, committed 154240K, reserved 1181696K
  class space    used 15723K, capacity 21067K, committed 21120K, reserved 1048576K
Event: 431760.755 GC heap after
Heap after GC invocations=1383 (full 5):
 PSYoungGen      total 320000K, used 17816K [0x00000006ecb00000, 0x0000000702000000, 0x00000007c0000000)
  eden space 291840K, 0% used [0x00000006ecb00000,0x00000006ecb00000,0x00000006fe800000)
  from space 28160K, 63% used [0x0000000700480000,0x00000007015e6370,0x0000000702000000)
  to   space 28672K, 0% used [0x00000006fe800000,0x00000006fe800000,0x0000000700400000)
 ParOldGen       total 1129472K, used 576832K [0x0000000546000000, 0x000000058af00000, 0x00000006ecb00000)
  object space 1129472K, 51% used [0x0000000546000000,0x0000000569350098,0x000000058af00000)
 Metaspace       used 131465K, capacity 154034K, committed 154240K, reserved 1181696K
  class space    used 15723K, capacity 21067K, committed 21120K, reserved 1048576K
}
Event: 432001.484 GC heap before
{Heap before GC invocations=1384 (full 5):
 PSYoungGen      total 320000K, used 309656K [0x00000006ecb00000, 0x0000000702000000, 0x00000007c0000000)
  eden space 291840K, 100% used [0x00000006ecb00000,0x00000006fe800000,0x00000006fe800000)
  from space 28160K, 63% used [0x0000000700480000,0x00000007015e6370,0x0000000702000000)
  to   space 28672K, 0% used [0x00000006fe800000,0x00000006fe800000,0x0000000700400000)
 ParOldGen       total 1129472K, used 576832K [0x0000000546000000, 0x000000058af00000, 0x00000006ecb00000)
  object space 1129472K, 51% used [0x0000000546000000,0x0000000569350098,0x000000058af00000)
 Metaspace       used 131466K, capacity 154034K, committed 154240K, reserved 1181696K
  class space    used 15723K, capacity 21067K, committed 21120K, reserved 1048576K
Event: 432001.699 GC heap after
Heap after GC invocations=1384 (full 5):
 PSYoungGen      total 320512K, used 15415K [0x00000006ecb00000, 0x0000000702000000, 0x00000007c0000000)
  eden space 291840K, 0% used [0x00000006ecb00000,0x00000006ecb00000,0x00000006fe800000)
  from space 28672K, 53% used [0x00000006fe800000,0x00000006ff70de10,0x0000000700400000)
  to   space 28160K, 0% used [0x0000000700480000,0x0000000700480000,0x0000000702000000)
 ParOldGen       total 1129472K, used 577072K [0x0000000546000000, 0x000000058af00000, 0x00000006ecb00000)
  object space 1129472K, 51% used [0x0000000546000000,0x000000056938c098,0x000000058af00000)
 Metaspace       used 131466K, capacity 154034K, committed 154240K, reserved 1181696K
  class space    used 15723K, capacity 21067K, committed 21120K, reserved 1048576K
}
Event: 432049.296 GC heap before
{Heap before GC invocations=1385 (full 5):
 PSYoungGen      total 320512K, used 307255K [0x00000006ecb00000, 0x0000000702000000, 0x00000007c0000000)
  eden space 291840K, 100% used [0x00000006ecb00000,0x00000006fe800000,0x00000006fe800000)
  from space 28672K, 53% used [0x00000006fe800000,0x00000006ff70de10,0x0000000700400000)
  to   space 28160K, 0% used [0x0000000700480000,0x0000000700480000,0x0000000702000000)
 ParOldGen       total 1129472K, used 577072K [0x0000000546000000, 0x000000058af00000, 0x00000006ecb00000)
  object space 1129472K, 51% used [0x0000000546000000,0x000000056938c098,0x000000058af00000)
 Metaspace       used 131466K, capacity 154034K, committed 154240K, reserved 1181696K
  class space    used 15723K, capacity 21067K, committed 21120K, reserved 1048576K
Event: 432049.407 GC heap after
Heap after GC invocations=1385 (full 5):
 PSYoungGen      total 321024K, used 17417K [0x00000006ecb00000, 0x0000000702000000, 0x00000007c0000000)
  eden space 292864K, 0% used [0x00000006ecb00000,0x00000006ecb00000,0x00000006fe900000)
  from space 28160K, 61% used [0x0000000700480000,0x00000007015824b0,0x0000000702000000)
  to   space 28160K, 0% used [0x00000006fe900000,0x00000006fe900000,0x0000000700480000)
 ParOldGen       total 1129472K, used 577096K [0x0000000546000000, 0x000000058af00000, 0x00000006ecb00000)
  object space 1129472K, 51% used [0x0000000546000000,0x0000000569392098,0x000000058af00000)
 Metaspace       used 131466K, capacity 154034K, committed 154240K, reserved 1181696K
  class space    used 15723K, capacity 21067K, committed 21120K, reserved 1048576K
}
Event: 432149.445 GC heap before
{Heap before GC invocations=1386 (full 5):
 PSYoungGen      total 321024K, used 310281K [0x00000006ecb00000, 0x0000000702000000, 0x00000007c0000000)
  eden space 292864K, 100% used [0x00000006ecb00000,0x00000006fe900000,0x00000006fe900000)
  from space 28160K, 61% used [0x0000000700480000,0x00000007015824b0,0x0000000702000000)
  to   space 28160K, 0% used [0x00000006fe900000,0x00000006fe900000,0x0000000700480000)
 ParOldGen       total 1129472K, used 577096K [0x0000000546000000, 0x000000058af00000, 0x00000006ecb00000)
  object space 1129472K, 51% used [0x0000000546000000,0x0000000569392098,0x000000058af00000)
 Metaspace       used 131550K, capacity 154170K, committed 154240K, reserved 1181696K
  class space    used 15746K, capacity 21111K, committed 21120K, reserved 1048576K
Event: 432149.554 GC heap after
Heap after GC invocations=1386 (full 5):
 PSYoungGen      total 312832K, used 19677K [0x00000006ecb00000, 0x0000000702000000, 0x00000007c0000000)
  eden space 292864K, 0% used [0x00000006ecb00000,0x00000006ecb00000,0x00000006fe900000)
  from space 19968K, 98% used [0x00000006fe900000,0x00000006ffc37480,0x00000006ffc80000)
  to   space 29184K, 0% used [0x0000000700380000,0x0000000700380000,0x0000000702000000)
 ParOldGen       total 1129472K, used 577096K [0x0000000546000000, 0x000000058af00000, 0x00000006ecb00000)
  object space 1129472K, 51% used [0x0000000546000000,0x0000000569392098,0x000000058af00000)
 Metaspace       used 131550K, capacity 154170K, committed 154240K, reserved 1181696K
  class space    used 15746K, capacity 21111K, committed 21120K, reserved 1048576K
}
Event: 432257.081 GC heap before
{Heap before GC invocations=1387 (full 5):
 PSYoungGen      total 312832K, used 312541K [0x00000006ecb00000, 0x0000000702000000, 0x00000007c0000000)
  eden space 292864K, 100% used [0x00000006ecb00000,0x00000006fe900000,0x00000006fe900000)
  from space 19968K, 98% used [0x00000006fe900000,0x00000006ffc37480,0x00000006ffc80000)
  to   space 29184K, 0% used [0x0000000700380000,0x0000000700380000,0x0000000702000000)
 ParOldGen       total 1129472K, used 577096K [0x0000000546000000, 0x000000058af00000, 0x00000006ecb00000)
  object space 1129472K, 51% used [0x0000000546000000,0x0000000569392098,0x000000058af00000)
 Metaspace       used 131550K, capacity 154170K, committed 154240K, reserved 1181696K
  class space    used 15746K, capacity 21111K, committed 21120K, reserved 1048576K
Event: 432257.215 GC heap after
Heap after GC invocations=1387 (full 5):
 PSYoungGen      total 320000K, used 18702K [0x00000006ecb00000, 0x0000000702000000, 0x00000007c0000000)
  eden space 290816K, 0% used [0x00000006ecb00000,0x00000006ecb00000,0x00000006fe700000)
  from space 29184K, 64% used [0x0000000700380000,0x00000007015c3850,0x0000000702000000)
  to   space 29184K, 0% used [0x00000006fe700000,0x00000006fe700000,0x0000000700380000)
 ParOldGen       total 1129472K, used 577104K [0x0000000546000000, 0x000000058af00000, 0x00000006ecb00000)
  object space 1129472K, 51% used [0x0000000546000000,0x0000000569394098,0x000000058af00000)
 Metaspace       used 131550K, capacity 154170K, committed 154240K, reserved 1181696K
  class space    used 15746K, capacity 21111K, committed 21120K, reserved 1048576K
}
Event: 432301.575 GC heap before
{Heap before GC invocations=1388 (full 5):
 PSYoungGen      total 320000K, used 309518K [0x00000006ecb00000, 0x0000000702000000, 0x00000007c0000000)
  eden space 290816K, 100% used [0x00000006ecb00000,0x00000006fe700000,0x00000006fe700000)
  from space 29184K, 64% used [0x0000000700380000,0x00000007015c3850,0x0000000702000000)
  to   space 29184K, 0% used [0x00000006fe700000,0x00000006fe700000,0x0000000700380000)
 ParOldGen       total 1129472K, used 577104K [0x0000000546000000, 0x000000058af00000, 0x00000006ecb00000)
  object space 1129472K, 51% used [0x0000000546000000,0x0000000569394098,0x000000058af00000)
 Metaspace       used 131555K, capacity 154176K, committed 154240K, reserved 1181696K
  class space    used 15746K, capacity 21112K, committed 21120K, reserved 1048576K
Event: 432301.768 GC heap after
Heap after GC invocations=1388 (full 5):
 PSYoungGen      total 320000K, used 18883K [0x00000006ecb00000, 0x0000000702000000, 0x00000007c0000000)
  eden space 290816K, 0% used [0x00000006ecb00000,0x00000006ecb00000,0x00000006fe700000)
  from space 29184K, 64% used [0x00000006fe700000,0x00000006ff970d08,0x0000000700380000)
  to   space 29184K, 0% used [0x0000000700380000,0x0000000700380000,0x0000000702000000)
 ParOldGen       total 1129472K, used 577760K [0x0000000546000000, 0x000000058af00000, 0x00000006ecb00000)
  object space 1129472K, 51% used [0x0000000546000000,0x00000005694380b8,0x000000058af00000)
 Metaspace       used 131555K, capacity 154176K, committed 154240K, reserved 1181696K
  class space    used 15746K, capacity 21112K, committed 21120K, reserved 1048576K
}
Event: 432314.922 GC heap before
{Heap before GC invocations=1389 (full 5):
 PSYoungGen      total 320000K, used 309699K [0x00000006ecb00000, 0x0000000702000000, 0x00000007c0000000)
  eden space 290816K, 100% used [0x00000006ecb00000,0x00000006fe700000,0x00000006fe700000)
  from space 29184K, 64% used [0x00000006fe700000,0x00000006ff970d08,0x0000000700380000)
  to   space 29184K, 0% used [0x0000000700380000,0x0000000700380000,0x0000000702000000)
 ParOldGen       total 1129472K, used 577760K [0x0000000546000000, 0x000000058af00000, 0x00000006ecb00000)
  object space 1129472K, 51% used [0x0000000546000000,0x00000005694380b8,0x000000058af00000)
 Metaspace       used 131621K, capacity 154376K, committed 154624K, reserved 1183744K
  class space    used 15769K, capacity 21156K, committed 21248K, reserved 1048576K
Event: 432315.052 GC heap after
Heap after GC invocations=1389 (full 5):
 PSYoungGen      total 321024K, used 15178K [0x00000006ecb00000, 0x0000000702000000, 0x00000007c0000000)
  eden space 291840K, 0% used [0x00000006ecb00000,0x00000006ecb00000,0x00000006fe800000)
  from space 29184K, 52% used [0x0000000700380000,0x0000000701252b68,0x0000000702000000)
  to   space 28160K, 0% used [0x00000006fe800000,0x00000006fe800000,0x0000000700380000)
 ParOldGen       total 1129472K, used 577944K [0x0000000546000000, 0x000000058af00000, 0x00000006ecb00000)
  object space 1129472K, 51% used [0x0000000546000000,0x00000005694660b8,0x000000058af00000)
 Metaspace       used 131621K, capacity 154376K, committed 154624K, reserved 1183744K
  class space    used 15769K, capacity 21156K, committed 21248K, reserved 1048576K
}
Event: 432323.036 GC heap before
{Heap before GC invocations=1390 (full 5):
 PSYoungGen      total 321024K, used 307018K [0x00000006ecb00000, 0x0000000702000000, 0x00000007c0000000)
  eden space 291840K, 100% used [0x00000006ecb00000,0x00000006fe800000,0x00000006fe800000)
  from space 29184K, 52% used [0x0000000700380000,0x0000000701252b68,0x0000000702000000)
  to   space 28160K, 0% used [0x00000006fe800000,0x00000006fe800000,0x0000000700380000)
 ParOldGen       total 1129472K, used 577944K [0x0000000546000000, 0x000000058af00000, 0x00000006ecb00000)
  object space 1129472K, 51% used [0x0000000546000000,0x00000005694660b8,0x000000058af00000)
 Metaspace       used 131704K, capacity 154542K, committed 154624K, reserved 1183744K
  class space    used 15795K, capacity 21205K, committed 21248K, reserved 1048576K
Event: 432323.130 GC heap after
Heap after GC invocations=1390 (full 5):
 PSYoungGen      total 320000K, used 13068K [0x00000006ecb00000, 0x0000000702000000, 0x00000007c0000000)
  eden space 291840K, 0% used [0x00000006ecb00000,0x00000006ecb00000,0x00000006fe800000)
  from space 28160K, 46% used [0x00000006fe800000,0x00000006ff4c33f8,0x0000000700380000)
  to   space 27136K, 0% used [0x0000000700580000,0x0000000700580000,0x0000000702000000)
 ParOldGen       total 1129472K, used 578688K [0x0000000546000000, 0x000000058af00000, 0x00000006ecb00000)
  object space 1129472K, 51% used [0x0000000546000000,0x00000005695200d8,0x000000058af00000)
 Metaspace       used 131704K, capacity 154542K, committed 154624K, reserved 1183744K
  class space    used 15795K, capacity 21205K, committed 21248K, reserved 1048576K
}
Event: 432331.351 GC heap before
{Heap before GC invocations=1391 (full 5):
 PSYoungGen      total 320000K, used 304908K [0x00000006ecb00000, 0x0000000702000000, 0x00000007c0000000)
  eden space 291840K, 100% used [0x00000006ecb00000,0x00000006fe800000,0x00000006fe800000)
  from space 28160K, 46% used [0x00000006fe800000,0x00000006ff4c33f8,0x0000000700380000)
  to   space 27136K, 0% used [0x0000000700580000,0x0000000700580000,0x0000000702000000)
 ParOldGen       total 1129472K, used 578688K [0x0000000546000000, 0x000000058af00000, 0x00000006ecb00000)
  object space 1129472K, 51% used [0x0000000546000000,0x00000005695200d8,0x000000058af00000)
 Metaspace       used 131826K, capacity 154814K, committed 155008K, reserved 1183744K
  class space    used 15840K, capacity 21293K, committed 21376K, reserved 1048576K
Event: 432331.448 GC heap after
Heap after GC invocations=1391 (full 5):
 PSYoungGen      total 322560K, used 17297K [0x00000006ecb00000, 0x0000000702000000, 0x00000007c0000000)
  eden space 295424K, 0% used [0x00000006ecb00000,0x00000006ecb00000,0x00000006feb80000)
  from space 27136K, 63% used [0x0000000700580000,0x0000000701664720,0x0000000702000000)
  to   space 26624K, 0% used [0x00000006feb80000,0x00000006feb80000,0x0000000700580000)
 ParOldGen       total 1129472K, used 578880K [0x0000000546000000, 0x000000058af00000, 0x00000006ecb00000)
  object space 1129472K, 51% used [0x0000000546000000,0x00000005695500d8,0x000000058af00000)
 Metaspace       used 131826K, capacity 154814K, committed 155008K, reserved 1183744K
  class space    used 15840K, capacity 21293K, committed 21376K, reserved 1048576K
}
Event: 432350.128 GC heap before
{Heap before GC invocations=1392 (full 5):
 PSYoungGen      total 322560K, used 312721K [0x00000006ecb00000, 0x0000000702000000, 0x00000007c0000000)
  eden space 295424K, 100% used [0x00000006ecb00000,0x00000006feb80000,0x00000006feb80000)
  from space 27136K, 63% used [0x0000000700580000,0x0000000701664720,0x0000000702000000)
  to   space 26624K, 0% used [0x00000006feb80000,0x00000006feb80000,0x0000000700580000)
 ParOldGen       total 1129472K, used 578880K [0x0000000546000000, 0x000000058af00000, 0x00000006ecb00000)
  object space 1129472K, 51% used [0x0000000546000000,0x00000005695500d8,0x000000058af00000)
 Metaspace       used 131885K, capacity 154950K, committed 155008K, reserved 1183744K
  class space    used 15863K, capacity 21337K, committed 21376K, reserved 1048576K
Event: 432350.306 GC heap after
Heap after GC invocations=1392 (full 5):
 PSYoungGen      total 316928K, used 21029K [0x00000006ecb00000, 0x0000000702000000, 0x00000007c0000000)
  eden space 295424K, 0% used [0x00000006ecb00000,0x00000006ecb00000,0x00000006feb80000)
  from space 21504K, 97% used [0x00000006feb80000,0x0000000700009498,0x0000000700080000)
  to   space 27648K, 0% used [0x0000000700500000,0x0000000700500000,0x0000000702000000)
 ParOldGen       total 1129472K, used 578904K [0x0000000546000000, 0x000000058af00000, 0x00000006ecb00000)
  object space 1129472K, 51% used [0x0000000546000000,0x00000005695560d8,0x000000058af00000)
 Metaspace       used 131885K, capacity 154950K, committed 155008K, reserved 1183744K
  class space    used 15863K, capacity 21337K, committed 21376K, reserved 1048576K
}
Event: 432383.508 GC heap before
{Heap before GC invocations=1393 (full 5):
 PSYoungGen      total 316928K, used 316453K [0x00000006ecb00000, 0x0000000702000000, 0x00000007c0000000)
  eden space 295424K, 100% used [0x00000006ecb00000,0x00000006feb80000,0x00000006feb80000)
  from space 21504K, 97% used [0x00000006feb80000,0x0000000700009498,0x0000000700080000)
  to   space 27648K, 0% used [0x0000000700500000,0x0000000700500000,0x0000000702000000)
 ParOldGen       total 1129472K, used 578904K [0x0000000546000000, 0x000000058af00000, 0x00000006ecb00000)
  object space 1129472K, 51% used [0x0000000546000000,0x00000005695560d8,0x000000058af00000)
 Metaspace       used 131888K, capacity 154950K, committed 155008K, reserved 1183744K
  class space    used 15863K, capacity 21337K, committed 21376K, reserved 1048576K
Event: 432383.705 GC heap after
Heap after GC invocations=1393 (full 5):
 PSYoungGen      total 320000K, used 22532K [0x00000006ecb00000, 0x0000000702180000, 0x00000007c0000000)
  eden space 292352K, 0% used [0x00000006ecb00000,0x00000006ecb00000,0x00000006fe880000)
  from space 27648K, 81% used [0x0000000700500000,0x0000000701b013a0,0x0000000702000000)
  to   space 29184K, 0% used [0x00000006fe880000,0x00000006fe880000,0x0000000700500000)
 ParOldGen       total 1129472K, used 578920K [0x0000000546000000, 0x000000058af00000, 0x00000006ecb00000)
  object space 1129472K, 51% used [0x0000000546000000,0x000000056955a0d8,0x000000058af00000)
 Metaspace       used 131888K, capacity 154950K, committed 155008K, reserved 1183744K
  class space    used 15863K, capacity 21337K, committed 21376K, reserved 1048576K
}
Event: 432479.185 GC heap before
{Heap before GC invocations=1394 (full 5):
 PSYoungGen      total 320000K, used 314884K [0x00000006ecb00000, 0x0000000702180000, 0x00000007c0000000)
  eden space 292352K, 100% used [0x00000006ecb00000,0x00000006fe880000,0x00000006fe880000)
  from space 27648K, 81% used [0x0000000700500000,0x0000000701b013a0,0x0000000702000000)
  to   space 29184K, 0% used [0x00000006fe880000,0x00000006fe880000,0x0000000700500000)
 ParOldGen       total 1129472K, used 578920K [0x0000000546000000, 0x000000058af00000, 0x00000006ecb00000)
  object space 1129472K, 51% used [0x0000000546000000,0x000000056955a0d8,0x000000058af00000)
 Metaspace       used 131891K, capacity 154954K, committed 155008K, reserved 1183744K
  class space    used 15863K, capacity 21337K, committed 21376K, reserved 1048576K
Event: 432479.446 GC heap after
Heap after GC invocations=1394 (full 5):
 PSYoungGen      total 311808K, used 22524K [0x00000006ecb00000, 0x0000000702080000, 0x00000007c0000000)
  eden space 289280K, 0% used [0x00000006ecb00000,0x00000006ecb00000,0x00000006fe580000)
  from space 22528K, 99% used [0x00000006fe880000,0x00000006ffe7f1a8,0x00000006ffe80000)
  to   space 30208K, 0% used [0x0000000700300000,0x0000000700300000,0x0000000702080000)
 ParOldGen       total 1129472K, used 579001K [0x0000000546000000, 0x000000058af00000, 0x00000006ecb00000)
  object space 1129472K, 51% used [0x0000000546000000,0x000000056956e4f0,0x000000058af00000)
 Metaspace       used 131891K, capacity 154954K, committed 155008K, reserved 1183744K
  class space    used 15863K, capacity 21337K, committed 21376K, reserved 1048576K
}
Event: 432604.094 GC heap before
{Heap before GC invocations=1395 (full 5):
 PSYoungGen      total 311808K, used 311804K [0x00000006ecb00000, 0x0000000702080000, 0x00000007c0000000)
  eden space 289280K, 100% used [0x00000006ecb00000,0x00000006fe580000,0x00000006fe580000)
  from space 22528K, 99% used [0x00000006fe880000,0x00000006ffe7f1a8,0x00000006ffe80000)
  to   space 30208K, 0% used [0x0000000700300000,0x0000000700300000,0x0000000702080000)
 ParOldGen       total 1129472K, used 579001K [0x0000000546000000, 0x000000058af00000, 0x00000006ecb00000)
  object space 1129472K, 51% used [0x0000000546000000,0x000000056956e4f0,0x000000058af00000)
 Metaspace       used 131891K, capacity 154954K, committed 155008K, reserved 1183744K
  class space    used 15863K, capacity 21337K, committed 21376K, reserved 1048576K
Event: 432604.401 GC heap after
Heap after GC invocations=1395 (full 5):
 PSYoungGen      total 317440K, used 21816K [0x00000006ecb00000, 0x0000000702000000, 0x00000007c0000000)
  eden space 287744K, 0% used [0x00000006ecb00000,0x00000006ecb00000,0x00000006fe400000)
  from space 29696K, 73% used [0x0000000700300000,0x000000070184e0f8,0x0000000702000000)
  to   space 30720K, 0% used [0x00000006fe400000,0x00000006fe400000,0x0000000700200000)
 ParOldGen       total 1129472K, used 579049K [0x0000000546000000, 0x000000058af00000, 0x00000006ecb00000)
  object space 1129472K, 51% used [0x0000000546000000,0x000000056957a4f0,0x000000058af00000)
 Metaspace       used 131891K, capacity 154954K, committed 155008K, reserved 1183744K
  class space    used 15863K, capacity 21337K, committed 21376K, reserved 1048576K
}
Event: 432653.107 GC heap before
{Heap before GC invocations=1396 (full 5):
 PSYoungGen      total 317440K, used 309560K [0x00000006ecb00000, 0x0000000702000000, 0x00000007c0000000)
  eden space 287744K, 100% used [0x00000006ecb00000,0x00000006fe400000,0x00000006fe400000)
  from space 29696K, 73% used [0x0000000700300000,0x000000070184e0f8,0x0000000702000000)
  to   space 30720K, 0% used [0x00000006fe400000,0x00000006fe400000,0x0000000700200000)
 ParOldGen       total 1129472K, used 579049K [0x0000000546000000, 0x000000058af00000, 0x00000006ecb00000)
  object space 1129472K, 51% used [0x0000000546000000,0x000000056957a4f0,0x000000058af00000)
 Metaspace       used 131962K, capacity 155090K, committed 155392K, reserved 1183744K
  class space    used 15886K, capacity 21381K, committed 21504K, reserved 1048576K
Event: 432653.328 GC heap after
Heap after GC invocations=1396 (full 5):
 PSYoungGen      total 318464K, used 21311K [0x00000006ecb00000, 0x0000000702000000, 0x00000007c0000000)
  eden space 287744K, 0% used [0x00000006ecb00000,0x00000006ecb00000,0x00000006fe400000)
  from space 30720K, 69% used [0x00000006fe400000,0x00000006ff8cff98,0x0000000700200000)
  to   space 30720K, 0% used [0x0000000700200000,0x0000000700200000,0x0000000702000000)
 ParOldGen       total 1129472K, used 581649K [0x0000000546000000, 0x000000058af00000, 0x00000006ecb00000)
  object space 1129472K, 51% used [0x0000000546000000,0x0000000569804570,0x000000058af00000)
 Metaspace       used 131962K, capacity 155090K, committed 155392K, reserved 1183744K
  class space    used 15886K, capacity 21381K, committed 21504K, reserved 1048576K
}
Event: 432715.817 GC heap before
{Heap before GC invocations=1397 (full 5):
 PSYoungGen      total 318464K, used 309055K [0x00000006ecb00000, 0x0000000702000000, 0x00000007c0000000)
  eden space 287744K, 100% used [0x00000006ecb00000,0x00000006fe400000,0x00000006fe400000)
  from space 30720K, 69% used [0x00000006fe400000,0x00000006ff8cff98,0x0000000700200000)
  to   space 30720K, 0% used [0x0000000700200000,0x0000000700200000,0x0000000702000000)
 ParOldGen       total 1129472K, used 581649K [0x0000000546000000, 0x000000058af00000, 0x00000006ecb00000)
  object space 1129472K, 51% used [0x0000000546000000,0x0000000569804570,0x000000058af00000)
 Metaspace       used 131962K, capacity 155090K, committed 155392K, reserved 1183744K
  class space    used 15886K, capacity 21381K, committed 21504K, reserved 1048576K
Event: 432715.997 GC heap after
Heap after GC invocations=1397 (full 5):
 PSYoungGen      total 318976K, used 20493K [0x00000006ecb00000, 0x0000000702000000, 0x00000007c0000000)
  eden space 288256K, 0% used [0x00000006ecb00000,0x00000006ecb00000,0x00000006fe480000)
  from space 30720K, 66% used [0x0000000700200000,0x0000000701603620,0x0000000702000000)
  to   space 30208K, 0% used [0x00000006fe480000,0x00000006fe480000,0x0000000700200000)
 ParOldGen       total 1129472K, used 581665K [0x0000000546000000, 0x000000058af00000, 0x00000006ecb00000)
  object space 1129472K, 51% used [0x0000000546000000,0x0000000569808570,0x000000058af00000)
 Metaspace       used 131962K, capacity 155090K, committed 155392K, reserved 1183744K
  class space    used 15886K, capacity 21381K, committed 21504K, reserved 1048576K
}
Event: 432921.893 GC heap before
{Heap before GC invocations=1398 (full 5):
 PSYoungGen      total 318976K, used 308749K [0x00000006ecb00000, 0x0000000702000000, 0x00000007c0000000)
  eden space 288256K, 100% used [0x00000006ecb00000,0x00000006fe480000,0x00000006fe480000)
  from space 30720K, 66% used [0x0000000700200000,0x0000000701603620,0x0000000702000000)
  to   space 30208K, 0% used [0x00000006fe480000,0x00000006fe480000,0x0000000700200000)
 ParOldGen       total 1129472K, used 581665K [0x0000000546000000, 0x000000058af00000, 0x00000006ecb00000)
  object space 1129472K, 51% used [0x0000000546000000,0x0000000569808570,0x000000058af00000)
 Metaspace       used 131962K, capacity 155090K, committed 155392K, reserved 1183744K
  class space    used 15886K, capacity 21381K, committed 21504K, reserved 1048576K
Event: 432922.039 GC heap after
Heap after GC invocations=1398 (full 5):
 PSYoungGen      total 318464K, used 18943K [0x00000006ecb00000, 0x0000000702000000, 0x00000007c0000000)
  eden space 288256K, 0% used [0x00000006ecb00000,0x00000006ecb00000,0x00000006fe480000)
  from space 30208K, 62% used [0x00000006fe480000,0x00000006ff6fff80,0x0000000700200000)
  to   space 29696K, 0% used [0x0000000700300000,0x0000000700300000,0x0000000702000000)
 ParOldGen       total 1129472K, used 581873K [0x0000000546000000, 0x000000058af00000, 0x00000006ecb00000)
  object space 1129472K, 51% used [0x0000000546000000,0x000000056983c570,0x000000058af00000)
 Metaspace       used 131962K, capacity 155090K, committed 155392K, reserved 1183744K
  class space    used 15886K, capacity 21381K, committed 21504K, reserved 1048576K
}
Event: 433039.401 GC heap before
{Heap before GC invocations=1399 (full 5):
 PSYoungGen      total 318464K, used 307199K [0x00000006ecb00000, 0x0000000702000000, 0x00000007c0000000)
  eden space 288256K, 100% used [0x00000006ecb00000,0x00000006fe480000,0x00000006fe480000)
  from space 30208K, 62% used [0x00000006fe480000,0x00000006ff6fff80,0x0000000700200000)
  to   space 29696K, 0% used [0x0000000700300000,0x0000000700300000,0x0000000702000000)
 ParOldGen       total 1129472K, used 581873K [0x0000000546000000, 0x000000058af00000, 0x00000006ecb00000)
  object space 1129472K, 51% used [0x0000000546000000,0x000000056983c570,0x000000058af00000)
 Metaspace       used 131969K, capacity 155090K, committed 155392K, reserved 1183744K
  class space    used 15886K, capacity 21381K, committed 21504K, reserved 1048576K
Event: 433039.519 GC heap after
Heap after GC invocations=1399 (full 5):
 PSYoungGen      total 320000K, used 20043K [0x00000006ecb00000, 0x0000000702000000, 0x00000007c0000000)
  eden space 290304K, 0% used [0x00000006ecb00000,0x00000006ecb00000,0x00000006fe680000)
  from space 29696K, 67% used [0x0000000700300000,0x0000000701692e98,0x0000000702000000)
  to   space 29184K, 0% used [0x00000006fe680000,0x00000006fe680000,0x0000000700300000)
 ParOldGen       total 1129472K, used 581937K [0x0000000546000000, 0x000000058af00000, 0x00000006ecb00000)
  object space 1129472K, 51% used [0x0000000546000000,0x000000056984c590,0x000000058af00000)
 Metaspace       used 131969K, capacity 155090K, committed 155392K, reserved 1183744K
  class space    used 15886K, capacity 21381K, committed 21504K, reserved 1048576K
}
Event: 433141.124 GC heap before
{Heap before GC invocations=1400 (full 5):
 PSYoungGen      total 320000K, used 310347K [0x00000006ecb00000, 0x0000000702000000, 0x00000007c0000000)
  eden space 290304K, 100% used [0x00000006ecb00000,0x00000006fe680000,0x00000006fe680000)
  from space 29696K, 67% used [0x0000000700300000,0x0000000701692e98,0x0000000702000000)
  to   space 29184K, 0% used [0x00000006fe680000,0x00000006fe680000,0x0000000700300000)
 ParOldGen       total 1129472K, used 581937K [0x0000000546000000, 0x000000058af00000, 0x00000006ecb00000)
  object space 1129472K, 51% used [0x0000000546000000,0x000000056984c590,0x000000058af00000)
 Metaspace       used 131969K, capacity 155090K, committed 155392K, reserved 1183744K
  class space    used 15886K, capacity 21381K, committed 21504K, reserved 1048576K
Event: 433141.315 GC heap after
Heap after GC invocations=1400 (full 5):
 PSYoungGen      total 319488K, used 21686K [0x00000006ecb00000, 0x0000000702000000, 0x00000007c0000000)
  eden space 290304K, 0% used [0x00000006ecb00000,0x00000006ecb00000,0x00000006fe680000)
  from space 29184K, 74% used [0x00000006fe680000,0x00000006ffbada68,0x0000000700300000)
  to   space 29184K, 0% used [0x0000000700380000,0x0000000700380000,0x0000000702000000)
 ParOldGen       total 1129472K, used 582161K [0x0000000546000000, 0x000000058af00000, 0x00000006ecb00000)
  object space 1129472K, 51% used [0x0000000546000000,0x0000000569884590,0x000000058af00000)
 Metaspace       used 131969K, capacity 155090K, committed 155392K, reserved 1183744K
  class space    used 15886K, capacity 21381K, committed 21504K, reserved 1048576K
}
Event: 433354.729 GC heap before
{Heap before GC invocations=1401 (full 5):
 PSYoungGen      total 319488K, used 311990K [0x00000006ecb00000, 0x0000000702000000, 0x00000007c0000000)
  eden space 290304K, 100% used [0x00000006ecb00000,0x00000006fe680000,0x00000006fe680000)
  from space 29184K, 74% used [0x00000006fe680000,0x00000006ffbada68,0x0000000700300000)
  to   space 29184K, 0% used [0x0000000700380000,0x0000000700380000,0x0000000702000000)
 ParOldGen       total 1129472K, used 582161K [0x0000000546000000, 0x000000058af00000, 0x00000006ecb00000)
  object space 1129472K, 51% used [0x0000000546000000,0x0000000569884590,0x000000058af00000)
 Metaspace       used 131969K, capacity 155090K, committed 155392K, reserved 1183744K
  class space    used 15886K, capacity 21381K, committed 21504K, reserved 1048576K
Event: 433354.905 GC heap after
Heap after GC invocations=1401 (full 5):
 PSYoungGen      total 321024K, used 18867K [0x00000006ecb00000, 0x0000000702000000, 0x00000007c0000000)
  eden space 291840K, 0% used [0x00000006ecb00000,0x00000006ecb00000,0x00000006fe800000)
  from space 29184K, 64% used [0x0000000700380000,0x00000007015ecd70,0x0000000702000000)
  to   space 28160K, 0% used [0x00000006fe800000,0x00000006fe800000,0x0000000700380000)
 ParOldGen       total 1129472K, used 584041K [0x0000000546000000, 0x000000058af00000, 0x00000006ecb00000)
  object space 1129472K, 51% used [0x0000000546000000,0x0000000569a5a610,0x000000058af00000)
 Metaspace       used 131969K, capacity 155090K, committed 155392K, reserved 1183744K
  class space    used 15886K, capacity 21381K, committed 21504K, reserved 1048576K
}
Event: 433386.433 GC heap before
{Heap before GC invocations=1402 (full 5):
 PSYoungGen      total 321024K, used 310707K [0x00000006ecb00000, 0x0000000702000000, 0x00000007c0000000)
  eden space 291840K, 100% used [0x00000006ecb00000,0x00000006fe800000,0x00000006fe800000)
  from space 29184K, 64% used [0x0000000700380000,0x00000007015ecd70,0x0000000702000000)
  to   space 28160K, 0% used [0x00000006fe800000,0x00000006fe800000,0x0000000700380000)
 ParOldGen       total 1129472K, used 584041K [0x0000000546000000, 0x000000058af00000, 0x00000006ecb00000)
  object space 1129472K, 51% used [0x0000000546000000,0x0000000569a5a610,0x000000058af00000)
 Metaspace       used 132030K, capacity 155226K, committed 155392K, reserved 1183744K
  class space    used 15908K, capacity 21425K, committed 21504K, reserved 1048576K
Event: 433386.544 GC heap after
Heap after GC invocations=1402 (full 5):
 PSYoungGen      total 320000K, used 19816K [0x00000006ecb00000, 0x0000000702000000, 0x00000007c0000000)
  eden space 291840K, 0% used [0x00000006ecb00000,0x00000006ecb00000,0x00000006fe800000)
  from space 28160K, 70% used [0x00000006fe800000,0x00000006ffb5a1b0,0x0000000700380000)
  to   space 27648K, 0% used [0x0000000700500000,0x0000000700500000,0x0000000702000000)
 ParOldGen       total 1129472K, used 584169K [0x0000000546000000, 0x000000058af00000, 0x00000006ecb00000)
  object space 1129472K, 51% used [0x0000000546000000,0x0000000569a7a620,0x000000058af00000)
 Metaspace       used 132030K, capacity 155226K, committed 155392K, reserved 1183744K
  class space    used 15908K, capacity 21425K, committed 21504K, reserved 1048576K
}
Event: 433485.221 GC heap before
{Heap before GC invocations=1403 (full 5):
 PSYoungGen      total 320000K, used 311656K [0x00000006ecb00000, 0x0000000702000000, 0x00000007c0000000)
  eden space 291840K, 100% used [0x00000006ecb00000,0x00000006fe800000,0x00000006fe800000)
  from space 28160K, 70% used [0x00000006fe800000,0x00000006ffb5a1b0,0x0000000700380000)
  to   space 27648K, 0% used [0x0000000700500000,0x0000000700500000,0x0000000702000000)
 ParOldGen       total 1129472K, used 584169K [0x0000000546000000, 0x000000058af00000, 0x00000006ecb00000)
  object space 1129472K, 51% used [0x0000000546000000,0x0000000569a7a620,0x000000058af00000)
 Metaspace       used 132030K, capacity 155226K, committed 155392K, reserved 1183744K
  class space    used 15908K, capacity 21425K, committed 21504K, reserved 1048576K
Event: 433485.362 GC heap after
Heap after GC invocations=1403 (full 5):
 PSYoungGen      total 322048K, used 18675K [0x00000006ecb00000, 0x0000000702000000, 0x00000007c0000000)
  eden space 294400K, 0% used [0x00000006ecb00000,0x00000006ecb00000,0x00000006fea80000)
  from space 27648K, 67% used [0x0000000700500000,0x000000070173cff8,0x0000000702000000)
  to   space 27136K, 0% used [0x00000006fea80000,0x00000006fea80000,0x0000000700500000)
 ParOldGen       total 1129472K, used 584545K [0x0000000546000000, 0x000000058af00000, 0x00000006ecb00000)
  object space 1129472K, 51% used [0x0000000546000000,0x0000000569ad8700,0x000000058af00000)
 Metaspace       used 132030K, capacity 155226K, committed 155392K, reserved 1183744K
  class space    used 15908K, capacity 21425K, committed 21504K, reserved 1048576K
}
Event: 433537.041 GC heap before
{Heap before GC invocations=1404 (full 5):
 PSYoungGen      total 322048K, used 313051K [0x00000006ecb00000, 0x0000000702000000, 0x00000007c0000000)
  eden space 294400K, 99% used [0x00000006ecb00000,0x00000006fea79c78,0x00000006fea80000)
  from space 27648K, 67% used [0x0000000700500000,0x000000070173cff8,0x0000000702000000)
  to   space 27136K, 0% used [0x00000006fea80000,0x00000006fea80000,0x0000000700500000)
 ParOldGen       total 1129472K, used 584545K [0x0000000546000000, 0x000000058af00000, 0x00000006ecb00000)
  object space 1129472K, 51% used [0x0000000546000000,0x0000000569ad8700,0x000000058af00000)
 Metaspace       used 132035K, capacity 155226K, committed 155392K, reserved 1183744K
  class space    used 15908K, capacity 21425K, committed 21504K, reserved 1048576K
Event: 433537.165 GC heap after
Heap after GC invocations=1404 (full 5):
 PSYoungGen      total 321536K, used 20051K [0x00000006ecb00000, 0x0000000702000000, 0x00000007c0000000)
  eden space 294400K, 0% used [0x00000006ecb00000,0x00000006ecb00000,0x00000006fea80000)
  from space 27136K, 73% used [0x00000006fea80000,0x00000006ffe14f58,0x0000000700500000)
  to   space 26624K, 0% used [0x0000000700600000,0x0000000700600000,0x0000000702000000)
 ParOldGen       total 1129472K, used 585397K [0x0000000546000000, 0x000000058af00000, 0x00000006ecb00000)
  object space 1129472K, 51% used [0x0000000546000000,0x0000000569bad750,0x000000058af00000)
 Metaspace       used 132035K, capacity 155226K, committed 155392K, reserved 1183744K
  class space    used 15908K, capacity 21425K, committed 21504K, reserved 1048576K
}
Event: 433575.996 GC heap before
{Heap before GC invocations=1405 (full 5):
 PSYoungGen      total 321536K, used 314451K [0x00000006ecb00000, 0x0000000702000000, 0x00000007c0000000)
  eden space 294400K, 100% used [0x00000006ecb00000,0x00000006fea80000,0x00000006fea80000)
  from space 27136K, 73% used [0x00000006fea80000,0x00000006ffe14f58,0x0000000700500000)
  to   space 26624K, 0% used [0x0000000700600000,0x0000000700600000,0x0000000702000000)
 ParOldGen       total 1129472K, used 585397K [0x0000000546000000, 0x000000058af00000, 0x00000006ecb00000)
  object space 1129472K, 51% used [0x0000000546000000,0x0000000569bad750,0x000000058af00000)
 Metaspace       used 132093K, capacity 155362K, committed 155648K, reserved 1183744K
  class space    used 15931K, capacity 21469K, committed 21504K, reserved 1048576K
Event: 433576.106 GC heap after
Heap after GC invocations=1405 (full 5):
 PSYoungGen      total 323072K, used 18747K [0x00000006ecb00000, 0x0000000702000000, 0x00000007c0000000)
  eden space 296448K, 0% used [0x00000006ecb00000,0x00000006ecb00000,0x00000006fec80000)
  from space 26624K, 70% used [0x0000000700600000,0x000000070184ee38,0x0000000702000000)
  to   space 26112K, 0% used [0x00000006fec80000,0x00000006fec80000,0x0000000700600000)
 ParOldGen       total 1129472K, used 586306K [0x0000000546000000, 0x000000058af00000, 0x00000006ecb00000)
  object space 1129472K, 51% used [0x0000000546000000,0x0000000569c90810,0x000000058af00000)
 Metaspace       used 132093K, capacity 155362K, committed 155648K, reserved 1183744K
  class space    used 15931K, capacity 21469K, committed 21504K, reserved 1048576K
}
Event: 433748.232 GC heap before
{Heap before GC invocations=1406 (full 5):
 PSYoungGen      total 323072K, used 315195K [0x00000006ecb00000, 0x0000000702000000, 0x00000007c0000000)
  eden space 296448K, 100% used [0x00000006ecb00000,0x00000006fec80000,0x00000006fec80000)
  from space 26624K, 70% used [0x0000000700600000,0x000000070184ee38,0x0000000702000000)
  to   space 26112K, 0% used [0x00000006fec80000,0x00000006fec80000,0x0000000700600000)
 ParOldGen       total 1129472K, used 586306K [0x0000000546000000, 0x000000058af00000, 0x00000006ecb00000)
  object space 1129472K, 51% used [0x0000000546000000,0x0000000569c90810,0x000000058af00000)
 Metaspace       used 132093K, capacity 155362K, committed 155648K, reserved 1183744K
  class space    used 15931K, capacity 21469K, committed 21504K, reserved 1048576K
Event: 433748.373 GC heap after
Heap after GC invocations=1406 (full 5):
 PSYoungGen      total 322560K, used 14257K [0x00000006ecb00000, 0x0000000702000000, 0x00000007c0000000)
  eden space 296448K, 0% used [0x00000006ecb00000,0x00000006ecb00000,0x00000006fec80000)
  from space 26112K, 54% used [0x00000006fec80000,0x00000006ffa6c510,0x0000000700600000)
  to   space 26112K, 0% used [0x0000000700680000,0x0000000700680000,0x0000000702000000)
 ParOldGen       total 1129472K, used 588926K [0x0000000546000000, 0x000000058af00000, 0x00000006ecb00000)
  object space 1129472K, 52% used [0x0000000546000000,0x0000000569f1f880,0x000000058af00000)
 Metaspace       used 132093K, capacity 155362K, committed 155648K, reserved 1183744K
  class space    used 15931K, capacity 21469K, committed 21504K, reserved 1048576K
}
Event: 433809.612 GC heap before
{Heap before GC invocations=1407 (full 5):
 PSYoungGen      total 322560K, used 310705K [0x00000006ecb00000, 0x0000000702000000, 0x00000007c0000000)
  eden space 296448K, 100% used [0x00000006ecb00000,0x00000006fec80000,0x00000006fec80000)
  from space 26112K, 54% used [0x00000006fec80000,0x00000006ffa6c510,0x0000000700600000)
  to   space 26112K, 0% used [0x0000000700680000,0x0000000700680000,0x0000000702000000)
 ParOldGen       total 1129472K, used 588926K [0x0000000546000000, 0x000000058af00000, 0x00000006ecb00000)
  object space 1129472K, 52% used [0x0000000546000000,0x0000000569f1f880,0x000000058af00000)
 Metaspace       used 132251K, capacity 155796K, committed 156032K, reserved 1183744K
  class space    used 15980K, capacity 21561K, committed 21632K, reserved 1048576K
Event: 433809.749 GC heap after
Heap after GC invocations=1407 (full 5):
 PSYoungGen      total 323584K, used 16514K [0x00000006ecb00000, 0x0000000702000000, 0x00000007c0000000)
  eden space 297472K, 0% used [0x00000006ecb00000,0x00000006ecb00000,0x00000006fed80000)
  from space 26112K, 63% used [0x0000000700680000,0x00000007016a08e0,0x0000000702000000)
  to   space 25600K, 0% used [0x00000006fed80000,0x00000006fed80000,0x0000000700680000)
 ParOldGen       total 1129472K, used 589654K [0x0000000546000000, 0x000000058af00000, 0x00000006ecb00000)
  object space 1129472K, 52% used [0x0000000546000000,0x0000000569fd5b98,0x000000058af00000)
 Metaspace       used 132251K, capacity 155796K, committed 156032K, reserved 1183744K
  class space    used 15980K, capacity 21561K, committed 21632K, reserved 1048576K
}
Event: 433864.823 GC heap before
{Heap before GC invocations=1408 (full 5):
 PSYoungGen      total 323584K, used 313986K [0x00000006ecb00000, 0x0000000702000000, 0x00000007c0000000)
  eden space 297472K, 100% used [0x00000006ecb00000,0x00000006fed80000,0x00000006fed80000)
  from space 26112K, 63% used [0x0000000700680000,0x00000007016a08e0,0x0000000702000000)
  to   space 25600K, 0% used [0x00000006fed80000,0x00000006fed80000,0x0000000700680000)
 ParOldGen       total 1129472K, used 589654K [0x0000000546000000, 0x000000058af00000, 0x00000006ecb00000)
  object space 1129472K, 52% used [0x0000000546000000,0x0000000569fd5b98,0x000000058af00000)
 Metaspace       used 132254K, capacity 155796K, committed 156032K, reserved 1183744K
  class space    used 15980K, capacity 21561K, committed 21632K, reserved 1048576K
Event: 433864.952 GC heap after
Heap after GC invocations=1408 (full 5):
 PSYoungGen      total 323072K, used 15585K [0x00000006ecb00000, 0x0000000702000000, 0x00000007c0000000)
  eden space 297472K, 0% used [0x00000006ecb00000,0x00000006ecb00000,0x00000006fed80000)
  from space 25600K, 60% used [0x00000006fed80000,0x00000006ffcb8450,0x0000000700680000)
  to   space 25600K, 0% used [0x0000000700700000,0x0000000700700000,0x0000000702000000)
 ParOldGen       total 1129472K, used 589886K [0x0000000546000000, 0x000000058af00000, 0x00000006ecb00000)
  object space 1129472K, 52% used [0x0000000546000000,0x000000056a00fba8,0x000000058af00000)
 Metaspace       used 132254K, capacity 155796K, committed 156032K, reserved 1183744K
  class space    used 15980K, capacity 21561K, committed 21632K, reserved 1048576K
}
Event: 433885.252 GC heap before
{Heap before GC invocations=1409 (full 5):
 PSYoungGen      total 323072K, used 313057K [0x00000006ecb00000, 0x0000000702000000, 0x00000007c0000000)
  eden space 297472K, 100% used [0x00000006ecb00000,0x00000006fed80000,0x00000006fed80000)
  from space 25600K, 60% used [0x00000006fed80000,0x00000006ffcb8450,0x0000000700680000)
  to   space 25600K, 0% used [0x0000000700700000,0x0000000700700000,0x0000000702000000)
 ParOldGen       total 1129472K, used 589886K [0x0000000546000000, 0x000000058af00000, 0x00000006ecb00000)
  object space 1129472K, 52% used [0x0000000546000000,0x000000056a00fba8,0x000000058af00000)
 Metaspace       used 132321K, capacity 155996K, committed 156032K, reserved 1183744K
  class space    used 16002K, capacity 21605K, committed 21632K, reserved 1048576K
Event: 433885.343 GC heap after
Heap after GC invocations=1409 (full 5):
 PSYoungGen      total 324096K, used 16675K [0x00000006ecb00000, 0x0000000702000000, 0x00000007c0000000)
  eden space 298496K, 0% used [0x00000006ecb00000,0x00000006ecb00000,0x00000006fee80000)
  from space 25600K, 65% used [0x0000000700700000,0x0000000701748fd8,0x0000000702000000)
  to   space 25088K, 0% used [0x00000006fee80000,0x00000006fee80000,0x0000000700700000)
 ParOldGen       total 1129472K, used 590018K [0x0000000546000000, 0x000000058af00000, 0x00000006ecb00000)
  object space 1129472K, 52% used [0x0000000546000000,0x000000056a030bb8,0x000000058af00000)
 Metaspace       used 132321K, capacity 155996K, committed 156032K, reserved 1183744K
  class space    used 16002K, capacity 21605K, committed 21632K, reserved 1048576K
}
Event: 433976.594 GC heap before
{Heap before GC invocations=1410 (full 5):
 PSYoungGen      total 324096K, used 315171K [0x00000006ecb00000, 0x0000000702000000, 0x00000007c0000000)
  eden space 298496K, 100% used [0x00000006ecb00000,0x00000006fee80000,0x00000006fee80000)
  from space 25600K, 65% used [0x0000000700700000,0x0000000701748fd8,0x0000000702000000)
  to   space 25088K, 0% used [0x00000006fee80000,0x00000006fee80000,0x0000000700700000)
 ParOldGen       total 1129472K, used 590018K [0x0000000546000000, 0x000000058af00000, 0x00000006ecb00000)
  object space 1129472K, 52% used [0x0000000546000000,0x000000056a030bb8,0x000000058af00000)
 Metaspace       used 132336K, capacity 155996K, committed 156032K, reserved 1183744K
  class space    used 16002K, capacity 21605K, committed 21632K, reserved 1048576K
Event: 433976.767 GC heap after
Heap after GC invocations=1410 (full 5):
 PSYoungGen      total 323584K, used 15274K [0x00000006ecb00000, 0x0000000702000000, 0x00000007c0000000)
  eden space 298496K, 0% used [0x00000006ecb00000,0x00000006ecb00000,0x00000006fee80000)
  from space 25088K, 60% used [0x00000006fee80000,0x00000006ffd6a9e0,0x0000000700700000)
  to   space 24576K, 0% used [0x0000000700800000,0x0000000700800000,0x0000000702000000)
 ParOldGen       total 1129472K, used 590034K [0x0000000546000000, 0x000000058af00000, 0x00000006ecb00000)
  object space 1129472K, 52% used [0x0000000546000000,0x000000056a034bb8,0x000000058af00000)
 Metaspace       used 132336K, capacity 155996K, committed 156032K, reserved 1183744K
  class space    used 16002K, capacity 21605K, committed 21632K, reserved 1048576K
}
Event: 434041.814 GC heap before
{Heap before GC invocations=1411 (full 5):
 PSYoungGen      total 323584K, used 313770K [0x00000006ecb00000, 0x0000000702000000, 0x00000007c0000000)
  eden space 298496K, 100% used [0x00000006ecb00000,0x00000006fee80000,0x00000006fee80000)
  from space 25088K, 60% used [0x00000006fee80000,0x00000006ffd6a9e0,0x0000000700700000)
  to   space 24576K, 0% used [0x0000000700800000,0x0000000700800000,0x0000000702000000)
 ParOldGen       total 1129472K, used 590034K [0x0000000546000000, 0x000000058af00000, 0x00000006ecb00000)
  object space 1129472K, 52% used [0x0000000546000000,0x000000056a034bb8,0x000000058af00000)
 Metaspace       used 132336K, capacity 155996K, committed 156032K, reserved 1183744K
  class space    used 16002K, capacity 21605K, committed 21632K, reserved 1048576K
Event: 434041.994 GC heap after
Heap after GC invocations=1411 (full 5):
 PSYoungGen      total 324608K, used 14883K [0x00000006ecb00000, 0x0000000702000000, 0x00000007c0000000)
  eden space 300032K, 0% used [0x00000006ecb00000,0x00000006ecb00000,0x00000006ff000000)
  from space 24576K, 60% used [0x0000000700800000,0x0000000701688c40,0x0000000702000000)
  to   space 24576K, 0% used [0x00000006ff000000,0x00000006ff000000,0x0000000700800000)
 ParOldGen       total 1129472K, used 591082K [0x0000000546000000, 0x000000058af00000, 0x00000006ecb00000)
  object space 1129472K, 52% used [0x0000000546000000,0x000000056a13abd8,0x000000058af00000)
 Metaspace       used 132336K, capacity 155996K, committed 156032K, reserved 1183744K
  class space    used 16002K, capacity 21605K, committed 21632K, reserved 1048576K
}
Event: 434120.860 GC heap before
{Heap before GC invocations=1412 (full 5):
 PSYoungGen      total 324608K, used 314915K [0x00000006ecb00000, 0x0000000702000000, 0x00000007c0000000)
  eden space 300032K, 100% used [0x00000006ecb00000,0x00000006ff000000,0x00000006ff000000)
  from space 24576K, 60% used [0x0000000700800000,0x0000000701688c40,0x0000000702000000)
  to   space 24576K, 0% used [0x00000006ff000000,0x00000006ff000000,0x0000000700800000)
 ParOldGen       total 1129472K, used 591082K [0x0000000546000000, 0x000000058af00000, 0x00000006ecb00000)
  object space 1129472K, 52% used [0x0000000546000000,0x000000056a13abd8,0x000000058af00000)
 Metaspace       used 132336K, capacity 155996K, committed 156032K, reserved 1183744K
  class space    used 16002K, capacity 21605K, committed 21632K, reserved 1048576K
Event: 434120.939 GC heap after
Heap after GC invocations=1412 (full 5):
 PSYoungGen      total 324608K, used 14465K [0x00000006ecb00000, 0x0000000702000000, 0x00000007c0000000)
  eden space 300032K, 0% used [0x00000006ecb00000,0x00000006ecb00000,0x00000006ff000000)
  from space 24576K, 58% used [0x00000006ff000000,0x00000006ffe20498,0x0000000700800000)
  to   space 24064K, 0% used [0x0000000700880000,0x0000000700880000,0x0000000702000000)
 ParOldGen       total 1129472K, used 591266K [0x0000000546000000, 0x000000058af00000, 0x00000006ecb00000)
  object space 1129472K, 52% used [0x0000000546000000,0x000000056a168bd8,0x000000058af00000)
 Metaspace       used 132336K, capacity 155996K, committed 156032K, reserved 1183744K
  class space    used 16002K, capacity 21605K, committed 21632K, reserved 1048576K
}
Event: 434198.765 GC heap before
{Heap before GC invocations=1413 (full 5):
 PSYoungGen      total 324608K, used 305484K [0x00000006ecb00000, 0x0000000702000000, 0x00000007c0000000)
  eden space 300032K, 96% used [0x00000006ecb00000,0x00000006fe732b78,0x00000006ff000000)
  from space 24576K, 58% used [0x00000006ff000000,0x00000006ffe20498,0x0000000700800000)
  to   space 24064K, 0% used [0x0000000700880000,0x0000000700880000,0x0000000702000000)
 ParOldGen       total 1129472K, used 591266K [0x0000000546000000, 0x000000058af00000, 0x00000006ecb00000)
  object space 1129472K, 52% used [0x0000000546000000,0x000000056a168bd8,0x000000058af00000)
 Metaspace       used 132336K, capacity 155996K, committed 156032K, reserved 1183744K
  class space    used 16002K, capacity 21605K, committed 21632K, reserved 1048576K
Event: 434198.862 GC heap after
Heap after GC invocations=1413 (full 5):
 PSYoungGen      total 322048K, used 22370K [0x00000006ecb00000, 0x0000000702000000, 0x00000007c0000000)
  eden space 297984K, 0% used [0x00000006ecb00000,0x00000006ecb00000,0x00000006fee00000)
  from space 24064K, 92% used [0x0000000700880000,0x0000000701e58b58,0x0000000702000000)
  to   space 25600K, 0% used [0x00000006fee00000,0x00000006fee00000,0x0000000700700000)
 ParOldGen       total 1129472K, used 612602K [0x0000000546000000, 0x000000058af00000, 0x00000006ecb00000)
  object space 1129472K, 54% used [0x0000000546000000,0x000000056b63eb50,0x000000058af00000)
 Metaspace       used 132336K, capacity 155996K, committed 156032K, reserved 1183744K
  class space    used 16002K, capacity 21605K, committed 21632K, reserved 1048576K
}
Event: 434247.719 GC heap before
{Heap before GC invocations=1414 (full 5):
 PSYoungGen      total 322048K, used 320354K [0x00000006ecb00000, 0x0000000702000000, 0x00000007c0000000)
  eden space 297984K, 100% used [0x00000006ecb00000,0x00000006fee00000,0x00000006fee00000)
  from space 24064K, 92% used [0x0000000700880000,0x0000000701e58b58,0x0000000702000000)
  to   space 25600K, 0% used [0x00000006fee00000,0x00000006fee00000,0x0000000700700000)
 ParOldGen       total 1129472K, used 612602K [0x0000000546000000, 0x000000058af00000, 0x00000006ecb00000)
  object space 1129472K, 54% used [0x0000000546000000,0x000000056b63eb50,0x000000058af00000)
 Metaspace       used 132342K, capacity 156000K, committed 156032K, reserved 1183744K
  class space    used 16003K, capacity 21607K, committed 21632K, reserved 1048576K
Event: 434247.780 GC heap after
Heap after GC invocations=1414 (full 5):
 PSYoungGen      total 323584K, used 12447K [0x00000006ecb00000, 0x0000000702000000, 0x00000007c0000000)
  eden space 297984K, 0% used [0x00000006ecb00000,0x00000006ecb00000,0x00000006fee00000)
  from space 25600K, 48% used [0x00000006fee00000,0x00000006ffa27d88,0x0000000700700000)
  to   space 25600K, 0% used [0x0000000700700000,0x0000000700700000,0x0000000702000000)
 ParOldGen       total 1129472K, used 612874K [0x0000000546000000, 0x000000058af00000, 0x00000006ecb00000)
  object space 1129472K, 54% used [0x0000000546000000,0x000000056b682b60,0x000000058af00000)
 Metaspace       used 132342K, capacity 156000K, committed 156032K, reserved 1183744K
  class space    used 16003K, capacity 21607K, committed 21632K, reserved 1048576K
}
Event: 434292.252 GC heap before
{Heap before GC invocations=1415 (full 5):
 PSYoungGen      total 323584K, used 310431K [0x00000006ecb00000, 0x0000000702000000, 0x00000007c0000000)
  eden space 297984K, 100% used [0x00000006ecb00000,0x00000006fee00000,0x00000006fee00000)
  from space 25600K, 48% used [0x00000006fee00000,0x00000006ffa27d88,0x0000000700700000)
  to   space 25600K, 0% used [0x0000000700700000,0x0000000700700000,0x0000000702000000)
 ParOldGen       total 1129472K, used 612874K [0x0000000546000000, 0x000000058af00000, 0x00000006ecb00000)
  object space 1129472K, 54% used [0x0000000546000000,0x000000056b682b60,0x000000058af00000)
 Metaspace       used 132342K, capacity 156000K, committed 156032K, reserved 1183744K
  class space    used 16003K, capacity 21607K, committed 21632K, reserved 1048576K
Event: 434292.343 GC heap after
Heap after GC invocations=1415 (full 5):
 PSYoungGen      total 323584K, used 12212K [0x00000006ecb00000, 0x0000000702000000, 0x00000007c0000000)
  eden space 297984K, 0% used [0x00000006ecb00000,0x00000006ecb00000,0x00000006fee00000)
  from space 25600K, 47% used [0x0000000700700000,0x00000007012ed148,0x0000000702000000)
  to   space 25600K, 0% used [0x00000006fee00000,0x00000006fee00000,0x0000000700700000)
 ParOldGen       total 1129472K, used 613018K [0x0000000546000000, 0x000000058af00000, 0x00000006ecb00000)
  object space 1129472K, 54% used [0x0000000546000000,0x000000056b6a6b60,0x000000058af00000)
 Metaspace       used 132342K, capacity 156000K, committed 156032K, reserved 1183744K
  class space    used 16003K, capacity 21607K, committed 21632K, reserved 1048576K
}
Event: 434336.547 GC heap before
{Heap before GC invocations=1416 (full 5):
 PSYoungGen      total 323584K, used 310196K [0x00000006ecb00000, 0x0000000702000000, 0x00000007c0000000)
  eden space 297984K, 100% used [0x00000006ecb00000,0x00000006fee00000,0x00000006fee00000)
  from space 25600K, 47% used [0x0000000700700000,0x00000007012ed148,0x0000000702000000)
  to   space 25600K, 0% used [0x00000006fee00000,0x00000006fee00000,0x0000000700700000)
 ParOldGen       total 1129472K, used 613018K [0x0000000546000000, 0x000000058af00000, 0x00000006ecb00000)
  object space 1129472K, 54% used [0x0000000546000000,0x000000056b6a6b60,0x000000058af00000)
 Metaspace       used 132352K, capacity 156000K, committed 156032K, reserved 1183744K
  class space    used 16003K, capacity 21607K, committed 21632K, reserved 1048576K
Event: 434336.694 GC heap after
Heap after GC invocations=1416 (full 5):
 PSYoungGen      total 323584K, used 16784K [0x00000006ecb00000, 0x0000000702000000, 0x00000007c0000000)
  eden space 297984K, 0% used [0x00000006ecb00000,0x00000006ecb00000,0x00000006fee00000)
  from space 25600K, 65% used [0x00000006fee00000,0x00000006ffe64100,0x0000000700700000)
  to   space 24576K, 0% used [0x0000000700800000,0x0000000700800000,0x0000000702000000)
 ParOldGen       total 1129472K, used 613274K [0x0000000546000000, 0x000000058af00000, 0x00000006ecb00000)
  object space 1129472K, 54% used [0x0000000546000000,0x000000056b6e6b60,0x000000058af00000)
 Metaspace       used 132352K, capacity 156000K, committed 156032K, reserved 1183744K
  class space    used 16003K, capacity 21607K, committed 21632K, reserved 1048576K
}
Event: 434415.450 GC heap before
{Heap before GC invocations=1417 (full 5):
 PSYoungGen      total 323584K, used 314768K [0x00000006ecb00000, 0x0000000702000000, 0x00000007c0000000)
  eden space 297984K, 100% used [0x00000006ecb00000,0x00000006fee00000,0x00000006fee00000)
  from space 25600K, 65% used [0x00000006fee00000,0x00000006ffe64100,0x0000000700700000)
  to   space 24576K, 0% used [0x0000000700800000,0x0000000700800000,0x0000000702000000)
 ParOldGen       total 1129472K, used 613274K [0x0000000546000000, 0x000000058af00000, 0x00000006ecb00000)
  object space 1129472K, 54% used [0x0000000546000000,0x000000056b6e6b60,0x000000058af00000)
 Metaspace       used 132413K, capacity 156136K, committed 156416K, reserved 1183744K
  class space    used 16026K, capacity 21651K, committed 21760K, reserved 1048576K
Event: 434415.519 GC heap after
Heap after GC invocations=1417 (full 5):
 PSYoungGen      total 324608K, used 12120K [0x00000006ecb00000, 0x0000000702000000, 0x00000007c0000000)
  eden space 300032K, 0% used [0x00000006ecb00000,0x00000006ecb00000,0x00000006ff000000)
  from space 24576K, 49% used [0x0000000700800000,0x00000007013d6300,0x0000000702000000)
  to   space 24576K, 0% used [0x00000006ff000000,0x00000006ff000000,0x0000000700800000)
 ParOldGen       total 1129472K, used 614026K [0x0000000546000000, 0x000000058af00000, 0x00000006ecb00000)
  object space 1129472K, 54% used [0x0000000546000000,0x000000056b7a2b80,0x000000058af00000)
 Metaspace       used 132413K, capacity 156136K, committed 156416K, reserved 1183744K
  class space    used 16026K, capacity 21651K, committed 21760K, reserved 1048576K
}
Event: 434426.276 GC heap before
{Heap before GC invocations=1418 (full 5):
 PSYoungGen      total 324608K, used 312152K [0x00000006ecb00000, 0x0000000702000000, 0x00000007c0000000)
  eden space 300032K, 100% used [0x00000006ecb00000,0x00000006ff000000,0x00000006ff000000)
  from space 24576K, 49% used [0x0000000700800000,0x00000007013d6300,0x0000000702000000)
  to   space 24576K, 0% used [0x00000006ff000000,0x00000006ff000000,0x0000000700800000)
 ParOldGen       total 1129472K, used 614026K [0x0000000546000000, 0x000000058af00000, 0x00000006ecb00000)
  object space 1129472K, 54% used [0x0000000546000000,0x000000056b7a2b80,0x000000058af00000)
 Metaspace       used 132528K, capacity 156408K, committed 156672K, reserved 1183744K
  class space    used 16071K, capacity 21739K, committed 21760K, reserved 1048576K
Event: 434426.403 GC heap after
Heap after GC invocations=1418 (full 5):
 PSYoungGen      total 319488K, used 19185K [0x00000006ecb00000, 0x0000000702000000, 0x00000007c0000000)
  eden space 300032K, 0% used [0x00000006ecb00000,0x00000006ecb00000,0x00000006ff000000)
  from space 19456K, 98% used [0x00000006ff000000,0x00000007002bc4e0,0x0000000700300000)
  to   space 25088K, 0% used [0x0000000700780000,0x0000000700780000,0x0000000702000000)
 ParOldGen       total 1129472K, used 614090K [0x0000000546000000, 0x000000058af00000, 0x00000006ecb00000)
  object space 1129472K, 54% used [0x0000000546000000,0x000000056b7b2b80,0x000000058af00000)
 Metaspace       used 132528K, capacity 156408K, committed 156672K, reserved 1183744K
  class space    used 16071K, capacity 21739K, committed 21760K, reserved 1048576K
}
Event: 434456.694 GC heap before
{Heap before GC invocations=1419 (full 5):
 PSYoungGen      total 319488K, used 319217K [0x00000006ecb00000, 0x0000000702000000, 0x00000007c0000000)
  eden space 300032K, 100% used [0x00000006ecb00000,0x00000006ff000000,0x00000006ff000000)
  from space 19456K, 98% used [0x00000006ff000000,0x00000007002bc4e0,0x0000000700300000)
  to   space 25088K, 0% used [0x0000000700780000,0x0000000700780000,0x0000000702000000)
 ParOldGen       total 1129472K, used 614090K [0x0000000546000000, 0x000000058af00000, 0x00000006ecb00000)
  object space 1129472K, 54% used [0x0000000546000000,0x000000056b7b2b80,0x000000058af00000)
 Metaspace       used 132534K, capacity 156420K, committed 156672K, reserved 1183744K
  class space    used 16072K, capacity 21741K, committed 21760K, reserved 1048576K
Event: 434457.095 GC heap after
Heap after GC invocations=1419 (full 5):
 PSYoungGen      total 323072K, used 20670K [0x00000006ecb00000, 0x0000000702000000, 0x00000007c0000000)
  eden space 297984K, 0% used [0x00000006ecb00000,0x00000006ecb00000,0x00000006fee00000)
  from space 25088K, 82% used [0x0000000700780000,0x0000000701bafba0,0x0000000702000000)
  to   space 25600K, 0% used [0x00000006fee00000,0x00000006fee00000,0x0000000700700000)
 ParOldGen       total 1129472K, used 614450K [0x0000000546000000, 0x000000058af00000, 0x00000006ecb00000)
  object space 1129472K, 54% used [0x0000000546000000,0x000000056b80cba0,0x000000058af00000)
 Metaspace       used 132534K, capacity 156420K, committed 156672K, reserved 1183744K
  class space    used 16072K, capacity 21741K, committed 21760K, reserved 1048576K
}
Event: 434640.633 GC heap before
{Heap before GC invocations=1420 (full 5):
 PSYoungGen      total 323072K, used 318654K [0x00000006ecb00000, 0x0000000702000000, 0x00000007c0000000)
  eden space 297984K, 100% used [0x00000006ecb00000,0x00000006fee00000,0x00000006fee00000)
  from space 25088K, 82% used [0x0000000700780000,0x0000000701bafba0,0x0000000702000000)
  to   space 25600K, 0% used [0x00000006fee00000,0x00000006fee00000,0x0000000700700000)
 ParOldGen       total 1129472K, used 614450K [0x0000000546000000, 0x000000058af00000, 0x00000006ecb00000)
  object space 1129472K, 54% used [0x0000000546000000,0x000000056b80cba0,0x000000058af00000)
 Metaspace       used 132534K, capacity 156420K, committed 156672K, reserved 1183744K
  class space    used 16072K, capacity 21741K, committed 21760K, reserved 1048576K
Event: 434640.867 GC heap after
Heap after GC invocations=1420 (full 5):
 PSYoungGen      total 323584K, used 16359K [0x00000006ecb00000, 0x0000000702000000, 0x00000007c0000000)
  eden space 297984K, 0% used [0x00000006ecb00000,0x00000006ecb00000,0x00000006fee00000)
  from space 25600K, 63% used [0x00000006fee00000,0x00000006ffdf9d20,0x0000000700700000)
  to   space 25088K, 0% used [0x0000000700780000,0x0000000700780000,0x0000000702000000)
 ParOldGen       total 1129472K, used 616743K [0x0000000546000000, 0x000000058af00000, 0x00000006ecb00000)
  object space 1129472K, 54% used [0x0000000546000000,0x000000056ba49ff0,0x000000058af00000)
 Metaspace       used 132534K, capacity 156420K, committed 156672K, reserved 1183744K
  class space    used 16072K, capacity 21741K, committed 21760K, reserved 1048576K
}
Event: 434736.047 GC heap before
{Heap before GC invocations=1421 (full 5):
 PSYoungGen      total 323584K, used 314343K [0x00000006ecb00000, 0x0000000702000000, 0x00000007c0000000)
  eden space 297984K, 100% used [0x00000006ecb00000,0x00000006fee00000,0x00000006fee00000)
  from space 25600K, 63% used [0x00000006fee00000,0x00000006ffdf9d20,0x0000000700700000)
  to   space 25088K, 0% used [0x0000000700780000,0x0000000700780000,0x0000000702000000)
 ParOldGen       total 1129472K, used 616743K [0x0000000546000000, 0x000000058af00000, 0x00000006ecb00000)
  object space 1129472K, 54% used [0x0000000546000000,0x000000056ba49ff0,0x000000058af00000)
 Metaspace       used 132534K, capacity 156420K, committed 156672K, reserved 1183744K
  class space    used 16072K, capacity 21741K, committed 21760K, reserved 1048576K
Event: 434736.205 GC heap after
Heap after GC invocations=1421 (full 5):
 PSYoungGen      total 325120K, used 16777K [0x00000006ecb00000, 0x0000000702000000, 0x00000007c0000000)
  eden space 300032K, 0% used [0x00000006ecb00000,0x00000006ecb00000,0x00000006ff000000)
  from space 25088K, 66% used [0x0000000700780000,0x00000007017e2750,0x0000000702000000)
  to   space 24064K, 0% used [0x00000006ff000000,0x00000006ff000000,0x0000000700780000)
 ParOldGen       total 1129472K, used 616839K [0x0000000546000000, 0x000000058af00000, 0x00000006ecb00000)
  object space 1129472K, 54% used [0x0000000546000000,0x000000056ba61ff0,0x000000058af00000)
 Metaspace       used 132534K, capacity 156420K, committed 156672K, reserved 1183744K
  class space    used 16072K, capacity 21741K, committed 21760K, reserved 1048576K
}
Event: 434800.261 GC heap before
{Heap before GC invocations=1422 (full 5):
 PSYoungGen      total 325120K, used 316809K [0x00000006ecb00000, 0x0000000702000000, 0x00000007c0000000)
  eden space 300032K, 100% used [0x00000006ecb00000,0x00000006ff000000,0x00000006ff000000)
  from space 25088K, 66% used [0x0000000700780000,0x00000007017e2750,0x0000000702000000)
  to   space 24064K, 0% used [0x00000006ff000000,0x00000006ff000000,0x0000000700780000)
 ParOldGen       total 1129472K, used 616839K [0x0000000546000000, 0x000000058af00000, 0x00000006ecb00000)
  object space 1129472K, 54% used [0x0000000546000000,0x000000056ba61ff0,0x000000058af00000)
 Metaspace       used 132596K, capacity 156556K, committed 156800K, reserved 1183744K
  class space    used 16095K, capacity 21785K, committed 21888K, reserved 1048576K
Event: 434800.370 GC heap after
Heap after GC invocations=1422 (full 5):
 PSYoungGen      total 324096K, used 18975K [0x00000006ecb00000, 0x0000000702000000, 0x00000007c0000000)
  eden space 300032K, 0% used [0x00000006ecb00000,0x00000006ecb00000,0x00000006ff000000)
  from space 24064K, 78% used [0x00000006ff000000,0x0000000700287f08,0x0000000700780000)
  to   space 24064K, 0% used [0x0000000700880000,0x0000000700880000,0x0000000702000000)
 ParOldGen       total 1129472K, used 617664K [0x0000000546000000, 0x000000058af00000, 0x00000006ecb00000)
  object space 1129472K, 54% used [0x0000000546000000,0x000000056bb30010,0x000000058af00000)
 Metaspace       used 132596K, capacity 156556K, committed 156800K, reserved 1183744K
  class space    used 16095K, capacity 21785K, committed 21888K, reserved 1048576K
}
Event: 434915.875 GC heap before
{Heap before GC invocations=1423 (full 5):
 PSYoungGen      total 324096K, used 319007K [0x00000006ecb00000, 0x0000000702000000, 0x00000007c0000000)
  eden space 300032K, 100% used [0x00000006ecb00000,0x00000006ff000000,0x00000006ff000000)
  from space 24064K, 78% used [0x00000006ff000000,0x0000000700287f08,0x0000000700780000)
  to   space 24064K, 0% used [0x0000000700880000,0x0000000700880000,0x0000000702000000)
 ParOldGen       total 1129472K, used 617664K [0x0000000546000000, 0x000000058af00000, 0x00000006ecb00000)
  object space 1129472K, 54% used [0x0000000546000000,0x000000056bb30010,0x000000058af00000)
 Metaspace       used 132597K, capacity 156556K, committed 156800K, reserved 1183744K
  class space    used 16095K, capacity 21785K, committed 21888K, reserved 1048576K
Event: 434915.980 GC heap after
Heap after GC invocations=1423 (full 5):
 PSYoungGen      total 325632K, used 17560K [0x00000006ecb00000, 0x0000000702000000, 0x00000007c0000000)
  eden space 301568K, 0% used [0x00000006ecb00000,0x00000006ecb00000,0x00000006ff180000)
  from space 24064K, 72% used [0x0000000700880000,0x00000007019a62f0,0x0000000702000000)
  to   space 23552K, 0% used [0x00000006ff180000,0x00000006ff180000,0x0000000700880000)
 ParOldGen       total 1129472K, used 617868K [0x0000000546000000, 0x000000058af00000, 0x00000006ecb00000)
  object space 1129472K, 54% used [0x0000000546000000,0x000000056bb63020,0x000000058af00000)
 Metaspace       used 132597K, capacity 156556K, committed 156800K, reserved 1183744K
  class space    used 16095K, capacity 21785K, committed 21888K, reserved 1048576K
}
Event: 434963.653 GC heap before
{Heap before GC invocations=1424 (full 5):
 PSYoungGen      total 325632K, used 319128K [0x00000006ecb00000, 0x0000000702000000, 0x00000007c0000000)
  eden space 301568K, 100% used [0x00000006ecb00000,0x00000006ff180000,0x00000006ff180000)
  from space 24064K, 72% used [0x0000000700880000,0x00000007019a62f0,0x0000000702000000)
  to   space 23552K, 0% used [0x00000006ff180000,0x00000006ff180000,0x0000000700880000)
 ParOldGen       total 1129472K, used 617868K [0x0000000546000000, 0x000000058af00000, 0x00000006ecb00000)
  object space 1129472K, 54% used [0x0000000546000000,0x000000056bb63020,0x000000058af00000)
 Metaspace       used 132597K, capacity 156556K, committed 156800K, reserved 1183744K
  class space    used 16095K, capacity 21785K, committed 21888K, reserved 1048576K
Event: 434963.753 GC heap after
Heap after GC invocations=1424 (full 5):
 PSYoungGen      total 325120K, used 18635K [0x00000006ecb00000, 0x0000000702000000, 0x00000007c0000000)
  eden space 301568K, 0% used [0x00000006ecb00000,0x00000006ecb00000,0x00000006ff180000)
  from space 23552K, 79% used [0x00000006ff180000,0x00000007003b2cb0,0x0000000700880000)
  to   space 23552K, 0% used [0x0000000700900000,0x0000000700900000,0x0000000702000000)
 ParOldGen       total 1129472K, used 620209K [0x0000000546000000, 0x000000058af00000, 0x00000006ecb00000)
  object space 1129472K, 54% used [0x0000000546000000,0x000000056bdac410,0x000000058af00000)
 Metaspace       used 132597K, capacity 156556K, committed 156800K, reserved 1183744K
  class space    used 16095K, capacity 21785K, committed 21888K, reserved 1048576K
}
Event: 435002.488 GC heap before
{Heap before GC invocations=1425 (full 5):
 PSYoungGen      total 325120K, used 320203K [0x00000006ecb00000, 0x0000000702000000, 0x00000007c0000000)
  eden space 301568K, 100% used [0x00000006ecb00000,0x00000006ff180000,0x00000006ff180000)
  from space 23552K, 79% used [0x00000006ff180000,0x00000007003b2cb0,0x0000000700880000)
  to   space 23552K, 0% used [0x0000000700900000,0x0000000700900000,0x0000000702000000)
 ParOldGen       total 1129472K, used 620209K [0x0000000546000000, 0x000000058af00000, 0x00000006ecb00000)
  object space 1129472K, 54% used [0x0000000546000000,0x000000056bdac410,0x000000058af00000)
 Metaspace       used 132599K, capacity 156562K, committed 156800K, reserved 1183744K
  class space    used 16095K, capacity 21786K, committed 21888K, reserved 1048576K
Event: 435002.652 GC heap after
Heap after GC invocations=1425 (full 5):
 PSYoungGen      total 324608K, used 19851K [0x00000006ecb00000, 0x0000000702000000, 0x00000007c0000000)
  eden space 301056K, 0% used [0x00000006ecb00000,0x00000006ecb00000,0x00000006ff100000)
  from space 23552K, 84% used [0x0000000700900000,0x0000000701c62c38,0x0000000702000000)
  to   space 24064K, 0% used [0x00000006ff100000,0x00000006ff100000,0x0000000700880000)
 ParOldGen       total 1129472K, used 620433K [0x0000000546000000, 0x000000058af00000, 0x00000006ecb00000)
  object space 1129472K, 54% used [0x0000000546000000,0x000000056bde4430,0x000000058af00000)
 Metaspace       used 132599K, capacity 156562K, committed 156800K, reserved 1183744K
  class space    used 16095K, capacity 21786K, committed 21888K, reserved 1048576K
}
Event: 435169.899 GC heap before
{Heap before GC invocations=1426 (full 5):
 PSYoungGen      total 324608K, used 319504K [0x00000006ecb00000, 0x0000000702000000, 0x00000007c0000000)
  eden space 301056K, 99% used [0x00000006ecb00000,0x00000006fefa1440,0x00000006ff100000)
  from space 23552K, 84% used [0x0000000700900000,0x0000000701c62c38,0x0000000702000000)
  to   space 24064K, 0% used [0x00000006ff100000,0x00000006ff100000,0x0000000700880000)
 ParOldGen       total 1129472K, used 620433K [0x0000000546000000, 0x000000058af00000, 0x00000006ecb00000)
  object space 1129472K, 54% used [0x0000000546000000,0x000000056bde4430,0x000000058af00000)
 Metaspace       used 132599K, capacity 156562K, committed 156800K, reserved 1183744K
  class space    used 16095K, capacity 21786K, committed 21888K, reserved 1048576K
Event: 435170.009 GC heap after
Heap after GC invocations=1426 (full 5):
 PSYoungGen      total 323072K, used 21866K [0x00000006ecb00000, 0x0000000702000000, 0x00000007c0000000)
  eden space 301056K, 0% used [0x00000006ecb00000,0x00000006ecb00000,0x00000006ff100000)
  from space 22016K, 99% used [0x00000006ff100000,0x000000070065a830,0x0000000700680000)
  to   space 25088K, 0% used [0x0000000700780000,0x0000000700780000,0x0000000702000000)
 ParOldGen       total 1129472K, used 620521K [0x0000000546000000, 0x000000058af00000, 0x00000006ecb00000)
  object space 1129472K, 54% used [0x0000000546000000,0x000000056bdfa430,0x000000058af00000)
 Metaspace       used 132599K, capacity 156562K, committed 156800K, reserved 1183744K
  class space    used 16095K, capacity 21786K, committed 21888K, reserved 1048576K
}
Event: 435199.669 GC heap before
{Heap before GC invocations=1427 (full 5):
 PSYoungGen      total 323072K, used 322922K [0x00000006ecb00000, 0x0000000702000000, 0x00000007c0000000)
  eden space 301056K, 100% used [0x00000006ecb00000,0x00000006ff100000,0x00000006ff100000)
  from space 22016K, 99% used [0x00000006ff100000,0x000000070065a830,0x0000000700680000)
  to   space 25088K, 0% used [0x0000000700780000,0x0000000700780000,0x0000000702000000)
 ParOldGen       total 1129472K, used 620521K [0x0000000546000000, 0x000000058af00000, 0x00000006ecb00000)
  object space 1129472K, 54% used [0x0000000546000000,0x000000056bdfa430,0x000000058af00000)
 Metaspace       used 132599K, capacity 156562K, committed 156800K, reserved 1183744K
  class space    used 16095K, capacity 21786K, committed 21888K, reserved 1048576K
Event: 435199.744 GC heap after
Heap after GC invocations=1427 (full 5):
 PSYoungGen      total 324096K, used 12704K [0x00000006ecb00000, 0x0000000702000000, 0x00000007c0000000)
  eden space 299008K, 0% used [0x00000006ecb00000,0x00000006ecb00000,0x00000006fef00000)
  from space 25088K, 50% used [0x0000000700780000,0x00000007013e8110,0x0000000702000000)
  to   space 25088K, 0% used [0x00000006fef00000,0x00000006fef00000,0x0000000700780000)
 ParOldGen       total 1129472K, used 620729K [0x0000000546000000, 0x000000058af00000, 0x00000006ecb00000)
  object space 1129472K, 54% used [0x0000000546000000,0x000000056be2e440,0x000000058af00000)
 Metaspace       used 132599K, capacity 156562K, committed 156800K, reserved 1183744K
  class space    used 16095K, capacity 21786K, committed 21888K, reserved 1048576K
}
Event: 435260.796 GC heap before
{Heap before GC invocations=1428 (full 5):
 PSYoungGen      total 324096K, used 311712K [0x00000006ecb00000, 0x0000000702000000, 0x00000007c0000000)
  eden space 299008K, 100% used [0x00000006ecb00000,0x00000006fef00000,0x00000006fef00000)
  from space 25088K, 50% used [0x0000000700780000,0x00000007013e8110,0x0000000702000000)
  to   space 25088K, 0% used [0x00000006fef00000,0x00000006fef00000,0x0000000700780000)
 ParOldGen       total 1129472K, used 620729K [0x0000000546000000, 0x000000058af00000, 0x00000006ecb00000)
  object space 1129472K, 54% used [0x0000000546000000,0x000000056be2e440,0x000000058af00000)
 Metaspace       used 132601K, capacity 156562K, committed 156800K, reserved 1183744K
  class space    used 16095K, capacity 21786K, committed 21888K, reserved 1048576K
Event: 435260.895 GC heap after
Heap after GC invocations=1428 (full 5):
 PSYoungGen      total 324096K, used 12720K [0x00000006ecb00000, 0x0000000702000000, 0x00000007c0000000)
  eden space 299008K, 0% used [0x00000006ecb00000,0x00000006ecb00000,0x00000006fef00000)
  from space 25088K, 50% used [0x00000006fef00000,0x00000006ffb6c110,0x0000000700780000)
  to   space 25088K, 0% used [0x0000000700780000,0x0000000700780000,0x0000000702000000)
 ParOldGen       total 1129472K, used 620937K [0x0000000546000000, 0x000000058af00000, 0x00000006ecb00000)
  object space 1129472K, 54% used [0x0000000546000000,0x000000056be62440,0x000000058af00000)
 Metaspace       used 132601K, capacity 156562K, committed 156800K, reserved 1183744K
  class space    used 16095K, capacity 21786K, committed 21888K, reserved 1048576K
}
Event: 435367.962 GC heap before
{Heap before GC invocations=1429 (full 5):
 PSYoungGen      total 324096K, used 311728K [0x00000006ecb00000, 0x0000000702000000, 0x00000007c0000000)
  eden space 299008K, 100% used [0x00000006ecb00000,0x00000006fef00000,0x00000006fef00000)
  from space 25088K, 50% used [0x00000006fef00000,0x00000006ffb6c110,0x0000000700780000)
  to   space 25088K, 0% used [0x0000000700780000,0x0000000700780000,0x0000000702000000)
 ParOldGen       total 1129472K, used 620937K [0x0000000546000000, 0x000000058af00000, 0x00000006ecb00000)
  object space 1129472K, 54% used [0x0000000546000000,0x000000056be62440,0x000000058af00000)
 Metaspace       used 132601K, capacity 156562K, committed 156800K, reserved 1183744K
  class space    used 16095K, capacity 21786K, committed 21888K, reserved 1048576K
Event: 435368.055 GC heap after
Heap after GC invocations=1429 (full 5):
 PSYoungGen      total 324096K, used 12816K [0x00000006ecb00000, 0x0000000702000000, 0x00000007c0000000)
  eden space 299008K, 0% used [0x00000006ecb00000,0x00000006ecb00000,0x00000006fef00000)
  from space 25088K, 51% used [0x0000000700780000,0x0000000701404150,0x0000000702000000)
  to   space 25088K, 0% used [0x00000006fef00000,0x00000006fef00000,0x0000000700780000)
 ParOldGen       total 1129472K, used 620953K [0x0000000546000000, 0x000000058af00000, 0x00000006ecb00000)
  object space 1129472K, 54% used [0x0000000546000000,0x000000056be66440,0x000000058af00000)
 Metaspace       used 132601K, capacity 156562K, committed 156800K, reserved 1183744K
  class space    used 16095K, capacity 21786K, committed 21888K, reserved 1048576K
}
Event: 435420.636 GC heap before
{Heap before GC invocations=1430 (full 5):
 PSYoungGen      total 324096K, used 311824K [0x00000006ecb00000, 0x0000000702000000, 0x00000007c0000000)
  eden space 299008K, 100% used [0x00000006ecb00000,0x00000006fef00000,0x00000006fef00000)
  from space 25088K, 51% used [0x0000000700780000,0x0000000701404150,0x0000000702000000)
  to   space 25088K, 0% used [0x00000006fef00000,0x00000006fef00000,0x0000000700780000)
 ParOldGen       total 1129472K, used 620953K [0x0000000546000000, 0x000000058af00000, 0x00000006ecb00000)
  object space 1129472K, 54% used [0x0000000546000000,0x000000056be66440,0x000000058af00000)
 Metaspace       used 132601K, capacity 156562K, committed 156800K, reserved 1183744K
  class space    used 16095K, capacity 21786K, committed 21888K, reserved 1048576K
Event: 435420.790 GC heap after
Heap after GC invocations=1430 (full 5):
 PSYoungGen      total 324096K, used 13216K [0x00000006ecb00000, 0x0000000702000000, 0x00000007c0000000)
  eden space 299008K, 0% used [0x00000006ecb00000,0x00000006ecb00000,0x00000006fef00000)
  from space 25088K, 52% used [0x00000006fef00000,0x00000006ffbe8170,0x0000000700780000)
  to   space 25088K, 0% used [0x0000000700780000,0x0000000700780000,0x0000000702000000)
 ParOldGen       total 1129472K, used 621161K [0x0000000546000000, 0x000000058af00000, 0x00000006ecb00000)
  object space 1129472K, 54% used [0x0000000546000000,0x000000056be9a470,0x000000058af00000)
 Metaspace       used 132601K, capacity 156562K, committed 156800K, reserved 1183744K
  class space    used 16095K, capacity 21786K, committed 21888K, reserved 1048576K
}

