<?xml version="1.0" encoding="UTF-8"?><testsuite name="nosetests" tests="1" errors="0" failures="1" skip="0"><testcase classname="" name="README_txt" time="0"><failure type="exceptions.AssertionError" message="Failed doctest test for README.txt&#10;  File &quot;/home/andy/Atomisator/packages/atomisator.parser/atomisator/parser/README.txt&quot;, line 0&#10;&#10;----------------------------------------------------------------------&#10;File &quot;/home/andy/Atomisator/packages/atomisator.parser/atomisator/parser/README.txt&quot;, line 6, in README.txt&#10;Failed example:&#10;    from atomisator.parser import parse&#10;Exception raised:&#10;    Traceback (most recent call last):&#10;      File &quot;/usr/lib/python2.7/doctest.py&quot;, line 1254, in __run&#10;        compileflags, 1) in test.globs&#10;      File &quot;&lt;doctest README.txt[0]&gt;&quot;, line 1, in &lt;module&gt;&#10;        from atomisator.parser import parse&#10;    ImportError: cannot import name parse&#10;----------------------------------------------------------------------&#10;File &quot;/home/andy/Atomisator/packages/atomisator.parser/atomisator/parser/README.txt&quot;, line 10, in README.txt&#10;Failed example:&#10;    res = parse('http://example.com/feed.xml')&#10;Exception raised:&#10;    Traceback (most recent call last):&#10;      File &quot;/usr/lib/python2.7/doctest.py&quot;, line 1254, in __run&#10;        compileflags, 1) in test.globs&#10;      File &quot;&lt;doctest README.txt[1]&gt;&quot;, line 1, in &lt;module&gt;&#10;        res = parse('http://example.com/feed.xml')&#10;    NameError: name 'parse' is not defined&#10;----------------------------------------------------------------------&#10;File &quot;/home/andy/Atomisator/packages/atomisator.parser/atomisator/parser/README.txt&quot;, line 11, in README.txt&#10;Failed example:&#10;    res&#10;Exception raised:&#10;    Traceback (most recent call last):&#10;      File &quot;/usr/lib/python2.7/doctest.py&quot;, line 1254, in __run&#10;        compileflags, 1) in test.globs&#10;      File &quot;&lt;doctest README.txt[2]&gt;&quot;, line 1, in &lt;module&gt;&#10;        res&#10;    NameError: name 'res' is not defined&#10;----------------------------------------------------------------------&#10;File &quot;/home/andy/Atomisator/packages/atomisator.parser/atomisator/parser/README.txt&quot;, line 14, in README.txt&#10;Failed example:&#10;    res.next()&#10;Exception raised:&#10;    Traceback (most recent call last):&#10;      File &quot;/usr/lib/python2.7/doctest.py&quot;, line 1254, in __run&#10;        compileflags, 1) in test.globs&#10;      File &quot;&lt;doctest README.txt[3]&gt;&quot;, line 1, in &lt;module&gt;&#10;        res.next()&#10;    NameError: name 'res' is not defined&#10;"><![CDATA[Traceback (most recent call last):
  File "/usr/lib/python2.7/unittest/case.py", line 321, in run
    testMethod()
  File "/usr/lib/python2.7/doctest.py", line 2166, in runTest
    raise self.failureException(self.format_failure(new.getvalue()))
AssertionError: Failed doctest test for README.txt
  File "/home/andy/Atomisator/packages/atomisator.parser/atomisator/parser/README.txt", line 0

----------------------------------------------------------------------
File "/home/andy/Atomisator/packages/atomisator.parser/atomisator/parser/README.txt", line 6, in README.txt
Failed example:
    from atomisator.parser import parse
Exception raised:
    Traceback (most recent call last):
      File "/usr/lib/python2.7/doctest.py", line 1254, in __run
        compileflags, 1) in test.globs
      File "<doctest README.txt[0]>", line 1, in <module>
        from atomisator.parser import parse
    ImportError: cannot import name parse
----------------------------------------------------------------------
File "/home/andy/Atomisator/packages/atomisator.parser/atomisator/parser/README.txt", line 10, in README.txt
Failed example:
    res = parse('http://example.com/feed.xml')
Exception raised:
    Traceback (most recent call last):
      File "/usr/lib/python2.7/doctest.py", line 1254, in __run
        compileflags, 1) in test.globs
      File "<doctest README.txt[1]>", line 1, in <module>
        res = parse('http://example.com/feed.xml')
    NameError: name 'parse' is not defined
----------------------------------------------------------------------
File "/home/andy/Atomisator/packages/atomisator.parser/atomisator/parser/README.txt", line 11, in README.txt
Failed example:
    res
Exception raised:
    Traceback (most recent call last):
      File "/usr/lib/python2.7/doctest.py", line 1254, in __run
        compileflags, 1) in test.globs
      File "<doctest README.txt[2]>", line 1, in <module>
        res
    NameError: name 'res' is not defined
----------------------------------------------------------------------
File "/home/andy/Atomisator/packages/atomisator.parser/atomisator/parser/README.txt", line 14, in README.txt
Failed example:
    res.next()
Exception raised:
    Traceback (most recent call last):
      File "/usr/lib/python2.7/doctest.py", line 1254, in __run
        compileflags, 1) in test.globs
      File "<doctest README.txt[3]>", line 1, in <module>
        res.next()
    NameError: name 'res' is not defined

]]></failure></testcase></testsuite>