# JRE version: Java(TM) SE Runtime Environment (7.0_45-b18) (build 1.7.0_45-b18)
# Java VM: Java HotSpot(TM) 64-Bit Server VM (24.45-b08 mixed mode windows-amd64 compressed oops)
Heap
 PSYoungGen      total 717312K, used 149946K [0x00000007aaf00000, 0x00000007dd800000, 0x0000000800000000)
  eden space 618496K, 18% used [0x00000007aaf00000,0x00000007b1d2c6f0,0x00000007d0b00000)
  from space 98816K, 37% used [0x00000007d7780000,0x00000007d9bc24e8,0x00000007dd800000)
  to   space 104960K, 0% used [0x00000007d0b00000,0x00000007d0b00000,0x00000007d7180000)
 ParOldGen       total 174080K, used 112165K [0x0000000700e00000, 0x000000070b800000, 0x00000007aaf00000)
  object space 174080K, 64% used [0x0000000700e00000,0x0000000707b89710,0x000000070b800000)
 PSPermGen       total 26112K, used 25635K [0x00000006fbc00000, 0x00000006fd580000, 0x0000000700e00000)
  object space 26112K, 98% used [0x00000006fbc00000,0x00000006fd508d48,0x00000006fd580000)
GC Heap History (10 events):
Event: 34.771 GC heap before
{Heap before GC invocations=8 (full 0):
 PSYoungGen      total 160256K, used 160232K [0x00000007aaf00000, 0x00000007c0200000, 0x0000000800000000)
  eden space 126976K, 100% used [0x00000007aaf00000,0x00000007b2b00000,0x00000007b2b00000)
  from space 33280K, 99% used [0x00000007b2b00000,0x00000007b4b7a098,0x00000007b4b80000)
  to   space 46592K, 0% used [0x00000007bd480000,0x00000007bd480000,0x00000007c0200000)
 ParOldGen       total 174080K, used 37179K [0x0000000700e00000, 0x000000070b800000, 0x00000007aaf00000)
  object space 174080K, 21% used [0x0000000700e00000,0x000000070324eec8,0x000000070b800000)
 PSPermGen       total 21504K, used 18213K [0x00000006fbc00000, 0x00000006fd100000, 0x0000000700e00000)
  object space 21504K, 84% used [0x00000006fbc00000,0x00000006fcdc97f0,0x00000006fd100000)
Event: 34.957 GC heap after
Heap after GC invocations=8 (full 0):
 PSYoungGen      total 297472K, used 34728K [0x00000007aaf00000, 0x00000007c0800000, 0x0000000800000000)
  eden space 250880K, 0% used [0x00000007aaf00000,0x00000007aaf00000,0x00000007ba400000)
  from space 46592K, 74% used [0x00000007bd480000,0x00000007bf66a098,0x00000007c0200000)
  to   space 49664K, 0% used [0x00000007ba400000,0x00000007ba400000,0x00000007bd480000)
 ParOldGen       total 174080K, used 39774K [0x0000000700e00000, 0x000000070b800000, 0x00000007aaf00000)
  object space 174080K, 22% used [0x0000000700e00000,0x00000007034d7968,0x000000070b800000)
 PSPermGen       total 21504K, used 18213K [0x00000006fbc00000, 0x00000006fd100000, 0x0000000700e00000)
  object space 21504K, 84% used [0x00000006fbc00000,0x00000006fcdc97f0,0x00000006fd100000)
}
Event: 44.137 GC heap before
{Heap before GC invocations=9 (full 0):
 PSYoungGen      total 297472K, used 285608K [0x00000007aaf00000, 0x00000007c0800000, 0x0000000800000000)
  eden space 250880K, 100% used [0x00000007aaf00000,0x00000007ba400000,0x00000007ba400000)
  from space 46592K, 74% used [0x00000007bd480000,0x00000007bf66a098,0x00000007c0200000)
  to   space 49664K, 0% used [0x00000007ba400000,0x00000007ba400000,0x00000007bd480000)
 ParOldGen       total 174080K, used 39774K [0x0000000700e00000, 0x000000070b800000, 0x00000007aaf00000)
  object space 174080K, 22% used [0x0000000700e00000,0x00000007034d7968,0x000000070b800000)
 PSPermGen       total 21504K, used 18222K [0x00000006fbc00000, 0x00000006fd100000, 0x0000000700e00000)
  object space 21504K, 84% used [0x00000006fbc00000,0x00000006fcdcb9a8,0x00000006fd100000)
Event: 44.573 GC heap after
Heap after GC invocations=9 (full 0):
 PSYoungGen      total 300544K, used 49664K [0x00000007aaf00000, 0x00000007cc000000, 0x0000000800000000)
  eden space 250880K, 0% used [0x00000007aaf00000,0x00000007aaf00000,0x00000007ba400000)
  from space 49664K, 100% used [0x00000007ba400000,0x00000007bd480000,0x00000007bd480000)
  to   space 70144K, 0% used [0x00000007c7b80000,0x00000007c7b80000,0x00000007cc000000)
 ParOldGen       total 174080K, used 69362K [0x0000000700e00000, 0x000000070b800000, 0x00000007aaf00000)
  object space 174080K, 39% used [0x0000000700e00000,0x00000007051bca90,0x000000070b800000)
 PSPermGen       total 21504K, used 18222K [0x00000006fbc00000, 0x00000006fd100000, 0x0000000700e00000)
  object space 21504K, 84% used [0x00000006fbc00000,0x00000006fcdcb9a8,0x00000006fd100000)
}
Event: 53.543 GC heap before
{Heap before GC invocations=10 (full 0):
 PSYoungGen      total 300544K, used 300544K [0x00000007aaf00000, 0x00000007cc000000, 0x0000000800000000)
  eden space 250880K, 100% used [0x00000007aaf00000,0x00000007ba400000,0x00000007ba400000)
  from space 49664K, 100% used [0x00000007ba400000,0x00000007bd480000,0x00000007bd480000)
  to   space 70144K, 0% used [0x00000007c7b80000,0x00000007c7b80000,0x00000007cc000000)
 ParOldGen       total 174080K, used 69362K [0x0000000700e00000, 0x000000070b800000, 0x00000007aaf00000)
  object space 174080K, 39% used [0x0000000700e00000,0x00000007051bca90,0x000000070b800000)
 PSPermGen       total 21504K, used 18227K [0x00000006fbc00000, 0x00000006fd100000, 0x0000000700e00000)
  object space 21504K, 84% used [0x00000006fbc00000,0x00000006fcdccf98,0x00000006fd100000)
Event: 53.972 GC heap after
Heap after GC invocations=10 (full 0):
 PSYoungGen      total 456704K, used 70144K [0x00000007aaf00000, 0x00000007cdd00000, 0x0000000800000000)
  eden space 386560K, 0% used [0x00000007aaf00000,0x00000007aaf00000,0x00000007c2880000)
  from space 70144K, 100% used [0x00000007c7b80000,0x00000007cc000000,0x00000007cc000000)
  to   space 84992K, 0% used [0x00000007c2880000,0x00000007c2880000,0x00000007c7b80000)
 ParOldGen       total 174080K, used 78227K [0x0000000700e00000, 0x000000070b800000, 0x00000007aaf00000)
  object space 174080K, 44% used [0x0000000700e00000,0x0000000705a64c90,0x000000070b800000)
 PSPermGen       total 21504K, used 18227K [0x00000006fbc00000, 0x00000006fd100000, 0x0000000700e00000)
  object space 21504K, 84% used [0x00000006fbc00000,0x00000006fcdccf98,0x00000006fd100000)
}
Event: 67.536 GC heap before
{Heap before GC invocations=11 (full 0):
 PSYoungGen      total 456704K, used 456704K [0x00000007aaf00000, 0x00000007cdd00000, 0x0000000800000000)
  eden space 386560K, 100% used [0x00000007aaf00000,0x00000007c2880000,0x00000007c2880000)
  from space 70144K, 100% used [0x00000007c7b80000,0x00000007cc000000,0x00000007cc000000)
  to   space 84992K, 0% used [0x00000007c2880000,0x00000007c2880000,0x00000007c7b80000)
 ParOldGen       total 174080K, used 78227K [0x0000000700e00000, 0x000000070b800000, 0x00000007aaf00000)
  object space 174080K, 44% used [0x0000000700e00000,0x0000000705a64c90,0x000000070b800000)
 PSPermGen       total 21504K, used 18240K [0x00000006fbc00000, 0x00000006fd100000, 0x0000000700e00000)
  object space 21504K, 84% used [0x00000006fbc00000,0x00000006fcdd0348,0x00000006fd100000)
Event: 68.172 GC heap after
Heap after GC invocations=11 (full 0):
 PSYoungGen      total 471552K, used 84980K [0x00000007aaf00000, 0x00000007de400000, 0x0000000800000000)
  eden space 386560K, 0% used [0x00000007aaf00000,0x00000007aaf00000,0x00000007c2880000)
  from space 84992K, 99% used [0x00000007c2880000,0x00000007c7b7d070,0x00000007c7b80000)
  to   space 111104K, 0% used [0x00000007d7780000,0x00000007d7780000,0x00000007de400000)
 ParOldGen       total 174080K, used 111529K [0x0000000700e00000, 0x000000070b800000, 0x00000007aaf00000)
  object space 174080K, 64% used [0x0000000700e00000,0x0000000707aea700,0x000000070b800000)
 PSPermGen       total 21504K, used 18240K [0x00000006fbc00000, 0x00000006fd100000, 0x0000000700e00000)
  object space 21504K, 84% used [0x00000006fbc00000,0x00000006fcdd0348,0x00000006fd100000)
}
Event: 74.844 GC heap before
{Heap before GC invocations=12 (full 0):
 PSYoungGen      total 471552K, used 471540K [0x00000007aaf00000, 0x00000007de400000, 0x0000000800000000)
  eden space 386560K, 100% used [0x00000007aaf00000,0x00000007c2880000,0x00000007c2880000)
  from space 84992K, 99% used [0x00000007c2880000,0x00000007c7b7d070,0x00000007c7b80000)
  to   space 111104K, 0% used [0x00000007d7780000,0x00000007d7780000,0x00000007de400000)
 ParOldGen       total 174080K, used 111529K [0x0000000700e00000, 0x000000070b800000, 0x00000007aaf00000)
  object space 174080K, 64% used [0x0000000700e00000,0x0000000707aea700,0x000000070b800000)
 PSPermGen       total 23040K, used 22539K [0x00000006fbc00000, 0x00000006fd280000, 0x0000000700e00000)
  object space 23040K, 97% used [0x00000006fbc00000,0x00000006fd202e50,0x00000006fd280000)
Event: 74.993 GC heap after
Heap after GC invocations=12 (full 0):
 PSYoungGen      total 717312K, used 37129K [0x00000007aaf00000, 0x00000007dd800000, 0x0000000800000000)
  eden space 618496K, 0% used [0x00000007aaf00000,0x00000007aaf00000,0x00000007d0b00000)
  from space 98816K, 37% used [0x00000007d7780000,0x00000007d9bc24e8,0x00000007dd800000)
  to   space 104960K, 0% used [0x00000007d0b00000,0x00000007d0b00000,0x00000007d7180000)
 ParOldGen       total 174080K, used 112165K [0x0000000700e00000, 0x000000070b800000, 0x00000007aaf00000)
  object space 174080K, 64% used [0x0000000700e00000,0x0000000707b89710,0x000000070b800000)
 PSPermGen       total 23040K, used 22539K [0x00000006fbc00000, 0x00000006fd280000, 0x0000000700e00000)
  object space 23040K, 97% used [0x00000006fbc00000,0x00000006fd202e50,0x00000006fd280000)
}

